[2022-07-22 13:00:17,335] {taskinstance.py:1179} INFO - Dependencies all met for <TaskInstance: tutorial.t1 scheduled__2022-06-25T00:00:00+00:00 [queued]>
[2022-07-22 13:00:17,417] {taskinstance.py:1179} INFO - Dependencies all met for <TaskInstance: tutorial.t1 scheduled__2022-06-25T00:00:00+00:00 [queued]>
[2022-07-22 13:00:17,421] {taskinstance.py:1376} INFO - 
--------------------------------------------------------------------------------
[2022-07-22 13:00:17,422] {taskinstance.py:1377} INFO - Starting attempt 1 of 2
[2022-07-22 13:00:17,423] {taskinstance.py:1378} INFO - 
--------------------------------------------------------------------------------
[2022-07-22 13:00:17,535] {taskinstance.py:1397} INFO - Executing <Task(PythonOperator): t1> on 2022-06-25 00:00:00+00:00
[2022-07-22 13:00:17,555] {standard_task_runner.py:52} INFO - Started process 799 to run task
[2022-07-22 13:00:17,590] {standard_task_runner.py:79} INFO - Running: ['***', 'tasks', 'run', 'tutorial', 't1', 'scheduled__2022-06-25T00:00:00+00:00', '--job-id', '45', '--raw', '--subdir', 'DAGS_FOLDER/nickdag.py', '--cfg-path', '/tmp/tmp3ic9h4ez', '--error-file', '/tmp/tmpiw9c6w_j']
[2022-07-22 13:00:17,603] {standard_task_runner.py:80} INFO - Job 45: Subtask t1
[2022-07-22 13:00:17,655] {logging_mixin.py:115} WARNING - /home/***/.local/lib/python3.7/site-packages/***/configuration.py:528 DeprecationWarning: The sql_alchemy_conn option in [core] has been moved to the sql_alchemy_conn option in [database] - the old setting has been used, but please update your config.
[2022-07-22 13:00:17,981] {task_command.py:371} INFO - Running <TaskInstance: tutorial.t1 scheduled__2022-06-25T00:00:00+00:00 [running]> on host 2f63307804d5
[2022-07-22 13:00:18,697] {taskinstance.py:1591} INFO - Exporting the following env vars:
AIRFLOW_CTX_DAG_EMAIL=caroline.kosalka@gmail.com
AIRFLOW_CTX_DAG_OWNER=***
AIRFLOW_CTX_DAG_ID=tutorial
AIRFLOW_CTX_TASK_ID=t1
AIRFLOW_CTX_EXECUTION_DATE=2022-06-25T00:00:00+00:00
AIRFLOW_CTX_TRY_NUMBER=1
AIRFLOW_CTX_DAG_RUN_ID=scheduled__2022-06-25T00:00:00+00:00
[2022-07-22 13:00:18,702] {python.py:173} INFO - Done. Returned value was: welcome
[2022-07-22 13:00:19,100] {taskinstance.py:1420} INFO - Marking task as SUCCESS. dag_id=tutorial, task_id=t1, execution_date=20220625T000000, start_date=20220722T130017, end_date=20220722T130019
[2022-07-22 13:00:19,227] {local_task_job.py:156} INFO - Task exited with return code 0
[2022-07-22 13:00:19,711] {local_task_job.py:273} INFO - 0 downstream tasks scheduled from follow-on schedule check
[2022-07-25 09:18:02,860] {taskinstance.py:1179} INFO - Dependencies all met for <TaskInstance: tutorial.t1 scheduled__2022-06-25T00:00:00+00:00 [queued]>
[2022-07-25 09:18:02,905] {taskinstance.py:1179} INFO - Dependencies all met for <TaskInstance: tutorial.t1 scheduled__2022-06-25T00:00:00+00:00 [queued]>
[2022-07-25 09:18:02,907] {taskinstance.py:1376} INFO - 
--------------------------------------------------------------------------------
[2022-07-25 09:18:02,908] {taskinstance.py:1377} INFO - Starting attempt 1 of 2
[2022-07-25 09:18:02,909] {taskinstance.py:1378} INFO - 
--------------------------------------------------------------------------------
[2022-07-25 09:18:03,015] {taskinstance.py:1397} INFO - Executing <Task(PythonOperator): t1> on 2022-06-25 00:00:00+00:00
[2022-07-25 09:18:03,035] {standard_task_runner.py:52} INFO - Started process 755 to run task
[2022-07-25 09:18:03,060] {standard_task_runner.py:79} INFO - Running: ['***', 'tasks', 'run', 'tutorial', 't1', 'scheduled__2022-06-25T00:00:00+00:00', '--job-id', '45', '--raw', '--subdir', 'DAGS_FOLDER/nickdag.py', '--cfg-path', '/tmp/tmpfl38v4pa', '--error-file', '/tmp/tmp5046u4tv']
[2022-07-25 09:18:03,061] {standard_task_runner.py:80} INFO - Job 45: Subtask t1
[2022-07-25 09:18:03,119] {logging_mixin.py:115} WARNING - /home/***/.local/lib/python3.7/site-packages/***/configuration.py:528 DeprecationWarning: The sql_alchemy_conn option in [core] has been moved to the sql_alchemy_conn option in [database] - the old setting has been used, but please update your config.
[2022-07-25 09:18:03,411] {task_command.py:371} INFO - Running <TaskInstance: tutorial.t1 scheduled__2022-06-25T00:00:00+00:00 [running]> on host 01e6b1df1873
[2022-07-25 09:18:03,784] {taskinstance.py:1591} INFO - Exporting the following env vars:
AIRFLOW_CTX_DAG_EMAIL=caroline.kosalka@gmail.com
AIRFLOW_CTX_DAG_OWNER=***
AIRFLOW_CTX_DAG_ID=tutorial
AIRFLOW_CTX_TASK_ID=t1
AIRFLOW_CTX_EXECUTION_DATE=2022-06-25T00:00:00+00:00
AIRFLOW_CTX_TRY_NUMBER=1
AIRFLOW_CTX_DAG_RUN_ID=scheduled__2022-06-25T00:00:00+00:00
[2022-07-25 09:18:03,786] {python.py:173} INFO - Done. Returned value was: welcome
[2022-07-25 09:18:04,082] {taskinstance.py:1420} INFO - Marking task as SUCCESS. dag_id=tutorial, task_id=t1, execution_date=20220625T000000, start_date=20220725T091802, end_date=20220725T091804
[2022-07-25 09:18:04,158] {local_task_job.py:156} INFO - Task exited with return code 0
[2022-07-25 09:18:04,320] {local_task_job.py:273} INFO - 1 downstream tasks scheduled from follow-on schedule check
