[2022-07-20 07:58:07,429] {processor.py:153} INFO - Started process (PID=179) to work on /opt/airflow/dags/dummy_dag.py
[2022-07-20 07:58:07,431] {processor.py:641} INFO - Processing file /opt/airflow/dags/dummy_dag.py for tasks to queue
[2022-07-20 07:58:07,432] {logging_mixin.py:115} INFO - [2022-07-20 07:58:07,432] {dagbag.py:508} INFO - Filling up the DagBag from /opt/airflow/dags/dummy_dag.py
[2022-07-20 07:58:07,482] {logging_mixin.py:115} INFO - [2022-07-20 07:58:07,478] {dagbag.py:321} ERROR - Failed to import: /opt/airflow/dags/dummy_dag.py
Traceback (most recent call last):
  File "/home/airflow/.local/lib/python3.7/site-packages/airflow/models/dagbag.py", line 318, in parse
    loader.exec_module(new_module)
  File "<frozen importlib._bootstrap_external>", line 728, in exec_module
  File "<frozen importlib._bootstrap>", line 219, in _call_with_frames_removed
  File "/opt/airflow/dags/dummy_dag.py", line 15, in <module>
    src_conn = src.get_conn()
  File "/home/airflow/.local/lib/python3.7/site-packages/airflow/providers/postgres/hooks/postgres.py", line 86, in get_conn
    conn = deepcopy(self.connection or self.get_connection(conn_id))
  File "/home/airflow/.local/lib/python3.7/site-packages/airflow/hooks/base.py", line 67, in get_connection
    conn = Connection.get_connection_from_secrets(conn_id)
  File "/home/airflow/.local/lib/python3.7/site-packages/airflow/models/connection.py", line 430, in get_connection_from_secrets
    raise AirflowNotFoundException(f"The conn_id `{conn_id}` isn't defined")
airflow.exceptions.AirflowNotFoundException: The conn_id `postgres_terminal` isn't defined
[2022-07-20 07:58:07,483] {processor.py:653} WARNING - No viable dags retrieved from /opt/airflow/dags/dummy_dag.py
[2022-07-20 07:58:07,499] {processor.py:161} INFO - Processing /opt/airflow/dags/dummy_dag.py took 0.077 seconds
[2022-07-20 07:58:37,577] {processor.py:153} INFO - Started process (PID=192) to work on /opt/airflow/dags/dummy_dag.py
[2022-07-20 07:58:37,578] {processor.py:641} INFO - Processing file /opt/airflow/dags/dummy_dag.py for tasks to queue
[2022-07-20 07:58:37,581] {logging_mixin.py:115} INFO - [2022-07-20 07:58:37,580] {dagbag.py:508} INFO - Filling up the DagBag from /opt/airflow/dags/dummy_dag.py
[2022-07-20 07:58:37,642] {logging_mixin.py:115} INFO - [2022-07-20 07:58:37,637] {dagbag.py:321} ERROR - Failed to import: /opt/airflow/dags/dummy_dag.py
Traceback (most recent call last):
  File "/home/airflow/.local/lib/python3.7/site-packages/airflow/models/dagbag.py", line 318, in parse
    loader.exec_module(new_module)
  File "<frozen importlib._bootstrap_external>", line 728, in exec_module
  File "<frozen importlib._bootstrap>", line 219, in _call_with_frames_removed
  File "/opt/airflow/dags/dummy_dag.py", line 15, in <module>
    src_conn = src.get_conn()
  File "/home/airflow/.local/lib/python3.7/site-packages/airflow/providers/postgres/hooks/postgres.py", line 86, in get_conn
    conn = deepcopy(self.connection or self.get_connection(conn_id))
  File "/home/airflow/.local/lib/python3.7/site-packages/airflow/hooks/base.py", line 67, in get_connection
    conn = Connection.get_connection_from_secrets(conn_id)
  File "/home/airflow/.local/lib/python3.7/site-packages/airflow/models/connection.py", line 430, in get_connection_from_secrets
    raise AirflowNotFoundException(f"The conn_id `{conn_id}` isn't defined")
airflow.exceptions.AirflowNotFoundException: The conn_id `postgres_terminal` isn't defined
[2022-07-20 07:58:37,644] {processor.py:653} WARNING - No viable dags retrieved from /opt/airflow/dags/dummy_dag.py
[2022-07-20 07:58:37,659] {processor.py:161} INFO - Processing /opt/airflow/dags/dummy_dag.py took 0.092 seconds
[2022-07-20 07:59:07,756] {processor.py:153} INFO - Started process (PID=197) to work on /opt/airflow/dags/dummy_dag.py
[2022-07-20 07:59:07,758] {processor.py:641} INFO - Processing file /opt/airflow/dags/dummy_dag.py for tasks to queue
[2022-07-20 07:59:07,760] {logging_mixin.py:115} INFO - [2022-07-20 07:59:07,760] {dagbag.py:508} INFO - Filling up the DagBag from /opt/airflow/dags/dummy_dag.py
[2022-07-20 07:59:07,805] {logging_mixin.py:115} INFO - [2022-07-20 07:59:07,801] {dagbag.py:321} ERROR - Failed to import: /opt/airflow/dags/dummy_dag.py
Traceback (most recent call last):
  File "/home/airflow/.local/lib/python3.7/site-packages/airflow/models/dagbag.py", line 318, in parse
    loader.exec_module(new_module)
  File "<frozen importlib._bootstrap_external>", line 728, in exec_module
  File "<frozen importlib._bootstrap>", line 219, in _call_with_frames_removed
  File "/opt/airflow/dags/dummy_dag.py", line 15, in <module>
    src_conn = src.get_conn()
  File "/home/airflow/.local/lib/python3.7/site-packages/airflow/providers/postgres/hooks/postgres.py", line 86, in get_conn
    conn = deepcopy(self.connection or self.get_connection(conn_id))
  File "/home/airflow/.local/lib/python3.7/site-packages/airflow/hooks/base.py", line 67, in get_connection
    conn = Connection.get_connection_from_secrets(conn_id)
  File "/home/airflow/.local/lib/python3.7/site-packages/airflow/models/connection.py", line 430, in get_connection_from_secrets
    raise AirflowNotFoundException(f"The conn_id `{conn_id}` isn't defined")
airflow.exceptions.AirflowNotFoundException: The conn_id `postgres_terminal` isn't defined
[2022-07-20 07:59:07,806] {processor.py:653} WARNING - No viable dags retrieved from /opt/airflow/dags/dummy_dag.py
[2022-07-20 07:59:07,821] {processor.py:161} INFO - Processing /opt/airflow/dags/dummy_dag.py took 0.069 seconds
[2022-07-20 07:59:37,917] {processor.py:153} INFO - Started process (PID=202) to work on /opt/airflow/dags/dummy_dag.py
[2022-07-20 07:59:37,920] {processor.py:641} INFO - Processing file /opt/airflow/dags/dummy_dag.py for tasks to queue
[2022-07-20 07:59:37,922] {logging_mixin.py:115} INFO - [2022-07-20 07:59:37,922] {dagbag.py:508} INFO - Filling up the DagBag from /opt/airflow/dags/dummy_dag.py
[2022-07-20 07:59:37,976] {logging_mixin.py:115} INFO - [2022-07-20 07:59:37,973] {dagbag.py:321} ERROR - Failed to import: /opt/airflow/dags/dummy_dag.py
Traceback (most recent call last):
  File "/home/airflow/.local/lib/python3.7/site-packages/airflow/models/dagbag.py", line 318, in parse
    loader.exec_module(new_module)
  File "<frozen importlib._bootstrap_external>", line 728, in exec_module
  File "<frozen importlib._bootstrap>", line 219, in _call_with_frames_removed
  File "/opt/airflow/dags/dummy_dag.py", line 15, in <module>
    src_conn = src.get_conn()
  File "/home/airflow/.local/lib/python3.7/site-packages/airflow/providers/postgres/hooks/postgres.py", line 86, in get_conn
    conn = deepcopy(self.connection or self.get_connection(conn_id))
  File "/home/airflow/.local/lib/python3.7/site-packages/airflow/hooks/base.py", line 67, in get_connection
    conn = Connection.get_connection_from_secrets(conn_id)
  File "/home/airflow/.local/lib/python3.7/site-packages/airflow/models/connection.py", line 430, in get_connection_from_secrets
    raise AirflowNotFoundException(f"The conn_id `{conn_id}` isn't defined")
airflow.exceptions.AirflowNotFoundException: The conn_id `postgres_terminal` isn't defined
[2022-07-20 07:59:37,977] {processor.py:653} WARNING - No viable dags retrieved from /opt/airflow/dags/dummy_dag.py
[2022-07-20 07:59:37,992] {processor.py:161} INFO - Processing /opt/airflow/dags/dummy_dag.py took 0.080 seconds
[2022-07-20 08:00:08,103] {processor.py:153} INFO - Started process (PID=207) to work on /opt/airflow/dags/dummy_dag.py
[2022-07-20 08:00:08,105] {processor.py:641} INFO - Processing file /opt/airflow/dags/dummy_dag.py for tasks to queue
[2022-07-20 08:00:08,107] {logging_mixin.py:115} INFO - [2022-07-20 08:00:08,107] {dagbag.py:508} INFO - Filling up the DagBag from /opt/airflow/dags/dummy_dag.py
[2022-07-20 08:00:08,160] {logging_mixin.py:115} INFO - [2022-07-20 08:00:08,160] {base.py:68} INFO - Using connection ID 'postgres_terminal' for task execution.
[2022-07-20 08:00:08,177] {logging_mixin.py:115} INFO - [2022-07-20 08:00:08,174] {dagbag.py:321} ERROR - Failed to import: /opt/airflow/dags/dummy_dag.py
Traceback (most recent call last):
  File "/home/airflow/.local/lib/python3.7/site-packages/airflow/models/dagbag.py", line 318, in parse
    loader.exec_module(new_module)
  File "<frozen importlib._bootstrap_external>", line 728, in exec_module
  File "<frozen importlib._bootstrap>", line 219, in _call_with_frames_removed
  File "/opt/airflow/dags/dummy_dag.py", line 17, in <module>
    dest_conn = dest.get_conn()
  File "/home/airflow/.local/lib/python3.7/site-packages/airflow/providers/postgres/hooks/postgres.py", line 86, in get_conn
    conn = deepcopy(self.connection or self.get_connection(conn_id))
  File "/home/airflow/.local/lib/python3.7/site-packages/airflow/hooks/base.py", line 67, in get_connection
    conn = Connection.get_connection_from_secrets(conn_id)
  File "/home/airflow/.local/lib/python3.7/site-packages/airflow/models/connection.py", line 430, in get_connection_from_secrets
    raise AirflowNotFoundException(f"The conn_id `{conn_id}` isn't defined")
airflow.exceptions.AirflowNotFoundException: The conn_id `postgres_results` isn't defined
[2022-07-20 08:00:08,180] {processor.py:653} WARNING - No viable dags retrieved from /opt/airflow/dags/dummy_dag.py
[2022-07-20 08:00:08,194] {processor.py:161} INFO - Processing /opt/airflow/dags/dummy_dag.py took 0.097 seconds
[2022-07-20 08:00:38,260] {processor.py:153} INFO - Started process (PID=212) to work on /opt/airflow/dags/dummy_dag.py
[2022-07-20 08:00:38,262] {processor.py:641} INFO - Processing file /opt/airflow/dags/dummy_dag.py for tasks to queue
[2022-07-20 08:00:38,264] {logging_mixin.py:115} INFO - [2022-07-20 08:00:38,264] {dagbag.py:508} INFO - Filling up the DagBag from /opt/airflow/dags/dummy_dag.py
[2022-07-20 08:00:38,306] {logging_mixin.py:115} INFO - [2022-07-20 08:00:38,306] {base.py:68} INFO - Using connection ID 'postgres_terminal' for task execution.
[2022-07-20 08:00:38,322] {logging_mixin.py:115} INFO - [2022-07-20 08:00:38,322] {base.py:68} INFO - Using connection ID 'postgres_results' for task execution.
[2022-07-20 08:00:38,337] {logging_mixin.py:115} INFO - [2022-07-20 08:00:38,337] {base.py:68} INFO - Using connection ID 'postgres_results' for task execution.
[2022-07-20 08:00:38,352] {logging_mixin.py:115} INFO - [2022-07-20 08:00:38,351] {dbapi.py:330} INFO - Done loading. Loaded a total of 3 rows
[2022-07-20 08:00:38,353] {processor.py:651} INFO - DAG(s) dict_keys(['postgres_job']) retrieved from /opt/airflow/dags/dummy_dag.py
[2022-07-20 08:00:38,458] {logging_mixin.py:115} INFO - [2022-07-20 08:00:38,458] {manager.py:508} INFO - Created Permission View: can read on DAG:postgres_job
[2022-07-20 08:00:38,471] {logging_mixin.py:115} INFO - [2022-07-20 08:00:38,471] {manager.py:508} INFO - Created Permission View: can edit on DAG:postgres_job
[2022-07-20 08:00:38,481] {logging_mixin.py:115} INFO - [2022-07-20 08:00:38,480] {manager.py:508} INFO - Created Permission View: can delete on DAG:postgres_job
[2022-07-20 08:00:38,481] {logging_mixin.py:115} INFO - [2022-07-20 08:00:38,481] {dag.py:2420} INFO - Sync 1 DAGs
[2022-07-20 08:00:38,495] {logging_mixin.py:115} INFO - [2022-07-20 08:00:38,495] {dag.py:2439} INFO - Creating ORM DAG for postgres_job
[2022-07-20 08:00:38,515] {logging_mixin.py:115} INFO - [2022-07-20 08:00:38,514] {dag.py:2972} INFO - Setting next_dagrun for postgres_job to 2022-05-01T00:00:00+00:00, run_after=2022-05-01T00:01:00+00:00
[2022-07-20 08:00:38,535] {processor.py:161} INFO - Processing /opt/airflow/dags/dummy_dag.py took 0.281 seconds
[2022-07-20 08:01:08,675] {processor.py:153} INFO - Started process (PID=217) to work on /opt/airflow/dags/dummy_dag.py
[2022-07-20 08:01:08,677] {processor.py:641} INFO - Processing file /opt/airflow/dags/dummy_dag.py for tasks to queue
[2022-07-20 08:01:08,679] {logging_mixin.py:115} INFO - [2022-07-20 08:01:08,678] {dagbag.py:508} INFO - Filling up the DagBag from /opt/airflow/dags/dummy_dag.py
[2022-07-20 08:01:08,717] {logging_mixin.py:115} INFO - [2022-07-20 08:01:08,717] {base.py:68} INFO - Using connection ID 'postgres_terminal' for task execution.
[2022-07-20 08:01:08,731] {logging_mixin.py:115} INFO - [2022-07-20 08:01:08,731] {base.py:68} INFO - Using connection ID 'postgres_results' for task execution.
[2022-07-20 08:01:08,745] {logging_mixin.py:115} INFO - [2022-07-20 08:01:08,744] {base.py:68} INFO - Using connection ID 'postgres_results' for task execution.
[2022-07-20 08:01:08,756] {logging_mixin.py:115} INFO - [2022-07-20 08:01:08,756] {dbapi.py:330} INFO - Done loading. Loaded a total of 3 rows
[2022-07-20 08:01:08,758] {processor.py:651} INFO - DAG(s) dict_keys(['postgres_job']) retrieved from /opt/airflow/dags/dummy_dag.py
[2022-07-20 08:01:08,776] {logging_mixin.py:115} INFO - [2022-07-20 08:01:08,776] {dag.py:2420} INFO - Sync 1 DAGs
[2022-07-20 08:01:08,805] {logging_mixin.py:115} INFO - [2022-07-20 08:01:08,804] {dag.py:2972} INFO - Setting next_dagrun for postgres_job to 2022-05-01T00:00:00+00:00, run_after=2022-05-01T00:01:00+00:00
[2022-07-20 08:01:08,821] {processor.py:161} INFO - Processing /opt/airflow/dags/dummy_dag.py took 0.150 seconds
[2022-07-20 08:01:44,467] {processor.py:153} INFO - Started process (PID=177) to work on /opt/airflow/dags/dummy_dag.py
[2022-07-20 08:01:44,469] {processor.py:641} INFO - Processing file /opt/airflow/dags/dummy_dag.py for tasks to queue
[2022-07-20 08:01:44,470] {logging_mixin.py:115} INFO - [2022-07-20 08:01:44,470] {dagbag.py:508} INFO - Filling up the DagBag from /opt/airflow/dags/dummy_dag.py
[2022-07-20 08:01:44,506] {logging_mixin.py:115} INFO - [2022-07-20 08:01:44,506] {base.py:68} INFO - Using connection ID 'postgres_terminal' for task execution.
[2022-07-20 08:01:44,530] {logging_mixin.py:115} INFO - [2022-07-20 08:01:44,530] {base.py:68} INFO - Using connection ID 'postgres_results' for task execution.
[2022-07-20 08:01:44,543] {logging_mixin.py:115} INFO - [2022-07-20 08:01:44,543] {base.py:68} INFO - Using connection ID 'postgres_results' for task execution.
[2022-07-20 08:01:44,559] {logging_mixin.py:115} INFO - [2022-07-20 08:01:44,559] {dbapi.py:330} INFO - Done loading. Loaded a total of 3 rows
[2022-07-20 08:01:44,560] {processor.py:651} INFO - DAG(s) dict_keys(['postgres_job']) retrieved from /opt/airflow/dags/dummy_dag.py
[2022-07-20 08:01:44,579] {logging_mixin.py:115} INFO - [2022-07-20 08:01:44,579] {dag.py:2420} INFO - Sync 1 DAGs
[2022-07-20 08:01:44,607] {logging_mixin.py:115} INFO - [2022-07-20 08:01:44,607] {dag.py:2972} INFO - Setting next_dagrun for postgres_job to 2022-05-01T00:00:00+00:00, run_after=2022-05-01T00:01:00+00:00
[2022-07-20 08:01:44,621] {processor.py:161} INFO - Processing /opt/airflow/dags/dummy_dag.py took 0.158 seconds
[2022-07-20 08:02:14,733] {processor.py:153} INFO - Started process (PID=192) to work on /opt/airflow/dags/dummy_dag.py
[2022-07-20 08:02:14,736] {processor.py:641} INFO - Processing file /opt/airflow/dags/dummy_dag.py for tasks to queue
[2022-07-20 08:02:14,738] {logging_mixin.py:115} INFO - [2022-07-20 08:02:14,738] {dagbag.py:508} INFO - Filling up the DagBag from /opt/airflow/dags/dummy_dag.py
[2022-07-20 08:02:14,780] {logging_mixin.py:115} INFO - [2022-07-20 08:02:14,780] {base.py:68} INFO - Using connection ID 'postgres_terminal' for task execution.
[2022-07-20 08:02:14,801] {logging_mixin.py:115} INFO - [2022-07-20 08:02:14,801] {base.py:68} INFO - Using connection ID 'postgres_results' for task execution.
[2022-07-20 08:02:14,818] {logging_mixin.py:115} INFO - [2022-07-20 08:02:14,818] {base.py:68} INFO - Using connection ID 'postgres_results' for task execution.
[2022-07-20 08:02:14,835] {logging_mixin.py:115} INFO - [2022-07-20 08:02:14,835] {dbapi.py:330} INFO - Done loading. Loaded a total of 3 rows
[2022-07-20 08:02:14,837] {processor.py:651} INFO - DAG(s) dict_keys(['postgres_job']) retrieved from /opt/airflow/dags/dummy_dag.py
[2022-07-20 08:02:14,860] {logging_mixin.py:115} INFO - [2022-07-20 08:02:14,859] {dag.py:2420} INFO - Sync 1 DAGs
[2022-07-20 08:02:14,887] {logging_mixin.py:115} INFO - [2022-07-20 08:02:14,887] {dag.py:2972} INFO - Setting next_dagrun for postgres_job to 2022-05-01T00:21:00+00:00, run_after=2022-05-01T00:22:00+00:00
[2022-07-20 08:02:14,902] {processor.py:161} INFO - Processing /opt/airflow/dags/dummy_dag.py took 0.173 seconds
[2022-07-20 08:02:45,120] {processor.py:153} INFO - Started process (PID=197) to work on /opt/airflow/dags/dummy_dag.py
[2022-07-20 08:02:45,122] {processor.py:641} INFO - Processing file /opt/airflow/dags/dummy_dag.py for tasks to queue
[2022-07-20 08:02:45,124] {logging_mixin.py:115} INFO - [2022-07-20 08:02:45,124] {dagbag.py:508} INFO - Filling up the DagBag from /opt/airflow/dags/dummy_dag.py
[2022-07-20 08:02:45,186] {logging_mixin.py:115} INFO - [2022-07-20 08:02:45,186] {base.py:68} INFO - Using connection ID 'postgres_terminal' for task execution.
[2022-07-20 08:02:45,202] {logging_mixin.py:115} INFO - [2022-07-20 08:02:45,202] {base.py:68} INFO - Using connection ID 'postgres_results' for task execution.
[2022-07-20 08:02:45,218] {logging_mixin.py:115} INFO - [2022-07-20 08:02:45,218] {base.py:68} INFO - Using connection ID 'postgres_results' for task execution.
[2022-07-20 08:02:45,232] {logging_mixin.py:115} INFO - [2022-07-20 08:02:45,232] {dbapi.py:330} INFO - Done loading. Loaded a total of 3 rows
[2022-07-20 08:02:45,235] {processor.py:651} INFO - DAG(s) dict_keys(['postgres_job']) retrieved from /opt/airflow/dags/dummy_dag.py
[2022-07-20 08:02:45,266] {logging_mixin.py:115} INFO - [2022-07-20 08:02:45,266] {dag.py:2420} INFO - Sync 1 DAGs
[2022-07-20 08:02:45,306] {logging_mixin.py:115} INFO - [2022-07-20 08:02:45,306] {dag.py:2972} INFO - Setting next_dagrun for postgres_job to 2022-05-01T00:56:00+00:00, run_after=2022-05-01T00:57:00+00:00
[2022-07-20 08:02:45,320] {processor.py:161} INFO - Processing /opt/airflow/dags/dummy_dag.py took 0.206 seconds
[2022-07-20 08:03:15,446] {processor.py:153} INFO - Started process (PID=202) to work on /opt/airflow/dags/dummy_dag.py
[2022-07-20 08:03:15,448] {processor.py:641} INFO - Processing file /opt/airflow/dags/dummy_dag.py for tasks to queue
[2022-07-20 08:03:15,449] {logging_mixin.py:115} INFO - [2022-07-20 08:03:15,449] {dagbag.py:508} INFO - Filling up the DagBag from /opt/airflow/dags/dummy_dag.py
[2022-07-20 08:03:15,485] {logging_mixin.py:115} INFO - [2022-07-20 08:03:15,484] {base.py:68} INFO - Using connection ID 'postgres_terminal' for task execution.
[2022-07-20 08:03:15,500] {logging_mixin.py:115} INFO - [2022-07-20 08:03:15,500] {base.py:68} INFO - Using connection ID 'postgres_results' for task execution.
[2022-07-20 08:03:15,514] {logging_mixin.py:115} INFO - [2022-07-20 08:03:15,514] {base.py:68} INFO - Using connection ID 'postgres_results' for task execution.
[2022-07-20 08:03:15,527] {logging_mixin.py:115} INFO - [2022-07-20 08:03:15,527] {dbapi.py:330} INFO - Done loading. Loaded a total of 3 rows
[2022-07-20 08:03:15,531] {processor.py:651} INFO - DAG(s) dict_keys(['postgres_job']) retrieved from /opt/airflow/dags/dummy_dag.py
[2022-07-20 08:03:15,549] {logging_mixin.py:115} INFO - [2022-07-20 08:03:15,549] {dag.py:2420} INFO - Sync 1 DAGs
[2022-07-20 08:03:15,576] {logging_mixin.py:115} INFO - [2022-07-20 08:03:15,576] {dag.py:2972} INFO - Setting next_dagrun for postgres_job to 2022-05-01T01:27:00+00:00, run_after=2022-05-01T01:28:00+00:00
[2022-07-20 08:03:15,595] {processor.py:161} INFO - Processing /opt/airflow/dags/dummy_dag.py took 0.154 seconds
[2022-07-20 08:03:45,716] {processor.py:153} INFO - Started process (PID=207) to work on /opt/airflow/dags/dummy_dag.py
[2022-07-20 08:03:45,718] {processor.py:641} INFO - Processing file /opt/airflow/dags/dummy_dag.py for tasks to queue
[2022-07-20 08:03:45,719] {logging_mixin.py:115} INFO - [2022-07-20 08:03:45,719] {dagbag.py:508} INFO - Filling up the DagBag from /opt/airflow/dags/dummy_dag.py
[2022-07-20 08:03:45,759] {logging_mixin.py:115} INFO - [2022-07-20 08:03:45,759] {base.py:68} INFO - Using connection ID 'postgres_terminal' for task execution.
[2022-07-20 08:03:45,774] {logging_mixin.py:115} INFO - [2022-07-20 08:03:45,774] {base.py:68} INFO - Using connection ID 'postgres_results' for task execution.
[2022-07-20 08:03:45,789] {logging_mixin.py:115} INFO - [2022-07-20 08:03:45,789] {base.py:68} INFO - Using connection ID 'postgres_results' for task execution.
[2022-07-20 08:03:45,801] {logging_mixin.py:115} INFO - [2022-07-20 08:03:45,801] {dbapi.py:330} INFO - Done loading. Loaded a total of 3 rows
[2022-07-20 08:03:45,802] {processor.py:651} INFO - DAG(s) dict_keys(['postgres_job']) retrieved from /opt/airflow/dags/dummy_dag.py
[2022-07-20 08:03:45,818] {logging_mixin.py:115} INFO - [2022-07-20 08:03:45,818] {dag.py:2420} INFO - Sync 1 DAGs
[2022-07-20 08:03:45,843] {logging_mixin.py:115} INFO - [2022-07-20 08:03:45,843] {dag.py:2972} INFO - Setting next_dagrun for postgres_job to 2022-05-01T01:59:00+00:00, run_after=2022-05-01T02:00:00+00:00
[2022-07-20 08:03:45,859] {processor.py:161} INFO - Processing /opt/airflow/dags/dummy_dag.py took 0.146 seconds
[2022-07-20 08:04:15,970] {processor.py:153} INFO - Started process (PID=212) to work on /opt/airflow/dags/dummy_dag.py
[2022-07-20 08:04:15,971] {processor.py:641} INFO - Processing file /opt/airflow/dags/dummy_dag.py for tasks to queue
[2022-07-20 08:04:15,973] {logging_mixin.py:115} INFO - [2022-07-20 08:04:15,973] {dagbag.py:508} INFO - Filling up the DagBag from /opt/airflow/dags/dummy_dag.py
[2022-07-20 08:04:16,017] {logging_mixin.py:115} INFO - [2022-07-20 08:04:16,017] {base.py:68} INFO - Using connection ID 'postgres_terminal' for task execution.
[2022-07-20 08:04:16,031] {logging_mixin.py:115} INFO - [2022-07-20 08:04:16,031] {base.py:68} INFO - Using connection ID 'postgres_results' for task execution.
[2022-07-20 08:04:16,046] {logging_mixin.py:115} INFO - [2022-07-20 08:04:16,046] {base.py:68} INFO - Using connection ID 'postgres_results' for task execution.
[2022-07-20 08:04:16,058] {logging_mixin.py:115} INFO - [2022-07-20 08:04:16,058] {dbapi.py:330} INFO - Done loading. Loaded a total of 3 rows
[2022-07-20 08:04:16,059] {processor.py:651} INFO - DAG(s) dict_keys(['postgres_job']) retrieved from /opt/airflow/dags/dummy_dag.py
[2022-07-20 08:04:16,079] {logging_mixin.py:115} INFO - [2022-07-20 08:04:16,079] {dag.py:2420} INFO - Sync 1 DAGs
[2022-07-20 08:04:16,131] {logging_mixin.py:115} INFO - [2022-07-20 08:04:16,131] {dag.py:2972} INFO - Setting next_dagrun for postgres_job to 2022-05-01T02:32:00+00:00, run_after=2022-05-01T02:33:00+00:00
[2022-07-20 08:04:16,192] {processor.py:161} INFO - Processing /opt/airflow/dags/dummy_dag.py took 0.227 seconds
[2022-07-20 08:04:46,304] {processor.py:153} INFO - Started process (PID=217) to work on /opt/airflow/dags/dummy_dag.py
[2022-07-20 08:04:46,306] {processor.py:641} INFO - Processing file /opt/airflow/dags/dummy_dag.py for tasks to queue
[2022-07-20 08:04:46,307] {logging_mixin.py:115} INFO - [2022-07-20 08:04:46,307] {dagbag.py:508} INFO - Filling up the DagBag from /opt/airflow/dags/dummy_dag.py
[2022-07-20 08:04:46,349] {logging_mixin.py:115} INFO - [2022-07-20 08:04:46,349] {base.py:68} INFO - Using connection ID 'postgres_terminal' for task execution.
[2022-07-20 08:04:46,364] {logging_mixin.py:115} INFO - [2022-07-20 08:04:46,364] {base.py:68} INFO - Using connection ID 'postgres_results' for task execution.
[2022-07-20 08:04:46,378] {logging_mixin.py:115} INFO - [2022-07-20 08:04:46,377] {base.py:68} INFO - Using connection ID 'postgres_results' for task execution.
[2022-07-20 08:04:46,392] {logging_mixin.py:115} INFO - [2022-07-20 08:04:46,391] {dbapi.py:330} INFO - Done loading. Loaded a total of 3 rows
[2022-07-20 08:04:46,394] {processor.py:651} INFO - DAG(s) dict_keys(['postgres_job']) retrieved from /opt/airflow/dags/dummy_dag.py
[2022-07-20 08:04:46,428] {logging_mixin.py:115} INFO - [2022-07-20 08:04:46,428] {dag.py:2420} INFO - Sync 1 DAGs
[2022-07-20 08:04:46,459] {logging_mixin.py:115} INFO - [2022-07-20 08:04:46,458] {dag.py:2972} INFO - Setting next_dagrun for postgres_job to 2022-05-01T03:05:00+00:00, run_after=2022-05-01T03:06:00+00:00
[2022-07-20 08:04:46,479] {processor.py:161} INFO - Processing /opt/airflow/dags/dummy_dag.py took 0.179 seconds
[2022-07-20 08:05:16,630] {processor.py:153} INFO - Started process (PID=222) to work on /opt/airflow/dags/dummy_dag.py
[2022-07-20 08:05:16,631] {processor.py:641} INFO - Processing file /opt/airflow/dags/dummy_dag.py for tasks to queue
[2022-07-20 08:05:16,633] {logging_mixin.py:115} INFO - [2022-07-20 08:05:16,633] {dagbag.py:508} INFO - Filling up the DagBag from /opt/airflow/dags/dummy_dag.py
[2022-07-20 08:05:16,648] {logging_mixin.py:115} INFO - [2022-07-20 08:05:16,648] {base.py:68} INFO - Using connection ID 'postgres_terminal' for task execution.
[2022-07-20 08:05:16,662] {logging_mixin.py:115} INFO - [2022-07-20 08:05:16,662] {base.py:68} INFO - Using connection ID 'postgres_results' for task execution.
[2022-07-20 08:05:16,676] {logging_mixin.py:115} INFO - [2022-07-20 08:05:16,676] {base.py:68} INFO - Using connection ID 'postgres_results' for task execution.
[2022-07-20 08:05:16,687] {logging_mixin.py:115} INFO - [2022-07-20 08:05:16,687] {dbapi.py:330} INFO - Done loading. Loaded a total of 3 rows
[2022-07-20 08:05:16,688] {processor.py:651} INFO - DAG(s) dict_keys(['postgres_job']) retrieved from /opt/airflow/dags/dummy_dag.py
[2022-07-20 08:05:16,707] {logging_mixin.py:115} INFO - [2022-07-20 08:05:16,707] {dag.py:2420} INFO - Sync 1 DAGs
[2022-07-20 08:05:16,734] {logging_mixin.py:115} INFO - [2022-07-20 08:05:16,734] {dag.py:2972} INFO - Setting next_dagrun for postgres_job to 2022-05-01T03:37:00+00:00, run_after=2022-05-01T03:38:00+00:00
[2022-07-20 08:05:16,748] {processor.py:161} INFO - Processing /opt/airflow/dags/dummy_dag.py took 0.143 seconds
[2022-07-20 08:05:46,872] {processor.py:153} INFO - Started process (PID=227) to work on /opt/airflow/dags/dummy_dag.py
[2022-07-20 08:05:46,873] {processor.py:641} INFO - Processing file /opt/airflow/dags/dummy_dag.py for tasks to queue
[2022-07-20 08:05:46,875] {logging_mixin.py:115} INFO - [2022-07-20 08:05:46,874] {dagbag.py:508} INFO - Filling up the DagBag from /opt/airflow/dags/dummy_dag.py
[2022-07-20 08:05:46,921] {logging_mixin.py:115} INFO - [2022-07-20 08:05:46,920] {base.py:68} INFO - Using connection ID 'postgres_terminal' for task execution.
[2022-07-20 08:05:46,937] {logging_mixin.py:115} INFO - [2022-07-20 08:05:46,937] {base.py:68} INFO - Using connection ID 'postgres_results' for task execution.
[2022-07-20 08:05:46,957] {logging_mixin.py:115} INFO - [2022-07-20 08:05:46,957] {base.py:68} INFO - Using connection ID 'postgres_results' for task execution.
[2022-07-20 08:05:46,973] {logging_mixin.py:115} INFO - [2022-07-20 08:05:46,972] {dbapi.py:330} INFO - Done loading. Loaded a total of 3 rows
[2022-07-20 08:05:46,974] {processor.py:651} INFO - DAG(s) dict_keys(['postgres_job']) retrieved from /opt/airflow/dags/dummy_dag.py
[2022-07-20 08:05:46,992] {logging_mixin.py:115} INFO - [2022-07-20 08:05:46,992] {dag.py:2420} INFO - Sync 1 DAGs
[2022-07-20 08:05:47,025] {logging_mixin.py:115} INFO - [2022-07-20 08:05:47,025] {dag.py:2972} INFO - Setting next_dagrun for postgres_job to 2022-05-01T04:09:00+00:00, run_after=2022-05-01T04:10:00+00:00
[2022-07-20 08:05:47,043] {processor.py:161} INFO - Processing /opt/airflow/dags/dummy_dag.py took 0.176 seconds
[2022-07-20 08:07:54,758] {processor.py:153} INFO - Started process (PID=175) to work on /opt/airflow/dags/dummy_dag.py
[2022-07-20 08:07:54,761] {processor.py:641} INFO - Processing file /opt/airflow/dags/dummy_dag.py for tasks to queue
[2022-07-20 08:07:54,767] {logging_mixin.py:115} INFO - [2022-07-20 08:07:54,767] {dagbag.py:508} INFO - Filling up the DagBag from /opt/airflow/dags/dummy_dag.py
[2022-07-20 08:07:54,829] {logging_mixin.py:115} INFO - [2022-07-20 08:07:54,829] {base.py:68} INFO - Using connection ID 'postgres_terminal' for task execution.
[2022-07-20 08:07:54,846] {logging_mixin.py:115} INFO - [2022-07-20 08:07:54,846] {base.py:68} INFO - Using connection ID 'postgres_results' for task execution.
[2022-07-20 08:07:54,859] {logging_mixin.py:115} INFO - [2022-07-20 08:07:54,859] {base.py:68} INFO - Using connection ID 'postgres_results' for task execution.
[2022-07-20 08:07:54,872] {logging_mixin.py:115} INFO - [2022-07-20 08:07:54,872] {dbapi.py:330} INFO - Done loading. Loaded a total of 3 rows
[2022-07-20 08:07:54,873] {processor.py:651} INFO - DAG(s) dict_keys(['postgres_job']) retrieved from /opt/airflow/dags/dummy_dag.py
[2022-07-20 08:07:54,892] {logging_mixin.py:115} INFO - [2022-07-20 08:07:54,891] {dag.py:2420} INFO - Sync 1 DAGs
[2022-07-20 08:07:54,921] {logging_mixin.py:115} INFO - [2022-07-20 08:07:54,920] {dag.py:2972} INFO - Setting next_dagrun for postgres_job to 2022-05-01T04:12:00+00:00, run_after=2022-05-01T04:13:00+00:00
[2022-07-20 08:07:54,934] {processor.py:161} INFO - Processing /opt/airflow/dags/dummy_dag.py took 0.183 seconds
[2022-07-20 08:08:25,034] {processor.py:153} INFO - Started process (PID=191) to work on /opt/airflow/dags/dummy_dag.py
[2022-07-20 08:08:25,037] {processor.py:641} INFO - Processing file /opt/airflow/dags/dummy_dag.py for tasks to queue
[2022-07-20 08:08:25,038] {logging_mixin.py:115} INFO - [2022-07-20 08:08:25,038] {dagbag.py:508} INFO - Filling up the DagBag from /opt/airflow/dags/dummy_dag.py
[2022-07-20 08:08:25,100] {logging_mixin.py:115} INFO - [2022-07-20 08:08:25,100] {base.py:68} INFO - Using connection ID 'postgres_terminal' for task execution.
[2022-07-20 08:08:25,114] {logging_mixin.py:115} INFO - [2022-07-20 08:08:25,114] {base.py:68} INFO - Using connection ID 'postgres_results' for task execution.
[2022-07-20 08:08:25,128] {logging_mixin.py:115} INFO - [2022-07-20 08:08:25,128] {base.py:68} INFO - Using connection ID 'postgres_results' for task execution.
[2022-07-20 08:08:25,140] {logging_mixin.py:115} INFO - [2022-07-20 08:08:25,140] {dbapi.py:330} INFO - Done loading. Loaded a total of 3 rows
[2022-07-20 08:08:25,142] {processor.py:651} INFO - DAG(s) dict_keys(['postgres_job']) retrieved from /opt/airflow/dags/dummy_dag.py
[2022-07-20 08:08:25,162] {logging_mixin.py:115} INFO - [2022-07-20 08:08:25,162] {dag.py:2420} INFO - Sync 1 DAGs
[2022-07-20 08:08:25,191] {logging_mixin.py:115} INFO - [2022-07-20 08:08:25,191] {dag.py:2972} INFO - Setting next_dagrun for postgres_job to 2022-05-01T04:46:00+00:00, run_after=2022-05-01T04:47:00+00:00
[2022-07-20 08:08:25,208] {processor.py:161} INFO - Processing /opt/airflow/dags/dummy_dag.py took 0.180 seconds
[2022-07-20 08:08:55,343] {processor.py:153} INFO - Started process (PID=196) to work on /opt/airflow/dags/dummy_dag.py
[2022-07-20 08:08:55,345] {processor.py:641} INFO - Processing file /opt/airflow/dags/dummy_dag.py for tasks to queue
[2022-07-20 08:08:55,346] {logging_mixin.py:115} INFO - [2022-07-20 08:08:55,346] {dagbag.py:508} INFO - Filling up the DagBag from /opt/airflow/dags/dummy_dag.py
[2022-07-20 08:08:55,386] {logging_mixin.py:115} INFO - [2022-07-20 08:08:55,386] {base.py:68} INFO - Using connection ID 'postgres_terminal' for task execution.
[2022-07-20 08:08:55,401] {logging_mixin.py:115} INFO - [2022-07-20 08:08:55,401] {base.py:68} INFO - Using connection ID 'postgres_results' for task execution.
[2022-07-20 08:08:55,415] {logging_mixin.py:115} INFO - [2022-07-20 08:08:55,415] {base.py:68} INFO - Using connection ID 'postgres_results' for task execution.
[2022-07-20 08:08:55,427] {logging_mixin.py:115} INFO - [2022-07-20 08:08:55,427] {dbapi.py:330} INFO - Done loading. Loaded a total of 3 rows
[2022-07-20 08:08:55,429] {processor.py:651} INFO - DAG(s) dict_keys(['postgres_job']) retrieved from /opt/airflow/dags/dummy_dag.py
[2022-07-20 08:08:55,447] {logging_mixin.py:115} INFO - [2022-07-20 08:08:55,447] {dag.py:2420} INFO - Sync 1 DAGs
[2022-07-20 08:08:55,472] {logging_mixin.py:115} INFO - [2022-07-20 08:08:55,472] {dag.py:2972} INFO - Setting next_dagrun for postgres_job to 2022-05-01T05:18:00+00:00, run_after=2022-05-01T05:19:00+00:00
[2022-07-20 08:08:55,489] {processor.py:161} INFO - Processing /opt/airflow/dags/dummy_dag.py took 0.151 seconds
[2022-07-20 08:09:25,633] {processor.py:153} INFO - Started process (PID=201) to work on /opt/airflow/dags/dummy_dag.py
[2022-07-20 08:09:25,635] {processor.py:641} INFO - Processing file /opt/airflow/dags/dummy_dag.py for tasks to queue
[2022-07-20 08:09:25,639] {logging_mixin.py:115} INFO - [2022-07-20 08:09:25,638] {dagbag.py:508} INFO - Filling up the DagBag from /opt/airflow/dags/dummy_dag.py
[2022-07-20 08:09:25,687] {logging_mixin.py:115} INFO - [2022-07-20 08:09:25,687] {base.py:68} INFO - Using connection ID 'postgres_terminal' for task execution.
[2022-07-20 08:09:25,703] {logging_mixin.py:115} INFO - [2022-07-20 08:09:25,703] {base.py:68} INFO - Using connection ID 'postgres_results' for task execution.
[2022-07-20 08:09:25,719] {logging_mixin.py:115} INFO - [2022-07-20 08:09:25,719] {base.py:68} INFO - Using connection ID 'postgres_results' for task execution.
[2022-07-20 08:09:25,734] {logging_mixin.py:115} INFO - [2022-07-20 08:09:25,734] {dbapi.py:330} INFO - Done loading. Loaded a total of 3 rows
[2022-07-20 08:09:25,736] {processor.py:651} INFO - DAG(s) dict_keys(['postgres_job']) retrieved from /opt/airflow/dags/dummy_dag.py
[2022-07-20 08:09:25,760] {logging_mixin.py:115} INFO - [2022-07-20 08:09:25,760] {dag.py:2420} INFO - Sync 1 DAGs
[2022-07-20 08:09:25,791] {logging_mixin.py:115} INFO - [2022-07-20 08:09:25,791] {dag.py:2972} INFO - Setting next_dagrun for postgres_job to 2022-05-01T05:49:00+00:00, run_after=2022-05-01T05:50:00+00:00
[2022-07-20 08:09:25,807] {processor.py:161} INFO - Processing /opt/airflow/dags/dummy_dag.py took 0.181 seconds
