[2022-07-22 12:59:18,780] {taskinstance.py:1179} INFO - Dependencies all met for <TaskInstance: tutorial.t1 scheduled__2022-06-04T00:00:00+00:00 [queued]>
[2022-07-22 12:59:24,117] {taskinstance.py:1179} INFO - Dependencies all met for <TaskInstance: tutorial.t1 scheduled__2022-06-04T00:00:00+00:00 [queued]>
[2022-07-22 12:59:24,167] {taskinstance.py:1376} INFO - 
--------------------------------------------------------------------------------
[2022-07-22 12:59:24,168] {taskinstance.py:1377} INFO - Starting attempt 1 of 2
[2022-07-22 12:59:24,170] {taskinstance.py:1378} INFO - 
--------------------------------------------------------------------------------
[2022-07-22 12:59:24,854] {taskinstance.py:1397} INFO - Executing <Task(PythonOperator): t1> on 2022-06-04 00:00:00+00:00
[2022-07-22 12:59:24,938] {standard_task_runner.py:52} INFO - Started process 705 to run task
[2022-07-22 12:59:25,103] {standard_task_runner.py:79} INFO - Running: ['***', 'tasks', 'run', 'tutorial', 't1', 'scheduled__2022-06-04T00:00:00+00:00', '--job-id', '5', '--raw', '--subdir', 'DAGS_FOLDER/nickdag.py', '--cfg-path', '/tmp/tmpnw9_oyfw', '--error-file', '/tmp/tmptycu2szx']
[2022-07-22 12:59:25,128] {standard_task_runner.py:80} INFO - Job 5: Subtask t1
[2022-07-22 12:59:25,851] {logging_mixin.py:115} WARNING - /home/***/.local/lib/python3.7/site-packages/***/configuration.py:528 DeprecationWarning: The sql_alchemy_conn option in [core] has been moved to the sql_alchemy_conn option in [database] - the old setting has been used, but please update your config.
[2022-07-22 12:59:29,346] {task_command.py:371} INFO - Running <TaskInstance: tutorial.t1 scheduled__2022-06-04T00:00:00+00:00 [running]> on host 2f63307804d5
[2022-07-22 12:59:34,227] {taskinstance.py:1591} INFO - Exporting the following env vars:
AIRFLOW_CTX_DAG_EMAIL=caroline.kosalka@gmail.com
AIRFLOW_CTX_DAG_OWNER=***
AIRFLOW_CTX_DAG_ID=tutorial
AIRFLOW_CTX_TASK_ID=t1
AIRFLOW_CTX_EXECUTION_DATE=2022-06-04T00:00:00+00:00
AIRFLOW_CTX_TRY_NUMBER=1
AIRFLOW_CTX_DAG_RUN_ID=scheduled__2022-06-04T00:00:00+00:00
[2022-07-22 12:59:34,301] {python.py:173} INFO - Done. Returned value was: welcome
[2022-07-22 12:59:37,878] {taskinstance.py:1420} INFO - Marking task as SUCCESS. dag_id=tutorial, task_id=t1, execution_date=20220604T000000, start_date=20220722T125923, end_date=20220722T125937
[2022-07-22 12:59:39,439] {local_task_job.py:156} INFO - Task exited with return code 0
[2022-07-22 12:59:45,445] {local_task_job.py:273} INFO - 0 downstream tasks scheduled from follow-on schedule check
[2022-07-25 09:17:50,603] {taskinstance.py:1179} INFO - Dependencies all met for <TaskInstance: tutorial.t1 scheduled__2022-06-04T00:00:00+00:00 [queued]>
[2022-07-25 09:17:50,635] {taskinstance.py:1179} INFO - Dependencies all met for <TaskInstance: tutorial.t1 scheduled__2022-06-04T00:00:00+00:00 [queued]>
[2022-07-25 09:17:50,635] {taskinstance.py:1376} INFO - 
--------------------------------------------------------------------------------
[2022-07-25 09:17:50,636] {taskinstance.py:1377} INFO - Starting attempt 1 of 2
[2022-07-25 09:17:50,637] {taskinstance.py:1378} INFO - 
--------------------------------------------------------------------------------
[2022-07-25 09:17:50,690] {taskinstance.py:1397} INFO - Executing <Task(PythonOperator): t1> on 2022-06-04 00:00:00+00:00
[2022-07-25 09:17:50,722] {standard_task_runner.py:52} INFO - Started process 668 to run task
[2022-07-25 09:17:50,816] {standard_task_runner.py:79} INFO - Running: ['***', 'tasks', 'run', 'tutorial', 't1', 'scheduled__2022-06-04T00:00:00+00:00', '--job-id', '6', '--raw', '--subdir', 'DAGS_FOLDER/nickdag.py', '--cfg-path', '/tmp/tmpnprrj_3k', '--error-file', '/tmp/tmpwystriny']
[2022-07-25 09:17:50,822] {standard_task_runner.py:80} INFO - Job 6: Subtask t1
[2022-07-25 09:17:50,927] {logging_mixin.py:115} WARNING - /home/***/.local/lib/python3.7/site-packages/***/configuration.py:528 DeprecationWarning: The sql_alchemy_conn option in [core] has been moved to the sql_alchemy_conn option in [database] - the old setting has been used, but please update your config.
[2022-07-25 09:17:51,180] {task_command.py:371} INFO - Running <TaskInstance: tutorial.t1 scheduled__2022-06-04T00:00:00+00:00 [running]> on host 01e6b1df1873
[2022-07-25 09:17:51,798] {taskinstance.py:1591} INFO - Exporting the following env vars:
AIRFLOW_CTX_DAG_EMAIL=caroline.kosalka@gmail.com
AIRFLOW_CTX_DAG_OWNER=***
AIRFLOW_CTX_DAG_ID=tutorial
AIRFLOW_CTX_TASK_ID=t1
AIRFLOW_CTX_EXECUTION_DATE=2022-06-04T00:00:00+00:00
AIRFLOW_CTX_TRY_NUMBER=1
AIRFLOW_CTX_DAG_RUN_ID=scheduled__2022-06-04T00:00:00+00:00
[2022-07-25 09:17:51,806] {python.py:173} INFO - Done. Returned value was: welcome
[2022-07-25 09:17:51,986] {taskinstance.py:1420} INFO - Marking task as SUCCESS. dag_id=tutorial, task_id=t1, execution_date=20220604T000000, start_date=20220725T091750, end_date=20220725T091751
[2022-07-25 09:17:52,116] {local_task_job.py:156} INFO - Task exited with return code 0
[2022-07-25 09:17:52,385] {local_task_job.py:273} INFO - 0 downstream tasks scheduled from follow-on schedule check
[2022-07-25 12:23:51,078] {taskinstance.py:1179} INFO - Dependencies all met for <TaskInstance: tutorial.t1 scheduled__2022-06-04T00:00:00+00:00 [queued]>
[2022-07-25 12:23:51,251] {taskinstance.py:1179} INFO - Dependencies all met for <TaskInstance: tutorial.t1 scheduled__2022-06-04T00:00:00+00:00 [queued]>
[2022-07-25 12:23:51,254] {taskinstance.py:1376} INFO - 
--------------------------------------------------------------------------------
[2022-07-25 12:23:51,255] {taskinstance.py:1377} INFO - Starting attempt 1 of 2
[2022-07-25 12:23:51,258] {taskinstance.py:1378} INFO - 
--------------------------------------------------------------------------------
[2022-07-25 12:23:51,448] {taskinstance.py:1397} INFO - Executing <Task(PythonOperator): t1> on 2022-06-04 00:00:00+00:00
[2022-07-25 12:23:51,475] {standard_task_runner.py:52} INFO - Started process 460 to run task
[2022-07-25 12:23:51,515] {standard_task_runner.py:79} INFO - Running: ['***', 'tasks', 'run', 'tutorial', 't1', 'scheduled__2022-06-04T00:00:00+00:00', '--job-id', '28', '--raw', '--subdir', 'DAGS_FOLDER/nickdag.py', '--cfg-path', '/tmp/tmpjtqbodrd', '--error-file', '/tmp/tmph6bxezwc']
[2022-07-25 12:23:51,552] {standard_task_runner.py:80} INFO - Job 28: Subtask t1
[2022-07-25 12:23:51,769] {logging_mixin.py:115} WARNING - /home/***/.local/lib/python3.7/site-packages/***/configuration.py:528 DeprecationWarning: The sql_alchemy_conn option in [core] has been moved to the sql_alchemy_conn option in [database] - the old setting has been used, but please update your config.
[2022-07-25 12:23:52,121] {task_command.py:371} INFO - Running <TaskInstance: tutorial.t1 scheduled__2022-06-04T00:00:00+00:00 [running]> on host 929e6a3728d4
[2022-07-25 12:23:52,713] {taskinstance.py:1591} INFO - Exporting the following env vars:
AIRFLOW_CTX_DAG_EMAIL=caroline.kosalka@gmail.com
AIRFLOW_CTX_DAG_OWNER=***
AIRFLOW_CTX_DAG_ID=tutorial
AIRFLOW_CTX_TASK_ID=t1
AIRFLOW_CTX_EXECUTION_DATE=2022-06-04T00:00:00+00:00
AIRFLOW_CTX_TRY_NUMBER=1
AIRFLOW_CTX_DAG_RUN_ID=scheduled__2022-06-04T00:00:00+00:00
[2022-07-25 12:23:52,723] {python.py:173} INFO - Done. Returned value was: welcome
[2022-07-25 12:23:53,818] {taskinstance.py:1420} INFO - Marking task as SUCCESS. dag_id=tutorial, task_id=t1, execution_date=20220604T000000, start_date=20220725T122351, end_date=20220725T122353
[2022-07-25 12:23:53,920] {local_task_job.py:156} INFO - Task exited with return code 0
[2022-07-25 12:23:54,186] {dagrun.py:1081} ERROR - Failed to get task '<TaskInstance: tutorial.get_terminal_data scheduled__2022-06-04T00:00:00+00:00 [removed]>' for dag 'tutorial'. Marking it as removed.
[2022-07-25 12:23:54,195] {dagrun.py:1081} ERROR - Failed to get task '<TaskInstance: tutorial.process_data scheduled__2022-06-04T00:00:00+00:00 [removed]>' for dag 'tutorial'. Marking it as removed.
[2022-07-25 12:23:54,292] {local_task_job.py:273} INFO - 1 downstream tasks scheduled from follow-on schedule check
