[2022-07-22 13:00:21,236] {taskinstance.py:1179} INFO - Dependencies all met for <TaskInstance: tutorial.t2 scheduled__2022-06-26T00:00:00+00:00 [queued]>
[2022-07-22 13:00:21,261] {taskinstance.py:1179} INFO - Dependencies all met for <TaskInstance: tutorial.t2 scheduled__2022-06-26T00:00:00+00:00 [queued]>
[2022-07-22 13:00:21,262] {taskinstance.py:1376} INFO - 
--------------------------------------------------------------------------------
[2022-07-22 13:00:21,265] {taskinstance.py:1377} INFO - Starting attempt 1 of 2
[2022-07-22 13:00:21,266] {taskinstance.py:1378} INFO - 
--------------------------------------------------------------------------------
[2022-07-22 13:00:21,310] {taskinstance.py:1397} INFO - Executing <Task(PythonOperator): t2> on 2022-06-26 00:00:00+00:00
[2022-07-22 13:00:21,318] {standard_task_runner.py:52} INFO - Started process 814 to run task
[2022-07-22 13:00:21,337] {standard_task_runner.py:79} INFO - Running: ['***', 'tasks', 'run', 'tutorial', 't2', 'scheduled__2022-06-26T00:00:00+00:00', '--job-id', '55', '--raw', '--subdir', 'DAGS_FOLDER/nickdag.py', '--cfg-path', '/tmp/tmpcsiya_7_', '--error-file', '/tmp/tmpzr2q75rb']
[2022-07-22 13:00:21,341] {standard_task_runner.py:80} INFO - Job 55: Subtask t2
[2022-07-22 13:00:21,376] {logging_mixin.py:115} WARNING - /home/***/.local/lib/python3.7/site-packages/***/configuration.py:528 DeprecationWarning: The sql_alchemy_conn option in [core] has been moved to the sql_alchemy_conn option in [database] - the old setting has been used, but please update your config.
[2022-07-22 13:00:21,492] {task_command.py:371} INFO - Running <TaskInstance: tutorial.t2 scheduled__2022-06-26T00:00:00+00:00 [running]> on host 2f63307804d5
[2022-07-22 13:00:21,693] {taskinstance.py:1591} INFO - Exporting the following env vars:
AIRFLOW_CTX_DAG_EMAIL=caroline.kosalka@gmail.com
AIRFLOW_CTX_DAG_OWNER=***
AIRFLOW_CTX_DAG_ID=tutorial
AIRFLOW_CTX_TASK_ID=t2
AIRFLOW_CTX_EXECUTION_DATE=2022-06-26T00:00:00+00:00
AIRFLOW_CTX_TRY_NUMBER=1
AIRFLOW_CTX_DAG_RUN_ID=scheduled__2022-06-26T00:00:00+00:00
[2022-07-22 13:00:21,698] {python.py:173} INFO - Done. Returned value was: goodbye
[2022-07-22 13:00:21,762] {taskinstance.py:1420} INFO - Marking task as SUCCESS. dag_id=tutorial, task_id=t2, execution_date=20220626T000000, start_date=20220722T130021, end_date=20220722T130021
[2022-07-22 13:00:21,826] {local_task_job.py:156} INFO - Task exited with return code 0
[2022-07-22 13:00:21,941] {local_task_job.py:273} INFO - 0 downstream tasks scheduled from follow-on schedule check
[2022-07-25 09:18:05,431] {taskinstance.py:1179} INFO - Dependencies all met for <TaskInstance: tutorial.t2 scheduled__2022-06-26T00:00:00+00:00 [queued]>
[2022-07-25 09:18:05,469] {taskinstance.py:1179} INFO - Dependencies all met for <TaskInstance: tutorial.t2 scheduled__2022-06-26T00:00:00+00:00 [queued]>
[2022-07-25 09:18:05,470] {taskinstance.py:1376} INFO - 
--------------------------------------------------------------------------------
[2022-07-25 09:18:05,472] {taskinstance.py:1377} INFO - Starting attempt 1 of 2
[2022-07-25 09:18:05,473] {taskinstance.py:1378} INFO - 
--------------------------------------------------------------------------------
[2022-07-25 09:18:05,543] {taskinstance.py:1397} INFO - Executing <Task(PythonOperator): t2> on 2022-06-26 00:00:00+00:00
[2022-07-25 09:18:05,550] {standard_task_runner.py:52} INFO - Started process 779 to run task
[2022-07-25 09:18:05,565] {standard_task_runner.py:79} INFO - Running: ['***', 'tasks', 'run', 'tutorial', 't2', 'scheduled__2022-06-26T00:00:00+00:00', '--job-id', '56', '--raw', '--subdir', 'DAGS_FOLDER/nickdag.py', '--cfg-path', '/tmp/tmpvxk0h6kk', '--error-file', '/tmp/tmp3bpz7auk']
[2022-07-25 09:18:05,568] {standard_task_runner.py:80} INFO - Job 56: Subtask t2
[2022-07-25 09:18:05,632] {logging_mixin.py:115} WARNING - /home/***/.local/lib/python3.7/site-packages/***/configuration.py:528 DeprecationWarning: The sql_alchemy_conn option in [core] has been moved to the sql_alchemy_conn option in [database] - the old setting has been used, but please update your config.
[2022-07-25 09:18:05,818] {task_command.py:371} INFO - Running <TaskInstance: tutorial.t2 scheduled__2022-06-26T00:00:00+00:00 [running]> on host 01e6b1df1873
[2022-07-25 09:18:05,964] {taskinstance.py:1591} INFO - Exporting the following env vars:
AIRFLOW_CTX_DAG_EMAIL=caroline.kosalka@gmail.com
AIRFLOW_CTX_DAG_OWNER=***
AIRFLOW_CTX_DAG_ID=tutorial
AIRFLOW_CTX_TASK_ID=t2
AIRFLOW_CTX_EXECUTION_DATE=2022-06-26T00:00:00+00:00
AIRFLOW_CTX_TRY_NUMBER=1
AIRFLOW_CTX_DAG_RUN_ID=scheduled__2022-06-26T00:00:00+00:00
[2022-07-25 09:18:05,966] {python.py:173} INFO - Done. Returned value was: goodbye
[2022-07-25 09:18:06,013] {taskinstance.py:1420} INFO - Marking task as SUCCESS. dag_id=tutorial, task_id=t2, execution_date=20220626T000000, start_date=20220725T091805, end_date=20220725T091806
[2022-07-25 09:18:06,057] {local_task_job.py:156} INFO - Task exited with return code 0
[2022-07-25 09:18:06,108] {local_task_job.py:273} INFO - 0 downstream tasks scheduled from follow-on schedule check
[2022-07-25 12:26:56,575] {taskinstance.py:1179} INFO - Dependencies all met for <TaskInstance: tutorial.t2 scheduled__2022-06-26T00:00:00+00:00 [queued]>
[2022-07-25 12:26:56,622] {taskinstance.py:1179} INFO - Dependencies all met for <TaskInstance: tutorial.t2 scheduled__2022-06-26T00:00:00+00:00 [queued]>
[2022-07-25 12:26:56,623] {taskinstance.py:1376} INFO - 
--------------------------------------------------------------------------------
[2022-07-25 12:26:56,624] {taskinstance.py:1377} INFO - Starting attempt 1 of 2
[2022-07-25 12:26:56,627] {taskinstance.py:1378} INFO - 
--------------------------------------------------------------------------------
[2022-07-25 12:26:56,721] {taskinstance.py:1397} INFO - Executing <Task(PythonOperator): t2> on 2022-06-26 00:00:00+00:00
[2022-07-25 12:26:56,746] {standard_task_runner.py:52} INFO - Started process 834 to run task
[2022-07-25 12:26:56,769] {standard_task_runner.py:79} INFO - Running: ['***', 'tasks', 'run', 'tutorial', 't2', 'scheduled__2022-06-26T00:00:00+00:00', '--job-id', '113', '--raw', '--subdir', 'DAGS_FOLDER/nickdag.py', '--cfg-path', '/tmp/tmpp459wgex', '--error-file', '/tmp/tmpmmsrdn7a']
[2022-07-25 12:26:56,779] {standard_task_runner.py:80} INFO - Job 113: Subtask t2
[2022-07-25 12:26:56,890] {logging_mixin.py:115} WARNING - /home/***/.local/lib/python3.7/site-packages/***/configuration.py:528 DeprecationWarning: The sql_alchemy_conn option in [core] has been moved to the sql_alchemy_conn option in [database] - the old setting has been used, but please update your config.
[2022-07-25 12:26:57,116] {task_command.py:371} INFO - Running <TaskInstance: tutorial.t2 scheduled__2022-06-26T00:00:00+00:00 [running]> on host 929e6a3728d4
[2022-07-25 12:26:57,496] {taskinstance.py:1591} INFO - Exporting the following env vars:
AIRFLOW_CTX_DAG_EMAIL=caroline.kosalka@gmail.com
AIRFLOW_CTX_DAG_OWNER=***
AIRFLOW_CTX_DAG_ID=tutorial
AIRFLOW_CTX_TASK_ID=t2
AIRFLOW_CTX_EXECUTION_DATE=2022-06-26T00:00:00+00:00
AIRFLOW_CTX_TRY_NUMBER=1
AIRFLOW_CTX_DAG_RUN_ID=scheduled__2022-06-26T00:00:00+00:00
[2022-07-25 12:26:57,497] {python.py:173} INFO - Done. Returned value was: goodbye
[2022-07-25 12:26:57,614] {taskinstance.py:1420} INFO - Marking task as SUCCESS. dag_id=tutorial, task_id=t2, execution_date=20220626T000000, start_date=20220725T122656, end_date=20220725T122657
[2022-07-25 12:26:57,750] {local_task_job.py:156} INFO - Task exited with return code 0
[2022-07-25 12:26:57,929] {local_task_job.py:273} INFO - 0 downstream tasks scheduled from follow-on schedule check
