[2022-07-22 13:00:14,420] {taskinstance.py:1179} INFO - Dependencies all met for <TaskInstance: tutorial.t1 scheduled__2022-06-22T00:00:00+00:00 [queued]>
[2022-07-22 13:00:14,509] {taskinstance.py:1179} INFO - Dependencies all met for <TaskInstance: tutorial.t1 scheduled__2022-06-22T00:00:00+00:00 [queued]>
[2022-07-22 13:00:14,513] {taskinstance.py:1376} INFO - 
--------------------------------------------------------------------------------
[2022-07-22 13:00:14,516] {taskinstance.py:1377} INFO - Starting attempt 1 of 2
[2022-07-22 13:00:14,521] {taskinstance.py:1378} INFO - 
--------------------------------------------------------------------------------
[2022-07-22 13:00:14,643] {taskinstance.py:1397} INFO - Executing <Task(PythonOperator): t1> on 2022-06-22 00:00:00+00:00
[2022-07-22 13:00:14,674] {standard_task_runner.py:52} INFO - Started process 787 to run task
[2022-07-22 13:00:14,727] {standard_task_runner.py:79} INFO - Running: ['***', 'tasks', 'run', 'tutorial', 't1', 'scheduled__2022-06-22T00:00:00+00:00', '--job-id', '39', '--raw', '--subdir', 'DAGS_FOLDER/nickdag.py', '--cfg-path', '/tmp/tmpsznctyqf', '--error-file', '/tmp/tmpxp5h7374']
[2022-07-22 13:00:14,750] {standard_task_runner.py:80} INFO - Job 39: Subtask t1
[2022-07-22 13:00:15,001] {logging_mixin.py:115} WARNING - /home/***/.local/lib/python3.7/site-packages/***/configuration.py:528 DeprecationWarning: The sql_alchemy_conn option in [core] has been moved to the sql_alchemy_conn option in [database] - the old setting has been used, but please update your config.
[2022-07-22 13:00:15,456] {task_command.py:371} INFO - Running <TaskInstance: tutorial.t1 scheduled__2022-06-22T00:00:00+00:00 [running]> on host 2f63307804d5
[2022-07-22 13:00:16,081] {taskinstance.py:1591} INFO - Exporting the following env vars:
AIRFLOW_CTX_DAG_EMAIL=caroline.kosalka@gmail.com
AIRFLOW_CTX_DAG_OWNER=***
AIRFLOW_CTX_DAG_ID=tutorial
AIRFLOW_CTX_TASK_ID=t1
AIRFLOW_CTX_EXECUTION_DATE=2022-06-22T00:00:00+00:00
AIRFLOW_CTX_TRY_NUMBER=1
AIRFLOW_CTX_DAG_RUN_ID=scheduled__2022-06-22T00:00:00+00:00
[2022-07-22 13:00:16,087] {python.py:173} INFO - Done. Returned value was: welcome
[2022-07-22 13:00:16,333] {taskinstance.py:1420} INFO - Marking task as SUCCESS. dag_id=tutorial, task_id=t1, execution_date=20220622T000000, start_date=20220722T130014, end_date=20220722T130016
[2022-07-22 13:00:16,569] {local_task_job.py:156} INFO - Task exited with return code 0
[2022-07-22 13:00:17,339] {local_task_job.py:273} INFO - 0 downstream tasks scheduled from follow-on schedule check
[2022-07-25 09:18:01,785] {taskinstance.py:1179} INFO - Dependencies all met for <TaskInstance: tutorial.t1 scheduled__2022-06-22T00:00:00+00:00 [queued]>
[2022-07-25 09:18:01,819] {taskinstance.py:1179} INFO - Dependencies all met for <TaskInstance: tutorial.t1 scheduled__2022-06-22T00:00:00+00:00 [queued]>
[2022-07-25 09:18:01,823] {taskinstance.py:1376} INFO - 
--------------------------------------------------------------------------------
[2022-07-25 09:18:01,829] {taskinstance.py:1377} INFO - Starting attempt 1 of 2
[2022-07-25 09:18:01,830] {taskinstance.py:1378} INFO - 
--------------------------------------------------------------------------------
[2022-07-25 09:18:01,919] {taskinstance.py:1397} INFO - Executing <Task(PythonOperator): t1> on 2022-06-22 00:00:00+00:00
[2022-07-25 09:18:01,935] {standard_task_runner.py:52} INFO - Started process 738 to run task
[2022-07-25 09:18:01,952] {standard_task_runner.py:79} INFO - Running: ['***', 'tasks', 'run', 'tutorial', 't1', 'scheduled__2022-06-22T00:00:00+00:00', '--job-id', '39', '--raw', '--subdir', 'DAGS_FOLDER/nickdag.py', '--cfg-path', '/tmp/tmps5moc0he', '--error-file', '/tmp/tmpojy2yppb']
[2022-07-25 09:18:01,954] {standard_task_runner.py:80} INFO - Job 39: Subtask t1
[2022-07-25 09:18:02,022] {logging_mixin.py:115} WARNING - /home/***/.local/lib/python3.7/site-packages/***/configuration.py:528 DeprecationWarning: The sql_alchemy_conn option in [core] has been moved to the sql_alchemy_conn option in [database] - the old setting has been used, but please update your config.
[2022-07-25 09:18:02,229] {task_command.py:371} INFO - Running <TaskInstance: tutorial.t1 scheduled__2022-06-22T00:00:00+00:00 [running]> on host 01e6b1df1873
[2022-07-25 09:18:02,660] {taskinstance.py:1591} INFO - Exporting the following env vars:
AIRFLOW_CTX_DAG_EMAIL=caroline.kosalka@gmail.com
AIRFLOW_CTX_DAG_OWNER=***
AIRFLOW_CTX_DAG_ID=tutorial
AIRFLOW_CTX_TASK_ID=t1
AIRFLOW_CTX_EXECUTION_DATE=2022-06-22T00:00:00+00:00
AIRFLOW_CTX_TRY_NUMBER=1
AIRFLOW_CTX_DAG_RUN_ID=scheduled__2022-06-22T00:00:00+00:00
[2022-07-25 09:18:02,661] {python.py:173} INFO - Done. Returned value was: welcome
[2022-07-25 09:18:02,832] {taskinstance.py:1420} INFO - Marking task as SUCCESS. dag_id=tutorial, task_id=t1, execution_date=20220622T000000, start_date=20220725T091801, end_date=20220725T091802
[2022-07-25 09:18:02,901] {local_task_job.py:156} INFO - Task exited with return code 0
[2022-07-25 09:18:03,129] {local_task_job.py:273} INFO - 1 downstream tasks scheduled from follow-on schedule check
