[2022-07-22 13:00:27,453] {taskinstance.py:1179} INFO - Dependencies all met for <TaskInstance: tutorial.t2 scheduled__2022-06-30T00:00:00+00:00 [queued]>
[2022-07-22 13:00:27,493] {taskinstance.py:1179} INFO - Dependencies all met for <TaskInstance: tutorial.t2 scheduled__2022-06-30T00:00:00+00:00 [queued]>
[2022-07-22 13:00:27,496] {taskinstance.py:1376} INFO - 
--------------------------------------------------------------------------------
[2022-07-22 13:00:27,498] {taskinstance.py:1377} INFO - Starting attempt 1 of 2
[2022-07-22 13:00:27,501] {taskinstance.py:1378} INFO - 
--------------------------------------------------------------------------------
[2022-07-22 13:00:27,578] {taskinstance.py:1397} INFO - Executing <Task(PythonOperator): t2> on 2022-06-30 00:00:00+00:00
[2022-07-22 13:00:27,607] {standard_task_runner.py:52} INFO - Started process 846 to run task
[2022-07-22 13:00:27,638] {standard_task_runner.py:79} INFO - Running: ['***', 'tasks', 'run', 'tutorial', 't2', 'scheduled__2022-06-30T00:00:00+00:00', '--job-id', '67', '--raw', '--subdir', 'DAGS_FOLDER/nickdag.py', '--cfg-path', '/tmp/tmpak549kj3', '--error-file', '/tmp/tmpx8ukfs3q']
[2022-07-22 13:00:27,653] {standard_task_runner.py:80} INFO - Job 67: Subtask t2
[2022-07-22 13:00:27,791] {logging_mixin.py:115} WARNING - /home/***/.local/lib/python3.7/site-packages/***/configuration.py:528 DeprecationWarning: The sql_alchemy_conn option in [core] has been moved to the sql_alchemy_conn option in [database] - the old setting has been used, but please update your config.
[2022-07-22 13:00:28,180] {task_command.py:371} INFO - Running <TaskInstance: tutorial.t2 scheduled__2022-06-30T00:00:00+00:00 [running]> on host 2f63307804d5
[2022-07-22 13:00:28,874] {taskinstance.py:1591} INFO - Exporting the following env vars:
AIRFLOW_CTX_DAG_EMAIL=caroline.kosalka@gmail.com
AIRFLOW_CTX_DAG_OWNER=***
AIRFLOW_CTX_DAG_ID=tutorial
AIRFLOW_CTX_TASK_ID=t2
AIRFLOW_CTX_EXECUTION_DATE=2022-06-30T00:00:00+00:00
AIRFLOW_CTX_TRY_NUMBER=1
AIRFLOW_CTX_DAG_RUN_ID=scheduled__2022-06-30T00:00:00+00:00
[2022-07-22 13:00:28,876] {python.py:173} INFO - Done. Returned value was: goodbye
[2022-07-22 13:00:29,010] {taskinstance.py:1420} INFO - Marking task as SUCCESS. dag_id=tutorial, task_id=t2, execution_date=20220630T000000, start_date=20220722T130027, end_date=20220722T130029
[2022-07-22 13:00:29,272] {local_task_job.py:156} INFO - Task exited with return code 0
[2022-07-22 13:00:29,824] {local_task_job.py:273} INFO - 0 downstream tasks scheduled from follow-on schedule check
[2022-07-25 09:18:10,266] {taskinstance.py:1179} INFO - Dependencies all met for <TaskInstance: tutorial.t2 scheduled__2022-06-30T00:00:00+00:00 [queued]>
[2022-07-25 09:18:10,308] {taskinstance.py:1179} INFO - Dependencies all met for <TaskInstance: tutorial.t2 scheduled__2022-06-30T00:00:00+00:00 [queued]>
[2022-07-25 09:18:10,309] {taskinstance.py:1376} INFO - 
--------------------------------------------------------------------------------
[2022-07-25 09:18:10,310] {taskinstance.py:1377} INFO - Starting attempt 1 of 2
[2022-07-25 09:18:10,311] {taskinstance.py:1378} INFO - 
--------------------------------------------------------------------------------
[2022-07-25 09:18:10,388] {taskinstance.py:1397} INFO - Executing <Task(PythonOperator): t2> on 2022-06-30 00:00:00+00:00
[2022-07-25 09:18:10,394] {standard_task_runner.py:52} INFO - Started process 806 to run task
[2022-07-25 09:18:10,414] {standard_task_runner.py:79} INFO - Running: ['***', 'tasks', 'run', 'tutorial', 't2', 'scheduled__2022-06-30T00:00:00+00:00', '--job-id', '68', '--raw', '--subdir', 'DAGS_FOLDER/nickdag.py', '--cfg-path', '/tmp/tmpuwgrscgt', '--error-file', '/tmp/tmpro75i9cw']
[2022-07-25 09:18:10,434] {standard_task_runner.py:80} INFO - Job 68: Subtask t2
[2022-07-25 09:18:10,521] {logging_mixin.py:115} WARNING - /home/***/.local/lib/python3.7/site-packages/***/configuration.py:528 DeprecationWarning: The sql_alchemy_conn option in [core] has been moved to the sql_alchemy_conn option in [database] - the old setting has been used, but please update your config.
[2022-07-25 09:18:10,723] {task_command.py:371} INFO - Running <TaskInstance: tutorial.t2 scheduled__2022-06-30T00:00:00+00:00 [running]> on host 01e6b1df1873
[2022-07-25 09:18:11,038] {taskinstance.py:1591} INFO - Exporting the following env vars:
AIRFLOW_CTX_DAG_EMAIL=caroline.kosalka@gmail.com
AIRFLOW_CTX_DAG_OWNER=***
AIRFLOW_CTX_DAG_ID=tutorial
AIRFLOW_CTX_TASK_ID=t2
AIRFLOW_CTX_EXECUTION_DATE=2022-06-30T00:00:00+00:00
AIRFLOW_CTX_TRY_NUMBER=1
AIRFLOW_CTX_DAG_RUN_ID=scheduled__2022-06-30T00:00:00+00:00
[2022-07-25 09:18:11,043] {python.py:173} INFO - Done. Returned value was: goodbye
[2022-07-25 09:18:11,354] {taskinstance.py:1420} INFO - Marking task as SUCCESS. dag_id=tutorial, task_id=t2, execution_date=20220630T000000, start_date=20220725T091810, end_date=20220725T091811
[2022-07-25 09:18:11,491] {local_task_job.py:156} INFO - Task exited with return code 0
[2022-07-25 09:18:11,724] {local_task_job.py:273} INFO - 0 downstream tasks scheduled from follow-on schedule check
[2022-07-25 12:26:56,631] {taskinstance.py:1179} INFO - Dependencies all met for <TaskInstance: tutorial.t2 scheduled__2022-06-30T00:00:00+00:00 [queued]>
[2022-07-25 12:26:56,712] {taskinstance.py:1179} INFO - Dependencies all met for <TaskInstance: tutorial.t2 scheduled__2022-06-30T00:00:00+00:00 [queued]>
[2022-07-25 12:26:56,713] {taskinstance.py:1376} INFO - 
--------------------------------------------------------------------------------
[2022-07-25 12:26:56,714] {taskinstance.py:1377} INFO - Starting attempt 1 of 2
[2022-07-25 12:26:56,719] {taskinstance.py:1378} INFO - 
--------------------------------------------------------------------------------
[2022-07-25 12:26:56,861] {taskinstance.py:1397} INFO - Executing <Task(PythonOperator): t2> on 2022-06-30 00:00:00+00:00
[2022-07-25 12:26:56,879] {standard_task_runner.py:52} INFO - Started process 845 to run task
[2022-07-25 12:26:56,934] {standard_task_runner.py:79} INFO - Running: ['***', 'tasks', 'run', 'tutorial', 't2', 'scheduled__2022-06-30T00:00:00+00:00', '--job-id', '118', '--raw', '--subdir', 'DAGS_FOLDER/nickdag.py', '--cfg-path', '/tmp/tmpbdg3py2y', '--error-file', '/tmp/tmp9j1nuqi6']
[2022-07-25 12:26:56,946] {standard_task_runner.py:80} INFO - Job 118: Subtask t2
[2022-07-25 12:26:57,094] {logging_mixin.py:115} WARNING - /home/***/.local/lib/python3.7/site-packages/***/configuration.py:528 DeprecationWarning: The sql_alchemy_conn option in [core] has been moved to the sql_alchemy_conn option in [database] - the old setting has been used, but please update your config.
[2022-07-25 12:26:57,382] {task_command.py:371} INFO - Running <TaskInstance: tutorial.t2 scheduled__2022-06-30T00:00:00+00:00 [running]> on host 929e6a3728d4
[2022-07-25 12:26:57,948] {taskinstance.py:1591} INFO - Exporting the following env vars:
AIRFLOW_CTX_DAG_EMAIL=caroline.kosalka@gmail.com
AIRFLOW_CTX_DAG_OWNER=***
AIRFLOW_CTX_DAG_ID=tutorial
AIRFLOW_CTX_TASK_ID=t2
AIRFLOW_CTX_EXECUTION_DATE=2022-06-30T00:00:00+00:00
AIRFLOW_CTX_TRY_NUMBER=1
AIRFLOW_CTX_DAG_RUN_ID=scheduled__2022-06-30T00:00:00+00:00
[2022-07-25 12:26:57,953] {python.py:173} INFO - Done. Returned value was: goodbye
[2022-07-25 12:26:58,255] {taskinstance.py:1420} INFO - Marking task as SUCCESS. dag_id=tutorial, task_id=t2, execution_date=20220630T000000, start_date=20220725T122656, end_date=20220725T122658
[2022-07-25 12:26:58,377] {local_task_job.py:156} INFO - Task exited with return code 0
[2022-07-25 12:26:58,553] {local_task_job.py:273} INFO - 0 downstream tasks scheduled from follow-on schedule check
