[2022-07-22 12:59:44,448] {taskinstance.py:1179} INFO - Dependencies all met for <TaskInstance: tutorial.t1 scheduled__2022-06-16T00:00:00+00:00 [queued]>
[2022-07-22 12:59:44,747] {taskinstance.py:1179} INFO - Dependencies all met for <TaskInstance: tutorial.t1 scheduled__2022-06-16T00:00:00+00:00 [queued]>
[2022-07-22 12:59:44,763] {taskinstance.py:1376} INFO - 
--------------------------------------------------------------------------------
[2022-07-22 12:59:44,770] {taskinstance.py:1377} INFO - Starting attempt 1 of 2
[2022-07-22 12:59:44,786] {taskinstance.py:1378} INFO - 
--------------------------------------------------------------------------------
[2022-07-22 12:59:45,595] {taskinstance.py:1397} INFO - Executing <Task(PythonOperator): t1> on 2022-06-16 00:00:00+00:00
[2022-07-22 12:59:45,618] {standard_task_runner.py:52} INFO - Started process 739 to run task
[2022-07-22 12:59:45,646] {standard_task_runner.py:79} INFO - Running: ['***', 'tasks', 'run', 'tutorial', 't1', 'scheduled__2022-06-16T00:00:00+00:00', '--job-id', '24', '--raw', '--subdir', 'DAGS_FOLDER/nickdag.py', '--cfg-path', '/tmp/tmps8ts6m8a', '--error-file', '/tmp/tmpuu3wbolx']
[2022-07-22 12:59:45,658] {standard_task_runner.py:80} INFO - Job 24: Subtask t1
[2022-07-22 12:59:45,814] {logging_mixin.py:115} WARNING - /home/***/.local/lib/python3.7/site-packages/***/configuration.py:528 DeprecationWarning: The sql_alchemy_conn option in [core] has been moved to the sql_alchemy_conn option in [database] - the old setting has been used, but please update your config.
[2022-07-22 12:59:47,258] {task_command.py:371} INFO - Running <TaskInstance: tutorial.t1 scheduled__2022-06-16T00:00:00+00:00 [running]> on host 2f63307804d5
[2022-07-22 12:59:49,471] {taskinstance.py:1591} INFO - Exporting the following env vars:
AIRFLOW_CTX_DAG_EMAIL=caroline.kosalka@gmail.com
AIRFLOW_CTX_DAG_OWNER=***
AIRFLOW_CTX_DAG_ID=tutorial
AIRFLOW_CTX_TASK_ID=t1
AIRFLOW_CTX_EXECUTION_DATE=2022-06-16T00:00:00+00:00
AIRFLOW_CTX_TRY_NUMBER=1
AIRFLOW_CTX_DAG_RUN_ID=scheduled__2022-06-16T00:00:00+00:00
[2022-07-22 12:59:49,475] {python.py:173} INFO - Done. Returned value was: welcome
[2022-07-22 12:59:50,085] {taskinstance.py:1420} INFO - Marking task as SUCCESS. dag_id=tutorial, task_id=t1, execution_date=20220616T000000, start_date=20220722T125944, end_date=20220722T125950
[2022-07-22 12:59:50,618] {local_task_job.py:156} INFO - Task exited with return code 0
[2022-07-22 12:59:51,351] {local_task_job.py:273} INFO - 0 downstream tasks scheduled from follow-on schedule check
[2022-07-25 09:17:56,149] {taskinstance.py:1179} INFO - Dependencies all met for <TaskInstance: tutorial.t1 scheduled__2022-06-16T00:00:00+00:00 [queued]>
[2022-07-25 09:17:56,193] {taskinstance.py:1179} INFO - Dependencies all met for <TaskInstance: tutorial.t1 scheduled__2022-06-16T00:00:00+00:00 [queued]>
[2022-07-25 09:17:56,195] {taskinstance.py:1376} INFO - 
--------------------------------------------------------------------------------
[2022-07-25 09:17:56,199] {taskinstance.py:1377} INFO - Starting attempt 1 of 2
[2022-07-25 09:17:56,200] {taskinstance.py:1378} INFO - 
--------------------------------------------------------------------------------
[2022-07-25 09:17:56,262] {taskinstance.py:1397} INFO - Executing <Task(PythonOperator): t1> on 2022-06-16 00:00:00+00:00
[2022-07-25 09:17:56,278] {standard_task_runner.py:52} INFO - Started process 707 to run task
[2022-07-25 09:17:56,300] {standard_task_runner.py:79} INFO - Running: ['***', 'tasks', 'run', 'tutorial', 't1', 'scheduled__2022-06-16T00:00:00+00:00', '--job-id', '26', '--raw', '--subdir', 'DAGS_FOLDER/nickdag.py', '--cfg-path', '/tmp/tmpa5s7kbxh', '--error-file', '/tmp/tmpiy3a20ji']
[2022-07-25 09:17:56,304] {standard_task_runner.py:80} INFO - Job 26: Subtask t1
[2022-07-25 09:17:56,372] {logging_mixin.py:115} WARNING - /home/***/.local/lib/python3.7/site-packages/***/configuration.py:528 DeprecationWarning: The sql_alchemy_conn option in [core] has been moved to the sql_alchemy_conn option in [database] - the old setting has been used, but please update your config.
[2022-07-25 09:17:56,680] {task_command.py:371} INFO - Running <TaskInstance: tutorial.t1 scheduled__2022-06-16T00:00:00+00:00 [running]> on host 01e6b1df1873
[2022-07-25 09:17:57,050] {taskinstance.py:1591} INFO - Exporting the following env vars:
AIRFLOW_CTX_DAG_EMAIL=caroline.kosalka@gmail.com
AIRFLOW_CTX_DAG_OWNER=***
AIRFLOW_CTX_DAG_ID=tutorial
AIRFLOW_CTX_TASK_ID=t1
AIRFLOW_CTX_EXECUTION_DATE=2022-06-16T00:00:00+00:00
AIRFLOW_CTX_TRY_NUMBER=1
AIRFLOW_CTX_DAG_RUN_ID=scheduled__2022-06-16T00:00:00+00:00
[2022-07-25 09:17:57,056] {python.py:173} INFO - Done. Returned value was: welcome
[2022-07-25 09:17:57,219] {taskinstance.py:1420} INFO - Marking task as SUCCESS. dag_id=tutorial, task_id=t1, execution_date=20220616T000000, start_date=20220725T091756, end_date=20220725T091757
[2022-07-25 09:17:57,277] {local_task_job.py:156} INFO - Task exited with return code 0
[2022-07-25 09:17:57,534] {local_task_job.py:273} INFO - 1 downstream tasks scheduled from follow-on schedule check
[2022-07-25 12:23:50,981] {taskinstance.py:1179} INFO - Dependencies all met for <TaskInstance: tutorial.t1 scheduled__2022-06-16T00:00:00+00:00 [queued]>
[2022-07-25 12:23:51,210] {taskinstance.py:1179} INFO - Dependencies all met for <TaskInstance: tutorial.t1 scheduled__2022-06-16T00:00:00+00:00 [queued]>
[2022-07-25 12:23:51,211] {taskinstance.py:1376} INFO - 
--------------------------------------------------------------------------------
[2022-07-25 12:23:51,212] {taskinstance.py:1377} INFO - Starting attempt 1 of 2
[2022-07-25 12:23:51,214] {taskinstance.py:1378} INFO - 
--------------------------------------------------------------------------------
[2022-07-25 12:23:51,335] {taskinstance.py:1397} INFO - Executing <Task(PythonOperator): t1> on 2022-06-16 00:00:00+00:00
[2022-07-25 12:23:51,382] {standard_task_runner.py:52} INFO - Started process 459 to run task
[2022-07-25 12:23:51,458] {standard_task_runner.py:79} INFO - Running: ['***', 'tasks', 'run', 'tutorial', 't1', 'scheduled__2022-06-16T00:00:00+00:00', '--job-id', '25', '--raw', '--subdir', 'DAGS_FOLDER/nickdag.py', '--cfg-path', '/tmp/tmpcbx0kv5a', '--error-file', '/tmp/tmp4vo46gmk']
[2022-07-25 12:23:51,487] {standard_task_runner.py:80} INFO - Job 25: Subtask t1
[2022-07-25 12:23:51,704] {logging_mixin.py:115} WARNING - /home/***/.local/lib/python3.7/site-packages/***/configuration.py:528 DeprecationWarning: The sql_alchemy_conn option in [core] has been moved to the sql_alchemy_conn option in [database] - the old setting has been used, but please update your config.
[2022-07-25 12:23:52,060] {task_command.py:371} INFO - Running <TaskInstance: tutorial.t1 scheduled__2022-06-16T00:00:00+00:00 [running]> on host 929e6a3728d4
[2022-07-25 12:23:53,182] {taskinstance.py:1591} INFO - Exporting the following env vars:
AIRFLOW_CTX_DAG_EMAIL=caroline.kosalka@gmail.com
AIRFLOW_CTX_DAG_OWNER=***
AIRFLOW_CTX_DAG_ID=tutorial
AIRFLOW_CTX_TASK_ID=t1
AIRFLOW_CTX_EXECUTION_DATE=2022-06-16T00:00:00+00:00
AIRFLOW_CTX_TRY_NUMBER=1
AIRFLOW_CTX_DAG_RUN_ID=scheduled__2022-06-16T00:00:00+00:00
[2022-07-25 12:23:53,188] {python.py:173} INFO - Done. Returned value was: welcome
[2022-07-25 12:23:53,822] {taskinstance.py:1420} INFO - Marking task as SUCCESS. dag_id=tutorial, task_id=t1, execution_date=20220616T000000, start_date=20220725T122351, end_date=20220725T122353
[2022-07-25 12:23:53,936] {local_task_job.py:156} INFO - Task exited with return code 0
[2022-07-25 12:23:54,239] {local_task_job.py:273} INFO - 1 downstream tasks scheduled from follow-on schedule check
