[2022-07-22 13:00:40,090] {taskinstance.py:1179} INFO - Dependencies all met for <TaskInstance: tutorial.t2 scheduled__2022-07-19T00:00:00+00:00 [queued]>
[2022-07-22 13:00:40,131] {taskinstance.py:1179} INFO - Dependencies all met for <TaskInstance: tutorial.t2 scheduled__2022-07-19T00:00:00+00:00 [queued]>
[2022-07-22 13:00:40,133] {taskinstance.py:1376} INFO - 
--------------------------------------------------------------------------------
[2022-07-22 13:00:40,135] {taskinstance.py:1377} INFO - Starting attempt 1 of 2
[2022-07-22 13:00:40,136] {taskinstance.py:1378} INFO - 
--------------------------------------------------------------------------------
[2022-07-22 13:00:40,220] {taskinstance.py:1397} INFO - Executing <Task(PythonOperator): t2> on 2022-07-19 00:00:00+00:00
[2022-07-22 13:00:40,234] {standard_task_runner.py:52} INFO - Started process 919 to run task
[2022-07-22 13:00:40,252] {standard_task_runner.py:79} INFO - Running: ['***', 'tasks', 'run', 'tutorial', 't2', 'scheduled__2022-07-19T00:00:00+00:00', '--job-id', '102', '--raw', '--subdir', 'DAGS_FOLDER/nickdag.py', '--cfg-path', '/tmp/tmpjze3ybb2', '--error-file', '/tmp/tmpaheo9exp']
[2022-07-22 13:00:40,257] {standard_task_runner.py:80} INFO - Job 102: Subtask t2
[2022-07-22 13:00:40,354] {logging_mixin.py:115} WARNING - /home/***/.local/lib/python3.7/site-packages/***/configuration.py:528 DeprecationWarning: The sql_alchemy_conn option in [core] has been moved to the sql_alchemy_conn option in [database] - the old setting has been used, but please update your config.
[2022-07-22 13:00:40,571] {task_command.py:371} INFO - Running <TaskInstance: tutorial.t2 scheduled__2022-07-19T00:00:00+00:00 [running]> on host 2f63307804d5
[2022-07-22 13:00:40,767] {taskinstance.py:1591} INFO - Exporting the following env vars:
AIRFLOW_CTX_DAG_EMAIL=caroline.kosalka@gmail.com
AIRFLOW_CTX_DAG_OWNER=***
AIRFLOW_CTX_DAG_ID=tutorial
AIRFLOW_CTX_TASK_ID=t2
AIRFLOW_CTX_EXECUTION_DATE=2022-07-19T00:00:00+00:00
AIRFLOW_CTX_TRY_NUMBER=1
AIRFLOW_CTX_DAG_RUN_ID=scheduled__2022-07-19T00:00:00+00:00
[2022-07-22 13:00:40,773] {python.py:173} INFO - Done. Returned value was: goodbye
[2022-07-22 13:00:40,828] {taskinstance.py:1420} INFO - Marking task as SUCCESS. dag_id=tutorial, task_id=t2, execution_date=20220719T000000, start_date=20220722T130040, end_date=20220722T130040
[2022-07-22 13:00:40,902] {local_task_job.py:156} INFO - Task exited with return code 0
[2022-07-22 13:00:41,001] {local_task_job.py:273} INFO - 0 downstream tasks scheduled from follow-on schedule check
[2022-07-25 09:18:21,965] {taskinstance.py:1179} INFO - Dependencies all met for <TaskInstance: tutorial.t2 scheduled__2022-07-19T00:00:00+00:00 [queued]>
[2022-07-25 09:18:21,982] {taskinstance.py:1179} INFO - Dependencies all met for <TaskInstance: tutorial.t2 scheduled__2022-07-19T00:00:00+00:00 [queued]>
[2022-07-25 09:18:21,983] {taskinstance.py:1376} INFO - 
--------------------------------------------------------------------------------
[2022-07-25 09:18:21,984] {taskinstance.py:1377} INFO - Starting attempt 1 of 2
[2022-07-25 09:18:21,985] {taskinstance.py:1378} INFO - 
--------------------------------------------------------------------------------
[2022-07-25 09:18:22,011] {taskinstance.py:1397} INFO - Executing <Task(PythonOperator): t2> on 2022-07-19 00:00:00+00:00
[2022-07-25 09:18:22,020] {standard_task_runner.py:52} INFO - Started process 867 to run task
[2022-07-25 09:18:22,034] {standard_task_runner.py:79} INFO - Running: ['***', 'tasks', 'run', 'tutorial', 't2', 'scheduled__2022-07-19T00:00:00+00:00', '--job-id', '101', '--raw', '--subdir', 'DAGS_FOLDER/nickdag.py', '--cfg-path', '/tmp/tmpwdvnzl1p', '--error-file', '/tmp/tmpl5bn27ip']
[2022-07-25 09:18:22,039] {standard_task_runner.py:80} INFO - Job 101: Subtask t2
[2022-07-25 09:18:22,083] {logging_mixin.py:115} WARNING - /home/***/.local/lib/python3.7/site-packages/***/configuration.py:528 DeprecationWarning: The sql_alchemy_conn option in [core] has been moved to the sql_alchemy_conn option in [database] - the old setting has been used, but please update your config.
[2022-07-25 09:18:22,224] {task_command.py:371} INFO - Running <TaskInstance: tutorial.t2 scheduled__2022-07-19T00:00:00+00:00 [running]> on host 01e6b1df1873
[2022-07-25 09:18:22,362] {taskinstance.py:1591} INFO - Exporting the following env vars:
AIRFLOW_CTX_DAG_EMAIL=caroline.kosalka@gmail.com
AIRFLOW_CTX_DAG_OWNER=***
AIRFLOW_CTX_DAG_ID=tutorial
AIRFLOW_CTX_TASK_ID=t2
AIRFLOW_CTX_EXECUTION_DATE=2022-07-19T00:00:00+00:00
AIRFLOW_CTX_TRY_NUMBER=1
AIRFLOW_CTX_DAG_RUN_ID=scheduled__2022-07-19T00:00:00+00:00
[2022-07-25 09:18:22,363] {python.py:173} INFO - Done. Returned value was: goodbye
[2022-07-25 09:18:22,456] {taskinstance.py:1420} INFO - Marking task as SUCCESS. dag_id=tutorial, task_id=t2, execution_date=20220719T000000, start_date=20220725T091821, end_date=20220725T091822
[2022-07-25 09:18:22,493] {local_task_job.py:156} INFO - Task exited with return code 0
[2022-07-25 09:18:22,573] {local_task_job.py:273} INFO - 0 downstream tasks scheduled from follow-on schedule check
[2022-07-25 12:28:28,311] {taskinstance.py:1179} INFO - Dependencies all met for <TaskInstance: tutorial.t2 scheduled__2022-07-19T00:00:00+00:00 [queued]>
[2022-07-25 12:28:28,383] {taskinstance.py:1179} INFO - Dependencies all met for <TaskInstance: tutorial.t2 scheduled__2022-07-19T00:00:00+00:00 [queued]>
[2022-07-25 12:28:28,385] {taskinstance.py:1376} INFO - 
--------------------------------------------------------------------------------
[2022-07-25 12:28:28,386] {taskinstance.py:1377} INFO - Starting attempt 1 of 2
[2022-07-25 12:28:28,387] {taskinstance.py:1378} INFO - 
--------------------------------------------------------------------------------
[2022-07-25 12:28:28,499] {taskinstance.py:1397} INFO - Executing <Task(PythonOperator): t2> on 2022-07-19 00:00:00+00:00
[2022-07-25 12:28:28,524] {standard_task_runner.py:52} INFO - Started process 1031 to run task
[2022-07-25 12:28:28,548] {standard_task_runner.py:79} INFO - Running: ['***', 'tasks', 'run', 'tutorial', 't2', 'scheduled__2022-07-19T00:00:00+00:00', '--job-id', '164', '--raw', '--subdir', 'DAGS_FOLDER/nickdag.py', '--cfg-path', '/tmp/tmp0zm80s1u', '--error-file', '/tmp/tmp_g0547o9']
[2022-07-25 12:28:28,558] {standard_task_runner.py:80} INFO - Job 164: Subtask t2
[2022-07-25 12:28:28,630] {logging_mixin.py:115} WARNING - /home/***/.local/lib/python3.7/site-packages/***/configuration.py:528 DeprecationWarning: The sql_alchemy_conn option in [core] has been moved to the sql_alchemy_conn option in [database] - the old setting has been used, but please update your config.
[2022-07-25 12:28:28,865] {task_command.py:371} INFO - Running <TaskInstance: tutorial.t2 scheduled__2022-07-19T00:00:00+00:00 [running]> on host 929e6a3728d4
[2022-07-25 12:28:29,219] {taskinstance.py:1591} INFO - Exporting the following env vars:
AIRFLOW_CTX_DAG_EMAIL=caroline.kosalka@gmail.com
AIRFLOW_CTX_DAG_OWNER=***
AIRFLOW_CTX_DAG_ID=tutorial
AIRFLOW_CTX_TASK_ID=t2
AIRFLOW_CTX_EXECUTION_DATE=2022-07-19T00:00:00+00:00
AIRFLOW_CTX_TRY_NUMBER=1
AIRFLOW_CTX_DAG_RUN_ID=scheduled__2022-07-19T00:00:00+00:00
[2022-07-25 12:28:29,225] {python.py:173} INFO - Done. Returned value was: goodbye
[2022-07-25 12:28:29,909] {taskinstance.py:1420} INFO - Marking task as SUCCESS. dag_id=tutorial, task_id=t2, execution_date=20220719T000000, start_date=20220725T122828, end_date=20220725T122829
[2022-07-25 12:28:30,011] {local_task_job.py:156} INFO - Task exited with return code 0
[2022-07-25 12:28:30,257] {local_task_job.py:273} INFO - 0 downstream tasks scheduled from follow-on schedule check
