[2022-07-22 12:59:50,516] {taskinstance.py:1179} INFO - Dependencies all met for <TaskInstance: tutorial.t2 scheduled__2022-06-10T00:00:00+00:00 [queued]>
[2022-07-22 12:59:50,747] {taskinstance.py:1179} INFO - Dependencies all met for <TaskInstance: tutorial.t2 scheduled__2022-06-10T00:00:00+00:00 [queued]>
[2022-07-22 12:59:50,749] {taskinstance.py:1376} INFO - 
--------------------------------------------------------------------------------
[2022-07-22 12:59:50,751] {taskinstance.py:1377} INFO - Starting attempt 1 of 2
[2022-07-22 12:59:50,752] {taskinstance.py:1378} INFO - 
--------------------------------------------------------------------------------
[2022-07-22 12:59:51,027] {taskinstance.py:1397} INFO - Executing <Task(PythonOperator): t2> on 2022-06-10 00:00:00+00:00
[2022-07-22 12:59:51,061] {standard_task_runner.py:52} INFO - Started process 754 to run task
[2022-07-22 12:59:51,085] {standard_task_runner.py:79} INFO - Running: ['***', 'tasks', 'run', 'tutorial', 't2', 'scheduled__2022-06-10T00:00:00+00:00', '--job-id', '27', '--raw', '--subdir', 'DAGS_FOLDER/nickdag.py', '--cfg-path', '/tmp/tmpjs0m1kqc', '--error-file', '/tmp/tmp7cg5imsf']
[2022-07-22 12:59:51,097] {standard_task_runner.py:80} INFO - Job 27: Subtask t2
[2022-07-22 12:59:51,201] {logging_mixin.py:115} WARNING - /home/***/.local/lib/python3.7/site-packages/***/configuration.py:528 DeprecationWarning: The sql_alchemy_conn option in [core] has been moved to the sql_alchemy_conn option in [database] - the old setting has been used, but please update your config.
[2022-07-22 12:59:52,376] {task_command.py:371} INFO - Running <TaskInstance: tutorial.t2 scheduled__2022-06-10T00:00:00+00:00 [running]> on host 2f63307804d5
[2022-07-22 12:59:54,540] {taskinstance.py:1591} INFO - Exporting the following env vars:
AIRFLOW_CTX_DAG_EMAIL=caroline.kosalka@gmail.com
AIRFLOW_CTX_DAG_OWNER=***
AIRFLOW_CTX_DAG_ID=tutorial
AIRFLOW_CTX_TASK_ID=t2
AIRFLOW_CTX_EXECUTION_DATE=2022-06-10T00:00:00+00:00
AIRFLOW_CTX_TRY_NUMBER=1
AIRFLOW_CTX_DAG_RUN_ID=scheduled__2022-06-10T00:00:00+00:00
[2022-07-22 12:59:54,588] {python.py:173} INFO - Done. Returned value was: goodbye
[2022-07-22 12:59:56,334] {taskinstance.py:1420} INFO - Marking task as SUCCESS. dag_id=tutorial, task_id=t2, execution_date=20220610T000000, start_date=20220722T125950, end_date=20220722T125956
[2022-07-22 12:59:56,616] {local_task_job.py:156} INFO - Task exited with return code 0
[2022-07-22 12:59:56,852] {local_task_job.py:273} INFO - 0 downstream tasks scheduled from follow-on schedule check
[2022-07-25 09:17:57,656] {taskinstance.py:1179} INFO - Dependencies all met for <TaskInstance: tutorial.t2 scheduled__2022-06-10T00:00:00+00:00 [queued]>
[2022-07-25 09:17:57,706] {taskinstance.py:1179} INFO - Dependencies all met for <TaskInstance: tutorial.t2 scheduled__2022-06-10T00:00:00+00:00 [queued]>
[2022-07-25 09:17:57,707] {taskinstance.py:1376} INFO - 
--------------------------------------------------------------------------------
[2022-07-25 09:17:57,708] {taskinstance.py:1377} INFO - Starting attempt 1 of 2
[2022-07-25 09:17:57,710] {taskinstance.py:1378} INFO - 
--------------------------------------------------------------------------------
[2022-07-25 09:17:57,764] {taskinstance.py:1397} INFO - Executing <Task(PythonOperator): t2> on 2022-06-10 00:00:00+00:00
[2022-07-25 09:17:57,784] {standard_task_runner.py:52} INFO - Started process 717 to run task
[2022-07-25 09:17:57,800] {standard_task_runner.py:79} INFO - Running: ['***', 'tasks', 'run', 'tutorial', 't2', 'scheduled__2022-06-10T00:00:00+00:00', '--job-id', '30', '--raw', '--subdir', 'DAGS_FOLDER/nickdag.py', '--cfg-path', '/tmp/tmpp3xxomub', '--error-file', '/tmp/tmp08u71gl_']
[2022-07-25 09:17:57,803] {standard_task_runner.py:80} INFO - Job 30: Subtask t2
[2022-07-25 09:17:57,847] {logging_mixin.py:115} WARNING - /home/***/.local/lib/python3.7/site-packages/***/configuration.py:528 DeprecationWarning: The sql_alchemy_conn option in [core] has been moved to the sql_alchemy_conn option in [database] - the old setting has been used, but please update your config.
[2022-07-25 09:17:57,987] {task_command.py:371} INFO - Running <TaskInstance: tutorial.t2 scheduled__2022-06-10T00:00:00+00:00 [running]> on host 01e6b1df1873
[2022-07-25 09:17:58,305] {taskinstance.py:1591} INFO - Exporting the following env vars:
AIRFLOW_CTX_DAG_EMAIL=caroline.kosalka@gmail.com
AIRFLOW_CTX_DAG_OWNER=***
AIRFLOW_CTX_DAG_ID=tutorial
AIRFLOW_CTX_TASK_ID=t2
AIRFLOW_CTX_EXECUTION_DATE=2022-06-10T00:00:00+00:00
AIRFLOW_CTX_TRY_NUMBER=1
AIRFLOW_CTX_DAG_RUN_ID=scheduled__2022-06-10T00:00:00+00:00
[2022-07-25 09:17:58,308] {python.py:173} INFO - Done. Returned value was: goodbye
[2022-07-25 09:17:58,398] {taskinstance.py:1420} INFO - Marking task as SUCCESS. dag_id=tutorial, task_id=t2, execution_date=20220610T000000, start_date=20220725T091757, end_date=20220725T091758
[2022-07-25 09:17:58,520] {local_task_job.py:156} INFO - Task exited with return code 0
[2022-07-25 09:17:58,610] {local_task_job.py:273} INFO - 0 downstream tasks scheduled from follow-on schedule check
