[2022-07-25 12:23:48,854] {taskinstance.py:1173} INFO - Dependencies not met for <TaskInstance: tutorial.get_terminal_data scheduled__2022-06-13T00:00:00+00:00 [removed]>, dependency 'Task Instance State' FAILED: Task is in the 'removed' state.
[2022-07-25 12:23:48,898] {local_task_job.py:101} INFO - Task is not able to be run
[2022-07-25 12:24:36,817] {taskinstance.py:1179} INFO - Dependencies all met for <TaskInstance: tutorial.get_terminal_data scheduled__2022-06-13T00:00:00+00:00 [queued]>
[2022-07-25 12:24:36,927] {taskinstance.py:1179} INFO - Dependencies all met for <TaskInstance: tutorial.get_terminal_data scheduled__2022-06-13T00:00:00+00:00 [queued]>
[2022-07-25 12:24:36,928] {taskinstance.py:1376} INFO - 
--------------------------------------------------------------------------------
[2022-07-25 12:24:36,930] {taskinstance.py:1377} INFO - Starting attempt 1 of 2
[2022-07-25 12:24:36,931] {taskinstance.py:1378} INFO - 
--------------------------------------------------------------------------------
[2022-07-25 12:24:37,127] {taskinstance.py:1397} INFO - Executing <Task(PythonOperator): get_terminal_data> on 2022-06-13 00:00:00+00:00
[2022-07-25 12:24:37,215] {standard_task_runner.py:52} INFO - Started process 550 to run task
[2022-07-25 12:24:38,117] {standard_task_runner.py:79} INFO - Running: ['***', 'tasks', 'run', 'tutorial', 'get_terminal_data', 'scheduled__2022-06-13T00:00:00+00:00', '--job-id', '33', '--raw', '--subdir', 'DAGS_FOLDER/final_dag.py', '--cfg-path', '/tmp/tmpp8raa681', '--error-file', '/tmp/tmp36p37an8']
[2022-07-25 12:24:38,365] {standard_task_runner.py:80} INFO - Job 33: Subtask get_terminal_data
[2022-07-25 12:24:40,333] {logging_mixin.py:115} WARNING - /home/***/.local/lib/python3.7/site-packages/***/configuration.py:528 DeprecationWarning: The sql_alchemy_conn option in [core] has been moved to the sql_alchemy_conn option in [database] - the old setting has been used, but please update your config.
[2022-07-25 12:24:44,738] {task_command.py:371} INFO - Running <TaskInstance: tutorial.get_terminal_data scheduled__2022-06-13T00:00:00+00:00 [running]> on host 929e6a3728d4
[2022-07-25 12:24:48,700] {taskinstance.py:1591} INFO - Exporting the following env vars:
AIRFLOW_CTX_DAG_EMAIL=caroline.kosalka@gmail.com
AIRFLOW_CTX_DAG_OWNER=***
AIRFLOW_CTX_DAG_ID=tutorial
AIRFLOW_CTX_TASK_ID=get_terminal_data
AIRFLOW_CTX_EXECUTION_DATE=2022-06-13T00:00:00+00:00
AIRFLOW_CTX_TRY_NUMBER=1
AIRFLOW_CTX_DAG_RUN_ID=scheduled__2022-06-13T00:00:00+00:00
[2022-07-25 12:24:48,717] {taskinstance.py:1909} ERROR - Task failed with exception
Traceback (most recent call last):
  File "/home/airflow/.local/lib/python3.7/site-packages/airflow/operators/python.py", line 171, in execute
    return_value = self.execute_callable()
  File "/home/airflow/.local/lib/python3.7/site-packages/airflow/operators/python.py", line 189, in execute_callable
    return self.python_callable(*self.op_args, **self.op_kwargs)
  File "/opt/airflow/dags/final_dag.py", line 10, in read_data
    pg_hook = PostgresHook(
NameError: name 'PostgresHook' is not defined
[2022-07-25 12:24:49,032] {taskinstance.py:1420} INFO - Marking task as UP_FOR_RETRY. dag_id=tutorial, task_id=get_terminal_data, execution_date=20220613T000000, start_date=20220725T122436, end_date=20220725T122448
[2022-07-25 12:24:49,308] {standard_task_runner.py:97} ERROR - Failed to execute job 33 for task get_terminal_data (name 'PostgresHook' is not defined; 550)
[2022-07-25 12:24:49,692] {local_task_job.py:156} INFO - Task exited with return code 1
[2022-07-25 12:24:50,156] {dagrun.py:1081} ERROR - Failed to get task '<TaskInstance: tutorial.t1 scheduled__2022-06-13T00:00:00+00:00 [removed]>' for dag 'tutorial'. Marking it as removed.
[2022-07-25 12:24:50,167] {dagrun.py:1081} ERROR - Failed to get task '<TaskInstance: tutorial.t2 scheduled__2022-06-13T00:00:00+00:00 [removed]>' for dag 'tutorial'. Marking it as removed.
[2022-07-25 12:24:50,395] {local_task_job.py:273} INFO - 0 downstream tasks scheduled from follow-on schedule check
