[2022-07-22 13:00:28,171] {taskinstance.py:1179} INFO - Dependencies all met for <TaskInstance: tutorial.t1 scheduled__2022-07-08T00:00:00+00:00 [queued]>
[2022-07-22 13:00:28,231] {taskinstance.py:1179} INFO - Dependencies all met for <TaskInstance: tutorial.t1 scheduled__2022-07-08T00:00:00+00:00 [queued]>
[2022-07-22 13:00:28,234] {taskinstance.py:1376} INFO - 
--------------------------------------------------------------------------------
[2022-07-22 13:00:28,235] {taskinstance.py:1377} INFO - Starting attempt 1 of 2
[2022-07-22 13:00:28,236] {taskinstance.py:1378} INFO - 
--------------------------------------------------------------------------------
[2022-07-22 13:00:28,349] {taskinstance.py:1397} INFO - Executing <Task(PythonOperator): t1> on 2022-07-08 00:00:00+00:00
[2022-07-22 13:00:28,372] {standard_task_runner.py:52} INFO - Started process 849 to run task
[2022-07-22 13:00:28,476] {standard_task_runner.py:79} INFO - Running: ['***', 'tasks', 'run', 'tutorial', 't1', 'scheduled__2022-07-08T00:00:00+00:00', '--job-id', '69', '--raw', '--subdir', 'DAGS_FOLDER/nickdag.py', '--cfg-path', '/tmp/tmpcgqjr9lc', '--error-file', '/tmp/tmpi2n04bkq']
[2022-07-22 13:00:28,500] {standard_task_runner.py:80} INFO - Job 69: Subtask t1
[2022-07-22 13:00:28,697] {logging_mixin.py:115} WARNING - /home/***/.local/lib/python3.7/site-packages/***/configuration.py:528 DeprecationWarning: The sql_alchemy_conn option in [core] has been moved to the sql_alchemy_conn option in [database] - the old setting has been used, but please update your config.
[2022-07-22 13:00:29,044] {task_command.py:371} INFO - Running <TaskInstance: tutorial.t1 scheduled__2022-07-08T00:00:00+00:00 [running]> on host 2f63307804d5
[2022-07-22 13:00:29,721] {taskinstance.py:1591} INFO - Exporting the following env vars:
AIRFLOW_CTX_DAG_EMAIL=caroline.kosalka@gmail.com
AIRFLOW_CTX_DAG_OWNER=***
AIRFLOW_CTX_DAG_ID=tutorial
AIRFLOW_CTX_TASK_ID=t1
AIRFLOW_CTX_EXECUTION_DATE=2022-07-08T00:00:00+00:00
AIRFLOW_CTX_TRY_NUMBER=1
AIRFLOW_CTX_DAG_RUN_ID=scheduled__2022-07-08T00:00:00+00:00
[2022-07-22 13:00:29,723] {python.py:173} INFO - Done. Returned value was: welcome
[2022-07-22 13:00:29,885] {taskinstance.py:1420} INFO - Marking task as SUCCESS. dag_id=tutorial, task_id=t1, execution_date=20220708T000000, start_date=20220722T130028, end_date=20220722T130029
[2022-07-22 13:00:30,031] {local_task_job.py:156} INFO - Task exited with return code 0
[2022-07-22 13:00:30,426] {local_task_job.py:273} INFO - 0 downstream tasks scheduled from follow-on schedule check
[2022-07-25 09:18:10,745] {taskinstance.py:1179} INFO - Dependencies all met for <TaskInstance: tutorial.t1 scheduled__2022-07-08T00:00:00+00:00 [queued]>
[2022-07-25 09:18:10,794] {taskinstance.py:1179} INFO - Dependencies all met for <TaskInstance: tutorial.t1 scheduled__2022-07-08T00:00:00+00:00 [queued]>
[2022-07-25 09:18:10,795] {taskinstance.py:1376} INFO - 
--------------------------------------------------------------------------------
[2022-07-25 09:18:10,796] {taskinstance.py:1377} INFO - Starting attempt 1 of 2
[2022-07-25 09:18:10,796] {taskinstance.py:1378} INFO - 
--------------------------------------------------------------------------------
[2022-07-25 09:18:10,871] {taskinstance.py:1397} INFO - Executing <Task(PythonOperator): t1> on 2022-07-08 00:00:00+00:00
[2022-07-25 09:18:10,887] {standard_task_runner.py:52} INFO - Started process 812 to run task
[2022-07-25 09:18:10,909] {standard_task_runner.py:79} INFO - Running: ['***', 'tasks', 'run', 'tutorial', 't1', 'scheduled__2022-07-08T00:00:00+00:00', '--job-id', '71', '--raw', '--subdir', 'DAGS_FOLDER/nickdag.py', '--cfg-path', '/tmp/tmp16vo1uqu', '--error-file', '/tmp/tmpe_k83hul']
[2022-07-25 09:18:10,920] {standard_task_runner.py:80} INFO - Job 71: Subtask t1
[2022-07-25 09:18:11,020] {logging_mixin.py:115} WARNING - /home/***/.local/lib/python3.7/site-packages/***/configuration.py:528 DeprecationWarning: The sql_alchemy_conn option in [core] has been moved to the sql_alchemy_conn option in [database] - the old setting has been used, but please update your config.
[2022-07-25 09:18:11,274] {task_command.py:371} INFO - Running <TaskInstance: tutorial.t1 scheduled__2022-07-08T00:00:00+00:00 [running]> on host 01e6b1df1873
[2022-07-25 09:18:11,786] {taskinstance.py:1591} INFO - Exporting the following env vars:
AIRFLOW_CTX_DAG_EMAIL=caroline.kosalka@gmail.com
AIRFLOW_CTX_DAG_OWNER=***
AIRFLOW_CTX_DAG_ID=tutorial
AIRFLOW_CTX_TASK_ID=t1
AIRFLOW_CTX_EXECUTION_DATE=2022-07-08T00:00:00+00:00
AIRFLOW_CTX_TRY_NUMBER=1
AIRFLOW_CTX_DAG_RUN_ID=scheduled__2022-07-08T00:00:00+00:00
[2022-07-25 09:18:11,787] {python.py:173} INFO - Done. Returned value was: welcome
[2022-07-25 09:18:12,105] {taskinstance.py:1420} INFO - Marking task as SUCCESS. dag_id=tutorial, task_id=t1, execution_date=20220708T000000, start_date=20220725T091810, end_date=20220725T091812
[2022-07-25 09:18:12,179] {local_task_job.py:156} INFO - Task exited with return code 0
[2022-07-25 09:18:12,545] {local_task_job.py:273} INFO - 0 downstream tasks scheduled from follow-on schedule check
