[2022-07-25 12:27:43,744] {taskinstance.py:1179} INFO - Dependencies all met for <TaskInstance: tutorial.get_terminal_data scheduled__2022-07-15T00:00:00+00:00 [queued]>
[2022-07-25 12:27:43,807] {taskinstance.py:1179} INFO - Dependencies all met for <TaskInstance: tutorial.get_terminal_data scheduled__2022-07-15T00:00:00+00:00 [queued]>
[2022-07-25 12:27:43,808] {taskinstance.py:1376} INFO - 
--------------------------------------------------------------------------------
[2022-07-25 12:27:43,809] {taskinstance.py:1377} INFO - Starting attempt 1 of 2
[2022-07-25 12:27:43,810] {taskinstance.py:1378} INFO - 
--------------------------------------------------------------------------------
[2022-07-25 12:27:43,984] {taskinstance.py:1397} INFO - Executing <Task(PythonOperator): get_terminal_data> on 2022-07-15 00:00:00+00:00
[2022-07-25 12:27:44,033] {standard_task_runner.py:52} INFO - Started process 946 to run task
[2022-07-25 12:27:44,113] {standard_task_runner.py:79} INFO - Running: ['***', 'tasks', 'run', 'tutorial', 'get_terminal_data', 'scheduled__2022-07-15T00:00:00+00:00', '--job-id', '136', '--raw', '--subdir', 'DAGS_FOLDER/final_dag.py', '--cfg-path', '/tmp/tmphxno1u4v', '--error-file', '/tmp/tmpossyeeoy']
[2022-07-25 12:27:44,145] {standard_task_runner.py:80} INFO - Job 136: Subtask get_terminal_data
[2022-07-25 12:27:44,310] {logging_mixin.py:115} WARNING - /home/***/.local/lib/python3.7/site-packages/***/configuration.py:528 DeprecationWarning: The sql_alchemy_conn option in [core] has been moved to the sql_alchemy_conn option in [database] - the old setting has been used, but please update your config.
[2022-07-25 12:27:44,722] {task_command.py:371} INFO - Running <TaskInstance: tutorial.get_terminal_data scheduled__2022-07-15T00:00:00+00:00 [running]> on host 929e6a3728d4
[2022-07-25 12:27:45,106] {taskinstance.py:1591} INFO - Exporting the following env vars:
AIRFLOW_CTX_DAG_EMAIL=caroline.kosalka@gmail.com
AIRFLOW_CTX_DAG_OWNER=***
AIRFLOW_CTX_DAG_ID=tutorial
AIRFLOW_CTX_TASK_ID=get_terminal_data
AIRFLOW_CTX_EXECUTION_DATE=2022-07-15T00:00:00+00:00
AIRFLOW_CTX_TRY_NUMBER=1
AIRFLOW_CTX_DAG_RUN_ID=scheduled__2022-07-15T00:00:00+00:00
[2022-07-25 12:27:45,109] {taskinstance.py:1909} ERROR - Task failed with exception
Traceback (most recent call last):
  File "/home/airflow/.local/lib/python3.7/site-packages/airflow/operators/python.py", line 171, in execute
    return_value = self.execute_callable()
  File "/home/airflow/.local/lib/python3.7/site-packages/airflow/operators/python.py", line 189, in execute_callable
    return self.python_callable(*self.op_args, **self.op_kwargs)
  File "/opt/airflow/dags/final_dag.py", line 10, in read_data
    pg_hook = PostgresHook(
NameError: name 'PostgresHook' is not defined
[2022-07-25 12:27:45,136] {taskinstance.py:1420} INFO - Marking task as UP_FOR_RETRY. dag_id=tutorial, task_id=get_terminal_data, execution_date=20220715T000000, start_date=20220725T122743, end_date=20220725T122745
[2022-07-25 12:27:45,172] {standard_task_runner.py:97} ERROR - Failed to execute job 136 for task get_terminal_data (name 'PostgresHook' is not defined; 946)
[2022-07-25 12:27:45,232] {local_task_job.py:156} INFO - Task exited with return code 1
[2022-07-25 12:27:45,561] {dagrun.py:1081} ERROR - Failed to get task '<TaskInstance: tutorial.t2 scheduled__2022-07-15T00:00:00+00:00 [removed]>' for dag 'tutorial'. Marking it as removed.
[2022-07-25 12:27:45,578] {dagrun.py:1081} ERROR - Failed to get task '<TaskInstance: tutorial.t1 scheduled__2022-07-15T00:00:00+00:00 [removed]>' for dag 'tutorial'. Marking it as removed.
[2022-07-25 12:27:45,650] {local_task_job.py:273} INFO - 0 downstream tasks scheduled from follow-on schedule check
