[2022-07-22 13:00:22,093] {taskinstance.py:1179} INFO - Dependencies all met for <TaskInstance: tutorial.t2 scheduled__2022-06-27T00:00:00+00:00 [queued]>
[2022-07-22 13:00:22,108] {taskinstance.py:1179} INFO - Dependencies all met for <TaskInstance: tutorial.t2 scheduled__2022-06-27T00:00:00+00:00 [queued]>
[2022-07-22 13:00:22,109] {taskinstance.py:1376} INFO - 
--------------------------------------------------------------------------------
[2022-07-22 13:00:22,110] {taskinstance.py:1377} INFO - Starting attempt 1 of 2
[2022-07-22 13:00:22,111] {taskinstance.py:1378} INFO - 
--------------------------------------------------------------------------------
[2022-07-22 13:00:22,128] {taskinstance.py:1397} INFO - Executing <Task(PythonOperator): t2> on 2022-06-27 00:00:00+00:00
[2022-07-22 13:00:22,134] {standard_task_runner.py:52} INFO - Started process 818 to run task
[2022-07-22 13:00:22,140] {standard_task_runner.py:79} INFO - Running: ['***', 'tasks', 'run', 'tutorial', 't2', 'scheduled__2022-06-27T00:00:00+00:00', '--job-id', '57', '--raw', '--subdir', 'DAGS_FOLDER/nickdag.py', '--cfg-path', '/tmp/tmp2tt4k53l', '--error-file', '/tmp/tmpptx4xuan']
[2022-07-22 13:00:22,144] {standard_task_runner.py:80} INFO - Job 57: Subtask t2
[2022-07-22 13:00:22,170] {logging_mixin.py:115} WARNING - /home/***/.local/lib/python3.7/site-packages/***/configuration.py:528 DeprecationWarning: The sql_alchemy_conn option in [core] has been moved to the sql_alchemy_conn option in [database] - the old setting has been used, but please update your config.
[2022-07-22 13:00:22,270] {task_command.py:371} INFO - Running <TaskInstance: tutorial.t2 scheduled__2022-06-27T00:00:00+00:00 [running]> on host 2f63307804d5
[2022-07-22 13:00:22,390] {taskinstance.py:1591} INFO - Exporting the following env vars:
AIRFLOW_CTX_DAG_EMAIL=caroline.kosalka@gmail.com
AIRFLOW_CTX_DAG_OWNER=***
AIRFLOW_CTX_DAG_ID=tutorial
AIRFLOW_CTX_TASK_ID=t2
AIRFLOW_CTX_EXECUTION_DATE=2022-06-27T00:00:00+00:00
AIRFLOW_CTX_TRY_NUMBER=1
AIRFLOW_CTX_DAG_RUN_ID=scheduled__2022-06-27T00:00:00+00:00
[2022-07-22 13:00:22,392] {python.py:173} INFO - Done. Returned value was: goodbye
[2022-07-22 13:00:22,433] {taskinstance.py:1420} INFO - Marking task as SUCCESS. dag_id=tutorial, task_id=t2, execution_date=20220627T000000, start_date=20220722T130022, end_date=20220722T130022
[2022-07-22 13:00:22,474] {local_task_job.py:156} INFO - Task exited with return code 0
[2022-07-22 13:00:22,528] {local_task_job.py:273} INFO - 0 downstream tasks scheduled from follow-on schedule check
[2022-07-25 09:18:05,802] {taskinstance.py:1179} INFO - Dependencies all met for <TaskInstance: tutorial.t2 scheduled__2022-06-27T00:00:00+00:00 [queued]>
[2022-07-25 09:18:05,815] {taskinstance.py:1179} INFO - Dependencies all met for <TaskInstance: tutorial.t2 scheduled__2022-06-27T00:00:00+00:00 [queued]>
[2022-07-25 09:18:05,816] {taskinstance.py:1376} INFO - 
--------------------------------------------------------------------------------
[2022-07-25 09:18:05,817] {taskinstance.py:1377} INFO - Starting attempt 1 of 2
[2022-07-25 09:18:05,818] {taskinstance.py:1378} INFO - 
--------------------------------------------------------------------------------
[2022-07-25 09:18:05,851] {taskinstance.py:1397} INFO - Executing <Task(PythonOperator): t2> on 2022-06-27 00:00:00+00:00
[2022-07-25 09:18:05,858] {standard_task_runner.py:52} INFO - Started process 781 to run task
[2022-07-25 09:18:05,865] {standard_task_runner.py:79} INFO - Running: ['***', 'tasks', 'run', 'tutorial', 't2', 'scheduled__2022-06-27T00:00:00+00:00', '--job-id', '58', '--raw', '--subdir', 'DAGS_FOLDER/nickdag.py', '--cfg-path', '/tmp/tmpg1te3qcw', '--error-file', '/tmp/tmpr54d6xde']
[2022-07-25 09:18:05,868] {standard_task_runner.py:80} INFO - Job 58: Subtask t2
[2022-07-25 09:18:05,910] {logging_mixin.py:115} WARNING - /home/***/.local/lib/python3.7/site-packages/***/configuration.py:528 DeprecationWarning: The sql_alchemy_conn option in [core] has been moved to the sql_alchemy_conn option in [database] - the old setting has been used, but please update your config.
[2022-07-25 09:18:06,028] {task_command.py:371} INFO - Running <TaskInstance: tutorial.t2 scheduled__2022-06-27T00:00:00+00:00 [running]> on host 01e6b1df1873
[2022-07-25 09:18:06,156] {taskinstance.py:1591} INFO - Exporting the following env vars:
AIRFLOW_CTX_DAG_EMAIL=caroline.kosalka@gmail.com
AIRFLOW_CTX_DAG_OWNER=***
AIRFLOW_CTX_DAG_ID=tutorial
AIRFLOW_CTX_TASK_ID=t2
AIRFLOW_CTX_EXECUTION_DATE=2022-06-27T00:00:00+00:00
AIRFLOW_CTX_TRY_NUMBER=1
AIRFLOW_CTX_DAG_RUN_ID=scheduled__2022-06-27T00:00:00+00:00
[2022-07-25 09:18:06,158] {python.py:173} INFO - Done. Returned value was: goodbye
[2022-07-25 09:18:06,196] {taskinstance.py:1420} INFO - Marking task as SUCCESS. dag_id=tutorial, task_id=t2, execution_date=20220627T000000, start_date=20220725T091805, end_date=20220725T091806
[2022-07-25 09:18:06,236] {local_task_job.py:156} INFO - Task exited with return code 0
[2022-07-25 09:18:06,286] {local_task_job.py:273} INFO - 0 downstream tasks scheduled from follow-on schedule check
[2022-07-25 12:26:56,760] {taskinstance.py:1179} INFO - Dependencies all met for <TaskInstance: tutorial.t2 scheduled__2022-06-27T00:00:00+00:00 [queued]>
[2022-07-25 12:26:56,859] {taskinstance.py:1179} INFO - Dependencies all met for <TaskInstance: tutorial.t2 scheduled__2022-06-27T00:00:00+00:00 [queued]>
[2022-07-25 12:26:56,861] {taskinstance.py:1376} INFO - 
--------------------------------------------------------------------------------
[2022-07-25 12:26:56,863] {taskinstance.py:1377} INFO - Starting attempt 1 of 2
[2022-07-25 12:26:56,864] {taskinstance.py:1378} INFO - 
--------------------------------------------------------------------------------
[2022-07-25 12:26:56,915] {taskinstance.py:1397} INFO - Executing <Task(PythonOperator): t2> on 2022-06-27 00:00:00+00:00
[2022-07-25 12:26:56,934] {standard_task_runner.py:52} INFO - Started process 847 to run task
[2022-07-25 12:26:56,962] {standard_task_runner.py:79} INFO - Running: ['***', 'tasks', 'run', 'tutorial', 't2', 'scheduled__2022-06-27T00:00:00+00:00', '--job-id', '127', '--raw', '--subdir', 'DAGS_FOLDER/nickdag.py', '--cfg-path', '/tmp/tmpjx6ugra1', '--error-file', '/tmp/tmpqn_9osb9']
[2022-07-25 12:26:56,964] {standard_task_runner.py:80} INFO - Job 127: Subtask t2
[2022-07-25 12:26:57,019] {logging_mixin.py:115} WARNING - /home/***/.local/lib/python3.7/site-packages/***/configuration.py:528 DeprecationWarning: The sql_alchemy_conn option in [core] has been moved to the sql_alchemy_conn option in [database] - the old setting has been used, but please update your config.
[2022-07-25 12:26:57,260] {task_command.py:371} INFO - Running <TaskInstance: tutorial.t2 scheduled__2022-06-27T00:00:00+00:00 [running]> on host 929e6a3728d4
[2022-07-25 12:26:57,676] {taskinstance.py:1591} INFO - Exporting the following env vars:
AIRFLOW_CTX_DAG_EMAIL=caroline.kosalka@gmail.com
AIRFLOW_CTX_DAG_OWNER=***
AIRFLOW_CTX_DAG_ID=tutorial
AIRFLOW_CTX_TASK_ID=t2
AIRFLOW_CTX_EXECUTION_DATE=2022-06-27T00:00:00+00:00
AIRFLOW_CTX_TRY_NUMBER=1
AIRFLOW_CTX_DAG_RUN_ID=scheduled__2022-06-27T00:00:00+00:00
[2022-07-25 12:26:57,678] {python.py:173} INFO - Done. Returned value was: goodbye
[2022-07-25 12:26:57,780] {taskinstance.py:1420} INFO - Marking task as SUCCESS. dag_id=tutorial, task_id=t2, execution_date=20220627T000000, start_date=20220725T122656, end_date=20220725T122657
[2022-07-25 12:26:57,869] {local_task_job.py:156} INFO - Task exited with return code 0
[2022-07-25 12:26:58,341] {local_task_job.py:273} INFO - 0 downstream tasks scheduled from follow-on schedule check
