[2022-07-22 12:59:18,702] {taskinstance.py:1179} INFO - Dependencies all met for <TaskInstance: tutorial.t1 scheduled__2022-06-02T00:00:00+00:00 [queued]>
[2022-07-22 12:59:19,023] {taskinstance.py:1179} INFO - Dependencies all met for <TaskInstance: tutorial.t1 scheduled__2022-06-02T00:00:00+00:00 [queued]>
[2022-07-22 12:59:19,079] {taskinstance.py:1376} INFO - 
--------------------------------------------------------------------------------
[2022-07-22 12:59:19,091] {taskinstance.py:1377} INFO - Starting attempt 1 of 2
[2022-07-22 12:59:19,100] {taskinstance.py:1378} INFO - 
--------------------------------------------------------------------------------
[2022-07-22 12:59:20,201] {taskinstance.py:1397} INFO - Executing <Task(PythonOperator): t1> on 2022-06-02 00:00:00+00:00
[2022-07-22 12:59:20,994] {standard_task_runner.py:52} INFO - Started process 701 to run task
[2022-07-22 12:59:21,085] {standard_task_runner.py:79} INFO - Running: ['***', 'tasks', 'run', 'tutorial', 't1', 'scheduled__2022-06-02T00:00:00+00:00', '--job-id', '4', '--raw', '--subdir', 'DAGS_FOLDER/nickdag.py', '--cfg-path', '/tmp/tmpfhqh5hcg', '--error-file', '/tmp/tmpg7hasbhq']
[2022-07-22 12:59:21,176] {standard_task_runner.py:80} INFO - Job 4: Subtask t1
[2022-07-22 12:59:22,613] {logging_mixin.py:115} WARNING - /home/***/.local/lib/python3.7/site-packages/***/configuration.py:528 DeprecationWarning: The sql_alchemy_conn option in [core] has been moved to the sql_alchemy_conn option in [database] - the old setting has been used, but please update your config.
[2022-07-22 12:59:24,795] {task_command.py:371} INFO - Running <TaskInstance: tutorial.t1 scheduled__2022-06-02T00:00:00+00:00 [running]> on host 2f63307804d5
[2022-07-22 12:59:28,637] {taskinstance.py:1591} INFO - Exporting the following env vars:
AIRFLOW_CTX_DAG_EMAIL=caroline.kosalka@gmail.com
AIRFLOW_CTX_DAG_OWNER=***
AIRFLOW_CTX_DAG_ID=tutorial
AIRFLOW_CTX_TASK_ID=t1
AIRFLOW_CTX_EXECUTION_DATE=2022-06-02T00:00:00+00:00
AIRFLOW_CTX_TRY_NUMBER=1
AIRFLOW_CTX_DAG_RUN_ID=scheduled__2022-06-02T00:00:00+00:00
[2022-07-22 12:59:28,672] {python.py:173} INFO - Done. Returned value was: welcome
[2022-07-22 12:59:30,160] {taskinstance.py:1420} INFO - Marking task as SUCCESS. dag_id=tutorial, task_id=t1, execution_date=20220602T000000, start_date=20220722T125918, end_date=20220722T125930
[2022-07-22 12:59:31,007] {local_task_job.py:156} INFO - Task exited with return code 0
[2022-07-22 12:59:33,181] {local_task_job.py:273} INFO - 0 downstream tasks scheduled from follow-on schedule check
[2022-07-25 09:17:50,599] {taskinstance.py:1179} INFO - Dependencies all met for <TaskInstance: tutorial.t1 scheduled__2022-06-02T00:00:00+00:00 [queued]>
[2022-07-25 09:17:50,635] {taskinstance.py:1179} INFO - Dependencies all met for <TaskInstance: tutorial.t1 scheduled__2022-06-02T00:00:00+00:00 [queued]>
[2022-07-25 09:17:50,636] {taskinstance.py:1376} INFO - 
--------------------------------------------------------------------------------
[2022-07-25 09:17:50,638] {taskinstance.py:1377} INFO - Starting attempt 1 of 2
[2022-07-25 09:17:50,639] {taskinstance.py:1378} INFO - 
--------------------------------------------------------------------------------
[2022-07-25 09:17:50,684] {taskinstance.py:1397} INFO - Executing <Task(PythonOperator): t1> on 2022-06-02 00:00:00+00:00
[2022-07-25 09:17:50,700] {standard_task_runner.py:52} INFO - Started process 666 to run task
[2022-07-25 09:17:50,724] {standard_task_runner.py:79} INFO - Running: ['***', 'tasks', 'run', 'tutorial', 't1', 'scheduled__2022-06-02T00:00:00+00:00', '--job-id', '4', '--raw', '--subdir', 'DAGS_FOLDER/nickdag.py', '--cfg-path', '/tmp/tmpar8uhgun', '--error-file', '/tmp/tmpp8x_ut4s']
[2022-07-25 09:17:50,765] {standard_task_runner.py:80} INFO - Job 4: Subtask t1
[2022-07-25 09:17:50,928] {logging_mixin.py:115} WARNING - /home/***/.local/lib/python3.7/site-packages/***/configuration.py:528 DeprecationWarning: The sql_alchemy_conn option in [core] has been moved to the sql_alchemy_conn option in [database] - the old setting has been used, but please update your config.
[2022-07-25 09:17:51,217] {task_command.py:371} INFO - Running <TaskInstance: tutorial.t1 scheduled__2022-06-02T00:00:00+00:00 [running]> on host 01e6b1df1873
[2022-07-25 09:17:51,814] {taskinstance.py:1591} INFO - Exporting the following env vars:
AIRFLOW_CTX_DAG_EMAIL=caroline.kosalka@gmail.com
AIRFLOW_CTX_DAG_OWNER=***
AIRFLOW_CTX_DAG_ID=tutorial
AIRFLOW_CTX_TASK_ID=t1
AIRFLOW_CTX_EXECUTION_DATE=2022-06-02T00:00:00+00:00
AIRFLOW_CTX_TRY_NUMBER=1
AIRFLOW_CTX_DAG_RUN_ID=scheduled__2022-06-02T00:00:00+00:00
[2022-07-25 09:17:51,816] {python.py:173} INFO - Done. Returned value was: welcome
[2022-07-25 09:17:51,943] {taskinstance.py:1420} INFO - Marking task as SUCCESS. dag_id=tutorial, task_id=t1, execution_date=20220602T000000, start_date=20220725T091750, end_date=20220725T091751
[2022-07-25 09:17:52,076] {local_task_job.py:156} INFO - Task exited with return code 0
[2022-07-25 09:17:52,399] {local_task_job.py:273} INFO - 0 downstream tasks scheduled from follow-on schedule check
[2022-07-25 12:23:48,267] {taskinstance.py:1173} INFO - Dependencies not met for <TaskInstance: tutorial.t1 scheduled__2022-06-02T00:00:00+00:00 [removed]>, dependency 'Task Instance State' FAILED: Task is in the 'removed' state.
[2022-07-25 12:23:48,280] {local_task_job.py:101} INFO - Task is not able to be run
