[2022-07-22 13:00:27,443] {taskinstance.py:1179} INFO - Dependencies all met for <TaskInstance: tutorial.t1 scheduled__2022-07-07T00:00:00+00:00 [queued]>
[2022-07-22 13:00:27,477] {taskinstance.py:1179} INFO - Dependencies all met for <TaskInstance: tutorial.t1 scheduled__2022-07-07T00:00:00+00:00 [queued]>
[2022-07-22 13:00:27,478] {taskinstance.py:1376} INFO - 
--------------------------------------------------------------------------------
[2022-07-22 13:00:27,481] {taskinstance.py:1377} INFO - Starting attempt 1 of 2
[2022-07-22 13:00:27,482] {taskinstance.py:1378} INFO - 
--------------------------------------------------------------------------------
[2022-07-22 13:00:27,552] {taskinstance.py:1397} INFO - Executing <Task(PythonOperator): t1> on 2022-07-07 00:00:00+00:00
[2022-07-22 13:00:27,580] {standard_task_runner.py:52} INFO - Started process 845 to run task
[2022-07-22 13:00:27,626] {standard_task_runner.py:79} INFO - Running: ['***', 'tasks', 'run', 'tutorial', 't1', 'scheduled__2022-07-07T00:00:00+00:00', '--job-id', '68', '--raw', '--subdir', 'DAGS_FOLDER/nickdag.py', '--cfg-path', '/tmp/tmprmka6bhp', '--error-file', '/tmp/tmp2sscyt7e']
[2022-07-22 13:00:27,632] {standard_task_runner.py:80} INFO - Job 68: Subtask t1
[2022-07-22 13:00:27,762] {logging_mixin.py:115} WARNING - /home/***/.local/lib/python3.7/site-packages/***/configuration.py:528 DeprecationWarning: The sql_alchemy_conn option in [core] has been moved to the sql_alchemy_conn option in [database] - the old setting has been used, but please update your config.
[2022-07-22 13:00:28,106] {task_command.py:371} INFO - Running <TaskInstance: tutorial.t1 scheduled__2022-07-07T00:00:00+00:00 [running]> on host 2f63307804d5
[2022-07-22 13:00:28,851] {taskinstance.py:1591} INFO - Exporting the following env vars:
AIRFLOW_CTX_DAG_EMAIL=caroline.kosalka@gmail.com
AIRFLOW_CTX_DAG_OWNER=***
AIRFLOW_CTX_DAG_ID=tutorial
AIRFLOW_CTX_TASK_ID=t1
AIRFLOW_CTX_EXECUTION_DATE=2022-07-07T00:00:00+00:00
AIRFLOW_CTX_TRY_NUMBER=1
AIRFLOW_CTX_DAG_RUN_ID=scheduled__2022-07-07T00:00:00+00:00
[2022-07-22 13:00:28,853] {python.py:173} INFO - Done. Returned value was: welcome
[2022-07-22 13:00:28,965] {taskinstance.py:1420} INFO - Marking task as SUCCESS. dag_id=tutorial, task_id=t1, execution_date=20220707T000000, start_date=20220722T130027, end_date=20220722T130028
[2022-07-22 13:00:29,086] {local_task_job.py:156} INFO - Task exited with return code 0
[2022-07-22 13:00:29,521] {local_task_job.py:273} INFO - 1 downstream tasks scheduled from follow-on schedule check
[2022-07-25 09:18:10,285] {taskinstance.py:1179} INFO - Dependencies all met for <TaskInstance: tutorial.t1 scheduled__2022-07-07T00:00:00+00:00 [queued]>
[2022-07-25 09:18:10,335] {taskinstance.py:1179} INFO - Dependencies all met for <TaskInstance: tutorial.t1 scheduled__2022-07-07T00:00:00+00:00 [queued]>
[2022-07-25 09:18:10,336] {taskinstance.py:1376} INFO - 
--------------------------------------------------------------------------------
[2022-07-25 09:18:10,337] {taskinstance.py:1377} INFO - Starting attempt 1 of 2
[2022-07-25 09:18:10,338] {taskinstance.py:1378} INFO - 
--------------------------------------------------------------------------------
[2022-07-25 09:18:10,421] {taskinstance.py:1397} INFO - Executing <Task(PythonOperator): t1> on 2022-07-07 00:00:00+00:00
[2022-07-25 09:18:10,445] {standard_task_runner.py:52} INFO - Started process 807 to run task
[2022-07-25 09:18:10,470] {standard_task_runner.py:79} INFO - Running: ['***', 'tasks', 'run', 'tutorial', 't1', 'scheduled__2022-07-07T00:00:00+00:00', '--job-id', '69', '--raw', '--subdir', 'DAGS_FOLDER/nickdag.py', '--cfg-path', '/tmp/tmpuq2afi23', '--error-file', '/tmp/tmp9fcnruvw']
[2022-07-25 09:18:10,492] {standard_task_runner.py:80} INFO - Job 69: Subtask t1
[2022-07-25 09:18:10,571] {logging_mixin.py:115} WARNING - /home/***/.local/lib/python3.7/site-packages/***/configuration.py:528 DeprecationWarning: The sql_alchemy_conn option in [core] has been moved to the sql_alchemy_conn option in [database] - the old setting has been used, but please update your config.
[2022-07-25 09:18:10,801] {task_command.py:371} INFO - Running <TaskInstance: tutorial.t1 scheduled__2022-07-07T00:00:00+00:00 [running]> on host 01e6b1df1873
[2022-07-25 09:18:11,219] {taskinstance.py:1591} INFO - Exporting the following env vars:
AIRFLOW_CTX_DAG_EMAIL=caroline.kosalka@gmail.com
AIRFLOW_CTX_DAG_OWNER=***
AIRFLOW_CTX_DAG_ID=tutorial
AIRFLOW_CTX_TASK_ID=t1
AIRFLOW_CTX_EXECUTION_DATE=2022-07-07T00:00:00+00:00
AIRFLOW_CTX_TRY_NUMBER=1
AIRFLOW_CTX_DAG_RUN_ID=scheduled__2022-07-07T00:00:00+00:00
[2022-07-25 09:18:11,221] {python.py:173} INFO - Done. Returned value was: welcome
[2022-07-25 09:18:11,356] {taskinstance.py:1420} INFO - Marking task as SUCCESS. dag_id=tutorial, task_id=t1, execution_date=20220707T000000, start_date=20220725T091810, end_date=20220725T091811
[2022-07-25 09:18:11,496] {local_task_job.py:156} INFO - Task exited with return code 0
[2022-07-25 09:18:11,815] {local_task_job.py:273} INFO - 1 downstream tasks scheduled from follow-on schedule check
