[2022-07-25 12:26:52,323] {taskinstance.py:1179} INFO - Dependencies all met for <TaskInstance: tutorial.t1 scheduled__2022-07-07T00:00:00+00:00 [queued]>
[2022-07-25 12:26:52,377] {taskinstance.py:1179} INFO - Dependencies all met for <TaskInstance: tutorial.t1 scheduled__2022-07-07T00:00:00+00:00 [queued]>
[2022-07-25 12:26:52,379] {taskinstance.py:1376} INFO - 
--------------------------------------------------------------------------------
[2022-07-25 12:26:52,380] {taskinstance.py:1377} INFO - Starting attempt 2 of 2
[2022-07-25 12:26:52,380] {taskinstance.py:1378} INFO - 
--------------------------------------------------------------------------------
[2022-07-25 12:26:52,456] {taskinstance.py:1397} INFO - Executing <Task(PythonOperator): t1> on 2022-07-07 00:00:00+00:00
[2022-07-25 12:26:52,488] {standard_task_runner.py:52} INFO - Started process 808 to run task
[2022-07-25 12:26:52,537] {standard_task_runner.py:79} INFO - Running: ['***', 'tasks', 'run', 'tutorial', 't1', 'scheduled__2022-07-07T00:00:00+00:00', '--job-id', '101', '--raw', '--subdir', 'DAGS_FOLDER/nickdag.py', '--cfg-path', '/tmp/tmp64zcg3g1', '--error-file', '/tmp/tmp_7ig319u']
[2022-07-25 12:26:52,548] {standard_task_runner.py:80} INFO - Job 101: Subtask t1
[2022-07-25 12:26:52,730] {logging_mixin.py:115} WARNING - /home/***/.local/lib/python3.7/site-packages/***/configuration.py:528 DeprecationWarning: The sql_alchemy_conn option in [core] has been moved to the sql_alchemy_conn option in [database] - the old setting has been used, but please update your config.
[2022-07-25 12:26:53,190] {task_command.py:371} INFO - Running <TaskInstance: tutorial.t1 scheduled__2022-07-07T00:00:00+00:00 [running]> on host 929e6a3728d4
[2022-07-25 12:26:53,780] {taskinstance.py:1591} INFO - Exporting the following env vars:
AIRFLOW_CTX_DAG_EMAIL=caroline.kosalka@gmail.com
AIRFLOW_CTX_DAG_OWNER=***
AIRFLOW_CTX_DAG_ID=tutorial
AIRFLOW_CTX_TASK_ID=t1
AIRFLOW_CTX_EXECUTION_DATE=2022-07-07T00:00:00+00:00
AIRFLOW_CTX_TRY_NUMBER=2
AIRFLOW_CTX_DAG_RUN_ID=scheduled__2022-07-07T00:00:00+00:00
[2022-07-25 12:26:53,785] {python.py:173} INFO - Done. Returned value was: welcome
[2022-07-25 12:26:53,974] {taskinstance.py:1420} INFO - Marking task as SUCCESS. dag_id=tutorial, task_id=t1, execution_date=20220707T000000, start_date=20220725T122652, end_date=20220725T122653
[2022-07-25 12:26:54,145] {local_task_job.py:156} INFO - Task exited with return code 0
[2022-07-25 12:26:54,653] {dagrun.py:1081} ERROR - Failed to get task '<TaskInstance: tutorial.process_data scheduled__2022-07-07T00:00:00+00:00 [removed]>' for dag 'tutorial'. Marking it as removed.
[2022-07-25 12:26:54,659] {dagrun.py:1081} ERROR - Failed to get task '<TaskInstance: tutorial.get_terminal_data scheduled__2022-07-07T00:00:00+00:00 [removed]>' for dag 'tutorial'. Marking it as removed.
[2022-07-25 12:26:54,671] {local_task_job.py:273} INFO - 0 downstream tasks scheduled from follow-on schedule check
