[2022-07-22 13:00:12,453] {taskinstance.py:1179} INFO - Dependencies all met for <TaskInstance: tutorial.t1 scheduled__2022-06-20T00:00:00+00:00 [queued]>
[2022-07-22 13:00:12,554] {taskinstance.py:1179} INFO - Dependencies all met for <TaskInstance: tutorial.t1 scheduled__2022-06-20T00:00:00+00:00 [queued]>
[2022-07-22 13:00:12,562] {taskinstance.py:1376} INFO - 
--------------------------------------------------------------------------------
[2022-07-22 13:00:12,568] {taskinstance.py:1377} INFO - Starting attempt 1 of 2
[2022-07-22 13:00:12,572] {taskinstance.py:1378} INFO - 
--------------------------------------------------------------------------------
[2022-07-22 13:00:13,372] {taskinstance.py:1397} INFO - Executing <Task(PythonOperator): t1> on 2022-06-20 00:00:00+00:00
[2022-07-22 13:00:13,416] {standard_task_runner.py:52} INFO - Started process 782 to run task
[2022-07-22 13:00:13,564] {standard_task_runner.py:79} INFO - Running: ['***', 'tasks', 'run', 'tutorial', 't1', 'scheduled__2022-06-20T00:00:00+00:00', '--job-id', '37', '--raw', '--subdir', 'DAGS_FOLDER/nickdag.py', '--cfg-path', '/tmp/tmp1j1jn9p2', '--error-file', '/tmp/tmpwsevq1ij']
[2022-07-22 13:00:13,602] {standard_task_runner.py:80} INFO - Job 37: Subtask t1
[2022-07-22 13:00:13,784] {logging_mixin.py:115} WARNING - /home/***/.local/lib/python3.7/site-packages/***/configuration.py:528 DeprecationWarning: The sql_alchemy_conn option in [core] has been moved to the sql_alchemy_conn option in [database] - the old setting has been used, but please update your config.
[2022-07-22 13:00:14,350] {task_command.py:371} INFO - Running <TaskInstance: tutorial.t1 scheduled__2022-06-20T00:00:00+00:00 [running]> on host 2f63307804d5
[2022-07-22 13:00:15,150] {taskinstance.py:1591} INFO - Exporting the following env vars:
AIRFLOW_CTX_DAG_EMAIL=caroline.kosalka@gmail.com
AIRFLOW_CTX_DAG_OWNER=***
AIRFLOW_CTX_DAG_ID=tutorial
AIRFLOW_CTX_TASK_ID=t1
AIRFLOW_CTX_EXECUTION_DATE=2022-06-20T00:00:00+00:00
AIRFLOW_CTX_TRY_NUMBER=1
AIRFLOW_CTX_DAG_RUN_ID=scheduled__2022-06-20T00:00:00+00:00
[2022-07-22 13:00:15,152] {python.py:173} INFO - Done. Returned value was: welcome
[2022-07-22 13:00:15,343] {taskinstance.py:1420} INFO - Marking task as SUCCESS. dag_id=tutorial, task_id=t1, execution_date=20220620T000000, start_date=20220722T130012, end_date=20220722T130015
[2022-07-22 13:00:15,507] {local_task_job.py:156} INFO - Task exited with return code 0
[2022-07-22 13:00:16,221] {local_task_job.py:273} INFO - 0 downstream tasks scheduled from follow-on schedule check
[2022-07-25 09:18:01,326] {taskinstance.py:1179} INFO - Dependencies all met for <TaskInstance: tutorial.t1 scheduled__2022-06-20T00:00:00+00:00 [queued]>
[2022-07-25 09:18:01,361] {taskinstance.py:1179} INFO - Dependencies all met for <TaskInstance: tutorial.t1 scheduled__2022-06-20T00:00:00+00:00 [queued]>
[2022-07-25 09:18:01,362] {taskinstance.py:1376} INFO - 
--------------------------------------------------------------------------------
[2022-07-25 09:18:01,366] {taskinstance.py:1377} INFO - Starting attempt 1 of 2
[2022-07-25 09:18:01,370] {taskinstance.py:1378} INFO - 
--------------------------------------------------------------------------------
[2022-07-25 09:18:01,425] {taskinstance.py:1397} INFO - Executing <Task(PythonOperator): t1> on 2022-06-20 00:00:00+00:00
[2022-07-25 09:18:01,438] {standard_task_runner.py:52} INFO - Started process 731 to run task
[2022-07-25 09:18:01,461] {standard_task_runner.py:79} INFO - Running: ['***', 'tasks', 'run', 'tutorial', 't1', 'scheduled__2022-06-20T00:00:00+00:00', '--job-id', '37', '--raw', '--subdir', 'DAGS_FOLDER/nickdag.py', '--cfg-path', '/tmp/tmpiwbymlah', '--error-file', '/tmp/tmp8sejecon']
[2022-07-25 09:18:01,469] {standard_task_runner.py:80} INFO - Job 37: Subtask t1
[2022-07-25 09:18:01,526] {logging_mixin.py:115} WARNING - /home/***/.local/lib/python3.7/site-packages/***/configuration.py:528 DeprecationWarning: The sql_alchemy_conn option in [core] has been moved to the sql_alchemy_conn option in [database] - the old setting has been used, but please update your config.
[2022-07-25 09:18:01,684] {task_command.py:371} INFO - Running <TaskInstance: tutorial.t1 scheduled__2022-06-20T00:00:00+00:00 [running]> on host 01e6b1df1873
[2022-07-25 09:18:01,887] {taskinstance.py:1591} INFO - Exporting the following env vars:
AIRFLOW_CTX_DAG_EMAIL=caroline.kosalka@gmail.com
AIRFLOW_CTX_DAG_OWNER=***
AIRFLOW_CTX_DAG_ID=tutorial
AIRFLOW_CTX_TASK_ID=t1
AIRFLOW_CTX_EXECUTION_DATE=2022-06-20T00:00:00+00:00
AIRFLOW_CTX_TRY_NUMBER=1
AIRFLOW_CTX_DAG_RUN_ID=scheduled__2022-06-20T00:00:00+00:00
[2022-07-25 09:18:01,891] {python.py:173} INFO - Done. Returned value was: welcome
[2022-07-25 09:18:02,142] {taskinstance.py:1420} INFO - Marking task as SUCCESS. dag_id=tutorial, task_id=t1, execution_date=20220620T000000, start_date=20220725T091801, end_date=20220725T091802
[2022-07-25 09:18:02,199] {local_task_job.py:156} INFO - Task exited with return code 0
[2022-07-25 09:18:02,324] {local_task_job.py:273} INFO - 1 downstream tasks scheduled from follow-on schedule check
[2022-07-25 12:25:22,956] {taskinstance.py:1179} INFO - Dependencies all met for <TaskInstance: tutorial.t1 scheduled__2022-06-20T00:00:00+00:00 [queued]>
[2022-07-25 12:25:23,056] {taskinstance.py:1179} INFO - Dependencies all met for <TaskInstance: tutorial.t1 scheduled__2022-06-20T00:00:00+00:00 [queued]>
[2022-07-25 12:25:23,059] {taskinstance.py:1376} INFO - 
--------------------------------------------------------------------------------
[2022-07-25 12:25:23,062] {taskinstance.py:1377} INFO - Starting attempt 1 of 2
[2022-07-25 12:25:23,064] {taskinstance.py:1378} INFO - 
--------------------------------------------------------------------------------
[2022-07-25 12:25:23,192] {taskinstance.py:1397} INFO - Executing <Task(PythonOperator): t1> on 2022-06-20 00:00:00+00:00
[2022-07-25 12:25:23,222] {standard_task_runner.py:52} INFO - Started process 622 to run task
[2022-07-25 12:25:23,300] {standard_task_runner.py:79} INFO - Running: ['***', 'tasks', 'run', 'tutorial', 't1', 'scheduled__2022-06-20T00:00:00+00:00', '--job-id', '64', '--raw', '--subdir', 'DAGS_FOLDER/nickdag.py', '--cfg-path', '/tmp/tmpuffj93vs', '--error-file', '/tmp/tmpdzz060in']
[2022-07-25 12:25:23,307] {standard_task_runner.py:80} INFO - Job 64: Subtask t1
[2022-07-25 12:25:23,390] {logging_mixin.py:115} WARNING - /home/***/.local/lib/python3.7/site-packages/***/configuration.py:528 DeprecationWarning: The sql_alchemy_conn option in [core] has been moved to the sql_alchemy_conn option in [database] - the old setting has been used, but please update your config.
[2022-07-25 12:25:23,900] {task_command.py:371} INFO - Running <TaskInstance: tutorial.t1 scheduled__2022-06-20T00:00:00+00:00 [running]> on host 929e6a3728d4
[2022-07-25 12:25:24,420] {taskinstance.py:1591} INFO - Exporting the following env vars:
AIRFLOW_CTX_DAG_EMAIL=caroline.kosalka@gmail.com
AIRFLOW_CTX_DAG_OWNER=***
AIRFLOW_CTX_DAG_ID=tutorial
AIRFLOW_CTX_TASK_ID=t1
AIRFLOW_CTX_EXECUTION_DATE=2022-06-20T00:00:00+00:00
AIRFLOW_CTX_TRY_NUMBER=1
AIRFLOW_CTX_DAG_RUN_ID=scheduled__2022-06-20T00:00:00+00:00
[2022-07-25 12:25:24,426] {python.py:173} INFO - Done. Returned value was: welcome
[2022-07-25 12:25:24,905] {taskinstance.py:1420} INFO - Marking task as SUCCESS. dag_id=tutorial, task_id=t1, execution_date=20220620T000000, start_date=20220725T122522, end_date=20220725T122524
[2022-07-25 12:25:25,088] {local_task_job.py:156} INFO - Task exited with return code 0
[2022-07-25 12:25:25,319] {dagrun.py:1081} ERROR - Failed to get task '<TaskInstance: tutorial.process_data scheduled__2022-06-20T00:00:00+00:00 [removed]>' for dag 'tutorial'. Marking it as removed.
[2022-07-25 12:25:25,324] {dagrun.py:1081} ERROR - Failed to get task '<TaskInstance: tutorial.get_terminal_data scheduled__2022-06-20T00:00:00+00:00 [removed]>' for dag 'tutorial'. Marking it as removed.
[2022-07-25 12:25:25,373] {local_task_job.py:273} INFO - 1 downstream tasks scheduled from follow-on schedule check
