[2022-07-22 13:00:15,410] {taskinstance.py:1179} INFO - Dependencies all met for <TaskInstance: tutorial.t1 scheduled__2022-06-23T00:00:00+00:00 [queued]>
[2022-07-22 13:00:15,547] {taskinstance.py:1179} INFO - Dependencies all met for <TaskInstance: tutorial.t1 scheduled__2022-06-23T00:00:00+00:00 [queued]>
[2022-07-22 13:00:15,549] {taskinstance.py:1376} INFO - 
--------------------------------------------------------------------------------
[2022-07-22 13:00:15,550] {taskinstance.py:1377} INFO - Starting attempt 1 of 2
[2022-07-22 13:00:15,552] {taskinstance.py:1378} INFO - 
--------------------------------------------------------------------------------
[2022-07-22 13:00:15,679] {taskinstance.py:1397} INFO - Executing <Task(PythonOperator): t1> on 2022-06-23 00:00:00+00:00
[2022-07-22 13:00:15,728] {standard_task_runner.py:52} INFO - Started process 790 to run task
[2022-07-22 13:00:15,791] {standard_task_runner.py:79} INFO - Running: ['***', 'tasks', 'run', 'tutorial', 't1', 'scheduled__2022-06-23T00:00:00+00:00', '--job-id', '40', '--raw', '--subdir', 'DAGS_FOLDER/nickdag.py', '--cfg-path', '/tmp/tmpxaci4oug', '--error-file', '/tmp/tmp6r3t_hu6']
[2022-07-22 13:00:15,802] {standard_task_runner.py:80} INFO - Job 40: Subtask t1
[2022-07-22 13:00:16,031] {logging_mixin.py:115} WARNING - /home/***/.local/lib/python3.7/site-packages/***/configuration.py:528 DeprecationWarning: The sql_alchemy_conn option in [core] has been moved to the sql_alchemy_conn option in [database] - the old setting has been used, but please update your config.
[2022-07-22 13:00:16,493] {task_command.py:371} INFO - Running <TaskInstance: tutorial.t1 scheduled__2022-06-23T00:00:00+00:00 [running]> on host 2f63307804d5
[2022-07-22 13:00:17,152] {taskinstance.py:1591} INFO - Exporting the following env vars:
AIRFLOW_CTX_DAG_EMAIL=caroline.kosalka@gmail.com
AIRFLOW_CTX_DAG_OWNER=***
AIRFLOW_CTX_DAG_ID=tutorial
AIRFLOW_CTX_TASK_ID=t1
AIRFLOW_CTX_EXECUTION_DATE=2022-06-23T00:00:00+00:00
AIRFLOW_CTX_TRY_NUMBER=1
AIRFLOW_CTX_DAG_RUN_ID=scheduled__2022-06-23T00:00:00+00:00
[2022-07-22 13:00:17,166] {python.py:173} INFO - Done. Returned value was: welcome
[2022-07-22 13:00:17,420] {taskinstance.py:1420} INFO - Marking task as SUCCESS. dag_id=tutorial, task_id=t1, execution_date=20220623T000000, start_date=20220722T130015, end_date=20220722T130017
[2022-07-22 13:00:17,612] {local_task_job.py:156} INFO - Task exited with return code 0
[2022-07-22 13:00:18,253] {local_task_job.py:273} INFO - 0 downstream tasks scheduled from follow-on schedule check
[2022-07-25 09:18:02,152] {taskinstance.py:1179} INFO - Dependencies all met for <TaskInstance: tutorial.t1 scheduled__2022-06-23T00:00:00+00:00 [queued]>
[2022-07-25 09:18:02,174] {taskinstance.py:1179} INFO - Dependencies all met for <TaskInstance: tutorial.t1 scheduled__2022-06-23T00:00:00+00:00 [queued]>
[2022-07-25 09:18:02,177] {taskinstance.py:1376} INFO - 
--------------------------------------------------------------------------------
[2022-07-25 09:18:02,178] {taskinstance.py:1377} INFO - Starting attempt 1 of 2
[2022-07-25 09:18:02,179] {taskinstance.py:1378} INFO - 
--------------------------------------------------------------------------------
[2022-07-25 09:18:02,261] {taskinstance.py:1397} INFO - Executing <Task(PythonOperator): t1> on 2022-06-23 00:00:00+00:00
[2022-07-25 09:18:02,278] {standard_task_runner.py:52} INFO - Started process 740 to run task
[2022-07-25 09:18:02,287] {standard_task_runner.py:79} INFO - Running: ['***', 'tasks', 'run', 'tutorial', 't1', 'scheduled__2022-06-23T00:00:00+00:00', '--job-id', '40', '--raw', '--subdir', 'DAGS_FOLDER/nickdag.py', '--cfg-path', '/tmp/tmp_cddw_9w', '--error-file', '/tmp/tmptxd_yfk4']
[2022-07-25 09:18:02,296] {standard_task_runner.py:80} INFO - Job 40: Subtask t1
[2022-07-25 09:18:02,368] {logging_mixin.py:115} WARNING - /home/***/.local/lib/python3.7/site-packages/***/configuration.py:528 DeprecationWarning: The sql_alchemy_conn option in [core] has been moved to the sql_alchemy_conn option in [database] - the old setting has been used, but please update your config.
[2022-07-25 09:18:02,511] {task_command.py:371} INFO - Running <TaskInstance: tutorial.t1 scheduled__2022-06-23T00:00:00+00:00 [running]> on host 01e6b1df1873
[2022-07-25 09:18:02,985] {taskinstance.py:1591} INFO - Exporting the following env vars:
AIRFLOW_CTX_DAG_EMAIL=caroline.kosalka@gmail.com
AIRFLOW_CTX_DAG_OWNER=***
AIRFLOW_CTX_DAG_ID=tutorial
AIRFLOW_CTX_TASK_ID=t1
AIRFLOW_CTX_EXECUTION_DATE=2022-06-23T00:00:00+00:00
AIRFLOW_CTX_TRY_NUMBER=1
AIRFLOW_CTX_DAG_RUN_ID=scheduled__2022-06-23T00:00:00+00:00
[2022-07-25 09:18:02,989] {python.py:173} INFO - Done. Returned value was: welcome
[2022-07-25 09:18:03,149] {taskinstance.py:1420} INFO - Marking task as SUCCESS. dag_id=tutorial, task_id=t1, execution_date=20220623T000000, start_date=20220725T091802, end_date=20220725T091803
[2022-07-25 09:18:03,266] {local_task_job.py:156} INFO - Task exited with return code 0
[2022-07-25 09:18:03,396] {local_task_job.py:273} INFO - 1 downstream tasks scheduled from follow-on schedule check
