[2022-07-25 09:18:25,057] {taskinstance.py:1179} INFO - Dependencies all met for <TaskInstance: tutorial.t2 scheduled__2022-07-22T00:00:00+00:00 [queued]>
[2022-07-25 09:18:25,070] {taskinstance.py:1179} INFO - Dependencies all met for <TaskInstance: tutorial.t2 scheduled__2022-07-22T00:00:00+00:00 [queued]>
[2022-07-25 09:18:25,071] {taskinstance.py:1376} INFO - 
--------------------------------------------------------------------------------
[2022-07-25 09:18:25,072] {taskinstance.py:1377} INFO - Starting attempt 1 of 2
[2022-07-25 09:18:25,072] {taskinstance.py:1378} INFO - 
--------------------------------------------------------------------------------
[2022-07-25 09:18:25,093] {taskinstance.py:1397} INFO - Executing <Task(PythonOperator): t2> on 2022-07-22 00:00:00+00:00
[2022-07-25 09:18:25,098] {standard_task_runner.py:52} INFO - Started process 882 to run task
[2022-07-25 09:18:25,103] {standard_task_runner.py:79} INFO - Running: ['***', 'tasks', 'run', 'tutorial', 't2', 'scheduled__2022-07-22T00:00:00+00:00', '--job-id', '108', '--raw', '--subdir', 'DAGS_FOLDER/nickdag.py', '--cfg-path', '/tmp/tmpkwqeky57', '--error-file', '/tmp/tmpvbexw34i']
[2022-07-25 09:18:25,105] {standard_task_runner.py:80} INFO - Job 108: Subtask t2
[2022-07-25 09:18:25,132] {logging_mixin.py:115} WARNING - /home/***/.local/lib/python3.7/site-packages/***/configuration.py:528 DeprecationWarning: The sql_alchemy_conn option in [core] has been moved to the sql_alchemy_conn option in [database] - the old setting has been used, but please update your config.
[2022-07-25 09:18:25,217] {task_command.py:371} INFO - Running <TaskInstance: tutorial.t2 scheduled__2022-07-22T00:00:00+00:00 [running]> on host 01e6b1df1873
[2022-07-25 09:18:25,361] {taskinstance.py:1591} INFO - Exporting the following env vars:
AIRFLOW_CTX_DAG_EMAIL=caroline.kosalka@gmail.com
AIRFLOW_CTX_DAG_OWNER=***
AIRFLOW_CTX_DAG_ID=tutorial
AIRFLOW_CTX_TASK_ID=t2
AIRFLOW_CTX_EXECUTION_DATE=2022-07-22T00:00:00+00:00
AIRFLOW_CTX_TRY_NUMBER=1
AIRFLOW_CTX_DAG_RUN_ID=scheduled__2022-07-22T00:00:00+00:00
[2022-07-25 09:18:25,363] {python.py:173} INFO - Done. Returned value was: goodbye
[2022-07-25 09:18:25,409] {taskinstance.py:1420} INFO - Marking task as SUCCESS. dag_id=tutorial, task_id=t2, execution_date=20220722T000000, start_date=20220725T091825, end_date=20220725T091825
[2022-07-25 09:18:25,437] {local_task_job.py:156} INFO - Task exited with return code 0
[2022-07-25 09:18:25,487] {local_task_job.py:273} INFO - 0 downstream tasks scheduled from follow-on schedule check
[2022-07-25 12:28:28,334] {taskinstance.py:1179} INFO - Dependencies all met for <TaskInstance: tutorial.t2 scheduled__2022-07-22T00:00:00+00:00 [queued]>
[2022-07-25 12:28:28,436] {taskinstance.py:1179} INFO - Dependencies all met for <TaskInstance: tutorial.t2 scheduled__2022-07-22T00:00:00+00:00 [queued]>
[2022-07-25 12:28:28,438] {taskinstance.py:1376} INFO - 
--------------------------------------------------------------------------------
[2022-07-25 12:28:28,439] {taskinstance.py:1377} INFO - Starting attempt 1 of 2
[2022-07-25 12:28:28,440] {taskinstance.py:1378} INFO - 
--------------------------------------------------------------------------------
[2022-07-25 12:28:28,555] {taskinstance.py:1397} INFO - Executing <Task(PythonOperator): t2> on 2022-07-22 00:00:00+00:00
[2022-07-25 12:28:28,601] {standard_task_runner.py:52} INFO - Started process 1036 to run task
[2022-07-25 12:28:28,660] {standard_task_runner.py:79} INFO - Running: ['***', 'tasks', 'run', 'tutorial', 't2', 'scheduled__2022-07-22T00:00:00+00:00', '--job-id', '172', '--raw', '--subdir', 'DAGS_FOLDER/nickdag.py', '--cfg-path', '/tmp/tmpkqv_ns0z', '--error-file', '/tmp/tmpy57c2nty']
[2022-07-25 12:28:28,665] {standard_task_runner.py:80} INFO - Job 172: Subtask t2
[2022-07-25 12:28:28,815] {logging_mixin.py:115} WARNING - /home/***/.local/lib/python3.7/site-packages/***/configuration.py:528 DeprecationWarning: The sql_alchemy_conn option in [core] has been moved to the sql_alchemy_conn option in [database] - the old setting has been used, but please update your config.
[2022-07-25 12:28:29,308] {task_command.py:371} INFO - Running <TaskInstance: tutorial.t2 scheduled__2022-07-22T00:00:00+00:00 [running]> on host 929e6a3728d4
[2022-07-25 12:28:29,766] {taskinstance.py:1591} INFO - Exporting the following env vars:
AIRFLOW_CTX_DAG_EMAIL=caroline.kosalka@gmail.com
AIRFLOW_CTX_DAG_OWNER=***
AIRFLOW_CTX_DAG_ID=tutorial
AIRFLOW_CTX_TASK_ID=t2
AIRFLOW_CTX_EXECUTION_DATE=2022-07-22T00:00:00+00:00
AIRFLOW_CTX_TRY_NUMBER=1
AIRFLOW_CTX_DAG_RUN_ID=scheduled__2022-07-22T00:00:00+00:00
[2022-07-25 12:28:29,768] {python.py:173} INFO - Done. Returned value was: goodbye
[2022-07-25 12:28:29,931] {taskinstance.py:1420} INFO - Marking task as SUCCESS. dag_id=tutorial, task_id=t2, execution_date=20220722T000000, start_date=20220725T122828, end_date=20220725T122829
[2022-07-25 12:28:30,093] {local_task_job.py:156} INFO - Task exited with return code 0
[2022-07-25 12:28:30,361] {local_task_job.py:273} INFO - 0 downstream tasks scheduled from follow-on schedule check
