[2022-07-22 13:00:37,263] {taskinstance.py:1179} INFO - Dependencies all met for <TaskInstance: tutorial.t2 scheduled__2022-07-15T00:00:00+00:00 [queued]>
[2022-07-22 13:00:37,355] {taskinstance.py:1179} INFO - Dependencies all met for <TaskInstance: tutorial.t2 scheduled__2022-07-15T00:00:00+00:00 [queued]>
[2022-07-22 13:00:37,374] {taskinstance.py:1376} INFO - 
--------------------------------------------------------------------------------
[2022-07-22 13:00:37,375] {taskinstance.py:1377} INFO - Starting attempt 1 of 2
[2022-07-22 13:00:37,377] {taskinstance.py:1378} INFO - 
--------------------------------------------------------------------------------
[2022-07-22 13:00:37,447] {taskinstance.py:1397} INFO - Executing <Task(PythonOperator): t2> on 2022-07-15 00:00:00+00:00
[2022-07-22 13:00:37,459] {standard_task_runner.py:52} INFO - Started process 908 to run task
[2022-07-22 13:00:37,512] {standard_task_runner.py:79} INFO - Running: ['***', 'tasks', 'run', 'tutorial', 't2', 'scheduled__2022-07-15T00:00:00+00:00', '--job-id', '94', '--raw', '--subdir', 'DAGS_FOLDER/nickdag.py', '--cfg-path', '/tmp/tmp0u15kstw', '--error-file', '/tmp/tmpggpb9_rm']
[2022-07-22 13:00:37,519] {standard_task_runner.py:80} INFO - Job 94: Subtask t2
[2022-07-22 13:00:37,633] {logging_mixin.py:115} WARNING - /home/***/.local/lib/python3.7/site-packages/***/configuration.py:528 DeprecationWarning: The sql_alchemy_conn option in [core] has been moved to the sql_alchemy_conn option in [database] - the old setting has been used, but please update your config.
[2022-07-22 13:00:38,025] {task_command.py:371} INFO - Running <TaskInstance: tutorial.t2 scheduled__2022-07-15T00:00:00+00:00 [running]> on host 2f63307804d5
[2022-07-22 13:00:38,511] {taskinstance.py:1591} INFO - Exporting the following env vars:
AIRFLOW_CTX_DAG_EMAIL=caroline.kosalka@gmail.com
AIRFLOW_CTX_DAG_OWNER=***
AIRFLOW_CTX_DAG_ID=tutorial
AIRFLOW_CTX_TASK_ID=t2
AIRFLOW_CTX_EXECUTION_DATE=2022-07-15T00:00:00+00:00
AIRFLOW_CTX_TRY_NUMBER=1
AIRFLOW_CTX_DAG_RUN_ID=scheduled__2022-07-15T00:00:00+00:00
[2022-07-22 13:00:38,514] {python.py:173} INFO - Done. Returned value was: goodbye
[2022-07-22 13:00:38,597] {taskinstance.py:1420} INFO - Marking task as SUCCESS. dag_id=tutorial, task_id=t2, execution_date=20220715T000000, start_date=20220722T130037, end_date=20220722T130038
[2022-07-22 13:00:38,693] {local_task_job.py:156} INFO - Task exited with return code 0
[2022-07-22 13:00:38,853] {local_task_job.py:273} INFO - 0 downstream tasks scheduled from follow-on schedule check
[2022-07-25 09:18:20,941] {taskinstance.py:1179} INFO - Dependencies all met for <TaskInstance: tutorial.t2 scheduled__2022-07-15T00:00:00+00:00 [queued]>
[2022-07-25 09:18:20,965] {taskinstance.py:1179} INFO - Dependencies all met for <TaskInstance: tutorial.t2 scheduled__2022-07-15T00:00:00+00:00 [queued]>
[2022-07-25 09:18:20,966] {taskinstance.py:1376} INFO - 
--------------------------------------------------------------------------------
[2022-07-25 09:18:20,967] {taskinstance.py:1377} INFO - Starting attempt 1 of 2
[2022-07-25 09:18:20,968] {taskinstance.py:1378} INFO - 
--------------------------------------------------------------------------------
[2022-07-25 09:18:21,001] {taskinstance.py:1397} INFO - Executing <Task(PythonOperator): t2> on 2022-07-15 00:00:00+00:00
[2022-07-25 09:18:21,011] {standard_task_runner.py:52} INFO - Started process 859 to run task
[2022-07-25 09:18:21,021] {standard_task_runner.py:79} INFO - Running: ['***', 'tasks', 'run', 'tutorial', 't2', 'scheduled__2022-07-15T00:00:00+00:00', '--job-id', '97', '--raw', '--subdir', 'DAGS_FOLDER/nickdag.py', '--cfg-path', '/tmp/tmpo_pxq4n3', '--error-file', '/tmp/tmpou_24mfr']
[2022-07-25 09:18:21,023] {standard_task_runner.py:80} INFO - Job 97: Subtask t2
[2022-07-25 09:18:21,067] {logging_mixin.py:115} WARNING - /home/***/.local/lib/python3.7/site-packages/***/configuration.py:528 DeprecationWarning: The sql_alchemy_conn option in [core] has been moved to the sql_alchemy_conn option in [database] - the old setting has been used, but please update your config.
[2022-07-25 09:18:21,195] {task_command.py:371} INFO - Running <TaskInstance: tutorial.t2 scheduled__2022-07-15T00:00:00+00:00 [running]> on host 01e6b1df1873
[2022-07-25 09:18:21,359] {taskinstance.py:1591} INFO - Exporting the following env vars:
AIRFLOW_CTX_DAG_EMAIL=caroline.kosalka@gmail.com
AIRFLOW_CTX_DAG_OWNER=***
AIRFLOW_CTX_DAG_ID=tutorial
AIRFLOW_CTX_TASK_ID=t2
AIRFLOW_CTX_EXECUTION_DATE=2022-07-15T00:00:00+00:00
AIRFLOW_CTX_TRY_NUMBER=1
AIRFLOW_CTX_DAG_RUN_ID=scheduled__2022-07-15T00:00:00+00:00
[2022-07-25 09:18:21,361] {python.py:173} INFO - Done. Returned value was: goodbye
[2022-07-25 09:18:21,406] {taskinstance.py:1420} INFO - Marking task as SUCCESS. dag_id=tutorial, task_id=t2, execution_date=20220715T000000, start_date=20220725T091820, end_date=20220725T091821
[2022-07-25 09:18:21,440] {local_task_job.py:156} INFO - Task exited with return code 0
[2022-07-25 09:18:21,487] {local_task_job.py:273} INFO - 0 downstream tasks scheduled from follow-on schedule check
[2022-07-25 12:28:28,271] {taskinstance.py:1179} INFO - Dependencies all met for <TaskInstance: tutorial.t2 scheduled__2022-07-15T00:00:00+00:00 [queued]>
[2022-07-25 12:28:28,335] {taskinstance.py:1179} INFO - Dependencies all met for <TaskInstance: tutorial.t2 scheduled__2022-07-15T00:00:00+00:00 [queued]>
[2022-07-25 12:28:28,338] {taskinstance.py:1376} INFO - 
--------------------------------------------------------------------------------
[2022-07-25 12:28:28,339] {taskinstance.py:1377} INFO - Starting attempt 1 of 2
[2022-07-25 12:28:28,339] {taskinstance.py:1378} INFO - 
--------------------------------------------------------------------------------
[2022-07-25 12:28:28,387] {taskinstance.py:1397} INFO - Executing <Task(PythonOperator): t2> on 2022-07-15 00:00:00+00:00
[2022-07-25 12:28:28,402] {standard_task_runner.py:52} INFO - Started process 1026 to run task
[2022-07-25 12:28:28,416] {standard_task_runner.py:79} INFO - Running: ['***', 'tasks', 'run', 'tutorial', 't2', 'scheduled__2022-07-15T00:00:00+00:00', '--job-id', '165', '--raw', '--subdir', 'DAGS_FOLDER/nickdag.py', '--cfg-path', '/tmp/tmp7qtim8mt', '--error-file', '/tmp/tmpqy1bxrbm']
[2022-07-25 12:28:28,419] {standard_task_runner.py:80} INFO - Job 165: Subtask t2
[2022-07-25 12:28:28,469] {logging_mixin.py:115} WARNING - /home/***/.local/lib/python3.7/site-packages/***/configuration.py:528 DeprecationWarning: The sql_alchemy_conn option in [core] has been moved to the sql_alchemy_conn option in [database] - the old setting has been used, but please update your config.
[2022-07-25 12:28:28,925] {task_command.py:371} INFO - Running <TaskInstance: tutorial.t2 scheduled__2022-07-15T00:00:00+00:00 [running]> on host 929e6a3728d4
[2022-07-25 12:28:29,379] {taskinstance.py:1591} INFO - Exporting the following env vars:
AIRFLOW_CTX_DAG_EMAIL=caroline.kosalka@gmail.com
AIRFLOW_CTX_DAG_OWNER=***
AIRFLOW_CTX_DAG_ID=tutorial
AIRFLOW_CTX_TASK_ID=t2
AIRFLOW_CTX_EXECUTION_DATE=2022-07-15T00:00:00+00:00
AIRFLOW_CTX_TRY_NUMBER=1
AIRFLOW_CTX_DAG_RUN_ID=scheduled__2022-07-15T00:00:00+00:00
[2022-07-25 12:28:29,384] {python.py:173} INFO - Done. Returned value was: goodbye
[2022-07-25 12:28:29,933] {taskinstance.py:1420} INFO - Marking task as SUCCESS. dag_id=tutorial, task_id=t2, execution_date=20220715T000000, start_date=20220725T122828, end_date=20220725T122829
[2022-07-25 12:28:30,110] {local_task_job.py:156} INFO - Task exited with return code 0
[2022-07-25 12:28:30,342] {local_task_job.py:273} INFO - 0 downstream tasks scheduled from follow-on schedule check
