[2022-07-22 13:00:15,474] {taskinstance.py:1179} INFO - Dependencies all met for <TaskInstance: tutorial.t2 scheduled__2022-06-17T00:00:00+00:00 [queued]>
[2022-07-22 13:00:15,578] {taskinstance.py:1179} INFO - Dependencies all met for <TaskInstance: tutorial.t2 scheduled__2022-06-17T00:00:00+00:00 [queued]>
[2022-07-22 13:00:15,595] {taskinstance.py:1376} INFO - 
--------------------------------------------------------------------------------
[2022-07-22 13:00:15,597] {taskinstance.py:1377} INFO - Starting attempt 1 of 2
[2022-07-22 13:00:15,598] {taskinstance.py:1378} INFO - 
--------------------------------------------------------------------------------
[2022-07-22 13:00:15,690] {taskinstance.py:1397} INFO - Executing <Task(PythonOperator): t2> on 2022-06-17 00:00:00+00:00
[2022-07-22 13:00:15,713] {standard_task_runner.py:52} INFO - Started process 789 to run task
[2022-07-22 13:00:15,776] {standard_task_runner.py:79} INFO - Running: ['***', 'tasks', 'run', 'tutorial', 't2', 'scheduled__2022-06-17T00:00:00+00:00', '--job-id', '41', '--raw', '--subdir', 'DAGS_FOLDER/nickdag.py', '--cfg-path', '/tmp/tmp_vgknv7o', '--error-file', '/tmp/tmpzpuycdwk']
[2022-07-22 13:00:15,804] {standard_task_runner.py:80} INFO - Job 41: Subtask t2
[2022-07-22 13:00:15,982] {logging_mixin.py:115} WARNING - /home/***/.local/lib/python3.7/site-packages/***/configuration.py:528 DeprecationWarning: The sql_alchemy_conn option in [core] has been moved to the sql_alchemy_conn option in [database] - the old setting has been used, but please update your config.
[2022-07-22 13:00:16,466] {task_command.py:371} INFO - Running <TaskInstance: tutorial.t2 scheduled__2022-06-17T00:00:00+00:00 [running]> on host 2f63307804d5
[2022-07-22 13:00:17,303] {taskinstance.py:1591} INFO - Exporting the following env vars:
AIRFLOW_CTX_DAG_EMAIL=caroline.kosalka@gmail.com
AIRFLOW_CTX_DAG_OWNER=***
AIRFLOW_CTX_DAG_ID=tutorial
AIRFLOW_CTX_TASK_ID=t2
AIRFLOW_CTX_EXECUTION_DATE=2022-06-17T00:00:00+00:00
AIRFLOW_CTX_TRY_NUMBER=1
AIRFLOW_CTX_DAG_RUN_ID=scheduled__2022-06-17T00:00:00+00:00
[2022-07-22 13:00:17,306] {python.py:173} INFO - Done. Returned value was: goodbye
[2022-07-22 13:00:17,570] {taskinstance.py:1420} INFO - Marking task as SUCCESS. dag_id=tutorial, task_id=t2, execution_date=20220617T000000, start_date=20220722T130015, end_date=20220722T130017
[2022-07-22 13:00:17,734] {local_task_job.py:156} INFO - Task exited with return code 0
[2022-07-22 13:00:18,263] {local_task_job.py:273} INFO - 0 downstream tasks scheduled from follow-on schedule check
[2022-07-25 09:18:02,469] {taskinstance.py:1179} INFO - Dependencies all met for <TaskInstance: tutorial.t2 scheduled__2022-06-17T00:00:00+00:00 [queued]>
[2022-07-25 09:18:02,491] {taskinstance.py:1179} INFO - Dependencies all met for <TaskInstance: tutorial.t2 scheduled__2022-06-17T00:00:00+00:00 [queued]>
[2022-07-25 09:18:02,492] {taskinstance.py:1376} INFO - 
--------------------------------------------------------------------------------
[2022-07-25 09:18:02,496] {taskinstance.py:1377} INFO - Starting attempt 1 of 2
[2022-07-25 09:18:02,497] {taskinstance.py:1378} INFO - 
--------------------------------------------------------------------------------
[2022-07-25 09:18:02,570] {taskinstance.py:1397} INFO - Executing <Task(PythonOperator): t2> on 2022-06-17 00:00:00+00:00
[2022-07-25 09:18:02,581] {standard_task_runner.py:52} INFO - Started process 745 to run task
[2022-07-25 09:18:02,617] {standard_task_runner.py:79} INFO - Running: ['***', 'tasks', 'run', 'tutorial', 't2', 'scheduled__2022-06-17T00:00:00+00:00', '--job-id', '41', '--raw', '--subdir', 'DAGS_FOLDER/nickdag.py', '--cfg-path', '/tmp/tmp0z6jwygl', '--error-file', '/tmp/tmpv2zf2bkh']
[2022-07-25 09:18:02,629] {standard_task_runner.py:80} INFO - Job 41: Subtask t2
[2022-07-25 09:18:02,742] {logging_mixin.py:115} WARNING - /home/***/.local/lib/python3.7/site-packages/***/configuration.py:528 DeprecationWarning: The sql_alchemy_conn option in [core] has been moved to the sql_alchemy_conn option in [database] - the old setting has been used, but please update your config.
[2022-07-25 09:18:03,113] {task_command.py:371} INFO - Running <TaskInstance: tutorial.t2 scheduled__2022-06-17T00:00:00+00:00 [running]> on host 01e6b1df1873
[2022-07-25 09:18:03,489] {taskinstance.py:1591} INFO - Exporting the following env vars:
AIRFLOW_CTX_DAG_EMAIL=caroline.kosalka@gmail.com
AIRFLOW_CTX_DAG_OWNER=***
AIRFLOW_CTX_DAG_ID=tutorial
AIRFLOW_CTX_TASK_ID=t2
AIRFLOW_CTX_EXECUTION_DATE=2022-06-17T00:00:00+00:00
AIRFLOW_CTX_TRY_NUMBER=1
AIRFLOW_CTX_DAG_RUN_ID=scheduled__2022-06-17T00:00:00+00:00
[2022-07-25 09:18:03,495] {python.py:173} INFO - Done. Returned value was: goodbye
[2022-07-25 09:18:03,611] {taskinstance.py:1420} INFO - Marking task as SUCCESS. dag_id=tutorial, task_id=t2, execution_date=20220617T000000, start_date=20220725T091802, end_date=20220725T091803
[2022-07-25 09:18:03,748] {local_task_job.py:156} INFO - Task exited with return code 0
[2022-07-25 09:18:04,114] {local_task_job.py:273} INFO - 0 downstream tasks scheduled from follow-on schedule check
[2022-07-25 12:25:28,115] {taskinstance.py:1179} INFO - Dependencies all met for <TaskInstance: tutorial.t2 scheduled__2022-06-17T00:00:00+00:00 [queued]>
[2022-07-25 12:25:28,234] {taskinstance.py:1179} INFO - Dependencies all met for <TaskInstance: tutorial.t2 scheduled__2022-06-17T00:00:00+00:00 [queued]>
[2022-07-25 12:25:28,235] {taskinstance.py:1376} INFO - 
--------------------------------------------------------------------------------
[2022-07-25 12:25:28,238] {taskinstance.py:1377} INFO - Starting attempt 1 of 2
[2022-07-25 12:25:28,238] {taskinstance.py:1378} INFO - 
--------------------------------------------------------------------------------
[2022-07-25 12:25:28,394] {taskinstance.py:1397} INFO - Executing <Task(PythonOperator): t2> on 2022-06-17 00:00:00+00:00
[2022-07-25 12:25:28,429] {standard_task_runner.py:52} INFO - Started process 655 to run task
[2022-07-25 12:25:28,481] {standard_task_runner.py:79} INFO - Running: ['***', 'tasks', 'run', 'tutorial', 't2', 'scheduled__2022-06-17T00:00:00+00:00', '--job-id', '74', '--raw', '--subdir', 'DAGS_FOLDER/nickdag.py', '--cfg-path', '/tmp/tmpq0zgpooe', '--error-file', '/tmp/tmpm39nc5ye']
[2022-07-25 12:25:28,487] {standard_task_runner.py:80} INFO - Job 74: Subtask t2
[2022-07-25 12:25:28,583] {logging_mixin.py:115} WARNING - /home/***/.local/lib/python3.7/site-packages/***/configuration.py:528 DeprecationWarning: The sql_alchemy_conn option in [core] has been moved to the sql_alchemy_conn option in [database] - the old setting has been used, but please update your config.
[2022-07-25 12:25:29,072] {task_command.py:371} INFO - Running <TaskInstance: tutorial.t2 scheduled__2022-06-17T00:00:00+00:00 [running]> on host 929e6a3728d4
[2022-07-25 12:25:29,521] {taskinstance.py:1591} INFO - Exporting the following env vars:
AIRFLOW_CTX_DAG_EMAIL=caroline.kosalka@gmail.com
AIRFLOW_CTX_DAG_OWNER=***
AIRFLOW_CTX_DAG_ID=tutorial
AIRFLOW_CTX_TASK_ID=t2
AIRFLOW_CTX_EXECUTION_DATE=2022-06-17T00:00:00+00:00
AIRFLOW_CTX_TRY_NUMBER=1
AIRFLOW_CTX_DAG_RUN_ID=scheduled__2022-06-17T00:00:00+00:00
[2022-07-25 12:25:29,523] {python.py:173} INFO - Done. Returned value was: goodbye
[2022-07-25 12:25:29,703] {taskinstance.py:1420} INFO - Marking task as SUCCESS. dag_id=tutorial, task_id=t2, execution_date=20220617T000000, start_date=20220725T122528, end_date=20220725T122529
[2022-07-25 12:25:29,857] {local_task_job.py:156} INFO - Task exited with return code 0
[2022-07-25 12:25:30,069] {local_task_job.py:273} INFO - 0 downstream tasks scheduled from follow-on schedule check
