[2022-07-22 13:00:19,149] {taskinstance.py:1179} INFO - Dependencies all met for <TaskInstance: tutorial.t2 scheduled__2022-06-22T00:00:00+00:00 [queued]>
[2022-07-22 13:00:19,221] {taskinstance.py:1179} INFO - Dependencies all met for <TaskInstance: tutorial.t2 scheduled__2022-06-22T00:00:00+00:00 [queued]>
[2022-07-22 13:00:19,223] {taskinstance.py:1376} INFO - 
--------------------------------------------------------------------------------
[2022-07-22 13:00:19,243] {taskinstance.py:1377} INFO - Starting attempt 1 of 2
[2022-07-22 13:00:19,248] {taskinstance.py:1378} INFO - 
--------------------------------------------------------------------------------
[2022-07-22 13:00:19,394] {taskinstance.py:1397} INFO - Executing <Task(PythonOperator): t2> on 2022-06-22 00:00:00+00:00
[2022-07-22 13:00:19,433] {standard_task_runner.py:52} INFO - Started process 807 to run task
[2022-07-22 13:00:19,461] {standard_task_runner.py:79} INFO - Running: ['***', 'tasks', 'run', 'tutorial', 't2', 'scheduled__2022-06-22T00:00:00+00:00', '--job-id', '48', '--raw', '--subdir', 'DAGS_FOLDER/nickdag.py', '--cfg-path', '/tmp/tmp2cuhzz7t', '--error-file', '/tmp/tmp62p858ko']
[2022-07-22 13:00:19,487] {standard_task_runner.py:80} INFO - Job 48: Subtask t2
[2022-07-22 13:00:19,573] {logging_mixin.py:115} WARNING - /home/***/.local/lib/python3.7/site-packages/***/configuration.py:528 DeprecationWarning: The sql_alchemy_conn option in [core] has been moved to the sql_alchemy_conn option in [database] - the old setting has been used, but please update your config.
[2022-07-22 13:00:20,015] {task_command.py:371} INFO - Running <TaskInstance: tutorial.t2 scheduled__2022-06-22T00:00:00+00:00 [running]> on host 2f63307804d5
[2022-07-22 13:00:20,527] {taskinstance.py:1591} INFO - Exporting the following env vars:
AIRFLOW_CTX_DAG_EMAIL=caroline.kosalka@gmail.com
AIRFLOW_CTX_DAG_OWNER=***
AIRFLOW_CTX_DAG_ID=tutorial
AIRFLOW_CTX_TASK_ID=t2
AIRFLOW_CTX_EXECUTION_DATE=2022-06-22T00:00:00+00:00
AIRFLOW_CTX_TRY_NUMBER=1
AIRFLOW_CTX_DAG_RUN_ID=scheduled__2022-06-22T00:00:00+00:00
[2022-07-22 13:00:20,529] {python.py:173} INFO - Done. Returned value was: goodbye
[2022-07-22 13:00:20,740] {taskinstance.py:1420} INFO - Marking task as SUCCESS. dag_id=tutorial, task_id=t2, execution_date=20220622T000000, start_date=20220722T130019, end_date=20220722T130020
[2022-07-22 13:00:20,848] {local_task_job.py:156} INFO - Task exited with return code 0
[2022-07-22 13:00:21,067] {local_task_job.py:273} INFO - 0 downstream tasks scheduled from follow-on schedule check
[2022-07-25 09:18:04,536] {taskinstance.py:1179} INFO - Dependencies all met for <TaskInstance: tutorial.t2 scheduled__2022-06-22T00:00:00+00:00 [queued]>
[2022-07-25 09:18:04,574] {taskinstance.py:1179} INFO - Dependencies all met for <TaskInstance: tutorial.t2 scheduled__2022-06-22T00:00:00+00:00 [queued]>
[2022-07-25 09:18:04,575] {taskinstance.py:1376} INFO - 
--------------------------------------------------------------------------------
[2022-07-25 09:18:04,577] {taskinstance.py:1377} INFO - Starting attempt 1 of 2
[2022-07-25 09:18:04,578] {taskinstance.py:1378} INFO - 
--------------------------------------------------------------------------------
[2022-07-25 09:18:04,616] {taskinstance.py:1397} INFO - Executing <Task(PythonOperator): t2> on 2022-06-22 00:00:00+00:00
[2022-07-25 09:18:04,624] {standard_task_runner.py:52} INFO - Started process 772 to run task
[2022-07-25 09:18:04,641] {standard_task_runner.py:79} INFO - Running: ['***', 'tasks', 'run', 'tutorial', 't2', 'scheduled__2022-06-22T00:00:00+00:00', '--job-id', '52', '--raw', '--subdir', 'DAGS_FOLDER/nickdag.py', '--cfg-path', '/tmp/tmp5u5dykzo', '--error-file', '/tmp/tmpuhh5wj1f']
[2022-07-25 09:18:04,647] {standard_task_runner.py:80} INFO - Job 52: Subtask t2
[2022-07-25 09:18:04,695] {logging_mixin.py:115} WARNING - /home/***/.local/lib/python3.7/site-packages/***/configuration.py:528 DeprecationWarning: The sql_alchemy_conn option in [core] has been moved to the sql_alchemy_conn option in [database] - the old setting has been used, but please update your config.
[2022-07-25 09:18:04,894] {task_command.py:371} INFO - Running <TaskInstance: tutorial.t2 scheduled__2022-06-22T00:00:00+00:00 [running]> on host 01e6b1df1873
[2022-07-25 09:18:05,261] {taskinstance.py:1591} INFO - Exporting the following env vars:
AIRFLOW_CTX_DAG_EMAIL=caroline.kosalka@gmail.com
AIRFLOW_CTX_DAG_OWNER=***
AIRFLOW_CTX_DAG_ID=tutorial
AIRFLOW_CTX_TASK_ID=t2
AIRFLOW_CTX_EXECUTION_DATE=2022-06-22T00:00:00+00:00
AIRFLOW_CTX_TRY_NUMBER=1
AIRFLOW_CTX_DAG_RUN_ID=scheduled__2022-06-22T00:00:00+00:00
[2022-07-25 09:18:05,287] {python.py:173} INFO - Done. Returned value was: goodbye
[2022-07-25 09:18:05,370] {taskinstance.py:1420} INFO - Marking task as SUCCESS. dag_id=tutorial, task_id=t2, execution_date=20220622T000000, start_date=20220725T091804, end_date=20220725T091805
[2022-07-25 09:18:05,460] {local_task_job.py:156} INFO - Task exited with return code 0
[2022-07-25 09:18:05,605] {local_task_job.py:273} INFO - 0 downstream tasks scheduled from follow-on schedule check
[2022-07-25 12:26:56,616] {taskinstance.py:1179} INFO - Dependencies all met for <TaskInstance: tutorial.t2 scheduled__2022-06-22T00:00:00+00:00 [queued]>
[2022-07-25 12:26:56,680] {taskinstance.py:1179} INFO - Dependencies all met for <TaskInstance: tutorial.t2 scheduled__2022-06-22T00:00:00+00:00 [queued]>
[2022-07-25 12:26:56,682] {taskinstance.py:1376} INFO - 
--------------------------------------------------------------------------------
[2022-07-25 12:26:56,684] {taskinstance.py:1377} INFO - Starting attempt 1 of 2
[2022-07-25 12:26:56,685] {taskinstance.py:1378} INFO - 
--------------------------------------------------------------------------------
[2022-07-25 12:26:56,779] {taskinstance.py:1397} INFO - Executing <Task(PythonOperator): t2> on 2022-06-22 00:00:00+00:00
[2022-07-25 12:26:56,801] {standard_task_runner.py:52} INFO - Started process 836 to run task
[2022-07-25 12:26:56,837] {standard_task_runner.py:79} INFO - Running: ['***', 'tasks', 'run', 'tutorial', 't2', 'scheduled__2022-06-22T00:00:00+00:00', '--job-id', '115', '--raw', '--subdir', 'DAGS_FOLDER/nickdag.py', '--cfg-path', '/tmp/tmpiwzd6725', '--error-file', '/tmp/tmp4yya_6dv']
[2022-07-25 12:26:56,846] {standard_task_runner.py:80} INFO - Job 115: Subtask t2
[2022-07-25 12:26:56,969] {logging_mixin.py:115} WARNING - /home/***/.local/lib/python3.7/site-packages/***/configuration.py:528 DeprecationWarning: The sql_alchemy_conn option in [core] has been moved to the sql_alchemy_conn option in [database] - the old setting has been used, but please update your config.
[2022-07-25 12:26:57,333] {task_command.py:371} INFO - Running <TaskInstance: tutorial.t2 scheduled__2022-06-22T00:00:00+00:00 [running]> on host 929e6a3728d4
[2022-07-25 12:26:57,854] {taskinstance.py:1591} INFO - Exporting the following env vars:
AIRFLOW_CTX_DAG_EMAIL=caroline.kosalka@gmail.com
AIRFLOW_CTX_DAG_OWNER=***
AIRFLOW_CTX_DAG_ID=tutorial
AIRFLOW_CTX_TASK_ID=t2
AIRFLOW_CTX_EXECUTION_DATE=2022-06-22T00:00:00+00:00
AIRFLOW_CTX_TRY_NUMBER=1
AIRFLOW_CTX_DAG_RUN_ID=scheduled__2022-06-22T00:00:00+00:00
[2022-07-25 12:26:57,875] {python.py:173} INFO - Done. Returned value was: goodbye
[2022-07-25 12:26:58,261] {taskinstance.py:1420} INFO - Marking task as SUCCESS. dag_id=tutorial, task_id=t2, execution_date=20220622T000000, start_date=20220725T122656, end_date=20220725T122658
[2022-07-25 12:26:58,384] {local_task_job.py:156} INFO - Task exited with return code 0
[2022-07-25 12:26:58,594] {local_task_job.py:273} INFO - 0 downstream tasks scheduled from follow-on schedule check
