[2022-07-22 12:59:22,956] {taskinstance.py:1179} INFO - Dependencies all met for <TaskInstance: tutorial.t1 scheduled__2022-06-09T00:00:00+00:00 [queued]>
[2022-07-22 12:59:23,162] {taskinstance.py:1179} INFO - Dependencies all met for <TaskInstance: tutorial.t1 scheduled__2022-06-09T00:00:00+00:00 [queued]>
[2022-07-22 12:59:23,179] {taskinstance.py:1376} INFO - 
--------------------------------------------------------------------------------
[2022-07-22 12:59:23,194] {taskinstance.py:1377} INFO - Starting attempt 1 of 2
[2022-07-22 12:59:23,200] {taskinstance.py:1378} INFO - 
--------------------------------------------------------------------------------
[2022-07-22 12:59:23,479] {taskinstance.py:1397} INFO - Executing <Task(PythonOperator): t1> on 2022-06-09 00:00:00+00:00
[2022-07-22 12:59:24,043] {standard_task_runner.py:52} INFO - Started process 704 to run task
[2022-07-22 12:59:24,115] {standard_task_runner.py:79} INFO - Running: ['***', 'tasks', 'run', 'tutorial', 't1', 'scheduled__2022-06-09T00:00:00+00:00', '--job-id', '8', '--raw', '--subdir', 'DAGS_FOLDER/nickdag.py', '--cfg-path', '/tmp/tmp_i2avgz2', '--error-file', '/tmp/tmp8lbql9u6']
[2022-07-22 12:59:24,147] {standard_task_runner.py:80} INFO - Job 8: Subtask t1
[2022-07-22 12:59:24,261] {logging_mixin.py:115} WARNING - /home/***/.local/lib/python3.7/site-packages/***/configuration.py:528 DeprecationWarning: The sql_alchemy_conn option in [core] has been moved to the sql_alchemy_conn option in [database] - the old setting has been used, but please update your config.
[2022-07-22 12:59:25,916] {task_command.py:371} INFO - Running <TaskInstance: tutorial.t1 scheduled__2022-06-09T00:00:00+00:00 [running]> on host 2f63307804d5
[2022-07-22 12:59:28,628] {taskinstance.py:1591} INFO - Exporting the following env vars:
AIRFLOW_CTX_DAG_EMAIL=caroline.kosalka@gmail.com
AIRFLOW_CTX_DAG_OWNER=***
AIRFLOW_CTX_DAG_ID=tutorial
AIRFLOW_CTX_TASK_ID=t1
AIRFLOW_CTX_EXECUTION_DATE=2022-06-09T00:00:00+00:00
AIRFLOW_CTX_TRY_NUMBER=1
AIRFLOW_CTX_DAG_RUN_ID=scheduled__2022-06-09T00:00:00+00:00
[2022-07-22 12:59:28,657] {python.py:173} INFO - Done. Returned value was: welcome
[2022-07-22 12:59:29,379] {taskinstance.py:1420} INFO - Marking task as SUCCESS. dag_id=tutorial, task_id=t1, execution_date=20220609T000000, start_date=20220722T125922, end_date=20220722T125929
[2022-07-22 12:59:31,050] {local_task_job.py:156} INFO - Task exited with return code 0
[2022-07-22 12:59:33,168] {local_task_job.py:273} INFO - 0 downstream tasks scheduled from follow-on schedule check
[2022-07-25 09:17:52,387] {taskinstance.py:1179} INFO - Dependencies all met for <TaskInstance: tutorial.t1 scheduled__2022-06-09T00:00:00+00:00 [queued]>
[2022-07-25 09:17:52,469] {taskinstance.py:1179} INFO - Dependencies all met for <TaskInstance: tutorial.t1 scheduled__2022-06-09T00:00:00+00:00 [queued]>
[2022-07-25 09:17:52,471] {taskinstance.py:1376} INFO - 
--------------------------------------------------------------------------------
[2022-07-25 09:17:52,474] {taskinstance.py:1377} INFO - Starting attempt 1 of 2
[2022-07-25 09:17:52,474] {taskinstance.py:1378} INFO - 
--------------------------------------------------------------------------------
[2022-07-25 09:17:52,561] {taskinstance.py:1397} INFO - Executing <Task(PythonOperator): t1> on 2022-06-09 00:00:00+00:00
[2022-07-25 09:17:52,575] {standard_task_runner.py:52} INFO - Started process 679 to run task
[2022-07-25 09:17:52,594] {standard_task_runner.py:79} INFO - Running: ['***', 'tasks', 'run', 'tutorial', 't1', 'scheduled__2022-06-09T00:00:00+00:00', '--job-id', '10', '--raw', '--subdir', 'DAGS_FOLDER/nickdag.py', '--cfg-path', '/tmp/tmph34xslya', '--error-file', '/tmp/tmpu3sqpyn1']
[2022-07-25 09:17:52,597] {standard_task_runner.py:80} INFO - Job 10: Subtask t1
[2022-07-25 09:17:52,642] {logging_mixin.py:115} WARNING - /home/***/.local/lib/python3.7/site-packages/***/configuration.py:528 DeprecationWarning: The sql_alchemy_conn option in [core] has been moved to the sql_alchemy_conn option in [database] - the old setting has been used, but please update your config.
[2022-07-25 09:17:52,780] {task_command.py:371} INFO - Running <TaskInstance: tutorial.t1 scheduled__2022-06-09T00:00:00+00:00 [running]> on host 01e6b1df1873
[2022-07-25 09:17:53,280] {taskinstance.py:1591} INFO - Exporting the following env vars:
AIRFLOW_CTX_DAG_EMAIL=caroline.kosalka@gmail.com
AIRFLOW_CTX_DAG_OWNER=***
AIRFLOW_CTX_DAG_ID=tutorial
AIRFLOW_CTX_TASK_ID=t1
AIRFLOW_CTX_EXECUTION_DATE=2022-06-09T00:00:00+00:00
AIRFLOW_CTX_TRY_NUMBER=1
AIRFLOW_CTX_DAG_RUN_ID=scheduled__2022-06-09T00:00:00+00:00
[2022-07-25 09:17:53,282] {python.py:173} INFO - Done. Returned value was: welcome
[2022-07-25 09:17:53,429] {taskinstance.py:1420} INFO - Marking task as SUCCESS. dag_id=tutorial, task_id=t1, execution_date=20220609T000000, start_date=20220725T091752, end_date=20220725T091753
[2022-07-25 09:17:53,533] {local_task_job.py:156} INFO - Task exited with return code 0
[2022-07-25 09:17:53,957] {local_task_job.py:273} INFO - 0 downstream tasks scheduled from follow-on schedule check
[2022-07-25 12:23:48,285] {taskinstance.py:1179} INFO - Dependencies all met for <TaskInstance: tutorial.t1 scheduled__2022-06-09T00:00:00+00:00 [queued]>
[2022-07-25 12:23:48,469] {taskinstance.py:1179} INFO - Dependencies all met for <TaskInstance: tutorial.t1 scheduled__2022-06-09T00:00:00+00:00 [queued]>
[2022-07-25 12:23:48,474] {taskinstance.py:1376} INFO - 
--------------------------------------------------------------------------------
[2022-07-25 12:23:48,484] {taskinstance.py:1377} INFO - Starting attempt 1 of 2
[2022-07-25 12:23:48,487] {taskinstance.py:1378} INFO - 
--------------------------------------------------------------------------------
[2022-07-25 12:23:48,804] {taskinstance.py:1397} INFO - Executing <Task(PythonOperator): t1> on 2022-06-09 00:00:00+00:00
[2022-07-25 12:23:48,893] {standard_task_runner.py:52} INFO - Started process 454 to run task
[2022-07-25 12:23:49,051] {standard_task_runner.py:79} INFO - Running: ['***', 'tasks', 'run', 'tutorial', 't1', 'scheduled__2022-06-09T00:00:00+00:00', '--job-id', '14', '--raw', '--subdir', 'DAGS_FOLDER/nickdag.py', '--cfg-path', '/tmp/tmp8pda4ot3', '--error-file', '/tmp/tmplaqjdg44']
[2022-07-25 12:23:49,101] {standard_task_runner.py:80} INFO - Job 14: Subtask t1
[2022-07-25 12:23:49,293] {logging_mixin.py:115} WARNING - /home/***/.local/lib/python3.7/site-packages/***/configuration.py:528 DeprecationWarning: The sql_alchemy_conn option in [core] has been moved to the sql_alchemy_conn option in [database] - the old setting has been used, but please update your config.
[2022-07-25 12:23:49,981] {task_command.py:371} INFO - Running <TaskInstance: tutorial.t1 scheduled__2022-06-09T00:00:00+00:00 [running]> on host 929e6a3728d4
[2022-07-25 12:23:50,706] {taskinstance.py:1591} INFO - Exporting the following env vars:
AIRFLOW_CTX_DAG_EMAIL=caroline.kosalka@gmail.com
AIRFLOW_CTX_DAG_OWNER=***
AIRFLOW_CTX_DAG_ID=tutorial
AIRFLOW_CTX_TASK_ID=t1
AIRFLOW_CTX_EXECUTION_DATE=2022-06-09T00:00:00+00:00
AIRFLOW_CTX_TRY_NUMBER=1
AIRFLOW_CTX_DAG_RUN_ID=scheduled__2022-06-09T00:00:00+00:00
[2022-07-25 12:23:50,709] {python.py:173} INFO - Done. Returned value was: welcome
[2022-07-25 12:23:50,896] {taskinstance.py:1420} INFO - Marking task as SUCCESS. dag_id=tutorial, task_id=t1, execution_date=20220609T000000, start_date=20220725T122348, end_date=20220725T122350
[2022-07-25 12:23:50,991] {local_task_job.py:156} INFO - Task exited with return code 0
[2022-07-25 12:23:51,316] {dagrun.py:1081} ERROR - Failed to get task '<TaskInstance: tutorial.get_terminal_data scheduled__2022-06-09T00:00:00+00:00 [removed]>' for dag 'tutorial'. Marking it as removed.
[2022-07-25 12:23:51,322] {dagrun.py:1081} ERROR - Failed to get task '<TaskInstance: tutorial.process_data scheduled__2022-06-09T00:00:00+00:00 [removed]>' for dag 'tutorial'. Marking it as removed.
[2022-07-25 12:23:51,383] {local_task_job.py:273} INFO - 1 downstream tasks scheduled from follow-on schedule check
