[2022-07-22 13:00:05,448] {taskinstance.py:1179} INFO - Dependencies all met for <TaskInstance: tutorial.t1 scheduled__2022-06-18T00:00:00+00:00 [queued]>
[2022-07-22 13:00:05,602] {taskinstance.py:1179} INFO - Dependencies all met for <TaskInstance: tutorial.t1 scheduled__2022-06-18T00:00:00+00:00 [queued]>
[2022-07-22 13:00:05,605] {taskinstance.py:1376} INFO - 
--------------------------------------------------------------------------------
[2022-07-22 13:00:05,614] {taskinstance.py:1377} INFO - Starting attempt 1 of 2
[2022-07-22 13:00:05,630] {taskinstance.py:1378} INFO - 
--------------------------------------------------------------------------------
[2022-07-22 13:00:05,951] {taskinstance.py:1397} INFO - Executing <Task(PythonOperator): t1> on 2022-06-18 00:00:00+00:00
[2022-07-22 13:00:06,017] {standard_task_runner.py:52} INFO - Started process 775 to run task
[2022-07-22 13:00:06,071] {standard_task_runner.py:79} INFO - Running: ['***', 'tasks', 'run', 'tutorial', 't1', 'scheduled__2022-06-18T00:00:00+00:00', '--job-id', '35', '--raw', '--subdir', 'DAGS_FOLDER/nickdag.py', '--cfg-path', '/tmp/tmpudr8xs22', '--error-file', '/tmp/tmpb8a4wznn']
[2022-07-22 13:00:06,113] {standard_task_runner.py:80} INFO - Job 35: Subtask t1
[2022-07-22 13:00:06,663] {logging_mixin.py:115} WARNING - /home/***/.local/lib/python3.7/site-packages/***/configuration.py:528 DeprecationWarning: The sql_alchemy_conn option in [core] has been moved to the sql_alchemy_conn option in [database] - the old setting has been used, but please update your config.
[2022-07-22 13:00:08,994] {task_command.py:371} INFO - Running <TaskInstance: tutorial.t1 scheduled__2022-06-18T00:00:00+00:00 [running]> on host 2f63307804d5
[2022-07-22 13:00:11,973] {taskinstance.py:1591} INFO - Exporting the following env vars:
AIRFLOW_CTX_DAG_EMAIL=caroline.kosalka@gmail.com
AIRFLOW_CTX_DAG_OWNER=***
AIRFLOW_CTX_DAG_ID=tutorial
AIRFLOW_CTX_TASK_ID=t1
AIRFLOW_CTX_EXECUTION_DATE=2022-06-18T00:00:00+00:00
AIRFLOW_CTX_TRY_NUMBER=1
AIRFLOW_CTX_DAG_RUN_ID=scheduled__2022-06-18T00:00:00+00:00
[2022-07-22 13:00:11,981] {python.py:173} INFO - Done. Returned value was: welcome
[2022-07-22 13:00:12,357] {taskinstance.py:1420} INFO - Marking task as SUCCESS. dag_id=tutorial, task_id=t1, execution_date=20220618T000000, start_date=20220722T130005, end_date=20220722T130012
[2022-07-22 13:00:12,527] {local_task_job.py:156} INFO - Task exited with return code 0
[2022-07-22 13:00:13,749] {local_task_job.py:273} INFO - 1 downstream tasks scheduled from follow-on schedule check
[2022-07-25 09:18:00,988] {taskinstance.py:1179} INFO - Dependencies all met for <TaskInstance: tutorial.t1 scheduled__2022-06-18T00:00:00+00:00 [queued]>
[2022-07-25 09:18:01,010] {taskinstance.py:1179} INFO - Dependencies all met for <TaskInstance: tutorial.t1 scheduled__2022-06-18T00:00:00+00:00 [queued]>
[2022-07-25 09:18:01,011] {taskinstance.py:1376} INFO - 
--------------------------------------------------------------------------------
[2022-07-25 09:18:01,012] {taskinstance.py:1377} INFO - Starting attempt 1 of 2
[2022-07-25 09:18:01,012] {taskinstance.py:1378} INFO - 
--------------------------------------------------------------------------------
[2022-07-25 09:18:01,047] {taskinstance.py:1397} INFO - Executing <Task(PythonOperator): t1> on 2022-06-18 00:00:00+00:00
[2022-07-25 09:18:01,052] {standard_task_runner.py:52} INFO - Started process 727 to run task
[2022-07-25 09:18:01,070] {standard_task_runner.py:79} INFO - Running: ['***', 'tasks', 'run', 'tutorial', 't1', 'scheduled__2022-06-18T00:00:00+00:00', '--job-id', '35', '--raw', '--subdir', 'DAGS_FOLDER/nickdag.py', '--cfg-path', '/tmp/tmp9fvpcxcv', '--error-file', '/tmp/tmpln7afew8']
[2022-07-25 09:18:01,073] {standard_task_runner.py:80} INFO - Job 35: Subtask t1
[2022-07-25 09:18:01,138] {logging_mixin.py:115} WARNING - /home/***/.local/lib/python3.7/site-packages/***/configuration.py:528 DeprecationWarning: The sql_alchemy_conn option in [core] has been moved to the sql_alchemy_conn option in [database] - the old setting has been used, but please update your config.
[2022-07-25 09:18:01,289] {task_command.py:371} INFO - Running <TaskInstance: tutorial.t1 scheduled__2022-06-18T00:00:00+00:00 [running]> on host 01e6b1df1873
[2022-07-25 09:18:01,456] {taskinstance.py:1591} INFO - Exporting the following env vars:
AIRFLOW_CTX_DAG_EMAIL=caroline.kosalka@gmail.com
AIRFLOW_CTX_DAG_OWNER=***
AIRFLOW_CTX_DAG_ID=tutorial
AIRFLOW_CTX_TASK_ID=t1
AIRFLOW_CTX_EXECUTION_DATE=2022-06-18T00:00:00+00:00
AIRFLOW_CTX_TRY_NUMBER=1
AIRFLOW_CTX_DAG_RUN_ID=scheduled__2022-06-18T00:00:00+00:00
[2022-07-25 09:18:01,457] {python.py:173} INFO - Done. Returned value was: welcome
[2022-07-25 09:18:01,536] {taskinstance.py:1420} INFO - Marking task as SUCCESS. dag_id=tutorial, task_id=t1, execution_date=20220618T000000, start_date=20220725T091800, end_date=20220725T091801
[2022-07-25 09:18:01,591] {local_task_job.py:156} INFO - Task exited with return code 0
[2022-07-25 09:18:01,802] {local_task_job.py:273} INFO - 0 downstream tasks scheduled from follow-on schedule check
[2022-07-25 12:25:22,966] {taskinstance.py:1179} INFO - Dependencies all met for <TaskInstance: tutorial.t1 scheduled__2022-06-18T00:00:00+00:00 [queued]>
[2022-07-25 12:25:23,057] {taskinstance.py:1179} INFO - Dependencies all met for <TaskInstance: tutorial.t1 scheduled__2022-06-18T00:00:00+00:00 [queued]>
[2022-07-25 12:25:23,059] {taskinstance.py:1376} INFO - 
--------------------------------------------------------------------------------
[2022-07-25 12:25:23,062] {taskinstance.py:1377} INFO - Starting attempt 1 of 2
[2022-07-25 12:25:23,064] {taskinstance.py:1378} INFO - 
--------------------------------------------------------------------------------
[2022-07-25 12:25:23,185] {taskinstance.py:1397} INFO - Executing <Task(PythonOperator): t1> on 2022-06-18 00:00:00+00:00
[2022-07-25 12:25:23,235] {standard_task_runner.py:52} INFO - Started process 623 to run task
[2022-07-25 12:25:23,278] {standard_task_runner.py:79} INFO - Running: ['***', 'tasks', 'run', 'tutorial', 't1', 'scheduled__2022-06-18T00:00:00+00:00', '--job-id', '63', '--raw', '--subdir', 'DAGS_FOLDER/nickdag.py', '--cfg-path', '/tmp/tmp9655zmr3', '--error-file', '/tmp/tmp5453imts']
[2022-07-25 12:25:23,302] {standard_task_runner.py:80} INFO - Job 63: Subtask t1
[2022-07-25 12:25:23,421] {logging_mixin.py:115} WARNING - /home/***/.local/lib/python3.7/site-packages/***/configuration.py:528 DeprecationWarning: The sql_alchemy_conn option in [core] has been moved to the sql_alchemy_conn option in [database] - the old setting has been used, but please update your config.
[2022-07-25 12:25:23,800] {task_command.py:371} INFO - Running <TaskInstance: tutorial.t1 scheduled__2022-06-18T00:00:00+00:00 [running]> on host 929e6a3728d4
[2022-07-25 12:25:24,307] {taskinstance.py:1591} INFO - Exporting the following env vars:
AIRFLOW_CTX_DAG_EMAIL=caroline.kosalka@gmail.com
AIRFLOW_CTX_DAG_OWNER=***
AIRFLOW_CTX_DAG_ID=tutorial
AIRFLOW_CTX_TASK_ID=t1
AIRFLOW_CTX_EXECUTION_DATE=2022-06-18T00:00:00+00:00
AIRFLOW_CTX_TRY_NUMBER=1
AIRFLOW_CTX_DAG_RUN_ID=scheduled__2022-06-18T00:00:00+00:00
[2022-07-25 12:25:24,309] {python.py:173} INFO - Done. Returned value was: welcome
[2022-07-25 12:25:24,905] {taskinstance.py:1420} INFO - Marking task as SUCCESS. dag_id=tutorial, task_id=t1, execution_date=20220618T000000, start_date=20220725T122522, end_date=20220725T122524
[2022-07-25 12:25:25,048] {local_task_job.py:156} INFO - Task exited with return code 0
[2022-07-25 12:25:25,275] {dagrun.py:1081} ERROR - Failed to get task '<TaskInstance: tutorial.process_data scheduled__2022-06-18T00:00:00+00:00 [removed]>' for dag 'tutorial'. Marking it as removed.
[2022-07-25 12:25:25,286] {dagrun.py:1081} ERROR - Failed to get task '<TaskInstance: tutorial.get_terminal_data scheduled__2022-06-18T00:00:00+00:00 [removed]>' for dag 'tutorial'. Marking it as removed.
[2022-07-25 12:25:25,327] {local_task_job.py:273} INFO - 1 downstream tasks scheduled from follow-on schedule check
