[2022-07-22 12:59:48,338] {taskinstance.py:1179} INFO - Dependencies all met for <TaskInstance: tutorial.t2 scheduled__2022-06-04T00:00:00+00:00 [queued]>
[2022-07-22 12:59:48,615] {taskinstance.py:1179} INFO - Dependencies all met for <TaskInstance: tutorial.t2 scheduled__2022-06-04T00:00:00+00:00 [queued]>
[2022-07-22 12:59:48,622] {taskinstance.py:1376} INFO - 
--------------------------------------------------------------------------------
[2022-07-22 12:59:48,623] {taskinstance.py:1377} INFO - Starting attempt 1 of 2
[2022-07-22 12:59:48,624] {taskinstance.py:1378} INFO - 
--------------------------------------------------------------------------------
[2022-07-22 12:59:49,019] {taskinstance.py:1397} INFO - Executing <Task(PythonOperator): t2> on 2022-06-04 00:00:00+00:00
[2022-07-22 12:59:49,158] {standard_task_runner.py:52} INFO - Started process 751 to run task
[2022-07-22 12:59:49,307] {standard_task_runner.py:79} INFO - Running: ['***', 'tasks', 'run', 'tutorial', 't2', 'scheduled__2022-06-04T00:00:00+00:00', '--job-id', '25', '--raw', '--subdir', 'DAGS_FOLDER/nickdag.py', '--cfg-path', '/tmp/tmpp0eaq4oy', '--error-file', '/tmp/tmp20zs2z27']
[2022-07-22 12:59:49,346] {standard_task_runner.py:80} INFO - Job 25: Subtask t2
[2022-07-22 12:59:49,502] {logging_mixin.py:115} WARNING - /home/***/.local/lib/python3.7/site-packages/***/configuration.py:528 DeprecationWarning: The sql_alchemy_conn option in [core] has been moved to the sql_alchemy_conn option in [database] - the old setting has been used, but please update your config.
[2022-07-22 12:59:50,762] {task_command.py:371} INFO - Running <TaskInstance: tutorial.t2 scheduled__2022-06-04T00:00:00+00:00 [running]> on host 2f63307804d5
[2022-07-22 12:59:51,359] {taskinstance.py:1591} INFO - Exporting the following env vars:
AIRFLOW_CTX_DAG_EMAIL=caroline.kosalka@gmail.com
AIRFLOW_CTX_DAG_OWNER=***
AIRFLOW_CTX_DAG_ID=tutorial
AIRFLOW_CTX_TASK_ID=t2
AIRFLOW_CTX_EXECUTION_DATE=2022-06-04T00:00:00+00:00
AIRFLOW_CTX_TRY_NUMBER=1
AIRFLOW_CTX_DAG_RUN_ID=scheduled__2022-06-04T00:00:00+00:00
[2022-07-22 12:59:51,363] {python.py:173} INFO - Done. Returned value was: goodbye
[2022-07-22 12:59:51,949] {taskinstance.py:1420} INFO - Marking task as SUCCESS. dag_id=tutorial, task_id=t2, execution_date=20220604T000000, start_date=20220722T125948, end_date=20220722T125951
[2022-07-22 12:59:52,142] {local_task_job.py:156} INFO - Task exited with return code 0
[2022-07-22 12:59:52,410] {local_task_job.py:273} INFO - 0 downstream tasks scheduled from follow-on schedule check
[2022-07-25 09:17:53,459] {taskinstance.py:1179} INFO - Dependencies all met for <TaskInstance: tutorial.t2 scheduled__2022-06-04T00:00:00+00:00 [queued]>
[2022-07-25 09:17:53,565] {taskinstance.py:1179} INFO - Dependencies all met for <TaskInstance: tutorial.t2 scheduled__2022-06-04T00:00:00+00:00 [queued]>
[2022-07-25 09:17:53,571] {taskinstance.py:1376} INFO - 
--------------------------------------------------------------------------------
[2022-07-25 09:17:53,572] {taskinstance.py:1377} INFO - Starting attempt 1 of 2
[2022-07-25 09:17:53,572] {taskinstance.py:1378} INFO - 
--------------------------------------------------------------------------------
[2022-07-25 09:17:53,652] {taskinstance.py:1397} INFO - Executing <Task(PythonOperator): t2> on 2022-06-04 00:00:00+00:00
[2022-07-25 09:17:53,661] {standard_task_runner.py:52} INFO - Started process 692 to run task
[2022-07-25 09:17:53,681] {standard_task_runner.py:79} INFO - Running: ['***', 'tasks', 'run', 'tutorial', 't2', 'scheduled__2022-06-04T00:00:00+00:00', '--job-id', '15', '--raw', '--subdir', 'DAGS_FOLDER/nickdag.py', '--cfg-path', '/tmp/tmpdblqw1iz', '--error-file', '/tmp/tmpj44n9lmh']
[2022-07-25 09:17:53,692] {standard_task_runner.py:80} INFO - Job 15: Subtask t2
[2022-07-25 09:17:54,073] {logging_mixin.py:115} WARNING - /home/***/.local/lib/python3.7/site-packages/***/configuration.py:528 DeprecationWarning: The sql_alchemy_conn option in [core] has been moved to the sql_alchemy_conn option in [database] - the old setting has been used, but please update your config.
[2022-07-25 09:17:54,802] {task_command.py:371} INFO - Running <TaskInstance: tutorial.t2 scheduled__2022-06-04T00:00:00+00:00 [running]> on host 01e6b1df1873
[2022-07-25 09:17:55,280] {taskinstance.py:1591} INFO - Exporting the following env vars:
AIRFLOW_CTX_DAG_EMAIL=caroline.kosalka@gmail.com
AIRFLOW_CTX_DAG_OWNER=***
AIRFLOW_CTX_DAG_ID=tutorial
AIRFLOW_CTX_TASK_ID=t2
AIRFLOW_CTX_EXECUTION_DATE=2022-06-04T00:00:00+00:00
AIRFLOW_CTX_TRY_NUMBER=1
AIRFLOW_CTX_DAG_RUN_ID=scheduled__2022-06-04T00:00:00+00:00
[2022-07-25 09:17:55,284] {python.py:173} INFO - Done. Returned value was: goodbye
[2022-07-25 09:17:55,521] {taskinstance.py:1420} INFO - Marking task as SUCCESS. dag_id=tutorial, task_id=t2, execution_date=20220604T000000, start_date=20220725T091753, end_date=20220725T091755
[2022-07-25 09:17:55,623] {local_task_job.py:156} INFO - Task exited with return code 0
[2022-07-25 09:17:55,840] {local_task_job.py:273} INFO - 0 downstream tasks scheduled from follow-on schedule check
