[2022-07-22 13:00:31,260] {taskinstance.py:1179} INFO - Dependencies all met for <TaskInstance: tutorial.t2 scheduled__2022-07-09T00:00:00+00:00 [queued]>
[2022-07-22 13:00:31,275] {taskinstance.py:1179} INFO - Dependencies all met for <TaskInstance: tutorial.t2 scheduled__2022-07-09T00:00:00+00:00 [queued]>
[2022-07-22 13:00:31,276] {taskinstance.py:1376} INFO - 
--------------------------------------------------------------------------------
[2022-07-22 13:00:31,277] {taskinstance.py:1377} INFO - Starting attempt 1 of 2
[2022-07-22 13:00:31,278] {taskinstance.py:1378} INFO - 
--------------------------------------------------------------------------------
[2022-07-22 13:00:31,314] {taskinstance.py:1397} INFO - Executing <Task(PythonOperator): t2> on 2022-07-09 00:00:00+00:00
[2022-07-22 13:00:31,319] {standard_task_runner.py:52} INFO - Started process 865 to run task
[2022-07-22 13:00:31,330] {standard_task_runner.py:79} INFO - Running: ['***', 'tasks', 'run', 'tutorial', 't2', 'scheduled__2022-07-09T00:00:00+00:00', '--job-id', '81', '--raw', '--subdir', 'DAGS_FOLDER/nickdag.py', '--cfg-path', '/tmp/tmpaeo_tazl', '--error-file', '/tmp/tmp7xld73ja']
[2022-07-22 13:00:31,337] {standard_task_runner.py:80} INFO - Job 81: Subtask t2
[2022-07-22 13:00:31,381] {logging_mixin.py:115} WARNING - /home/***/.local/lib/python3.7/site-packages/***/configuration.py:528 DeprecationWarning: The sql_alchemy_conn option in [core] has been moved to the sql_alchemy_conn option in [database] - the old setting has been used, but please update your config.
[2022-07-22 13:00:31,505] {task_command.py:371} INFO - Running <TaskInstance: tutorial.t2 scheduled__2022-07-09T00:00:00+00:00 [running]> on host 2f63307804d5
[2022-07-22 13:00:31,628] {taskinstance.py:1591} INFO - Exporting the following env vars:
AIRFLOW_CTX_DAG_EMAIL=caroline.kosalka@gmail.com
AIRFLOW_CTX_DAG_OWNER=***
AIRFLOW_CTX_DAG_ID=tutorial
AIRFLOW_CTX_TASK_ID=t2
AIRFLOW_CTX_EXECUTION_DATE=2022-07-09T00:00:00+00:00
AIRFLOW_CTX_TRY_NUMBER=1
AIRFLOW_CTX_DAG_RUN_ID=scheduled__2022-07-09T00:00:00+00:00
[2022-07-22 13:00:31,629] {python.py:173} INFO - Done. Returned value was: goodbye
[2022-07-22 13:00:31,668] {taskinstance.py:1420} INFO - Marking task as SUCCESS. dag_id=tutorial, task_id=t2, execution_date=20220709T000000, start_date=20220722T130031, end_date=20220722T130031
[2022-07-22 13:00:31,707] {local_task_job.py:156} INFO - Task exited with return code 0
[2022-07-22 13:00:31,754] {local_task_job.py:273} INFO - 0 downstream tasks scheduled from follow-on schedule check
[2022-07-25 09:18:13,927] {taskinstance.py:1179} INFO - Dependencies all met for <TaskInstance: tutorial.t2 scheduled__2022-07-09T00:00:00+00:00 [queued]>
[2022-07-25 09:18:13,953] {taskinstance.py:1179} INFO - Dependencies all met for <TaskInstance: tutorial.t2 scheduled__2022-07-09T00:00:00+00:00 [queued]>
[2022-07-25 09:18:13,954] {taskinstance.py:1376} INFO - 
--------------------------------------------------------------------------------
[2022-07-25 09:18:13,955] {taskinstance.py:1377} INFO - Starting attempt 1 of 2
[2022-07-25 09:18:13,956] {taskinstance.py:1378} INFO - 
--------------------------------------------------------------------------------
[2022-07-25 09:18:13,996] {taskinstance.py:1397} INFO - Executing <Task(PythonOperator): t2> on 2022-07-09 00:00:00+00:00
[2022-07-25 09:18:14,004] {standard_task_runner.py:52} INFO - Started process 830 to run task
[2022-07-25 09:18:14,016] {standard_task_runner.py:79} INFO - Running: ['***', 'tasks', 'run', 'tutorial', 't2', 'scheduled__2022-07-09T00:00:00+00:00', '--job-id', '82', '--raw', '--subdir', 'DAGS_FOLDER/nickdag.py', '--cfg-path', '/tmp/tmphvbduimd', '--error-file', '/tmp/tmp4ow6s1o_']
[2022-07-25 09:18:14,027] {standard_task_runner.py:80} INFO - Job 82: Subtask t2
[2022-07-25 09:18:14,078] {logging_mixin.py:115} WARNING - /home/***/.local/lib/python3.7/site-packages/***/configuration.py:528 DeprecationWarning: The sql_alchemy_conn option in [core] has been moved to the sql_alchemy_conn option in [database] - the old setting has been used, but please update your config.
[2022-07-25 09:18:14,229] {task_command.py:371} INFO - Running <TaskInstance: tutorial.t2 scheduled__2022-07-09T00:00:00+00:00 [running]> on host 01e6b1df1873
[2022-07-25 09:18:14,389] {taskinstance.py:1591} INFO - Exporting the following env vars:
AIRFLOW_CTX_DAG_EMAIL=caroline.kosalka@gmail.com
AIRFLOW_CTX_DAG_OWNER=***
AIRFLOW_CTX_DAG_ID=tutorial
AIRFLOW_CTX_TASK_ID=t2
AIRFLOW_CTX_EXECUTION_DATE=2022-07-09T00:00:00+00:00
AIRFLOW_CTX_TRY_NUMBER=1
AIRFLOW_CTX_DAG_RUN_ID=scheduled__2022-07-09T00:00:00+00:00
[2022-07-25 09:18:14,391] {python.py:173} INFO - Done. Returned value was: goodbye
[2022-07-25 09:18:14,431] {taskinstance.py:1420} INFO - Marking task as SUCCESS. dag_id=tutorial, task_id=t2, execution_date=20220709T000000, start_date=20220725T091813, end_date=20220725T091814
[2022-07-25 09:18:14,480] {local_task_job.py:156} INFO - Task exited with return code 0
[2022-07-25 09:18:14,525] {local_task_job.py:273} INFO - 0 downstream tasks scheduled from follow-on schedule check
[2022-07-25 12:28:28,287] {taskinstance.py:1179} INFO - Dependencies all met for <TaskInstance: tutorial.t2 scheduled__2022-07-09T00:00:00+00:00 [queued]>
[2022-07-25 12:28:28,366] {taskinstance.py:1179} INFO - Dependencies all met for <TaskInstance: tutorial.t2 scheduled__2022-07-09T00:00:00+00:00 [queued]>
[2022-07-25 12:28:28,367] {taskinstance.py:1376} INFO - 
--------------------------------------------------------------------------------
[2022-07-25 12:28:28,369] {taskinstance.py:1377} INFO - Starting attempt 1 of 2
[2022-07-25 12:28:28,369] {taskinstance.py:1378} INFO - 
--------------------------------------------------------------------------------
[2022-07-25 12:28:28,463] {taskinstance.py:1397} INFO - Executing <Task(PythonOperator): t2> on 2022-07-09 00:00:00+00:00
[2022-07-25 12:28:28,473] {standard_task_runner.py:52} INFO - Started process 1028 to run task
[2022-07-25 12:28:28,491] {standard_task_runner.py:79} INFO - Running: ['***', 'tasks', 'run', 'tutorial', 't2', 'scheduled__2022-07-09T00:00:00+00:00', '--job-id', '163', '--raw', '--subdir', 'DAGS_FOLDER/nickdag.py', '--cfg-path', '/tmp/tmp4osninel', '--error-file', '/tmp/tmp00rwpqn8']
[2022-07-25 12:28:28,504] {standard_task_runner.py:80} INFO - Job 163: Subtask t2
[2022-07-25 12:28:28,604] {logging_mixin.py:115} WARNING - /home/***/.local/lib/python3.7/site-packages/***/configuration.py:528 DeprecationWarning: The sql_alchemy_conn option in [core] has been moved to the sql_alchemy_conn option in [database] - the old setting has been used, but please update your config.
[2022-07-25 12:28:29,062] {task_command.py:371} INFO - Running <TaskInstance: tutorial.t2 scheduled__2022-07-09T00:00:00+00:00 [running]> on host 929e6a3728d4
[2022-07-25 12:28:29,536] {taskinstance.py:1591} INFO - Exporting the following env vars:
AIRFLOW_CTX_DAG_EMAIL=caroline.kosalka@gmail.com
AIRFLOW_CTX_DAG_OWNER=***
AIRFLOW_CTX_DAG_ID=tutorial
AIRFLOW_CTX_TASK_ID=t2
AIRFLOW_CTX_EXECUTION_DATE=2022-07-09T00:00:00+00:00
AIRFLOW_CTX_TRY_NUMBER=1
AIRFLOW_CTX_DAG_RUN_ID=scheduled__2022-07-09T00:00:00+00:00
[2022-07-25 12:28:29,538] {python.py:173} INFO - Done. Returned value was: goodbye
[2022-07-25 12:28:29,921] {taskinstance.py:1420} INFO - Marking task as SUCCESS. dag_id=tutorial, task_id=t2, execution_date=20220709T000000, start_date=20220725T122828, end_date=20220725T122829
[2022-07-25 12:28:30,110] {local_task_job.py:156} INFO - Task exited with return code 0
[2022-07-25 12:28:30,340] {local_task_job.py:273} INFO - 0 downstream tasks scheduled from follow-on schedule check
