[2022-07-22 12:59:37,979] {taskinstance.py:1179} INFO - Dependencies all met for <TaskInstance: tutorial.t1 scheduled__2022-06-14T00:00:00+00:00 [queued]>
[2022-07-22 12:59:38,799] {taskinstance.py:1179} INFO - Dependencies all met for <TaskInstance: tutorial.t1 scheduled__2022-06-14T00:00:00+00:00 [queued]>
[2022-07-22 12:59:38,802] {taskinstance.py:1376} INFO - 
--------------------------------------------------------------------------------
[2022-07-22 12:59:38,804] {taskinstance.py:1377} INFO - Starting attempt 1 of 2
[2022-07-22 12:59:38,819] {taskinstance.py:1378} INFO - 
--------------------------------------------------------------------------------
[2022-07-22 12:59:39,132] {taskinstance.py:1397} INFO - Executing <Task(PythonOperator): t1> on 2022-06-14 00:00:00+00:00
[2022-07-22 12:59:41,855] {standard_task_runner.py:52} INFO - Started process 734 to run task
[2022-07-22 12:59:42,204] {standard_task_runner.py:79} INFO - Running: ['***', 'tasks', 'run', 'tutorial', 't1', 'scheduled__2022-06-14T00:00:00+00:00', '--job-id', '15', '--raw', '--subdir', 'DAGS_FOLDER/nickdag.py', '--cfg-path', '/tmp/tmp0evtq8nd', '--error-file', '/tmp/tmplsps4b4l']
[2022-07-22 12:59:42,513] {standard_task_runner.py:80} INFO - Job 15: Subtask t1
[2022-07-22 12:59:43,157] {logging_mixin.py:115} WARNING - /home/***/.local/lib/python3.7/site-packages/***/configuration.py:528 DeprecationWarning: The sql_alchemy_conn option in [core] has been moved to the sql_alchemy_conn option in [database] - the old setting has been used, but please update your config.
[2022-07-22 12:59:44,153] {task_command.py:371} INFO - Running <TaskInstance: tutorial.t1 scheduled__2022-06-14T00:00:00+00:00 [running]> on host 2f63307804d5
[2022-07-22 12:59:45,909] {taskinstance.py:1591} INFO - Exporting the following env vars:
AIRFLOW_CTX_DAG_EMAIL=caroline.kosalka@gmail.com
AIRFLOW_CTX_DAG_OWNER=***
AIRFLOW_CTX_DAG_ID=tutorial
AIRFLOW_CTX_TASK_ID=t1
AIRFLOW_CTX_EXECUTION_DATE=2022-06-14T00:00:00+00:00
AIRFLOW_CTX_TRY_NUMBER=1
AIRFLOW_CTX_DAG_RUN_ID=scheduled__2022-06-14T00:00:00+00:00
[2022-07-22 12:59:45,916] {python.py:173} INFO - Done. Returned value was: welcome
[2022-07-22 12:59:46,827] {taskinstance.py:1420} INFO - Marking task as SUCCESS. dag_id=tutorial, task_id=t1, execution_date=20220614T000000, start_date=20220722T125938, end_date=20220722T125946
[2022-07-22 12:59:47,776] {local_task_job.py:156} INFO - Task exited with return code 0
[2022-07-22 12:59:48,206] {local_task_job.py:273} INFO - 0 downstream tasks scheduled from follow-on schedule check
[2022-07-25 09:17:55,016] {taskinstance.py:1179} INFO - Dependencies all met for <TaskInstance: tutorial.t1 scheduled__2022-06-14T00:00:00+00:00 [queued]>
[2022-07-25 09:17:55,155] {taskinstance.py:1179} INFO - Dependencies all met for <TaskInstance: tutorial.t1 scheduled__2022-06-14T00:00:00+00:00 [queued]>
[2022-07-25 09:17:55,163] {taskinstance.py:1376} INFO - 
--------------------------------------------------------------------------------
[2022-07-25 09:17:55,170] {taskinstance.py:1377} INFO - Starting attempt 1 of 2
[2022-07-25 09:17:55,172] {taskinstance.py:1378} INFO - 
--------------------------------------------------------------------------------
[2022-07-25 09:17:55,321] {taskinstance.py:1397} INFO - Executing <Task(PythonOperator): t1> on 2022-06-14 00:00:00+00:00
[2022-07-25 09:17:55,353] {standard_task_runner.py:52} INFO - Started process 699 to run task
[2022-07-25 09:17:55,371] {standard_task_runner.py:79} INFO - Running: ['***', 'tasks', 'run', 'tutorial', 't1', 'scheduled__2022-06-14T00:00:00+00:00', '--job-id', '20', '--raw', '--subdir', 'DAGS_FOLDER/nickdag.py', '--cfg-path', '/tmp/tmpiuvhulpd', '--error-file', '/tmp/tmpzz8u5n12']
[2022-07-25 09:17:55,391] {standard_task_runner.py:80} INFO - Job 20: Subtask t1
[2022-07-25 09:17:55,544] {logging_mixin.py:115} WARNING - /home/***/.local/lib/python3.7/site-packages/***/configuration.py:528 DeprecationWarning: The sql_alchemy_conn option in [core] has been moved to the sql_alchemy_conn option in [database] - the old setting has been used, but please update your config.
[2022-07-25 09:17:55,901] {task_command.py:371} INFO - Running <TaskInstance: tutorial.t1 scheduled__2022-06-14T00:00:00+00:00 [running]> on host 01e6b1df1873
[2022-07-25 09:17:56,324] {taskinstance.py:1591} INFO - Exporting the following env vars:
AIRFLOW_CTX_DAG_EMAIL=caroline.kosalka@gmail.com
AIRFLOW_CTX_DAG_OWNER=***
AIRFLOW_CTX_DAG_ID=tutorial
AIRFLOW_CTX_TASK_ID=t1
AIRFLOW_CTX_EXECUTION_DATE=2022-06-14T00:00:00+00:00
AIRFLOW_CTX_TRY_NUMBER=1
AIRFLOW_CTX_DAG_RUN_ID=scheduled__2022-06-14T00:00:00+00:00
[2022-07-25 09:17:56,326] {python.py:173} INFO - Done. Returned value was: welcome
[2022-07-25 09:17:56,568] {taskinstance.py:1420} INFO - Marking task as SUCCESS. dag_id=tutorial, task_id=t1, execution_date=20220614T000000, start_date=20220725T091755, end_date=20220725T091756
[2022-07-25 09:17:56,703] {local_task_job.py:156} INFO - Task exited with return code 0
[2022-07-25 09:17:56,952] {local_task_job.py:273} INFO - 1 downstream tasks scheduled from follow-on schedule check
[2022-07-25 12:23:48,313] {taskinstance.py:1179} INFO - Dependencies all met for <TaskInstance: tutorial.t1 scheduled__2022-06-14T00:00:00+00:00 [queued]>
[2022-07-25 12:23:48,465] {taskinstance.py:1179} INFO - Dependencies all met for <TaskInstance: tutorial.t1 scheduled__2022-06-14T00:00:00+00:00 [queued]>
[2022-07-25 12:23:48,473] {taskinstance.py:1376} INFO - 
--------------------------------------------------------------------------------
[2022-07-25 12:23:48,489] {taskinstance.py:1377} INFO - Starting attempt 1 of 2
[2022-07-25 12:23:48,493] {taskinstance.py:1378} INFO - 
--------------------------------------------------------------------------------
[2022-07-25 12:23:48,822] {taskinstance.py:1397} INFO - Executing <Task(PythonOperator): t1> on 2022-06-14 00:00:00+00:00
[2022-07-25 12:23:48,904] {standard_task_runner.py:52} INFO - Started process 455 to run task
[2022-07-25 12:23:49,056] {standard_task_runner.py:79} INFO - Running: ['***', 'tasks', 'run', 'tutorial', 't1', 'scheduled__2022-06-14T00:00:00+00:00', '--job-id', '18', '--raw', '--subdir', 'DAGS_FOLDER/nickdag.py', '--cfg-path', '/tmp/tmpwgbge9ul', '--error-file', '/tmp/tmp7gqimpq7']
[2022-07-25 12:23:49,072] {standard_task_runner.py:80} INFO - Job 18: Subtask t1
[2022-07-25 12:23:49,311] {logging_mixin.py:115} WARNING - /home/***/.local/lib/python3.7/site-packages/***/configuration.py:528 DeprecationWarning: The sql_alchemy_conn option in [core] has been moved to the sql_alchemy_conn option in [database] - the old setting has been used, but please update your config.
[2022-07-25 12:23:50,070] {task_command.py:371} INFO - Running <TaskInstance: tutorial.t1 scheduled__2022-06-14T00:00:00+00:00 [running]> on host 929e6a3728d4
[2022-07-25 12:23:50,761] {taskinstance.py:1591} INFO - Exporting the following env vars:
AIRFLOW_CTX_DAG_EMAIL=caroline.kosalka@gmail.com
AIRFLOW_CTX_DAG_OWNER=***
AIRFLOW_CTX_DAG_ID=tutorial
AIRFLOW_CTX_TASK_ID=t1
AIRFLOW_CTX_EXECUTION_DATE=2022-06-14T00:00:00+00:00
AIRFLOW_CTX_TRY_NUMBER=1
AIRFLOW_CTX_DAG_RUN_ID=scheduled__2022-06-14T00:00:00+00:00
[2022-07-25 12:23:50,765] {python.py:173} INFO - Done. Returned value was: welcome
[2022-07-25 12:23:50,979] {taskinstance.py:1420} INFO - Marking task as SUCCESS. dag_id=tutorial, task_id=t1, execution_date=20220614T000000, start_date=20220725T122348, end_date=20220725T122350
[2022-07-25 12:23:51,179] {local_task_job.py:156} INFO - Task exited with return code 0
[2022-07-25 12:23:51,971] {dagrun.py:1081} ERROR - Failed to get task '<TaskInstance: tutorial.get_terminal_data scheduled__2022-06-14T00:00:00+00:00 [removed]>' for dag 'tutorial'. Marking it as removed.
[2022-07-25 12:23:51,975] {dagrun.py:1081} ERROR - Failed to get task '<TaskInstance: tutorial.process_data scheduled__2022-06-14T00:00:00+00:00 [removed]>' for dag 'tutorial'. Marking it as removed.
[2022-07-25 12:23:51,991] {local_task_job.py:273} INFO - 0 downstream tasks scheduled from follow-on schedule check
