[2022-07-21 08:10:05,816] {taskinstance.py:1179} INFO - Dependencies all met for <TaskInstance: tutorial.sleep scheduled__2022-07-20T00:00:00+00:00 [queued]>
[2022-07-21 08:10:05,846] {taskinstance.py:1179} INFO - Dependencies all met for <TaskInstance: tutorial.sleep scheduled__2022-07-20T00:00:00+00:00 [queued]>
[2022-07-21 08:10:05,847] {taskinstance.py:1376} INFO - 
--------------------------------------------------------------------------------
[2022-07-21 08:10:05,848] {taskinstance.py:1377} INFO - Starting attempt 1 of 4
[2022-07-21 08:10:05,849] {taskinstance.py:1378} INFO - 
--------------------------------------------------------------------------------
[2022-07-21 08:10:05,866] {taskinstance.py:1397} INFO - Executing <Task(BashOperator): sleep> on 2022-07-20 00:00:00+00:00
[2022-07-21 08:10:05,872] {standard_task_runner.py:52} INFO - Started process 664 to run task
[2022-07-21 08:10:05,877] {standard_task_runner.py:79} INFO - Running: ['***', 'tasks', 'run', 'tutorial', 'sleep', 'scheduled__2022-07-20T00:00:00+00:00', '--job-id', '105', '--raw', '--subdir', 'DAGS_FOLDER/nickdag.py', '--cfg-path', '/tmp/tmpvzxclyfj', '--error-file', '/tmp/tmpsomuwl3g']
[2022-07-21 08:10:05,880] {standard_task_runner.py:80} INFO - Job 105: Subtask sleep
[2022-07-21 08:10:05,906] {logging_mixin.py:115} WARNING - /home/***/.local/lib/python3.7/site-packages/***/configuration.py:528 DeprecationWarning: The sql_alchemy_conn option in [core] has been moved to the sql_alchemy_conn option in [database] - the old setting has been used, but please update your config.
[2022-07-21 08:10:05,986] {task_command.py:371} INFO - Running <TaskInstance: tutorial.sleep scheduled__2022-07-20T00:00:00+00:00 [running]> on host 97e3017421e4
[2022-07-21 08:10:06,101] {taskinstance.py:1591} INFO - Exporting the following env vars:
AIRFLOW_CTX_DAG_EMAIL=caroline.kosalka@gmail.com
AIRFLOW_CTX_DAG_OWNER=***
AIRFLOW_CTX_DAG_ID=tutorial
AIRFLOW_CTX_TASK_ID=sleep
AIRFLOW_CTX_EXECUTION_DATE=2022-07-20T00:00:00+00:00
AIRFLOW_CTX_TRY_NUMBER=1
AIRFLOW_CTX_DAG_RUN_ID=scheduled__2022-07-20T00:00:00+00:00
[2022-07-21 08:10:06,105] {subprocess.py:62} INFO - Tmp dir root location: 
 /tmp
[2022-07-21 08:10:06,107] {subprocess.py:74} INFO - Running command: ['bash', '-c', 'sleep 5']
[2022-07-21 08:10:06,121] {subprocess.py:85} INFO - Output:
[2022-07-21 08:10:11,127] {subprocess.py:96} INFO - Command exited with return code 0
[2022-07-21 08:10:11,178] {taskinstance.py:1420} INFO - Marking task as SUCCESS. dag_id=tutorial, task_id=sleep, execution_date=20220720T000000, start_date=20220721T081005, end_date=20220721T081011
[2022-07-21 08:10:11,210] {local_task_job.py:156} INFO - Task exited with return code 0
[2022-07-21 08:10:11,254] {local_task_job.py:273} INFO - 0 downstream tasks scheduled from follow-on schedule check
