[2022-07-22 13:00:25,222] {taskinstance.py:1179} INFO - Dependencies all met for <TaskInstance: tutorial.t1 scheduled__2022-06-29T00:00:00+00:00 [queued]>
[2022-07-22 13:00:25,234] {taskinstance.py:1179} INFO - Dependencies all met for <TaskInstance: tutorial.t1 scheduled__2022-06-29T00:00:00+00:00 [queued]>
[2022-07-22 13:00:25,235] {taskinstance.py:1376} INFO - 
--------------------------------------------------------------------------------
[2022-07-22 13:00:25,236] {taskinstance.py:1377} INFO - Starting attempt 1 of 2
[2022-07-22 13:00:25,237] {taskinstance.py:1378} INFO - 
--------------------------------------------------------------------------------
[2022-07-22 13:00:25,255] {taskinstance.py:1397} INFO - Executing <Task(PythonOperator): t1> on 2022-06-29 00:00:00+00:00
[2022-07-22 13:00:25,265] {standard_task_runner.py:52} INFO - Started process 823 to run task
[2022-07-22 13:00:25,271] {standard_task_runner.py:79} INFO - Running: ['***', 'tasks', 'run', 'tutorial', 't1', 'scheduled__2022-06-29T00:00:00+00:00', '--job-id', '58', '--raw', '--subdir', 'DAGS_FOLDER/nickdag.py', '--cfg-path', '/tmp/tmpu50pxx76', '--error-file', '/tmp/tmp191f8dyl']
[2022-07-22 13:00:25,274] {standard_task_runner.py:80} INFO - Job 58: Subtask t1
[2022-07-22 13:00:25,309] {logging_mixin.py:115} WARNING - /home/***/.local/lib/python3.7/site-packages/***/configuration.py:528 DeprecationWarning: The sql_alchemy_conn option in [core] has been moved to the sql_alchemy_conn option in [database] - the old setting has been used, but please update your config.
[2022-07-22 13:00:25,426] {task_command.py:371} INFO - Running <TaskInstance: tutorial.t1 scheduled__2022-06-29T00:00:00+00:00 [running]> on host 2f63307804d5
[2022-07-22 13:00:25,696] {taskinstance.py:1591} INFO - Exporting the following env vars:
AIRFLOW_CTX_DAG_EMAIL=caroline.kosalka@gmail.com
AIRFLOW_CTX_DAG_OWNER=***
AIRFLOW_CTX_DAG_ID=tutorial
AIRFLOW_CTX_TASK_ID=t1
AIRFLOW_CTX_EXECUTION_DATE=2022-06-29T00:00:00+00:00
AIRFLOW_CTX_TRY_NUMBER=1
AIRFLOW_CTX_DAG_RUN_ID=scheduled__2022-06-29T00:00:00+00:00
[2022-07-22 13:00:25,699] {python.py:173} INFO - Done. Returned value was: welcome
[2022-07-22 13:00:25,791] {taskinstance.py:1420} INFO - Marking task as SUCCESS. dag_id=tutorial, task_id=t1, execution_date=20220629T000000, start_date=20220722T130025, end_date=20220722T130025
[2022-07-22 13:00:25,850] {local_task_job.py:156} INFO - Task exited with return code 0
[2022-07-22 13:00:26,047] {local_task_job.py:273} INFO - 0 downstream tasks scheduled from follow-on schedule check
[2022-07-25 09:18:04,830] {taskinstance.py:1179} INFO - Dependencies all met for <TaskInstance: tutorial.t1 scheduled__2022-06-29T00:00:00+00:00 [queued]>
[2022-07-25 09:18:04,851] {taskinstance.py:1179} INFO - Dependencies all met for <TaskInstance: tutorial.t1 scheduled__2022-06-29T00:00:00+00:00 [queued]>
[2022-07-25 09:18:04,852] {taskinstance.py:1376} INFO - 
--------------------------------------------------------------------------------
[2022-07-25 09:18:04,853] {taskinstance.py:1377} INFO - Starting attempt 1 of 2
[2022-07-25 09:18:04,854] {taskinstance.py:1378} INFO - 
--------------------------------------------------------------------------------
[2022-07-25 09:18:04,875] {taskinstance.py:1397} INFO - Executing <Task(PythonOperator): t1> on 2022-06-29 00:00:00+00:00
[2022-07-25 09:18:04,887] {standard_task_runner.py:52} INFO - Started process 774 to run task
[2022-07-25 09:18:04,899] {standard_task_runner.py:79} INFO - Running: ['***', 'tasks', 'run', 'tutorial', 't1', 'scheduled__2022-06-29T00:00:00+00:00', '--job-id', '53', '--raw', '--subdir', 'DAGS_FOLDER/nickdag.py', '--cfg-path', '/tmp/tmp8pjjh1ym', '--error-file', '/tmp/tmpa4h2azqn']
[2022-07-25 09:18:04,902] {standard_task_runner.py:80} INFO - Job 53: Subtask t1
[2022-07-25 09:18:04,955] {logging_mixin.py:115} WARNING - /home/***/.local/lib/python3.7/site-packages/***/configuration.py:528 DeprecationWarning: The sql_alchemy_conn option in [core] has been moved to the sql_alchemy_conn option in [database] - the old setting has been used, but please update your config.
[2022-07-25 09:18:05,136] {task_command.py:371} INFO - Running <TaskInstance: tutorial.t1 scheduled__2022-06-29T00:00:00+00:00 [running]> on host 01e6b1df1873
[2022-07-25 09:18:05,467] {taskinstance.py:1591} INFO - Exporting the following env vars:
AIRFLOW_CTX_DAG_EMAIL=caroline.kosalka@gmail.com
AIRFLOW_CTX_DAG_OWNER=***
AIRFLOW_CTX_DAG_ID=tutorial
AIRFLOW_CTX_TASK_ID=t1
AIRFLOW_CTX_EXECUTION_DATE=2022-06-29T00:00:00+00:00
AIRFLOW_CTX_TRY_NUMBER=1
AIRFLOW_CTX_DAG_RUN_ID=scheduled__2022-06-29T00:00:00+00:00
[2022-07-25 09:18:05,468] {python.py:173} INFO - Done. Returned value was: welcome
[2022-07-25 09:18:05,572] {taskinstance.py:1420} INFO - Marking task as SUCCESS. dag_id=tutorial, task_id=t1, execution_date=20220629T000000, start_date=20220725T091804, end_date=20220725T091805
[2022-07-25 09:18:05,637] {local_task_job.py:156} INFO - Task exited with return code 0
[2022-07-25 09:18:05,746] {local_task_job.py:273} INFO - 1 downstream tasks scheduled from follow-on schedule check
