[2022-07-21 08:10:01,555] {taskinstance.py:1179} INFO - Dependencies all met for <TaskInstance: tutorial.print_date scheduled__2022-07-18T00:00:00+00:00 [queued]>
[2022-07-21 08:10:01,593] {taskinstance.py:1179} INFO - Dependencies all met for <TaskInstance: tutorial.print_date scheduled__2022-07-18T00:00:00+00:00 [queued]>
[2022-07-21 08:10:01,595] {taskinstance.py:1376} INFO - 
--------------------------------------------------------------------------------
[2022-07-21 08:10:01,599] {taskinstance.py:1377} INFO - Starting attempt 1 of 2
[2022-07-21 08:10:01,600] {taskinstance.py:1378} INFO - 
--------------------------------------------------------------------------------
[2022-07-21 08:10:01,662] {taskinstance.py:1397} INFO - Executing <Task(BashOperator): print_date> on 2022-07-18 00:00:00+00:00
[2022-07-21 08:10:01,675] {standard_task_runner.py:52} INFO - Started process 637 to run task
[2022-07-21 08:10:01,690] {standard_task_runner.py:79} INFO - Running: ['***', 'tasks', 'run', 'tutorial', 'print_date', 'scheduled__2022-07-18T00:00:00+00:00', '--job-id', '95', '--raw', '--subdir', 'DAGS_FOLDER/nickdag.py', '--cfg-path', '/tmp/tmputdlu4n7', '--error-file', '/tmp/tmpzgbh2v55']
[2022-07-21 08:10:01,692] {standard_task_runner.py:80} INFO - Job 95: Subtask print_date
[2022-07-21 08:10:01,757] {logging_mixin.py:115} WARNING - /home/***/.local/lib/python3.7/site-packages/***/configuration.py:528 DeprecationWarning: The sql_alchemy_conn option in [core] has been moved to the sql_alchemy_conn option in [database] - the old setting has been used, but please update your config.
[2022-07-21 08:10:02,038] {task_command.py:371} INFO - Running <TaskInstance: tutorial.print_date scheduled__2022-07-18T00:00:00+00:00 [running]> on host 97e3017421e4
[2022-07-21 08:10:02,329] {taskinstance.py:1591} INFO - Exporting the following env vars:
AIRFLOW_CTX_DAG_EMAIL=caroline.kosalka@gmail.com
AIRFLOW_CTX_DAG_OWNER=***
AIRFLOW_CTX_DAG_ID=tutorial
AIRFLOW_CTX_TASK_ID=print_date
AIRFLOW_CTX_EXECUTION_DATE=2022-07-18T00:00:00+00:00
AIRFLOW_CTX_TRY_NUMBER=1
AIRFLOW_CTX_DAG_RUN_ID=scheduled__2022-07-18T00:00:00+00:00
[2022-07-21 08:10:02,363] {subprocess.py:62} INFO - Tmp dir root location: 
 /tmp
[2022-07-21 08:10:02,365] {subprocess.py:74} INFO - Running command: ['bash', '-c', 'echo helloooo']
[2022-07-21 08:10:02,395] {subprocess.py:85} INFO - Output:
[2022-07-21 08:10:02,398] {subprocess.py:92} INFO - helloooo
[2022-07-21 08:10:02,399] {subprocess.py:96} INFO - Command exited with return code 0
[2022-07-21 08:10:02,543] {taskinstance.py:1420} INFO - Marking task as SUCCESS. dag_id=tutorial, task_id=print_date, execution_date=20220718T000000, start_date=20220721T081001, end_date=20220721T081002
[2022-07-21 08:10:02,626] {local_task_job.py:156} INFO - Task exited with return code 0
[2022-07-21 08:10:02,805] {local_task_job.py:273} INFO - 0 downstream tasks scheduled from follow-on schedule check
