[2022-07-22 12:59:29,552] {taskinstance.py:1179} INFO - Dependencies all met for <TaskInstance: tutorial.t1 scheduled__2022-06-07T00:00:00+00:00 [queued]>
[2022-07-22 12:59:30,524] {taskinstance.py:1179} INFO - Dependencies all met for <TaskInstance: tutorial.t1 scheduled__2022-06-07T00:00:00+00:00 [queued]>
[2022-07-22 12:59:30,562] {taskinstance.py:1376} INFO - 
--------------------------------------------------------------------------------
[2022-07-22 12:59:30,573] {taskinstance.py:1377} INFO - Starting attempt 1 of 2
[2022-07-22 12:59:30,574] {taskinstance.py:1378} INFO - 
--------------------------------------------------------------------------------
[2022-07-22 12:59:30,995] {taskinstance.py:1397} INFO - Executing <Task(PythonOperator): t1> on 2022-06-07 00:00:00+00:00
[2022-07-22 12:59:31,069] {standard_task_runner.py:52} INFO - Started process 716 to run task
[2022-07-22 12:59:31,113] {standard_task_runner.py:79} INFO - Running: ['***', 'tasks', 'run', 'tutorial', 't1', 'scheduled__2022-06-07T00:00:00+00:00', '--job-id', '11', '--raw', '--subdir', 'DAGS_FOLDER/nickdag.py', '--cfg-path', '/tmp/tmpns825qbt', '--error-file', '/tmp/tmp1ph35er0']
[2022-07-22 12:59:31,133] {standard_task_runner.py:80} INFO - Job 11: Subtask t1
[2022-07-22 12:59:31,569] {logging_mixin.py:115} WARNING - /home/***/.local/lib/python3.7/site-packages/***/configuration.py:528 DeprecationWarning: The sql_alchemy_conn option in [core] has been moved to the sql_alchemy_conn option in [database] - the old setting has been used, but please update your config.
[2022-07-22 12:59:32,071] {task_command.py:371} INFO - Running <TaskInstance: tutorial.t1 scheduled__2022-06-07T00:00:00+00:00 [running]> on host 2f63307804d5
[2022-07-22 12:59:33,430] {taskinstance.py:1591} INFO - Exporting the following env vars:
AIRFLOW_CTX_DAG_EMAIL=caroline.kosalka@gmail.com
AIRFLOW_CTX_DAG_OWNER=***
AIRFLOW_CTX_DAG_ID=tutorial
AIRFLOW_CTX_TASK_ID=t1
AIRFLOW_CTX_EXECUTION_DATE=2022-06-07T00:00:00+00:00
AIRFLOW_CTX_TRY_NUMBER=1
AIRFLOW_CTX_DAG_RUN_ID=scheduled__2022-06-07T00:00:00+00:00
[2022-07-22 12:59:33,475] {python.py:173} INFO - Done. Returned value was: welcome
[2022-07-22 12:59:34,344] {taskinstance.py:1420} INFO - Marking task as SUCCESS. dag_id=tutorial, task_id=t1, execution_date=20220607T000000, start_date=20220722T125929, end_date=20220722T125934
[2022-07-22 12:59:35,853] {local_task_job.py:156} INFO - Task exited with return code 0
[2022-07-22 12:59:38,791] {local_task_job.py:273} INFO - 0 downstream tasks scheduled from follow-on schedule check
[2022-07-25 09:17:51,554] {taskinstance.py:1179} INFO - Dependencies all met for <TaskInstance: tutorial.t1 scheduled__2022-06-07T00:00:00+00:00 [queued]>
[2022-07-25 09:17:51,659] {taskinstance.py:1179} INFO - Dependencies all met for <TaskInstance: tutorial.t1 scheduled__2022-06-07T00:00:00+00:00 [queued]>
[2022-07-25 09:17:51,660] {taskinstance.py:1376} INFO - 
--------------------------------------------------------------------------------
[2022-07-25 09:17:51,661] {taskinstance.py:1377} INFO - Starting attempt 1 of 2
[2022-07-25 09:17:51,662] {taskinstance.py:1378} INFO - 
--------------------------------------------------------------------------------
[2022-07-25 09:17:51,788] {taskinstance.py:1397} INFO - Executing <Task(PythonOperator): t1> on 2022-06-07 00:00:00+00:00
[2022-07-25 09:17:51,804] {standard_task_runner.py:52} INFO - Started process 675 to run task
[2022-07-25 09:17:51,866] {standard_task_runner.py:79} INFO - Running: ['***', 'tasks', 'run', 'tutorial', 't1', 'scheduled__2022-06-07T00:00:00+00:00', '--job-id', '8', '--raw', '--subdir', 'DAGS_FOLDER/nickdag.py', '--cfg-path', '/tmp/tmpt4_d6lyg', '--error-file', '/tmp/tmpnukgrsbu']
[2022-07-25 09:17:51,883] {standard_task_runner.py:80} INFO - Job 8: Subtask t1
[2022-07-25 09:17:52,057] {logging_mixin.py:115} WARNING - /home/***/.local/lib/python3.7/site-packages/***/configuration.py:528 DeprecationWarning: The sql_alchemy_conn option in [core] has been moved to the sql_alchemy_conn option in [database] - the old setting has been used, but please update your config.
[2022-07-25 09:17:52,391] {task_command.py:371} INFO - Running <TaskInstance: tutorial.t1 scheduled__2022-06-07T00:00:00+00:00 [running]> on host 01e6b1df1873
[2022-07-25 09:17:52,693] {taskinstance.py:1591} INFO - Exporting the following env vars:
AIRFLOW_CTX_DAG_EMAIL=caroline.kosalka@gmail.com
AIRFLOW_CTX_DAG_OWNER=***
AIRFLOW_CTX_DAG_ID=tutorial
AIRFLOW_CTX_TASK_ID=t1
AIRFLOW_CTX_EXECUTION_DATE=2022-06-07T00:00:00+00:00
AIRFLOW_CTX_TRY_NUMBER=1
AIRFLOW_CTX_DAG_RUN_ID=scheduled__2022-06-07T00:00:00+00:00
[2022-07-25 09:17:52,697] {python.py:173} INFO - Done. Returned value was: welcome
[2022-07-25 09:17:52,801] {taskinstance.py:1420} INFO - Marking task as SUCCESS. dag_id=tutorial, task_id=t1, execution_date=20220607T000000, start_date=20220725T091751, end_date=20220725T091752
[2022-07-25 09:17:52,871] {local_task_job.py:156} INFO - Task exited with return code 0
[2022-07-25 09:17:53,177] {local_task_job.py:273} INFO - 1 downstream tasks scheduled from follow-on schedule check
[2022-07-25 12:23:48,322] {taskinstance.py:1179} INFO - Dependencies all met for <TaskInstance: tutorial.t1 scheduled__2022-06-07T00:00:00+00:00 [queued]>
[2022-07-25 12:23:48,532] {taskinstance.py:1179} INFO - Dependencies all met for <TaskInstance: tutorial.t1 scheduled__2022-06-07T00:00:00+00:00 [queued]>
[2022-07-25 12:23:48,533] {taskinstance.py:1376} INFO - 
--------------------------------------------------------------------------------
[2022-07-25 12:23:48,544] {taskinstance.py:1377} INFO - Starting attempt 1 of 2
[2022-07-25 12:23:48,547] {taskinstance.py:1378} INFO - 
--------------------------------------------------------------------------------
[2022-07-25 12:23:48,776] {taskinstance.py:1397} INFO - Executing <Task(PythonOperator): t1> on 2022-06-07 00:00:00+00:00
[2022-07-25 12:23:48,818] {standard_task_runner.py:52} INFO - Started process 452 to run task
[2022-07-25 12:23:48,989] {standard_task_runner.py:79} INFO - Running: ['***', 'tasks', 'run', 'tutorial', 't1', 'scheduled__2022-06-07T00:00:00+00:00', '--job-id', '13', '--raw', '--subdir', 'DAGS_FOLDER/nickdag.py', '--cfg-path', '/tmp/tmpc45k3e3z', '--error-file', '/tmp/tmp_rd873hn']
[2022-07-25 12:23:49,073] {standard_task_runner.py:80} INFO - Job 13: Subtask t1
[2022-07-25 12:23:49,482] {logging_mixin.py:115} WARNING - /home/***/.local/lib/python3.7/site-packages/***/configuration.py:528 DeprecationWarning: The sql_alchemy_conn option in [core] has been moved to the sql_alchemy_conn option in [database] - the old setting has been used, but please update your config.
[2022-07-25 12:23:50,254] {task_command.py:371} INFO - Running <TaskInstance: tutorial.t1 scheduled__2022-06-07T00:00:00+00:00 [running]> on host 929e6a3728d4
[2022-07-25 12:23:50,830] {taskinstance.py:1591} INFO - Exporting the following env vars:
AIRFLOW_CTX_DAG_EMAIL=caroline.kosalka@gmail.com
AIRFLOW_CTX_DAG_OWNER=***
AIRFLOW_CTX_DAG_ID=tutorial
AIRFLOW_CTX_TASK_ID=t1
AIRFLOW_CTX_EXECUTION_DATE=2022-06-07T00:00:00+00:00
AIRFLOW_CTX_TRY_NUMBER=1
AIRFLOW_CTX_DAG_RUN_ID=scheduled__2022-06-07T00:00:00+00:00
[2022-07-25 12:23:50,834] {python.py:173} INFO - Done. Returned value was: welcome
[2022-07-25 12:23:51,050] {taskinstance.py:1420} INFO - Marking task as SUCCESS. dag_id=tutorial, task_id=t1, execution_date=20220607T000000, start_date=20220725T122348, end_date=20220725T122351
[2022-07-25 12:23:51,221] {local_task_job.py:156} INFO - Task exited with return code 0
[2022-07-25 12:23:51,928] {dagrun.py:1081} ERROR - Failed to get task '<TaskInstance: tutorial.get_terminal_data scheduled__2022-06-07T00:00:00+00:00 [removed]>' for dag 'tutorial'. Marking it as removed.
[2022-07-25 12:23:51,940] {dagrun.py:1081} ERROR - Failed to get task '<TaskInstance: tutorial.process_data scheduled__2022-06-07T00:00:00+00:00 [removed]>' for dag 'tutorial'. Marking it as removed.
[2022-07-25 12:23:51,958] {local_task_job.py:273} INFO - 0 downstream tasks scheduled from follow-on schedule check
