[2022-07-22 12:59:25,748] {taskinstance.py:1179} INFO - Dependencies all met for <TaskInstance: tutorial.t1 scheduled__2022-06-05T00:00:00+00:00 [queued]>
[2022-07-22 12:59:26,728] {taskinstance.py:1179} INFO - Dependencies all met for <TaskInstance: tutorial.t1 scheduled__2022-06-05T00:00:00+00:00 [queued]>
[2022-07-22 12:59:26,734] {taskinstance.py:1376} INFO - 
--------------------------------------------------------------------------------
[2022-07-22 12:59:26,737] {taskinstance.py:1377} INFO - Starting attempt 1 of 2
[2022-07-22 12:59:26,747] {taskinstance.py:1378} INFO - 
--------------------------------------------------------------------------------
[2022-07-22 12:59:26,977] {taskinstance.py:1397} INFO - Executing <Task(PythonOperator): t1> on 2022-06-05 00:00:00+00:00
[2022-07-22 12:59:27,213] {standard_task_runner.py:52} INFO - Started process 707 to run task
[2022-07-22 12:59:27,559] {standard_task_runner.py:79} INFO - Running: ['***', 'tasks', 'run', 'tutorial', 't1', 'scheduled__2022-06-05T00:00:00+00:00', '--job-id', '9', '--raw', '--subdir', 'DAGS_FOLDER/nickdag.py', '--cfg-path', '/tmp/tmp2ymvrpdx', '--error-file', '/tmp/tmppb9x2fgq']
[2022-07-22 12:59:27,589] {standard_task_runner.py:80} INFO - Job 9: Subtask t1
[2022-07-22 12:59:28,338] {logging_mixin.py:115} WARNING - /home/***/.local/lib/python3.7/site-packages/***/configuration.py:528 DeprecationWarning: The sql_alchemy_conn option in [core] has been moved to the sql_alchemy_conn option in [database] - the old setting has been used, but please update your config.
[2022-07-22 12:59:30,722] {task_command.py:371} INFO - Running <TaskInstance: tutorial.t1 scheduled__2022-06-05T00:00:00+00:00 [running]> on host 2f63307804d5
[2022-07-22 12:59:34,998] {taskinstance.py:1591} INFO - Exporting the following env vars:
AIRFLOW_CTX_DAG_EMAIL=caroline.kosalka@gmail.com
AIRFLOW_CTX_DAG_OWNER=***
AIRFLOW_CTX_DAG_ID=tutorial
AIRFLOW_CTX_TASK_ID=t1
AIRFLOW_CTX_EXECUTION_DATE=2022-06-05T00:00:00+00:00
AIRFLOW_CTX_TRY_NUMBER=1
AIRFLOW_CTX_DAG_RUN_ID=scheduled__2022-06-05T00:00:00+00:00
[2022-07-22 12:59:35,184] {python.py:173} INFO - Done. Returned value was: welcome
[2022-07-22 12:59:37,845] {taskinstance.py:1420} INFO - Marking task as SUCCESS. dag_id=tutorial, task_id=t1, execution_date=20220605T000000, start_date=20220722T125925, end_date=20220722T125937
[2022-07-22 12:59:38,496] {local_task_job.py:156} INFO - Task exited with return code 0
[2022-07-22 12:59:42,475] {local_task_job.py:273} INFO - 1 downstream tasks scheduled from follow-on schedule check
[2022-07-25 09:17:50,657] {taskinstance.py:1179} INFO - Dependencies all met for <TaskInstance: tutorial.t1 scheduled__2022-06-05T00:00:00+00:00 [queued]>
[2022-07-25 09:17:50,700] {taskinstance.py:1179} INFO - Dependencies all met for <TaskInstance: tutorial.t1 scheduled__2022-06-05T00:00:00+00:00 [queued]>
[2022-07-25 09:17:50,701] {taskinstance.py:1376} INFO - 
--------------------------------------------------------------------------------
[2022-07-25 09:17:50,701] {taskinstance.py:1377} INFO - Starting attempt 1 of 2
[2022-07-25 09:17:50,702] {taskinstance.py:1378} INFO - 
--------------------------------------------------------------------------------
[2022-07-25 09:17:50,787] {taskinstance.py:1397} INFO - Executing <Task(PythonOperator): t1> on 2022-06-05 00:00:00+00:00
[2022-07-25 09:17:50,817] {standard_task_runner.py:52} INFO - Started process 670 to run task
[2022-07-25 09:17:50,893] {standard_task_runner.py:79} INFO - Running: ['***', 'tasks', 'run', 'tutorial', 't1', 'scheduled__2022-06-05T00:00:00+00:00', '--job-id', '3', '--raw', '--subdir', 'DAGS_FOLDER/nickdag.py', '--cfg-path', '/tmp/tmpnohtm53z', '--error-file', '/tmp/tmpni3bvus9']
[2022-07-25 09:17:50,912] {standard_task_runner.py:80} INFO - Job 3: Subtask t1
[2022-07-25 09:17:51,056] {logging_mixin.py:115} WARNING - /home/***/.local/lib/python3.7/site-packages/***/configuration.py:528 DeprecationWarning: The sql_alchemy_conn option in [core] has been moved to the sql_alchemy_conn option in [database] - the old setting has been used, but please update your config.
[2022-07-25 09:17:51,497] {task_command.py:371} INFO - Running <TaskInstance: tutorial.t1 scheduled__2022-06-05T00:00:00+00:00 [running]> on host 01e6b1df1873
[2022-07-25 09:17:52,109] {taskinstance.py:1591} INFO - Exporting the following env vars:
AIRFLOW_CTX_DAG_EMAIL=caroline.kosalka@gmail.com
AIRFLOW_CTX_DAG_OWNER=***
AIRFLOW_CTX_DAG_ID=tutorial
AIRFLOW_CTX_TASK_ID=t1
AIRFLOW_CTX_EXECUTION_DATE=2022-06-05T00:00:00+00:00
AIRFLOW_CTX_TRY_NUMBER=1
AIRFLOW_CTX_DAG_RUN_ID=scheduled__2022-06-05T00:00:00+00:00
[2022-07-25 09:17:52,112] {python.py:173} INFO - Done. Returned value was: welcome
[2022-07-25 09:17:52,352] {taskinstance.py:1420} INFO - Marking task as SUCCESS. dag_id=tutorial, task_id=t1, execution_date=20220605T000000, start_date=20220725T091750, end_date=20220725T091752
[2022-07-25 09:17:52,473] {local_task_job.py:156} INFO - Task exited with return code 0
[2022-07-25 09:17:52,945] {local_task_job.py:273} INFO - 0 downstream tasks scheduled from follow-on schedule check
[2022-07-25 12:23:48,269] {taskinstance.py:1179} INFO - Dependencies all met for <TaskInstance: tutorial.t1 scheduled__2022-06-05T00:00:00+00:00 [queued]>
[2022-07-25 12:23:48,343] {taskinstance.py:1179} INFO - Dependencies all met for <TaskInstance: tutorial.t1 scheduled__2022-06-05T00:00:00+00:00 [queued]>
[2022-07-25 12:23:48,344] {taskinstance.py:1376} INFO - 
--------------------------------------------------------------------------------
[2022-07-25 12:23:48,345] {taskinstance.py:1377} INFO - Starting attempt 1 of 2
[2022-07-25 12:23:48,346] {taskinstance.py:1378} INFO - 
--------------------------------------------------------------------------------
[2022-07-25 12:23:48,684] {taskinstance.py:1397} INFO - Executing <Task(PythonOperator): t1> on 2022-06-05 00:00:00+00:00
[2022-07-25 12:23:48,723] {standard_task_runner.py:52} INFO - Started process 449 to run task
[2022-07-25 12:23:48,840] {standard_task_runner.py:79} INFO - Running: ['***', 'tasks', 'run', 'tutorial', 't1', 'scheduled__2022-06-05T00:00:00+00:00', '--job-id', '16', '--raw', '--subdir', 'DAGS_FOLDER/nickdag.py', '--cfg-path', '/tmp/tmp23hg027n', '--error-file', '/tmp/tmppfykqjaj']
[2022-07-25 12:23:48,877] {standard_task_runner.py:80} INFO - Job 16: Subtask t1
[2022-07-25 12:23:49,181] {logging_mixin.py:115} WARNING - /home/***/.local/lib/python3.7/site-packages/***/configuration.py:528 DeprecationWarning: The sql_alchemy_conn option in [core] has been moved to the sql_alchemy_conn option in [database] - the old setting has been used, but please update your config.
[2022-07-25 12:23:49,877] {task_command.py:371} INFO - Running <TaskInstance: tutorial.t1 scheduled__2022-06-05T00:00:00+00:00 [running]> on host 929e6a3728d4
[2022-07-25 12:23:50,665] {taskinstance.py:1591} INFO - Exporting the following env vars:
AIRFLOW_CTX_DAG_EMAIL=caroline.kosalka@gmail.com
AIRFLOW_CTX_DAG_OWNER=***
AIRFLOW_CTX_DAG_ID=tutorial
AIRFLOW_CTX_TASK_ID=t1
AIRFLOW_CTX_EXECUTION_DATE=2022-06-05T00:00:00+00:00
AIRFLOW_CTX_TRY_NUMBER=1
AIRFLOW_CTX_DAG_RUN_ID=scheduled__2022-06-05T00:00:00+00:00
[2022-07-25 12:23:50,667] {python.py:173} INFO - Done. Returned value was: welcome
[2022-07-25 12:23:50,906] {taskinstance.py:1420} INFO - Marking task as SUCCESS. dag_id=tutorial, task_id=t1, execution_date=20220605T000000, start_date=20220725T122348, end_date=20220725T122350
[2022-07-25 12:23:51,132] {local_task_job.py:156} INFO - Task exited with return code 0
[2022-07-25 12:23:51,399] {dagrun.py:1081} ERROR - Failed to get task '<TaskInstance: tutorial.get_terminal_data scheduled__2022-06-05T00:00:00+00:00 [removed]>' for dag 'tutorial'. Marking it as removed.
[2022-07-25 12:23:51,411] {dagrun.py:1081} ERROR - Failed to get task '<TaskInstance: tutorial.process_data scheduled__2022-06-05T00:00:00+00:00 [removed]>' for dag 'tutorial'. Marking it as removed.
[2022-07-25 12:23:51,453] {local_task_job.py:273} INFO - 1 downstream tasks scheduled from follow-on schedule check
