[2022-07-22 13:00:21,948] {taskinstance.py:1179} INFO - Dependencies all met for <TaskInstance: tutorial.t2 scheduled__2022-06-28T00:00:00+00:00 [queued]>
[2022-07-22 13:00:21,975] {taskinstance.py:1179} INFO - Dependencies all met for <TaskInstance: tutorial.t2 scheduled__2022-06-28T00:00:00+00:00 [queued]>
[2022-07-22 13:00:21,981] {taskinstance.py:1376} INFO - 
--------------------------------------------------------------------------------
[2022-07-22 13:00:22,020] {taskinstance.py:1377} INFO - Starting attempt 1 of 2
[2022-07-22 13:00:22,023] {taskinstance.py:1378} INFO - 
--------------------------------------------------------------------------------
[2022-07-22 13:00:22,051] {taskinstance.py:1397} INFO - Executing <Task(PythonOperator): t2> on 2022-06-28 00:00:00+00:00
[2022-07-22 13:00:22,059] {standard_task_runner.py:52} INFO - Started process 817 to run task
[2022-07-22 13:00:22,063] {standard_task_runner.py:79} INFO - Running: ['***', 'tasks', 'run', 'tutorial', 't2', 'scheduled__2022-06-28T00:00:00+00:00', '--job-id', '56', '--raw', '--subdir', 'DAGS_FOLDER/nickdag.py', '--cfg-path', '/tmp/tmp9pw169w0', '--error-file', '/tmp/tmpgxy1j_um']
[2022-07-22 13:00:22,065] {standard_task_runner.py:80} INFO - Job 56: Subtask t2
[2022-07-22 13:00:22,091] {logging_mixin.py:115} WARNING - /home/***/.local/lib/python3.7/site-packages/***/configuration.py:528 DeprecationWarning: The sql_alchemy_conn option in [core] has been moved to the sql_alchemy_conn option in [database] - the old setting has been used, but please update your config.
[2022-07-22 13:00:22,185] {task_command.py:371} INFO - Running <TaskInstance: tutorial.t2 scheduled__2022-06-28T00:00:00+00:00 [running]> on host 2f63307804d5
[2022-07-22 13:00:22,304] {taskinstance.py:1591} INFO - Exporting the following env vars:
AIRFLOW_CTX_DAG_EMAIL=caroline.kosalka@gmail.com
AIRFLOW_CTX_DAG_OWNER=***
AIRFLOW_CTX_DAG_ID=tutorial
AIRFLOW_CTX_TASK_ID=t2
AIRFLOW_CTX_EXECUTION_DATE=2022-06-28T00:00:00+00:00
AIRFLOW_CTX_TRY_NUMBER=1
AIRFLOW_CTX_DAG_RUN_ID=scheduled__2022-06-28T00:00:00+00:00
[2022-07-22 13:00:22,306] {python.py:173} INFO - Done. Returned value was: goodbye
[2022-07-22 13:00:22,346] {taskinstance.py:1420} INFO - Marking task as SUCCESS. dag_id=tutorial, task_id=t2, execution_date=20220628T000000, start_date=20220722T130021, end_date=20220722T130022
[2022-07-22 13:00:22,396] {local_task_job.py:156} INFO - Task exited with return code 0
[2022-07-22 13:00:22,445] {local_task_job.py:273} INFO - 0 downstream tasks scheduled from follow-on schedule check
[2022-07-25 09:18:05,710] {taskinstance.py:1179} INFO - Dependencies all met for <TaskInstance: tutorial.t2 scheduled__2022-06-28T00:00:00+00:00 [queued]>
[2022-07-25 09:18:05,747] {taskinstance.py:1179} INFO - Dependencies all met for <TaskInstance: tutorial.t2 scheduled__2022-06-28T00:00:00+00:00 [queued]>
[2022-07-25 09:18:05,747] {taskinstance.py:1376} INFO - 
--------------------------------------------------------------------------------
[2022-07-25 09:18:05,748] {taskinstance.py:1377} INFO - Starting attempt 1 of 2
[2022-07-25 09:18:05,749] {taskinstance.py:1378} INFO - 
--------------------------------------------------------------------------------
[2022-07-25 09:18:05,804] {taskinstance.py:1397} INFO - Executing <Task(PythonOperator): t2> on 2022-06-28 00:00:00+00:00
[2022-07-25 09:18:05,818] {standard_task_runner.py:52} INFO - Started process 780 to run task
[2022-07-25 09:18:05,832] {standard_task_runner.py:79} INFO - Running: ['***', 'tasks', 'run', 'tutorial', 't2', 'scheduled__2022-06-28T00:00:00+00:00', '--job-id', '57', '--raw', '--subdir', 'DAGS_FOLDER/nickdag.py', '--cfg-path', '/tmp/tmpl_n7brtj', '--error-file', '/tmp/tmp9m9j0h0s']
[2022-07-25 09:18:05,836] {standard_task_runner.py:80} INFO - Job 57: Subtask t2
[2022-07-25 09:18:05,889] {logging_mixin.py:115} WARNING - /home/***/.local/lib/python3.7/site-packages/***/configuration.py:528 DeprecationWarning: The sql_alchemy_conn option in [core] has been moved to the sql_alchemy_conn option in [database] - the old setting has been used, but please update your config.
[2022-07-25 09:18:05,988] {task_command.py:371} INFO - Running <TaskInstance: tutorial.t2 scheduled__2022-06-28T00:00:00+00:00 [running]> on host 01e6b1df1873
[2022-07-25 09:18:06,113] {taskinstance.py:1591} INFO - Exporting the following env vars:
AIRFLOW_CTX_DAG_EMAIL=caroline.kosalka@gmail.com
AIRFLOW_CTX_DAG_OWNER=***
AIRFLOW_CTX_DAG_ID=tutorial
AIRFLOW_CTX_TASK_ID=t2
AIRFLOW_CTX_EXECUTION_DATE=2022-06-28T00:00:00+00:00
AIRFLOW_CTX_TRY_NUMBER=1
AIRFLOW_CTX_DAG_RUN_ID=scheduled__2022-06-28T00:00:00+00:00
[2022-07-25 09:18:06,114] {python.py:173} INFO - Done. Returned value was: goodbye
[2022-07-25 09:18:06,153] {taskinstance.py:1420} INFO - Marking task as SUCCESS. dag_id=tutorial, task_id=t2, execution_date=20220628T000000, start_date=20220725T091805, end_date=20220725T091806
[2022-07-25 09:18:06,210] {local_task_job.py:156} INFO - Task exited with return code 0
[2022-07-25 09:18:06,260] {local_task_job.py:273} INFO - 0 downstream tasks scheduled from follow-on schedule check
[2022-07-25 12:26:56,813] {taskinstance.py:1179} INFO - Dependencies all met for <TaskInstance: tutorial.t2 scheduled__2022-06-28T00:00:00+00:00 [queued]>
[2022-07-25 12:26:56,904] {taskinstance.py:1179} INFO - Dependencies all met for <TaskInstance: tutorial.t2 scheduled__2022-06-28T00:00:00+00:00 [queued]>
[2022-07-25 12:26:56,905] {taskinstance.py:1376} INFO - 
--------------------------------------------------------------------------------
[2022-07-25 12:26:56,906] {taskinstance.py:1377} INFO - Starting attempt 1 of 2
[2022-07-25 12:26:56,907] {taskinstance.py:1378} INFO - 
--------------------------------------------------------------------------------
[2022-07-25 12:26:57,006] {taskinstance.py:1397} INFO - Executing <Task(PythonOperator): t2> on 2022-06-28 00:00:00+00:00
[2022-07-25 12:26:57,032] {standard_task_runner.py:52} INFO - Started process 849 to run task
[2022-07-25 12:26:57,072] {standard_task_runner.py:79} INFO - Running: ['***', 'tasks', 'run', 'tutorial', 't2', 'scheduled__2022-06-28T00:00:00+00:00', '--job-id', '126', '--raw', '--subdir', 'DAGS_FOLDER/nickdag.py', '--cfg-path', '/tmp/tmprtuhiik4', '--error-file', '/tmp/tmpi_fxfn2m']
[2022-07-25 12:26:57,089] {standard_task_runner.py:80} INFO - Job 126: Subtask t2
[2022-07-25 12:26:57,220] {logging_mixin.py:115} WARNING - /home/***/.local/lib/python3.7/site-packages/***/configuration.py:528 DeprecationWarning: The sql_alchemy_conn option in [core] has been moved to the sql_alchemy_conn option in [database] - the old setting has been used, but please update your config.
[2022-07-25 12:26:57,599] {task_command.py:371} INFO - Running <TaskInstance: tutorial.t2 scheduled__2022-06-28T00:00:00+00:00 [running]> on host 929e6a3728d4
[2022-07-25 12:26:58,122] {taskinstance.py:1591} INFO - Exporting the following env vars:
AIRFLOW_CTX_DAG_EMAIL=caroline.kosalka@gmail.com
AIRFLOW_CTX_DAG_OWNER=***
AIRFLOW_CTX_DAG_ID=tutorial
AIRFLOW_CTX_TASK_ID=t2
AIRFLOW_CTX_EXECUTION_DATE=2022-06-28T00:00:00+00:00
AIRFLOW_CTX_TRY_NUMBER=1
AIRFLOW_CTX_DAG_RUN_ID=scheduled__2022-06-28T00:00:00+00:00
[2022-07-25 12:26:58,125] {python.py:173} INFO - Done. Returned value was: goodbye
[2022-07-25 12:26:58,315] {taskinstance.py:1420} INFO - Marking task as SUCCESS. dag_id=tutorial, task_id=t2, execution_date=20220628T000000, start_date=20220725T122656, end_date=20220725T122658
[2022-07-25 12:26:58,409] {local_task_job.py:156} INFO - Task exited with return code 0
[2022-07-25 12:26:58,627] {local_task_job.py:273} INFO - 0 downstream tasks scheduled from follow-on schedule check
