[2022-07-21 08:09:11,775] {taskinstance.py:1179} INFO - Dependencies all met for <TaskInstance: tutorial.sleep scheduled__2022-06-06T00:00:00+00:00 [queued]>
[2022-07-21 08:09:11,910] {taskinstance.py:1179} INFO - Dependencies all met for <TaskInstance: tutorial.sleep scheduled__2022-06-06T00:00:00+00:00 [queued]>
[2022-07-21 08:09:11,936] {taskinstance.py:1376} INFO - 
--------------------------------------------------------------------------------
[2022-07-21 08:09:11,937] {taskinstance.py:1377} INFO - Starting attempt 1 of 4
[2022-07-21 08:09:11,939] {taskinstance.py:1378} INFO - 
--------------------------------------------------------------------------------
[2022-07-21 08:09:12,200] {taskinstance.py:1397} INFO - Executing <Task(BashOperator): sleep> on 2022-06-06 00:00:00+00:00
[2022-07-21 08:09:12,242] {standard_task_runner.py:52} INFO - Started process 407 to run task
[2022-07-21 08:09:12,310] {standard_task_runner.py:79} INFO - Running: ['***', 'tasks', 'run', 'tutorial', 'sleep', 'scheduled__2022-06-06T00:00:00+00:00', '--job-id', '21', '--raw', '--subdir', 'DAGS_FOLDER/nickdag.py', '--cfg-path', '/tmp/tmpbhjc4v8v', '--error-file', '/tmp/tmp46vz77iw']
[2022-07-21 08:09:13,858] {standard_task_runner.py:80} INFO - Job 21: Subtask sleep
[2022-07-21 08:09:14,267] {logging_mixin.py:115} WARNING - /home/***/.local/lib/python3.7/site-packages/***/configuration.py:528 DeprecationWarning: The sql_alchemy_conn option in [core] has been moved to the sql_alchemy_conn option in [database] - the old setting has been used, but please update your config.
[2022-07-21 08:09:15,747] {task_command.py:371} INFO - Running <TaskInstance: tutorial.sleep scheduled__2022-06-06T00:00:00+00:00 [running]> on host 97e3017421e4
[2022-07-21 08:09:17,433] {taskinstance.py:1591} INFO - Exporting the following env vars:
AIRFLOW_CTX_DAG_EMAIL=caroline.kosalka@gmail.com
AIRFLOW_CTX_DAG_OWNER=***
AIRFLOW_CTX_DAG_ID=tutorial
AIRFLOW_CTX_TASK_ID=sleep
AIRFLOW_CTX_EXECUTION_DATE=2022-06-06T00:00:00+00:00
AIRFLOW_CTX_TRY_NUMBER=1
AIRFLOW_CTX_DAG_RUN_ID=scheduled__2022-06-06T00:00:00+00:00
[2022-07-21 08:09:17,448] {subprocess.py:62} INFO - Tmp dir root location: 
 /tmp
[2022-07-21 08:09:17,485] {subprocess.py:74} INFO - Running command: ['bash', '-c', 'sleep 5']
[2022-07-21 08:09:17,670] {subprocess.py:85} INFO - Output:
[2022-07-21 08:09:22,703] {subprocess.py:96} INFO - Command exited with return code 0
[2022-07-21 08:09:22,775] {taskinstance.py:1420} INFO - Marking task as SUCCESS. dag_id=tutorial, task_id=sleep, execution_date=20220606T000000, start_date=20220721T080911, end_date=20220721T080922
[2022-07-21 08:09:22,845] {local_task_job.py:156} INFO - Task exited with return code 0
[2022-07-21 08:09:22,903] {local_task_job.py:273} INFO - 0 downstream tasks scheduled from follow-on schedule check
