[2022-07-22 13:00:27,263] {taskinstance.py:1179} INFO - Dependencies all met for <TaskInstance: tutorial.t2 scheduled__2022-06-29T00:00:00+00:00 [queued]>
[2022-07-22 13:00:27,344] {taskinstance.py:1179} INFO - Dependencies all met for <TaskInstance: tutorial.t2 scheduled__2022-06-29T00:00:00+00:00 [queued]>
[2022-07-22 13:00:27,346] {taskinstance.py:1376} INFO - 
--------------------------------------------------------------------------------
[2022-07-22 13:00:27,347] {taskinstance.py:1377} INFO - Starting attempt 1 of 2
[2022-07-22 13:00:27,348] {taskinstance.py:1378} INFO - 
--------------------------------------------------------------------------------
[2022-07-22 13:00:27,448] {taskinstance.py:1397} INFO - Executing <Task(PythonOperator): t2> on 2022-06-29 00:00:00+00:00
[2022-07-22 13:00:27,475] {standard_task_runner.py:52} INFO - Started process 840 to run task
[2022-07-22 13:00:27,500] {standard_task_runner.py:79} INFO - Running: ['***', 'tasks', 'run', 'tutorial', 't2', 'scheduled__2022-06-29T00:00:00+00:00', '--job-id', '66', '--raw', '--subdir', 'DAGS_FOLDER/nickdag.py', '--cfg-path', '/tmp/tmp3hszibtr', '--error-file', '/tmp/tmp5gzv5gmo']
[2022-07-22 13:00:27,505] {standard_task_runner.py:80} INFO - Job 66: Subtask t2
[2022-07-22 13:00:27,566] {logging_mixin.py:115} WARNING - /home/***/.local/lib/python3.7/site-packages/***/configuration.py:528 DeprecationWarning: The sql_alchemy_conn option in [core] has been moved to the sql_alchemy_conn option in [database] - the old setting has been used, but please update your config.
[2022-07-22 13:00:27,838] {task_command.py:371} INFO - Running <TaskInstance: tutorial.t2 scheduled__2022-06-29T00:00:00+00:00 [running]> on host 2f63307804d5
[2022-07-22 13:00:28,266] {taskinstance.py:1591} INFO - Exporting the following env vars:
AIRFLOW_CTX_DAG_EMAIL=caroline.kosalka@gmail.com
AIRFLOW_CTX_DAG_OWNER=***
AIRFLOW_CTX_DAG_ID=tutorial
AIRFLOW_CTX_TASK_ID=t2
AIRFLOW_CTX_EXECUTION_DATE=2022-06-29T00:00:00+00:00
AIRFLOW_CTX_TRY_NUMBER=1
AIRFLOW_CTX_DAG_RUN_ID=scheduled__2022-06-29T00:00:00+00:00
[2022-07-22 13:00:28,274] {python.py:173} INFO - Done. Returned value was: goodbye
[2022-07-22 13:00:28,471] {taskinstance.py:1420} INFO - Marking task as SUCCESS. dag_id=tutorial, task_id=t2, execution_date=20220629T000000, start_date=20220722T130027, end_date=20220722T130028
[2022-07-22 13:00:28,644] {local_task_job.py:156} INFO - Task exited with return code 0
[2022-07-22 13:00:28,991] {local_task_job.py:273} INFO - 0 downstream tasks scheduled from follow-on schedule check
[2022-07-25 09:18:06,965] {taskinstance.py:1179} INFO - Dependencies all met for <TaskInstance: tutorial.t2 scheduled__2022-06-29T00:00:00+00:00 [queued]>
[2022-07-25 09:18:06,979] {taskinstance.py:1179} INFO - Dependencies all met for <TaskInstance: tutorial.t2 scheduled__2022-06-29T00:00:00+00:00 [queued]>
[2022-07-25 09:18:06,980] {taskinstance.py:1376} INFO - 
--------------------------------------------------------------------------------
[2022-07-25 09:18:06,981] {taskinstance.py:1377} INFO - Starting attempt 1 of 2
[2022-07-25 09:18:06,981] {taskinstance.py:1378} INFO - 
--------------------------------------------------------------------------------
[2022-07-25 09:18:06,998] {taskinstance.py:1397} INFO - Executing <Task(PythonOperator): t2> on 2022-06-29 00:00:00+00:00
[2022-07-25 09:18:07,005] {standard_task_runner.py:52} INFO - Started process 783 to run task
[2022-07-25 09:18:07,009] {standard_task_runner.py:79} INFO - Running: ['***', 'tasks', 'run', 'tutorial', 't2', 'scheduled__2022-06-29T00:00:00+00:00', '--job-id', '59', '--raw', '--subdir', 'DAGS_FOLDER/nickdag.py', '--cfg-path', '/tmp/tmpw8e5c4gi', '--error-file', '/tmp/tmp93r1yh29']
[2022-07-25 09:18:07,011] {standard_task_runner.py:80} INFO - Job 59: Subtask t2
[2022-07-25 09:18:07,034] {logging_mixin.py:115} WARNING - /home/***/.local/lib/python3.7/site-packages/***/configuration.py:528 DeprecationWarning: The sql_alchemy_conn option in [core] has been moved to the sql_alchemy_conn option in [database] - the old setting has been used, but please update your config.
[2022-07-25 09:18:07,120] {task_command.py:371} INFO - Running <TaskInstance: tutorial.t2 scheduled__2022-06-29T00:00:00+00:00 [running]> on host 01e6b1df1873
[2022-07-25 09:18:07,227] {taskinstance.py:1591} INFO - Exporting the following env vars:
AIRFLOW_CTX_DAG_EMAIL=caroline.kosalka@gmail.com
AIRFLOW_CTX_DAG_OWNER=***
AIRFLOW_CTX_DAG_ID=tutorial
AIRFLOW_CTX_TASK_ID=t2
AIRFLOW_CTX_EXECUTION_DATE=2022-06-29T00:00:00+00:00
AIRFLOW_CTX_TRY_NUMBER=1
AIRFLOW_CTX_DAG_RUN_ID=scheduled__2022-06-29T00:00:00+00:00
[2022-07-25 09:18:07,229] {python.py:173} INFO - Done. Returned value was: goodbye
[2022-07-25 09:18:07,268] {taskinstance.py:1420} INFO - Marking task as SUCCESS. dag_id=tutorial, task_id=t2, execution_date=20220629T000000, start_date=20220725T091806, end_date=20220725T091807
[2022-07-25 09:18:07,302] {local_task_job.py:156} INFO - Task exited with return code 0
[2022-07-25 09:18:07,355] {local_task_job.py:273} INFO - 0 downstream tasks scheduled from follow-on schedule check
[2022-07-25 12:26:56,601] {taskinstance.py:1179} INFO - Dependencies all met for <TaskInstance: tutorial.t2 scheduled__2022-06-29T00:00:00+00:00 [queued]>
[2022-07-25 12:26:56,666] {taskinstance.py:1179} INFO - Dependencies all met for <TaskInstance: tutorial.t2 scheduled__2022-06-29T00:00:00+00:00 [queued]>
[2022-07-25 12:26:56,667] {taskinstance.py:1376} INFO - 
--------------------------------------------------------------------------------
[2022-07-25 12:26:56,670] {taskinstance.py:1377} INFO - Starting attempt 1 of 2
[2022-07-25 12:26:56,670] {taskinstance.py:1378} INFO - 
--------------------------------------------------------------------------------
[2022-07-25 12:26:56,793] {taskinstance.py:1397} INFO - Executing <Task(PythonOperator): t2> on 2022-06-29 00:00:00+00:00
[2022-07-25 12:26:56,846] {standard_task_runner.py:52} INFO - Started process 839 to run task
[2022-07-25 12:26:56,871] {standard_task_runner.py:79} INFO - Running: ['***', 'tasks', 'run', 'tutorial', 't2', 'scheduled__2022-06-29T00:00:00+00:00', '--job-id', '123', '--raw', '--subdir', 'DAGS_FOLDER/nickdag.py', '--cfg-path', '/tmp/tmp2fmia5zd', '--error-file', '/tmp/tmppjltvfbs']
[2022-07-25 12:26:56,880] {standard_task_runner.py:80} INFO - Job 123: Subtask t2
[2022-07-25 12:26:56,998] {logging_mixin.py:115} WARNING - /home/***/.local/lib/python3.7/site-packages/***/configuration.py:528 DeprecationWarning: The sql_alchemy_conn option in [core] has been moved to the sql_alchemy_conn option in [database] - the old setting has been used, but please update your config.
[2022-07-25 12:26:57,413] {task_command.py:371} INFO - Running <TaskInstance: tutorial.t2 scheduled__2022-06-29T00:00:00+00:00 [running]> on host 929e6a3728d4
[2022-07-25 12:26:57,884] {taskinstance.py:1591} INFO - Exporting the following env vars:
AIRFLOW_CTX_DAG_EMAIL=caroline.kosalka@gmail.com
AIRFLOW_CTX_DAG_OWNER=***
AIRFLOW_CTX_DAG_ID=tutorial
AIRFLOW_CTX_TASK_ID=t2
AIRFLOW_CTX_EXECUTION_DATE=2022-06-29T00:00:00+00:00
AIRFLOW_CTX_TRY_NUMBER=1
AIRFLOW_CTX_DAG_RUN_ID=scheduled__2022-06-29T00:00:00+00:00
[2022-07-25 12:26:57,893] {python.py:173} INFO - Done. Returned value was: goodbye
[2022-07-25 12:26:58,263] {taskinstance.py:1420} INFO - Marking task as SUCCESS. dag_id=tutorial, task_id=t2, execution_date=20220629T000000, start_date=20220725T122656, end_date=20220725T122658
[2022-07-25 12:26:58,397] {local_task_job.py:156} INFO - Task exited with return code 0
[2022-07-25 12:26:58,635] {local_task_job.py:273} INFO - 0 downstream tasks scheduled from follow-on schedule check
