[2022-07-21 08:08:46,490] {taskinstance.py:1179} INFO - Dependencies all met for <TaskInstance: tutorial.print_date scheduled__2022-06-01T00:00:00+00:00 [queued]>
[2022-07-21 08:08:46,513] {taskinstance.py:1179} INFO - Dependencies all met for <TaskInstance: tutorial.print_date scheduled__2022-06-01T00:00:00+00:00 [queued]>
[2022-07-21 08:08:46,514] {taskinstance.py:1376} INFO - 
--------------------------------------------------------------------------------
[2022-07-21 08:08:46,515] {taskinstance.py:1377} INFO - Starting attempt 1 of 2
[2022-07-21 08:08:46,517] {taskinstance.py:1378} INFO - 
--------------------------------------------------------------------------------
[2022-07-21 08:08:46,574] {taskinstance.py:1397} INFO - Executing <Task(BashOperator): print_date> on 2022-06-01 00:00:00+00:00
[2022-07-21 08:08:46,588] {standard_task_runner.py:52} INFO - Started process 350 to run task
[2022-07-21 08:08:46,686] {standard_task_runner.py:79} INFO - Running: ['***', 'tasks', 'run', 'tutorial', 'print_date', 'scheduled__2022-06-01T00:00:00+00:00', '--job-id', '6', '--raw', '--subdir', 'DAGS_FOLDER/nickdag.py', '--cfg-path', '/tmp/tmpcauvpfvh', '--error-file', '/tmp/tmp_oiy3d6v']
[2022-07-21 08:08:46,697] {standard_task_runner.py:80} INFO - Job 6: Subtask print_date
[2022-07-21 08:08:46,801] {logging_mixin.py:115} WARNING - /home/***/.local/lib/python3.7/site-packages/***/configuration.py:528 DeprecationWarning: The sql_alchemy_conn option in [core] has been moved to the sql_alchemy_conn option in [database] - the old setting has been used, but please update your config.
[2022-07-21 08:08:47,742] {task_command.py:371} INFO - Running <TaskInstance: tutorial.print_date scheduled__2022-06-01T00:00:00+00:00 [running]> on host 97e3017421e4
[2022-07-21 08:08:50,683] {taskinstance.py:1591} INFO - Exporting the following env vars:
AIRFLOW_CTX_DAG_EMAIL=caroline.kosalka@gmail.com
AIRFLOW_CTX_DAG_OWNER=***
AIRFLOW_CTX_DAG_ID=tutorial
AIRFLOW_CTX_TASK_ID=print_date
AIRFLOW_CTX_EXECUTION_DATE=2022-06-01T00:00:00+00:00
AIRFLOW_CTX_TRY_NUMBER=1
AIRFLOW_CTX_DAG_RUN_ID=scheduled__2022-06-01T00:00:00+00:00
[2022-07-21 08:08:50,860] {subprocess.py:62} INFO - Tmp dir root location: 
 /tmp
[2022-07-21 08:08:51,162] {subprocess.py:74} INFO - Running command: ['bash', '-c', 'echo helloooo']
[2022-07-21 08:08:53,588] {subprocess.py:85} INFO - Output:
[2022-07-21 08:08:53,784] {subprocess.py:92} INFO - helloooo
[2022-07-21 08:08:53,791] {subprocess.py:96} INFO - Command exited with return code 0
[2022-07-21 08:08:58,572] {taskinstance.py:1420} INFO - Marking task as SUCCESS. dag_id=tutorial, task_id=print_date, execution_date=20220601T000000, start_date=20220721T080846, end_date=20220721T080858
[2022-07-21 08:09:00,923] {local_task_job.py:221} WARNING - State of this instance has been externally set to success. Terminating instance.
[2022-07-21 08:09:01,146] {process_utils.py:129} INFO - Sending Signals.SIGTERM to group 350. PIDs of all processes in the group: [350]
[2022-07-21 08:09:01,155] {process_utils.py:80} INFO - Sending the signal Signals.SIGTERM to group 350
[2022-07-21 08:09:01,545] {process_utils.py:75} INFO - Process psutil.Process(pid=350, status='terminated', exitcode=0, started='08:08:45') (350) terminated with exit code 0
