[2022-07-22 13:00:37,998] {taskinstance.py:1179} INFO - Dependencies all met for <TaskInstance: tutorial.t2 scheduled__2022-07-16T00:00:00+00:00 [queued]>
[2022-07-22 13:00:38,061] {taskinstance.py:1179} INFO - Dependencies all met for <TaskInstance: tutorial.t2 scheduled__2022-07-16T00:00:00+00:00 [queued]>
[2022-07-22 13:00:38,064] {taskinstance.py:1376} INFO - 
--------------------------------------------------------------------------------
[2022-07-22 13:00:38,065] {taskinstance.py:1377} INFO - Starting attempt 1 of 2
[2022-07-22 13:00:38,068] {taskinstance.py:1378} INFO - 
--------------------------------------------------------------------------------
[2022-07-22 13:00:38,179] {taskinstance.py:1397} INFO - Executing <Task(PythonOperator): t2> on 2022-07-16 00:00:00+00:00
[2022-07-22 13:00:38,198] {standard_task_runner.py:52} INFO - Started process 912 to run task
[2022-07-22 13:00:38,242] {standard_task_runner.py:79} INFO - Running: ['***', 'tasks', 'run', 'tutorial', 't2', 'scheduled__2022-07-16T00:00:00+00:00', '--job-id', '98', '--raw', '--subdir', 'DAGS_FOLDER/nickdag.py', '--cfg-path', '/tmp/tmp42vxi9sx', '--error-file', '/tmp/tmpbxp0__c3']
[2022-07-22 13:00:38,261] {standard_task_runner.py:80} INFO - Job 98: Subtask t2
[2022-07-22 13:00:38,389] {logging_mixin.py:115} WARNING - /home/***/.local/lib/python3.7/site-packages/***/configuration.py:528 DeprecationWarning: The sql_alchemy_conn option in [core] has been moved to the sql_alchemy_conn option in [database] - the old setting has been used, but please update your config.
[2022-07-22 13:00:38,768] {task_command.py:371} INFO - Running <TaskInstance: tutorial.t2 scheduled__2022-07-16T00:00:00+00:00 [running]> on host 2f63307804d5
[2022-07-22 13:00:39,115] {taskinstance.py:1591} INFO - Exporting the following env vars:
AIRFLOW_CTX_DAG_EMAIL=caroline.kosalka@gmail.com
AIRFLOW_CTX_DAG_OWNER=***
AIRFLOW_CTX_DAG_ID=tutorial
AIRFLOW_CTX_TASK_ID=t2
AIRFLOW_CTX_EXECUTION_DATE=2022-07-16T00:00:00+00:00
AIRFLOW_CTX_TRY_NUMBER=1
AIRFLOW_CTX_DAG_RUN_ID=scheduled__2022-07-16T00:00:00+00:00
[2022-07-22 13:00:39,118] {python.py:173} INFO - Done. Returned value was: goodbye
[2022-07-22 13:00:39,191] {taskinstance.py:1420} INFO - Marking task as SUCCESS. dag_id=tutorial, task_id=t2, execution_date=20220716T000000, start_date=20220722T130038, end_date=20220722T130039
[2022-07-22 13:00:39,249] {local_task_job.py:156} INFO - Task exited with return code 0
[2022-07-22 13:00:39,427] {local_task_job.py:273} INFO - 0 downstream tasks scheduled from follow-on schedule check
[2022-07-25 09:18:21,947] {taskinstance.py:1179} INFO - Dependencies all met for <TaskInstance: tutorial.t2 scheduled__2022-07-16T00:00:00+00:00 [queued]>
[2022-07-25 09:18:21,974] {taskinstance.py:1179} INFO - Dependencies all met for <TaskInstance: tutorial.t2 scheduled__2022-07-16T00:00:00+00:00 [queued]>
[2022-07-25 09:18:21,975] {taskinstance.py:1376} INFO - 
--------------------------------------------------------------------------------
[2022-07-25 09:18:21,975] {taskinstance.py:1377} INFO - Starting attempt 1 of 2
[2022-07-25 09:18:21,976] {taskinstance.py:1378} INFO - 
--------------------------------------------------------------------------------
[2022-07-25 09:18:21,998] {taskinstance.py:1397} INFO - Executing <Task(PythonOperator): t2> on 2022-07-16 00:00:00+00:00
[2022-07-25 09:18:22,005] {standard_task_runner.py:52} INFO - Started process 866 to run task
[2022-07-25 09:18:22,015] {standard_task_runner.py:79} INFO - Running: ['***', 'tasks', 'run', 'tutorial', 't2', 'scheduled__2022-07-16T00:00:00+00:00', '--job-id', '98', '--raw', '--subdir', 'DAGS_FOLDER/nickdag.py', '--cfg-path', '/tmp/tmp84ot1dvm', '--error-file', '/tmp/tmpmskbrdoj']
[2022-07-25 09:18:22,017] {standard_task_runner.py:80} INFO - Job 98: Subtask t2
[2022-07-25 09:18:22,048] {logging_mixin.py:115} WARNING - /home/***/.local/lib/python3.7/site-packages/***/configuration.py:528 DeprecationWarning: The sql_alchemy_conn option in [core] has been moved to the sql_alchemy_conn option in [database] - the old setting has been used, but please update your config.
[2022-07-25 09:18:22,188] {task_command.py:371} INFO - Running <TaskInstance: tutorial.t2 scheduled__2022-07-16T00:00:00+00:00 [running]> on host 01e6b1df1873
[2022-07-25 09:18:22,399] {taskinstance.py:1591} INFO - Exporting the following env vars:
AIRFLOW_CTX_DAG_EMAIL=caroline.kosalka@gmail.com
AIRFLOW_CTX_DAG_OWNER=***
AIRFLOW_CTX_DAG_ID=tutorial
AIRFLOW_CTX_TASK_ID=t2
AIRFLOW_CTX_EXECUTION_DATE=2022-07-16T00:00:00+00:00
AIRFLOW_CTX_TRY_NUMBER=1
AIRFLOW_CTX_DAG_RUN_ID=scheduled__2022-07-16T00:00:00+00:00
[2022-07-25 09:18:22,403] {python.py:173} INFO - Done. Returned value was: goodbye
[2022-07-25 09:18:22,469] {taskinstance.py:1420} INFO - Marking task as SUCCESS. dag_id=tutorial, task_id=t2, execution_date=20220716T000000, start_date=20220725T091821, end_date=20220725T091822
[2022-07-25 09:18:22,546] {local_task_job.py:156} INFO - Task exited with return code 0
[2022-07-25 09:18:22,627] {local_task_job.py:273} INFO - 0 downstream tasks scheduled from follow-on schedule check
[2022-07-25 12:28:28,326] {taskinstance.py:1179} INFO - Dependencies all met for <TaskInstance: tutorial.t2 scheduled__2022-07-16T00:00:00+00:00 [queued]>
[2022-07-25 12:28:28,424] {taskinstance.py:1179} INFO - Dependencies all met for <TaskInstance: tutorial.t2 scheduled__2022-07-16T00:00:00+00:00 [queued]>
[2022-07-25 12:28:28,425] {taskinstance.py:1376} INFO - 
--------------------------------------------------------------------------------
[2022-07-25 12:28:28,426] {taskinstance.py:1377} INFO - Starting attempt 1 of 2
[2022-07-25 12:28:28,426] {taskinstance.py:1378} INFO - 
--------------------------------------------------------------------------------
[2022-07-25 12:28:28,544] {taskinstance.py:1397} INFO - Executing <Task(PythonOperator): t2> on 2022-07-16 00:00:00+00:00
[2022-07-25 12:28:28,587] {standard_task_runner.py:79} INFO - Running: ['***', 'tasks', 'run', 'tutorial', 't2', 'scheduled__2022-07-16T00:00:00+00:00', '--job-id', '162', '--raw', '--subdir', 'DAGS_FOLDER/nickdag.py', '--cfg-path', '/tmp/tmp1afkntvh', '--error-file', '/tmp/tmpc17gjuiz']
[2022-07-25 12:28:28,594] {standard_task_runner.py:80} INFO - Job 162: Subtask t2
[2022-07-25 12:28:28,568] {standard_task_runner.py:52} INFO - Started process 1033 to run task
[2022-07-25 12:28:28,664] {logging_mixin.py:115} WARNING - /home/***/.local/lib/python3.7/site-packages/***/configuration.py:528 DeprecationWarning: The sql_alchemy_conn option in [core] has been moved to the sql_alchemy_conn option in [database] - the old setting has been used, but please update your config.
[2022-07-25 12:28:28,921] {task_command.py:371} INFO - Running <TaskInstance: tutorial.t2 scheduled__2022-07-16T00:00:00+00:00 [running]> on host 929e6a3728d4
[2022-07-25 12:28:29,559] {taskinstance.py:1591} INFO - Exporting the following env vars:
AIRFLOW_CTX_DAG_EMAIL=caroline.kosalka@gmail.com
AIRFLOW_CTX_DAG_OWNER=***
AIRFLOW_CTX_DAG_ID=tutorial
AIRFLOW_CTX_TASK_ID=t2
AIRFLOW_CTX_EXECUTION_DATE=2022-07-16T00:00:00+00:00
AIRFLOW_CTX_TRY_NUMBER=1
AIRFLOW_CTX_DAG_RUN_ID=scheduled__2022-07-16T00:00:00+00:00
[2022-07-25 12:28:29,562] {python.py:173} INFO - Done. Returned value was: goodbye
[2022-07-25 12:28:29,916] {taskinstance.py:1420} INFO - Marking task as SUCCESS. dag_id=tutorial, task_id=t2, execution_date=20220716T000000, start_date=20220725T122828, end_date=20220725T122829
[2022-07-25 12:28:30,030] {local_task_job.py:156} INFO - Task exited with return code 0
[2022-07-25 12:28:30,148] {local_task_job.py:273} INFO - 0 downstream tasks scheduled from follow-on schedule check
