[2022-07-25 12:25:22,930] {taskinstance.py:1179} INFO - Dependencies all met for <TaskInstance: tutorial.t1 scheduled__2022-06-12T00:00:00+00:00 [queued]>
[2022-07-25 12:25:23,030] {taskinstance.py:1179} INFO - Dependencies all met for <TaskInstance: tutorial.t1 scheduled__2022-06-12T00:00:00+00:00 [queued]>
[2022-07-25 12:25:23,031] {taskinstance.py:1376} INFO - 
--------------------------------------------------------------------------------
[2022-07-25 12:25:23,032] {taskinstance.py:1377} INFO - Starting attempt 2 of 2
[2022-07-25 12:25:23,033] {taskinstance.py:1378} INFO - 
--------------------------------------------------------------------------------
[2022-07-25 12:25:23,136] {taskinstance.py:1397} INFO - Executing <Task(PythonOperator): t1> on 2022-06-12 00:00:00+00:00
[2022-07-25 12:25:23,156] {standard_task_runner.py:52} INFO - Started process 616 to run task
[2022-07-25 12:25:23,202] {standard_task_runner.py:79} INFO - Running: ['***', 'tasks', 'run', 'tutorial', 't1', 'scheduled__2022-06-12T00:00:00+00:00', '--job-id', '53', '--raw', '--subdir', 'DAGS_FOLDER/nickdag.py', '--cfg-path', '/tmp/tmpj4twoxg5', '--error-file', '/tmp/tmpw8u7xft4']
[2022-07-25 12:25:23,218] {standard_task_runner.py:80} INFO - Job 53: Subtask t1
[2022-07-25 12:25:23,398] {logging_mixin.py:115} WARNING - /home/***/.local/lib/python3.7/site-packages/***/configuration.py:528 DeprecationWarning: The sql_alchemy_conn option in [core] has been moved to the sql_alchemy_conn option in [database] - the old setting has been used, but please update your config.
[2022-07-25 12:25:23,918] {task_command.py:371} INFO - Running <TaskInstance: tutorial.t1 scheduled__2022-06-12T00:00:00+00:00 [running]> on host 929e6a3728d4
[2022-07-25 12:25:24,522] {taskinstance.py:1591} INFO - Exporting the following env vars:
AIRFLOW_CTX_DAG_EMAIL=caroline.kosalka@gmail.com
AIRFLOW_CTX_DAG_OWNER=***
AIRFLOW_CTX_DAG_ID=tutorial
AIRFLOW_CTX_TASK_ID=t1
AIRFLOW_CTX_EXECUTION_DATE=2022-06-12T00:00:00+00:00
AIRFLOW_CTX_TRY_NUMBER=2
AIRFLOW_CTX_DAG_RUN_ID=scheduled__2022-06-12T00:00:00+00:00
[2022-07-25 12:25:24,535] {python.py:173} INFO - Done. Returned value was: welcome
[2022-07-25 12:25:24,928] {taskinstance.py:1420} INFO - Marking task as SUCCESS. dag_id=tutorial, task_id=t1, execution_date=20220612T000000, start_date=20220725T122522, end_date=20220725T122524
[2022-07-25 12:25:25,119] {local_task_job.py:156} INFO - Task exited with return code 0
[2022-07-25 12:25:25,327] {dagrun.py:1081} ERROR - Failed to get task '<TaskInstance: tutorial.get_terminal_data scheduled__2022-06-12T00:00:00+00:00 [removed]>' for dag 'tutorial'. Marking it as removed.
[2022-07-25 12:25:25,330] {dagrun.py:1081} ERROR - Failed to get task '<TaskInstance: tutorial.process_data scheduled__2022-06-12T00:00:00+00:00 [removed]>' for dag 'tutorial'. Marking it as removed.
[2022-07-25 12:25:25,357] {local_task_job.py:273} INFO - 1 downstream tasks scheduled from follow-on schedule check
