[2022-07-22 12:59:32,627] {taskinstance.py:1179} INFO - Dependencies all met for <TaskInstance: tutorial.t1 scheduled__2022-06-12T00:00:00+00:00 [queued]>
[2022-07-22 12:59:32,961] {taskinstance.py:1179} INFO - Dependencies all met for <TaskInstance: tutorial.t1 scheduled__2022-06-12T00:00:00+00:00 [queued]>
[2022-07-22 12:59:32,970] {taskinstance.py:1376} INFO - 
--------------------------------------------------------------------------------
[2022-07-22 12:59:32,978] {taskinstance.py:1377} INFO - Starting attempt 1 of 2
[2022-07-22 12:59:32,985] {taskinstance.py:1378} INFO - 
--------------------------------------------------------------------------------
[2022-07-22 12:59:34,057] {taskinstance.py:1397} INFO - Executing <Task(PythonOperator): t1> on 2022-06-12 00:00:00+00:00
[2022-07-22 12:59:34,227] {standard_task_runner.py:52} INFO - Started process 724 to run task
[2022-07-22 12:59:34,320] {standard_task_runner.py:79} INFO - Running: ['***', 'tasks', 'run', 'tutorial', 't1', 'scheduled__2022-06-12T00:00:00+00:00', '--job-id', '12', '--raw', '--subdir', 'DAGS_FOLDER/nickdag.py', '--cfg-path', '/tmp/tmpfg_b6iqw', '--error-file', '/tmp/tmp1tx4a3yp']
[2022-07-22 12:59:34,371] {standard_task_runner.py:80} INFO - Job 12: Subtask t1
[2022-07-22 12:59:35,645] {logging_mixin.py:115} WARNING - /home/***/.local/lib/python3.7/site-packages/***/configuration.py:528 DeprecationWarning: The sql_alchemy_conn option in [core] has been moved to the sql_alchemy_conn option in [database] - the old setting has been used, but please update your config.
[2022-07-22 12:59:37,683] {task_command.py:371} INFO - Running <TaskInstance: tutorial.t1 scheduled__2022-06-12T00:00:00+00:00 [running]> on host 2f63307804d5
[2022-07-22 12:59:42,580] {taskinstance.py:1591} INFO - Exporting the following env vars:
AIRFLOW_CTX_DAG_EMAIL=caroline.kosalka@gmail.com
AIRFLOW_CTX_DAG_OWNER=***
AIRFLOW_CTX_DAG_ID=tutorial
AIRFLOW_CTX_TASK_ID=t1
AIRFLOW_CTX_EXECUTION_DATE=2022-06-12T00:00:00+00:00
AIRFLOW_CTX_TRY_NUMBER=1
AIRFLOW_CTX_DAG_RUN_ID=scheduled__2022-06-12T00:00:00+00:00
[2022-07-22 12:59:42,636] {python.py:173} INFO - Done. Returned value was: welcome
[2022-07-22 12:59:44,421] {taskinstance.py:1420} INFO - Marking task as SUCCESS. dag_id=tutorial, task_id=t1, execution_date=20220612T000000, start_date=20220722T125932, end_date=20220722T125944
[2022-07-22 12:59:45,593] {local_task_job.py:156} INFO - Task exited with return code 0
[2022-07-22 12:59:46,515] {local_task_job.py:273} INFO - 1 downstream tasks scheduled from follow-on schedule check
[2022-07-25 09:17:53,050] {taskinstance.py:1179} INFO - Dependencies all met for <TaskInstance: tutorial.t1 scheduled__2022-06-12T00:00:00+00:00 [queued]>
[2022-07-25 09:17:53,104] {taskinstance.py:1179} INFO - Dependencies all met for <TaskInstance: tutorial.t1 scheduled__2022-06-12T00:00:00+00:00 [queued]>
[2022-07-25 09:17:53,106] {taskinstance.py:1376} INFO - 
--------------------------------------------------------------------------------
[2022-07-25 09:17:53,109] {taskinstance.py:1377} INFO - Starting attempt 1 of 2
[2022-07-25 09:17:53,110] {taskinstance.py:1378} INFO - 
--------------------------------------------------------------------------------
[2022-07-25 09:17:53,247] {taskinstance.py:1397} INFO - Executing <Task(PythonOperator): t1> on 2022-06-12 00:00:00+00:00
[2022-07-25 09:17:53,293] {standard_task_runner.py:52} INFO - Started process 689 to run task
[2022-07-25 09:17:53,331] {standard_task_runner.py:79} INFO - Running: ['***', 'tasks', 'run', 'tutorial', 't1', 'scheduled__2022-06-12T00:00:00+00:00', '--job-id', '13', '--raw', '--subdir', 'DAGS_FOLDER/nickdag.py', '--cfg-path', '/tmp/tmp8sp1542m', '--error-file', '/tmp/tmpa_77y3tt']
[2022-07-25 09:17:53,339] {standard_task_runner.py:80} INFO - Job 13: Subtask t1
[2022-07-25 09:17:53,391] {logging_mixin.py:115} WARNING - /home/***/.local/lib/python3.7/site-packages/***/configuration.py:528 DeprecationWarning: The sql_alchemy_conn option in [core] has been moved to the sql_alchemy_conn option in [database] - the old setting has been used, but please update your config.
[2022-07-25 09:17:53,706] {task_command.py:371} INFO - Running <TaskInstance: tutorial.t1 scheduled__2022-06-12T00:00:00+00:00 [running]> on host 01e6b1df1873
[2022-07-25 09:17:54,662] {taskinstance.py:1591} INFO - Exporting the following env vars:
AIRFLOW_CTX_DAG_EMAIL=caroline.kosalka@gmail.com
AIRFLOW_CTX_DAG_OWNER=***
AIRFLOW_CTX_DAG_ID=tutorial
AIRFLOW_CTX_TASK_ID=t1
AIRFLOW_CTX_EXECUTION_DATE=2022-06-12T00:00:00+00:00
AIRFLOW_CTX_TRY_NUMBER=1
AIRFLOW_CTX_DAG_RUN_ID=scheduled__2022-06-12T00:00:00+00:00
[2022-07-25 09:17:54,666] {python.py:173} INFO - Done. Returned value was: welcome
[2022-07-25 09:17:54,966] {taskinstance.py:1420} INFO - Marking task as SUCCESS. dag_id=tutorial, task_id=t1, execution_date=20220612T000000, start_date=20220725T091753, end_date=20220725T091754
[2022-07-25 09:17:55,129] {local_task_job.py:156} INFO - Task exited with return code 0
[2022-07-25 09:17:55,488] {local_task_job.py:273} INFO - 1 downstream tasks scheduled from follow-on schedule check
[2022-07-25 12:23:48,255] {taskinstance.py:1179} INFO - Dependencies all met for <TaskInstance: tutorial.t1 scheduled__2022-06-12T00:00:00+00:00 [queued]>
[2022-07-25 12:23:48,332] {taskinstance.py:1179} INFO - Dependencies all met for <TaskInstance: tutorial.t1 scheduled__2022-06-12T00:00:00+00:00 [queued]>
[2022-07-25 12:23:48,333] {taskinstance.py:1376} INFO - 
--------------------------------------------------------------------------------
[2022-07-25 12:23:48,334] {taskinstance.py:1377} INFO - Starting attempt 1 of 2
[2022-07-25 12:23:48,335] {taskinstance.py:1378} INFO - 
--------------------------------------------------------------------------------
[2022-07-25 12:23:48,472] {taskinstance.py:1397} INFO - Executing <Task(PythonOperator): t1> on 2022-06-12 00:00:00+00:00
[2022-07-25 12:23:48,497] {standard_task_runner.py:52} INFO - Started process 441 to run task
[2022-07-25 12:23:48,521] {standard_task_runner.py:79} INFO - Running: ['***', 'tasks', 'run', 'tutorial', 't1', 'scheduled__2022-06-12T00:00:00+00:00', '--job-id', '10', '--raw', '--subdir', 'DAGS_FOLDER/nickdag.py', '--cfg-path', '/tmp/tmpkqo6vp7r', '--error-file', '/tmp/tmpzw5v8n9a']
[2022-07-25 12:23:48,532] {standard_task_runner.py:80} INFO - Job 10: Subtask t1
[2022-07-25 12:23:48,639] {logging_mixin.py:115} WARNING - /home/***/.local/lib/python3.7/site-packages/***/configuration.py:528 DeprecationWarning: The sql_alchemy_conn option in [core] has been moved to the sql_alchemy_conn option in [database] - the old setting has been used, but please update your config.
[2022-07-25 12:23:49,484] {task_command.py:371} INFO - Running <TaskInstance: tutorial.t1 scheduled__2022-06-12T00:00:00+00:00 [running]> on host 929e6a3728d4
[2022-07-25 12:23:50,136] {taskinstance.py:1591} INFO - Exporting the following env vars:
AIRFLOW_CTX_DAG_EMAIL=caroline.kosalka@gmail.com
AIRFLOW_CTX_DAG_OWNER=***
AIRFLOW_CTX_DAG_ID=tutorial
AIRFLOW_CTX_TASK_ID=t1
AIRFLOW_CTX_EXECUTION_DATE=2022-06-12T00:00:00+00:00
AIRFLOW_CTX_TRY_NUMBER=1
AIRFLOW_CTX_DAG_RUN_ID=scheduled__2022-06-12T00:00:00+00:00
[2022-07-25 12:23:50,139] {python.py:173} INFO - Done. Returned value was: welcome
[2022-07-25 12:23:50,914] {taskinstance.py:1420} INFO - Marking task as SUCCESS. dag_id=tutorial, task_id=t1, execution_date=20220612T000000, start_date=20220725T122348, end_date=20220725T122350
[2022-07-25 12:23:51,101] {local_task_job.py:156} INFO - Task exited with return code 0
[2022-07-25 12:23:51,355] {dagrun.py:1081} ERROR - Failed to get task '<TaskInstance: tutorial.get_terminal_data scheduled__2022-06-12T00:00:00+00:00 [removed]>' for dag 'tutorial'. Marking it as removed.
[2022-07-25 12:23:51,362] {dagrun.py:1081} ERROR - Failed to get task '<TaskInstance: tutorial.process_data scheduled__2022-06-12T00:00:00+00:00 [removed]>' for dag 'tutorial'. Marking it as removed.
[2022-07-25 12:23:51,395] {local_task_job.py:273} INFO - 1 downstream tasks scheduled from follow-on schedule check
