[2022-07-22 13:00:30,458] {taskinstance.py:1179} INFO - Dependencies all met for <TaskInstance: tutorial.t1 scheduled__2022-07-11T00:00:00+00:00 [queued]>
[2022-07-22 13:00:30,511] {taskinstance.py:1179} INFO - Dependencies all met for <TaskInstance: tutorial.t1 scheduled__2022-07-11T00:00:00+00:00 [queued]>
[2022-07-22 13:00:30,513] {taskinstance.py:1376} INFO - 
--------------------------------------------------------------------------------
[2022-07-22 13:00:30,514] {taskinstance.py:1377} INFO - Starting attempt 1 of 2
[2022-07-22 13:00:30,514] {taskinstance.py:1378} INFO - 
--------------------------------------------------------------------------------
[2022-07-22 13:00:30,589] {taskinstance.py:1397} INFO - Executing <Task(PythonOperator): t1> on 2022-07-11 00:00:00+00:00
[2022-07-22 13:00:30,610] {standard_task_runner.py:52} INFO - Started process 863 to run task
[2022-07-22 13:00:30,630] {standard_task_runner.py:79} INFO - Running: ['***', 'tasks', 'run', 'tutorial', 't1', 'scheduled__2022-07-11T00:00:00+00:00', '--job-id', '77', '--raw', '--subdir', 'DAGS_FOLDER/nickdag.py', '--cfg-path', '/tmp/tmpex10v12z', '--error-file', '/tmp/tmpxbfyrnhd']
[2022-07-22 13:00:30,632] {standard_task_runner.py:80} INFO - Job 77: Subtask t1
[2022-07-22 13:00:30,727] {logging_mixin.py:115} WARNING - /home/***/.local/lib/python3.7/site-packages/***/configuration.py:528 DeprecationWarning: The sql_alchemy_conn option in [core] has been moved to the sql_alchemy_conn option in [database] - the old setting has been used, but please update your config.
[2022-07-22 13:00:30,960] {task_command.py:371} INFO - Running <TaskInstance: tutorial.t1 scheduled__2022-07-11T00:00:00+00:00 [running]> on host 2f63307804d5
[2022-07-22 13:00:31,126] {taskinstance.py:1591} INFO - Exporting the following env vars:
AIRFLOW_CTX_DAG_EMAIL=caroline.kosalka@gmail.com
AIRFLOW_CTX_DAG_OWNER=***
AIRFLOW_CTX_DAG_ID=tutorial
AIRFLOW_CTX_TASK_ID=t1
AIRFLOW_CTX_EXECUTION_DATE=2022-07-11T00:00:00+00:00
AIRFLOW_CTX_TRY_NUMBER=1
AIRFLOW_CTX_DAG_RUN_ID=scheduled__2022-07-11T00:00:00+00:00
[2022-07-22 13:00:31,129] {python.py:173} INFO - Done. Returned value was: welcome
[2022-07-22 13:00:31,213] {taskinstance.py:1420} INFO - Marking task as SUCCESS. dag_id=tutorial, task_id=t1, execution_date=20220711T000000, start_date=20220722T130030, end_date=20220722T130031
[2022-07-22 13:00:31,263] {local_task_job.py:156} INFO - Task exited with return code 0
[2022-07-22 13:00:31,371] {local_task_job.py:273} INFO - 1 downstream tasks scheduled from follow-on schedule check
[2022-07-25 09:18:12,537] {taskinstance.py:1179} INFO - Dependencies all met for <TaskInstance: tutorial.t1 scheduled__2022-07-11T00:00:00+00:00 [queued]>
[2022-07-25 09:18:12,599] {taskinstance.py:1179} INFO - Dependencies all met for <TaskInstance: tutorial.t1 scheduled__2022-07-11T00:00:00+00:00 [queued]>
[2022-07-25 09:18:12,601] {taskinstance.py:1376} INFO - 
--------------------------------------------------------------------------------
[2022-07-25 09:18:12,602] {taskinstance.py:1377} INFO - Starting attempt 1 of 2
[2022-07-25 09:18:12,602] {taskinstance.py:1378} INFO - 
--------------------------------------------------------------------------------
[2022-07-25 09:18:12,673] {taskinstance.py:1397} INFO - Executing <Task(PythonOperator): t1> on 2022-07-11 00:00:00+00:00
[2022-07-25 09:18:12,690] {standard_task_runner.py:52} INFO - Started process 823 to run task
[2022-07-25 09:18:12,731] {standard_task_runner.py:79} INFO - Running: ['***', 'tasks', 'run', 'tutorial', 't1', 'scheduled__2022-07-11T00:00:00+00:00', '--job-id', '78', '--raw', '--subdir', 'DAGS_FOLDER/nickdag.py', '--cfg-path', '/tmp/tmp18ajyfmz', '--error-file', '/tmp/tmpqyxiyyd9']
[2022-07-25 09:18:12,741] {standard_task_runner.py:80} INFO - Job 78: Subtask t1
[2022-07-25 09:18:12,872] {logging_mixin.py:115} WARNING - /home/***/.local/lib/python3.7/site-packages/***/configuration.py:528 DeprecationWarning: The sql_alchemy_conn option in [core] has been moved to the sql_alchemy_conn option in [database] - the old setting has been used, but please update your config.
[2022-07-25 09:18:13,256] {task_command.py:371} INFO - Running <TaskInstance: tutorial.t1 scheduled__2022-07-11T00:00:00+00:00 [running]> on host 01e6b1df1873
[2022-07-25 09:18:13,822] {taskinstance.py:1591} INFO - Exporting the following env vars:
AIRFLOW_CTX_DAG_EMAIL=caroline.kosalka@gmail.com
AIRFLOW_CTX_DAG_OWNER=***
AIRFLOW_CTX_DAG_ID=tutorial
AIRFLOW_CTX_TASK_ID=t1
AIRFLOW_CTX_EXECUTION_DATE=2022-07-11T00:00:00+00:00
AIRFLOW_CTX_TRY_NUMBER=1
AIRFLOW_CTX_DAG_RUN_ID=scheduled__2022-07-11T00:00:00+00:00
[2022-07-25 09:18:13,826] {python.py:173} INFO - Done. Returned value was: welcome
[2022-07-25 09:18:13,939] {taskinstance.py:1420} INFO - Marking task as SUCCESS. dag_id=tutorial, task_id=t1, execution_date=20220711T000000, start_date=20220725T091812, end_date=20220725T091813
[2022-07-25 09:18:13,993] {local_task_job.py:156} INFO - Task exited with return code 0
[2022-07-25 09:18:14,091] {local_task_job.py:273} INFO - 1 downstream tasks scheduled from follow-on schedule check
