[2022-07-22 13:00:06,699] {taskinstance.py:1179} INFO - Dependencies all met for <TaskInstance: tutorial.t1 scheduled__2022-06-19T00:00:00+00:00 [queued]>
[2022-07-22 13:00:06,812] {taskinstance.py:1179} INFO - Dependencies all met for <TaskInstance: tutorial.t1 scheduled__2022-06-19T00:00:00+00:00 [queued]>
[2022-07-22 13:00:06,820] {taskinstance.py:1376} INFO - 
--------------------------------------------------------------------------------
[2022-07-22 13:00:06,825] {taskinstance.py:1377} INFO - Starting attempt 1 of 2
[2022-07-22 13:00:06,832] {taskinstance.py:1378} INFO - 
--------------------------------------------------------------------------------
[2022-07-22 13:00:07,387] {taskinstance.py:1397} INFO - Executing <Task(PythonOperator): t1> on 2022-06-19 00:00:00+00:00
[2022-07-22 13:00:07,546] {standard_task_runner.py:52} INFO - Started process 777 to run task
[2022-07-22 13:00:07,753] {standard_task_runner.py:79} INFO - Running: ['***', 'tasks', 'run', 'tutorial', 't1', 'scheduled__2022-06-19T00:00:00+00:00', '--job-id', '36', '--raw', '--subdir', 'DAGS_FOLDER/nickdag.py', '--cfg-path', '/tmp/tmp5aftqfek', '--error-file', '/tmp/tmpy6d0f2tf']
[2022-07-22 13:00:07,827] {standard_task_runner.py:80} INFO - Job 36: Subtask t1
[2022-07-22 13:00:08,948] {logging_mixin.py:115} WARNING - /home/***/.local/lib/python3.7/site-packages/***/configuration.py:528 DeprecationWarning: The sql_alchemy_conn option in [core] has been moved to the sql_alchemy_conn option in [database] - the old setting has been used, but please update your config.
[2022-07-22 13:00:09,774] {task_command.py:371} INFO - Running <TaskInstance: tutorial.t1 scheduled__2022-06-19T00:00:00+00:00 [running]> on host 2f63307804d5
[2022-07-22 13:00:12,203] {taskinstance.py:1591} INFO - Exporting the following env vars:
AIRFLOW_CTX_DAG_EMAIL=caroline.kosalka@gmail.com
AIRFLOW_CTX_DAG_OWNER=***
AIRFLOW_CTX_DAG_ID=tutorial
AIRFLOW_CTX_TASK_ID=t1
AIRFLOW_CTX_EXECUTION_DATE=2022-06-19T00:00:00+00:00
AIRFLOW_CTX_TRY_NUMBER=1
AIRFLOW_CTX_DAG_RUN_ID=scheduled__2022-06-19T00:00:00+00:00
[2022-07-22 13:00:12,221] {python.py:173} INFO - Done. Returned value was: welcome
[2022-07-22 13:00:12,584] {taskinstance.py:1420} INFO - Marking task as SUCCESS. dag_id=tutorial, task_id=t1, execution_date=20220619T000000, start_date=20220722T130006, end_date=20220722T130012
[2022-07-22 13:00:13,843] {local_task_job.py:156} INFO - Task exited with return code 0
[2022-07-22 13:00:14,394] {local_task_job.py:273} INFO - 0 downstream tasks scheduled from follow-on schedule check
[2022-07-25 09:18:01,088] {taskinstance.py:1179} INFO - Dependencies all met for <TaskInstance: tutorial.t1 scheduled__2022-06-19T00:00:00+00:00 [queued]>
[2022-07-25 09:18:01,101] {taskinstance.py:1179} INFO - Dependencies all met for <TaskInstance: tutorial.t1 scheduled__2022-06-19T00:00:00+00:00 [queued]>
[2022-07-25 09:18:01,102] {taskinstance.py:1376} INFO - 
--------------------------------------------------------------------------------
[2022-07-25 09:18:01,103] {taskinstance.py:1377} INFO - Starting attempt 1 of 2
[2022-07-25 09:18:01,103] {taskinstance.py:1378} INFO - 
--------------------------------------------------------------------------------
[2022-07-25 09:18:01,126] {taskinstance.py:1397} INFO - Executing <Task(PythonOperator): t1> on 2022-06-19 00:00:00+00:00
[2022-07-25 09:18:01,131] {standard_task_runner.py:52} INFO - Started process 729 to run task
[2022-07-25 09:18:01,138] {standard_task_runner.py:79} INFO - Running: ['***', 'tasks', 'run', 'tutorial', 't1', 'scheduled__2022-06-19T00:00:00+00:00', '--job-id', '36', '--raw', '--subdir', 'DAGS_FOLDER/nickdag.py', '--cfg-path', '/tmp/tmpcumf5zt7', '--error-file', '/tmp/tmp3da58mj_']
[2022-07-25 09:18:01,140] {standard_task_runner.py:80} INFO - Job 36: Subtask t1
[2022-07-25 09:18:01,177] {logging_mixin.py:115} WARNING - /home/***/.local/lib/python3.7/site-packages/***/configuration.py:528 DeprecationWarning: The sql_alchemy_conn option in [core] has been moved to the sql_alchemy_conn option in [database] - the old setting has been used, but please update your config.
[2022-07-25 09:18:01,302] {task_command.py:371} INFO - Running <TaskInstance: tutorial.t1 scheduled__2022-06-19T00:00:00+00:00 [running]> on host 01e6b1df1873
[2022-07-25 09:18:01,481] {taskinstance.py:1591} INFO - Exporting the following env vars:
AIRFLOW_CTX_DAG_EMAIL=caroline.kosalka@gmail.com
AIRFLOW_CTX_DAG_OWNER=***
AIRFLOW_CTX_DAG_ID=tutorial
AIRFLOW_CTX_TASK_ID=t1
AIRFLOW_CTX_EXECUTION_DATE=2022-06-19T00:00:00+00:00
AIRFLOW_CTX_TRY_NUMBER=1
AIRFLOW_CTX_DAG_RUN_ID=scheduled__2022-06-19T00:00:00+00:00
[2022-07-25 09:18:01,483] {python.py:173} INFO - Done. Returned value was: welcome
[2022-07-25 09:18:01,547] {taskinstance.py:1420} INFO - Marking task as SUCCESS. dag_id=tutorial, task_id=t1, execution_date=20220619T000000, start_date=20220725T091801, end_date=20220725T091801
[2022-07-25 09:18:01,591] {local_task_job.py:156} INFO - Task exited with return code 0
[2022-07-25 09:18:01,793] {local_task_job.py:273} INFO - 0 downstream tasks scheduled from follow-on schedule check
[2022-07-25 12:25:22,909] {taskinstance.py:1179} INFO - Dependencies all met for <TaskInstance: tutorial.t1 scheduled__2022-06-19T00:00:00+00:00 [queued]>
[2022-07-25 12:25:22,981] {taskinstance.py:1179} INFO - Dependencies all met for <TaskInstance: tutorial.t1 scheduled__2022-06-19T00:00:00+00:00 [queued]>
[2022-07-25 12:25:22,987] {taskinstance.py:1376} INFO - 
--------------------------------------------------------------------------------
[2022-07-25 12:25:22,988] {taskinstance.py:1377} INFO - Starting attempt 1 of 2
[2022-07-25 12:25:22,988] {taskinstance.py:1378} INFO - 
--------------------------------------------------------------------------------
[2022-07-25 12:25:23,103] {taskinstance.py:1397} INFO - Executing <Task(PythonOperator): t1> on 2022-06-19 00:00:00+00:00
[2022-07-25 12:25:23,114] {standard_task_runner.py:52} INFO - Started process 613 to run task
[2022-07-25 12:25:23,121] {standard_task_runner.py:79} INFO - Running: ['***', 'tasks', 'run', 'tutorial', 't1', 'scheduled__2022-06-19T00:00:00+00:00', '--job-id', '61', '--raw', '--subdir', 'DAGS_FOLDER/nickdag.py', '--cfg-path', '/tmp/tmpjrneq3_1', '--error-file', '/tmp/tmp0dru7s1w']
[2022-07-25 12:25:23,140] {standard_task_runner.py:80} INFO - Job 61: Subtask t1
[2022-07-25 12:25:23,242] {logging_mixin.py:115} WARNING - /home/***/.local/lib/python3.7/site-packages/***/configuration.py:528 DeprecationWarning: The sql_alchemy_conn option in [core] has been moved to the sql_alchemy_conn option in [database] - the old setting has been used, but please update your config.
[2022-07-25 12:25:23,671] {task_command.py:371} INFO - Running <TaskInstance: tutorial.t1 scheduled__2022-06-19T00:00:00+00:00 [running]> on host 929e6a3728d4
[2022-07-25 12:25:24,232] {taskinstance.py:1591} INFO - Exporting the following env vars:
AIRFLOW_CTX_DAG_EMAIL=caroline.kosalka@gmail.com
AIRFLOW_CTX_DAG_OWNER=***
AIRFLOW_CTX_DAG_ID=tutorial
AIRFLOW_CTX_TASK_ID=t1
AIRFLOW_CTX_EXECUTION_DATE=2022-06-19T00:00:00+00:00
AIRFLOW_CTX_TRY_NUMBER=1
AIRFLOW_CTX_DAG_RUN_ID=scheduled__2022-06-19T00:00:00+00:00
[2022-07-25 12:25:24,254] {python.py:173} INFO - Done. Returned value was: welcome
[2022-07-25 12:25:24,917] {taskinstance.py:1420} INFO - Marking task as SUCCESS. dag_id=tutorial, task_id=t1, execution_date=20220619T000000, start_date=20220725T122522, end_date=20220725T122524
[2022-07-25 12:25:25,119] {local_task_job.py:156} INFO - Task exited with return code 0
[2022-07-25 12:25:25,330] {dagrun.py:1081} ERROR - Failed to get task '<TaskInstance: tutorial.process_data scheduled__2022-06-19T00:00:00+00:00 [removed]>' for dag 'tutorial'. Marking it as removed.
[2022-07-25 12:25:25,343] {dagrun.py:1081} ERROR - Failed to get task '<TaskInstance: tutorial.get_terminal_data scheduled__2022-06-19T00:00:00+00:00 [removed]>' for dag 'tutorial'. Marking it as removed.
[2022-07-25 12:25:25,389] {local_task_job.py:273} INFO - 1 downstream tasks scheduled from follow-on schedule check
