[2022-07-22 12:59:37,937] {taskinstance.py:1179} INFO - Dependencies all met for <TaskInstance: tutorial.t1 scheduled__2022-06-13T00:00:00+00:00 [queued]>
[2022-07-22 12:59:38,645] {taskinstance.py:1179} INFO - Dependencies all met for <TaskInstance: tutorial.t1 scheduled__2022-06-13T00:00:00+00:00 [queued]>
[2022-07-22 12:59:38,668] {taskinstance.py:1376} INFO - 
--------------------------------------------------------------------------------
[2022-07-22 12:59:38,676] {taskinstance.py:1377} INFO - Starting attempt 1 of 2
[2022-07-22 12:59:38,706] {taskinstance.py:1378} INFO - 
--------------------------------------------------------------------------------
[2022-07-22 12:59:39,010] {taskinstance.py:1397} INFO - Executing <Task(PythonOperator): t1> on 2022-06-13 00:00:00+00:00
[2022-07-22 12:59:39,136] {standard_task_runner.py:52} INFO - Started process 730 to run task
[2022-07-22 12:59:39,491] {standard_task_runner.py:79} INFO - Running: ['***', 'tasks', 'run', 'tutorial', 't1', 'scheduled__2022-06-13T00:00:00+00:00', '--job-id', '14', '--raw', '--subdir', 'DAGS_FOLDER/nickdag.py', '--cfg-path', '/tmp/tmpj3rwpwn2', '--error-file', '/tmp/tmp92d0z51g']
[2022-07-22 12:59:41,407] {standard_task_runner.py:80} INFO - Job 14: Subtask t1
[2022-07-22 12:59:42,762] {logging_mixin.py:115} WARNING - /home/***/.local/lib/python3.7/site-packages/***/configuration.py:528 DeprecationWarning: The sql_alchemy_conn option in [core] has been moved to the sql_alchemy_conn option in [database] - the old setting has been used, but please update your config.
[2022-07-22 12:59:44,295] {task_command.py:371} INFO - Running <TaskInstance: tutorial.t1 scheduled__2022-06-13T00:00:00+00:00 [running]> on host 2f63307804d5
[2022-07-22 12:59:46,721] {taskinstance.py:1591} INFO - Exporting the following env vars:
AIRFLOW_CTX_DAG_EMAIL=caroline.kosalka@gmail.com
AIRFLOW_CTX_DAG_OWNER=***
AIRFLOW_CTX_DAG_ID=tutorial
AIRFLOW_CTX_TASK_ID=t1
AIRFLOW_CTX_EXECUTION_DATE=2022-06-13T00:00:00+00:00
AIRFLOW_CTX_TRY_NUMBER=1
AIRFLOW_CTX_DAG_RUN_ID=scheduled__2022-06-13T00:00:00+00:00
[2022-07-22 12:59:46,726] {python.py:173} INFO - Done. Returned value was: welcome
[2022-07-22 12:59:47,118] {taskinstance.py:1420} INFO - Marking task as SUCCESS. dag_id=tutorial, task_id=t1, execution_date=20220613T000000, start_date=20220722T125937, end_date=20220722T125947
[2022-07-22 12:59:47,265] {local_task_job.py:156} INFO - Task exited with return code 0
[2022-07-22 12:59:48,190] {local_task_job.py:273} INFO - 0 downstream tasks scheduled from follow-on schedule check
[2022-07-25 09:17:53,459] {taskinstance.py:1179} INFO - Dependencies all met for <TaskInstance: tutorial.t1 scheduled__2022-06-13T00:00:00+00:00 [queued]>
[2022-07-25 09:17:53,585] {taskinstance.py:1179} INFO - Dependencies all met for <TaskInstance: tutorial.t1 scheduled__2022-06-13T00:00:00+00:00 [queued]>
[2022-07-25 09:17:53,586] {taskinstance.py:1376} INFO - 
--------------------------------------------------------------------------------
[2022-07-25 09:17:53,586] {taskinstance.py:1377} INFO - Starting attempt 1 of 2
[2022-07-25 09:17:53,587] {taskinstance.py:1378} INFO - 
--------------------------------------------------------------------------------
[2022-07-25 09:17:53,711] {taskinstance.py:1397} INFO - Executing <Task(PythonOperator): t1> on 2022-06-13 00:00:00+00:00
[2022-07-25 09:17:53,745] {standard_task_runner.py:52} INFO - Started process 693 to run task
[2022-07-25 09:17:53,783] {standard_task_runner.py:79} INFO - Running: ['***', 'tasks', 'run', 'tutorial', 't1', 'scheduled__2022-06-13T00:00:00+00:00', '--job-id', '14', '--raw', '--subdir', 'DAGS_FOLDER/nickdag.py', '--cfg-path', '/tmp/tmposplr7fl', '--error-file', '/tmp/tmpwbmq4v6v']
[2022-07-25 09:17:53,792] {standard_task_runner.py:80} INFO - Job 14: Subtask t1
[2022-07-25 09:17:54,191] {logging_mixin.py:115} WARNING - /home/***/.local/lib/python3.7/site-packages/***/configuration.py:528 DeprecationWarning: The sql_alchemy_conn option in [core] has been moved to the sql_alchemy_conn option in [database] - the old setting has been used, but please update your config.
[2022-07-25 09:17:55,063] {task_command.py:371} INFO - Running <TaskInstance: tutorial.t1 scheduled__2022-06-13T00:00:00+00:00 [running]> on host 01e6b1df1873
[2022-07-25 09:17:55,968] {taskinstance.py:1591} INFO - Exporting the following env vars:
AIRFLOW_CTX_DAG_EMAIL=caroline.kosalka@gmail.com
AIRFLOW_CTX_DAG_OWNER=***
AIRFLOW_CTX_DAG_ID=tutorial
AIRFLOW_CTX_TASK_ID=t1
AIRFLOW_CTX_EXECUTION_DATE=2022-06-13T00:00:00+00:00
AIRFLOW_CTX_TRY_NUMBER=1
AIRFLOW_CTX_DAG_RUN_ID=scheduled__2022-06-13T00:00:00+00:00
[2022-07-25 09:17:55,970] {python.py:173} INFO - Done. Returned value was: welcome
[2022-07-25 09:17:56,134] {taskinstance.py:1420} INFO - Marking task as SUCCESS. dag_id=tutorial, task_id=t1, execution_date=20220613T000000, start_date=20220725T091753, end_date=20220725T091756
[2022-07-25 09:17:56,205] {local_task_job.py:156} INFO - Task exited with return code 0
[2022-07-25 09:17:56,656] {local_task_job.py:273} INFO - 0 downstream tasks scheduled from follow-on schedule check
[2022-07-25 12:23:48,300] {taskinstance.py:1179} INFO - Dependencies all met for <TaskInstance: tutorial.t1 scheduled__2022-06-13T00:00:00+00:00 [queued]>
[2022-07-25 12:23:48,460] {taskinstance.py:1179} INFO - Dependencies all met for <TaskInstance: tutorial.t1 scheduled__2022-06-13T00:00:00+00:00 [queued]>
[2022-07-25 12:23:48,467] {taskinstance.py:1376} INFO - 
--------------------------------------------------------------------------------
[2022-07-25 12:23:48,470] {taskinstance.py:1377} INFO - Starting attempt 1 of 2
[2022-07-25 12:23:48,474] {taskinstance.py:1378} INFO - 
--------------------------------------------------------------------------------
[2022-07-25 12:23:48,729] {taskinstance.py:1397} INFO - Executing <Task(PythonOperator): t1> on 2022-06-13 00:00:00+00:00
[2022-07-25 12:23:48,754] {standard_task_runner.py:52} INFO - Started process 450 to run task
[2022-07-25 12:23:48,903] {standard_task_runner.py:79} INFO - Running: ['***', 'tasks', 'run', 'tutorial', 't1', 'scheduled__2022-06-13T00:00:00+00:00', '--job-id', '8', '--raw', '--subdir', 'DAGS_FOLDER/nickdag.py', '--cfg-path', '/tmp/tmp0lgmdm0h', '--error-file', '/tmp/tmp0vs8_e7z']
[2022-07-25 12:23:48,944] {standard_task_runner.py:80} INFO - Job 8: Subtask t1
[2022-07-25 12:23:49,346] {logging_mixin.py:115} WARNING - /home/***/.local/lib/python3.7/site-packages/***/configuration.py:528 DeprecationWarning: The sql_alchemy_conn option in [core] has been moved to the sql_alchemy_conn option in [database] - the old setting has been used, but please update your config.
[2022-07-25 12:23:50,077] {task_command.py:371} INFO - Running <TaskInstance: tutorial.t1 scheduled__2022-06-13T00:00:00+00:00 [running]> on host 929e6a3728d4
[2022-07-25 12:23:50,636] {taskinstance.py:1591} INFO - Exporting the following env vars:
AIRFLOW_CTX_DAG_EMAIL=caroline.kosalka@gmail.com
AIRFLOW_CTX_DAG_OWNER=***
AIRFLOW_CTX_DAG_ID=tutorial
AIRFLOW_CTX_TASK_ID=t1
AIRFLOW_CTX_EXECUTION_DATE=2022-06-13T00:00:00+00:00
AIRFLOW_CTX_TRY_NUMBER=1
AIRFLOW_CTX_DAG_RUN_ID=scheduled__2022-06-13T00:00:00+00:00
[2022-07-25 12:23:50,646] {python.py:173} INFO - Done. Returned value was: welcome
[2022-07-25 12:23:50,895] {taskinstance.py:1420} INFO - Marking task as SUCCESS. dag_id=tutorial, task_id=t1, execution_date=20220613T000000, start_date=20220725T122348, end_date=20220725T122350
[2022-07-25 12:23:51,011] {local_task_job.py:156} INFO - Task exited with return code 0
[2022-07-25 12:23:51,350] {dagrun.py:1081} ERROR - Failed to get task '<TaskInstance: tutorial.get_terminal_data scheduled__2022-06-13T00:00:00+00:00 [removed]>' for dag 'tutorial'. Marking it as removed.
[2022-07-25 12:23:51,358] {dagrun.py:1081} ERROR - Failed to get task '<TaskInstance: tutorial.process_data scheduled__2022-06-13T00:00:00+00:00 [removed]>' for dag 'tutorial'. Marking it as removed.
[2022-07-25 12:23:51,396] {local_task_job.py:273} INFO - 1 downstream tasks scheduled from follow-on schedule check
