[2022-07-22 13:00:34,799] {taskinstance.py:1179} INFO - Dependencies all met for <TaskInstance: tutorial.t1 scheduled__2022-07-15T00:00:00+00:00 [queued]>
[2022-07-22 13:00:34,860] {taskinstance.py:1179} INFO - Dependencies all met for <TaskInstance: tutorial.t1 scheduled__2022-07-15T00:00:00+00:00 [queued]>
[2022-07-22 13:00:34,861] {taskinstance.py:1376} INFO - 
--------------------------------------------------------------------------------
[2022-07-22 13:00:34,862] {taskinstance.py:1377} INFO - Starting attempt 1 of 2
[2022-07-22 13:00:34,863] {taskinstance.py:1378} INFO - 
--------------------------------------------------------------------------------
[2022-07-22 13:00:34,922] {taskinstance.py:1397} INFO - Executing <Task(PythonOperator): t1> on 2022-07-15 00:00:00+00:00
[2022-07-22 13:00:34,937] {standard_task_runner.py:52} INFO - Started process 888 to run task
[2022-07-22 13:00:34,948] {standard_task_runner.py:79} INFO - Running: ['***', 'tasks', 'run', 'tutorial', 't1', 'scheduled__2022-07-15T00:00:00+00:00', '--job-id', '87', '--raw', '--subdir', 'DAGS_FOLDER/nickdag.py', '--cfg-path', '/tmp/tmpkmm1_kc7', '--error-file', '/tmp/tmpz2vwd3v1']
[2022-07-22 13:00:34,962] {standard_task_runner.py:80} INFO - Job 87: Subtask t1
[2022-07-22 13:00:35,009] {logging_mixin.py:115} WARNING - /home/***/.local/lib/python3.7/site-packages/***/configuration.py:528 DeprecationWarning: The sql_alchemy_conn option in [core] has been moved to the sql_alchemy_conn option in [database] - the old setting has been used, but please update your config.
[2022-07-22 13:00:35,234] {task_command.py:371} INFO - Running <TaskInstance: tutorial.t1 scheduled__2022-07-15T00:00:00+00:00 [running]> on host 2f63307804d5
[2022-07-22 13:00:35,415] {taskinstance.py:1591} INFO - Exporting the following env vars:
AIRFLOW_CTX_DAG_EMAIL=caroline.kosalka@gmail.com
AIRFLOW_CTX_DAG_OWNER=***
AIRFLOW_CTX_DAG_ID=tutorial
AIRFLOW_CTX_TASK_ID=t1
AIRFLOW_CTX_EXECUTION_DATE=2022-07-15T00:00:00+00:00
AIRFLOW_CTX_TRY_NUMBER=1
AIRFLOW_CTX_DAG_RUN_ID=scheduled__2022-07-15T00:00:00+00:00
[2022-07-22 13:00:35,416] {python.py:173} INFO - Done. Returned value was: welcome
[2022-07-22 13:00:35,609] {taskinstance.py:1420} INFO - Marking task as SUCCESS. dag_id=tutorial, task_id=t1, execution_date=20220715T000000, start_date=20220722T130034, end_date=20220722T130035
[2022-07-22 13:00:35,692] {local_task_job.py:156} INFO - Task exited with return code 0
[2022-07-22 13:00:35,920] {local_task_job.py:273} INFO - 1 downstream tasks scheduled from follow-on schedule check
[2022-07-25 09:18:18,732] {taskinstance.py:1179} INFO - Dependencies all met for <TaskInstance: tutorial.t1 scheduled__2022-07-15T00:00:00+00:00 [queued]>
[2022-07-25 09:18:18,770] {taskinstance.py:1179} INFO - Dependencies all met for <TaskInstance: tutorial.t1 scheduled__2022-07-15T00:00:00+00:00 [queued]>
[2022-07-25 09:18:18,772] {taskinstance.py:1376} INFO - 
--------------------------------------------------------------------------------
[2022-07-25 09:18:18,773] {taskinstance.py:1377} INFO - Starting attempt 1 of 2
[2022-07-25 09:18:18,774] {taskinstance.py:1378} INFO - 
--------------------------------------------------------------------------------
[2022-07-25 09:18:18,794] {taskinstance.py:1397} INFO - Executing <Task(PythonOperator): t1> on 2022-07-15 00:00:00+00:00
[2022-07-25 09:18:18,802] {standard_task_runner.py:52} INFO - Started process 845 to run task
[2022-07-25 09:18:18,810] {standard_task_runner.py:79} INFO - Running: ['***', 'tasks', 'run', 'tutorial', 't1', 'scheduled__2022-07-15T00:00:00+00:00', '--job-id', '89', '--raw', '--subdir', 'DAGS_FOLDER/nickdag.py', '--cfg-path', '/tmp/tmpxn8orsf6', '--error-file', '/tmp/tmpkowsjb5j']
[2022-07-25 09:18:18,813] {standard_task_runner.py:80} INFO - Job 89: Subtask t1
[2022-07-25 09:18:18,858] {logging_mixin.py:115} WARNING - /home/***/.local/lib/python3.7/site-packages/***/configuration.py:528 DeprecationWarning: The sql_alchemy_conn option in [core] has been moved to the sql_alchemy_conn option in [database] - the old setting has been used, but please update your config.
[2022-07-25 09:18:19,055] {task_command.py:371} INFO - Running <TaskInstance: tutorial.t1 scheduled__2022-07-15T00:00:00+00:00 [running]> on host 01e6b1df1873
[2022-07-25 09:18:19,493] {taskinstance.py:1591} INFO - Exporting the following env vars:
AIRFLOW_CTX_DAG_EMAIL=caroline.kosalka@gmail.com
AIRFLOW_CTX_DAG_OWNER=***
AIRFLOW_CTX_DAG_ID=tutorial
AIRFLOW_CTX_TASK_ID=t1
AIRFLOW_CTX_EXECUTION_DATE=2022-07-15T00:00:00+00:00
AIRFLOW_CTX_TRY_NUMBER=1
AIRFLOW_CTX_DAG_RUN_ID=scheduled__2022-07-15T00:00:00+00:00
[2022-07-25 09:18:19,495] {python.py:173} INFO - Done. Returned value was: welcome
[2022-07-25 09:18:19,640] {taskinstance.py:1420} INFO - Marking task as SUCCESS. dag_id=tutorial, task_id=t1, execution_date=20220715T000000, start_date=20220725T091818, end_date=20220725T091819
[2022-07-25 09:18:19,712] {local_task_job.py:156} INFO - Task exited with return code 0
[2022-07-25 09:18:19,917] {local_task_job.py:273} INFO - 1 downstream tasks scheduled from follow-on schedule check
