[2022-07-22 13:00:29,832] {taskinstance.py:1179} INFO - Dependencies all met for <TaskInstance: tutorial.t1 scheduled__2022-07-10T00:00:00+00:00 [queued]>
[2022-07-22 13:00:29,924] {taskinstance.py:1179} INFO - Dependencies all met for <TaskInstance: tutorial.t1 scheduled__2022-07-10T00:00:00+00:00 [queued]>
[2022-07-22 13:00:29,925] {taskinstance.py:1376} INFO - 
--------------------------------------------------------------------------------
[2022-07-22 13:00:29,925] {taskinstance.py:1377} INFO - Starting attempt 1 of 2
[2022-07-22 13:00:29,926] {taskinstance.py:1378} INFO - 
--------------------------------------------------------------------------------
[2022-07-22 13:00:30,066] {taskinstance.py:1397} INFO - Executing <Task(PythonOperator): t1> on 2022-07-10 00:00:00+00:00
[2022-07-22 13:00:30,081] {standard_task_runner.py:52} INFO - Started process 858 to run task
[2022-07-22 13:00:30,118] {standard_task_runner.py:79} INFO - Running: ['***', 'tasks', 'run', 'tutorial', 't1', 'scheduled__2022-07-10T00:00:00+00:00', '--job-id', '75', '--raw', '--subdir', 'DAGS_FOLDER/nickdag.py', '--cfg-path', '/tmp/tmpfo1gwm7h', '--error-file', '/tmp/tmpf9wse9p9']
[2022-07-22 13:00:30,137] {standard_task_runner.py:80} INFO - Job 75: Subtask t1
[2022-07-22 13:00:30,246] {logging_mixin.py:115} WARNING - /home/***/.local/lib/python3.7/site-packages/***/configuration.py:528 DeprecationWarning: The sql_alchemy_conn option in [core] has been moved to the sql_alchemy_conn option in [database] - the old setting has been used, but please update your config.
[2022-07-22 13:00:30,503] {task_command.py:371} INFO - Running <TaskInstance: tutorial.t1 scheduled__2022-07-10T00:00:00+00:00 [running]> on host 2f63307804d5
[2022-07-22 13:00:30,833] {taskinstance.py:1591} INFO - Exporting the following env vars:
AIRFLOW_CTX_DAG_EMAIL=caroline.kosalka@gmail.com
AIRFLOW_CTX_DAG_OWNER=***
AIRFLOW_CTX_DAG_ID=tutorial
AIRFLOW_CTX_TASK_ID=t1
AIRFLOW_CTX_EXECUTION_DATE=2022-07-10T00:00:00+00:00
AIRFLOW_CTX_TRY_NUMBER=1
AIRFLOW_CTX_DAG_RUN_ID=scheduled__2022-07-10T00:00:00+00:00
[2022-07-22 13:00:30,839] {python.py:173} INFO - Done. Returned value was: welcome
[2022-07-22 13:00:30,935] {taskinstance.py:1420} INFO - Marking task as SUCCESS. dag_id=tutorial, task_id=t1, execution_date=20220710T000000, start_date=20220722T130029, end_date=20220722T130030
[2022-07-22 13:00:30,989] {local_task_job.py:156} INFO - Task exited with return code 0
[2022-07-22 13:00:31,127] {local_task_job.py:273} INFO - 1 downstream tasks scheduled from follow-on schedule check
[2022-07-25 09:18:12,123] {taskinstance.py:1179} INFO - Dependencies all met for <TaskInstance: tutorial.t1 scheduled__2022-07-10T00:00:00+00:00 [queued]>
[2022-07-25 09:18:12,172] {taskinstance.py:1179} INFO - Dependencies all met for <TaskInstance: tutorial.t1 scheduled__2022-07-10T00:00:00+00:00 [queued]>
[2022-07-25 09:18:12,173] {taskinstance.py:1376} INFO - 
--------------------------------------------------------------------------------
[2022-07-25 09:18:12,174] {taskinstance.py:1377} INFO - Starting attempt 1 of 2
[2022-07-25 09:18:12,175] {taskinstance.py:1378} INFO - 
--------------------------------------------------------------------------------
[2022-07-25 09:18:12,265] {taskinstance.py:1397} INFO - Executing <Task(PythonOperator): t1> on 2022-07-10 00:00:00+00:00
[2022-07-25 09:18:12,290] {standard_task_runner.py:52} INFO - Started process 821 to run task
[2022-07-25 09:18:12,322] {standard_task_runner.py:79} INFO - Running: ['***', 'tasks', 'run', 'tutorial', 't1', 'scheduled__2022-07-10T00:00:00+00:00', '--job-id', '76', '--raw', '--subdir', 'DAGS_FOLDER/nickdag.py', '--cfg-path', '/tmp/tmp_c3eylwh', '--error-file', '/tmp/tmpuupbsshh']
[2022-07-25 09:18:12,338] {standard_task_runner.py:80} INFO - Job 76: Subtask t1
[2022-07-25 09:18:12,409] {logging_mixin.py:115} WARNING - /home/***/.local/lib/python3.7/site-packages/***/configuration.py:528 DeprecationWarning: The sql_alchemy_conn option in [core] has been moved to the sql_alchemy_conn option in [database] - the old setting has been used, but please update your config.
[2022-07-25 09:18:12,621] {task_command.py:371} INFO - Running <TaskInstance: tutorial.t1 scheduled__2022-07-10T00:00:00+00:00 [running]> on host 01e6b1df1873
[2022-07-25 09:18:13,143] {taskinstance.py:1591} INFO - Exporting the following env vars:
AIRFLOW_CTX_DAG_EMAIL=caroline.kosalka@gmail.com
AIRFLOW_CTX_DAG_OWNER=***
AIRFLOW_CTX_DAG_ID=tutorial
AIRFLOW_CTX_TASK_ID=t1
AIRFLOW_CTX_EXECUTION_DATE=2022-07-10T00:00:00+00:00
AIRFLOW_CTX_TRY_NUMBER=1
AIRFLOW_CTX_DAG_RUN_ID=scheduled__2022-07-10T00:00:00+00:00
[2022-07-25 09:18:13,144] {python.py:173} INFO - Done. Returned value was: welcome
[2022-07-25 09:18:13,224] {taskinstance.py:1420} INFO - Marking task as SUCCESS. dag_id=tutorial, task_id=t1, execution_date=20220710T000000, start_date=20220725T091812, end_date=20220725T091813
[2022-07-25 09:18:13,342] {local_task_job.py:156} INFO - Task exited with return code 0
[2022-07-25 09:18:13,606] {local_task_job.py:273} INFO - 0 downstream tasks scheduled from follow-on schedule check
