[2022-07-22 13:00:36,777] {taskinstance.py:1179} INFO - Dependencies all met for <TaskInstance: tutorial.t2 scheduled__2022-07-13T00:00:00+00:00 [queued]>
[2022-07-22 13:00:36,845] {taskinstance.py:1179} INFO - Dependencies all met for <TaskInstance: tutorial.t2 scheduled__2022-07-13T00:00:00+00:00 [queued]>
[2022-07-22 13:00:36,857] {taskinstance.py:1376} INFO - 
--------------------------------------------------------------------------------
[2022-07-22 13:00:36,860] {taskinstance.py:1377} INFO - Starting attempt 1 of 2
[2022-07-22 13:00:36,863] {taskinstance.py:1378} INFO - 
--------------------------------------------------------------------------------
[2022-07-22 13:00:37,066] {taskinstance.py:1397} INFO - Executing <Task(PythonOperator): t2> on 2022-07-13 00:00:00+00:00
[2022-07-22 13:00:37,087] {standard_task_runner.py:52} INFO - Started process 906 to run task
[2022-07-22 13:00:37,104] {standard_task_runner.py:79} INFO - Running: ['***', 'tasks', 'run', 'tutorial', 't2', 'scheduled__2022-07-13T00:00:00+00:00', '--job-id', '92', '--raw', '--subdir', 'DAGS_FOLDER/nickdag.py', '--cfg-path', '/tmp/tmpmuwuqvtu', '--error-file', '/tmp/tmp726iv841']
[2022-07-22 13:00:37,107] {standard_task_runner.py:80} INFO - Job 92: Subtask t2
[2022-07-22 13:00:37,197] {logging_mixin.py:115} WARNING - /home/***/.local/lib/python3.7/site-packages/***/configuration.py:528 DeprecationWarning: The sql_alchemy_conn option in [core] has been moved to the sql_alchemy_conn option in [database] - the old setting has been used, but please update your config.
[2022-07-22 13:00:37,666] {task_command.py:371} INFO - Running <TaskInstance: tutorial.t2 scheduled__2022-07-13T00:00:00+00:00 [running]> on host 2f63307804d5
[2022-07-22 13:00:38,182] {taskinstance.py:1591} INFO - Exporting the following env vars:
AIRFLOW_CTX_DAG_EMAIL=caroline.kosalka@gmail.com
AIRFLOW_CTX_DAG_OWNER=***
AIRFLOW_CTX_DAG_ID=tutorial
AIRFLOW_CTX_TASK_ID=t2
AIRFLOW_CTX_EXECUTION_DATE=2022-07-13T00:00:00+00:00
AIRFLOW_CTX_TRY_NUMBER=1
AIRFLOW_CTX_DAG_RUN_ID=scheduled__2022-07-13T00:00:00+00:00
[2022-07-22 13:00:38,184] {python.py:173} INFO - Done. Returned value was: goodbye
[2022-07-22 13:00:38,286] {taskinstance.py:1420} INFO - Marking task as SUCCESS. dag_id=tutorial, task_id=t2, execution_date=20220713T000000, start_date=20220722T130036, end_date=20220722T130038
[2022-07-22 13:00:38,348] {local_task_job.py:156} INFO - Task exited with return code 0
[2022-07-22 13:00:38,562] {local_task_job.py:273} INFO - 0 downstream tasks scheduled from follow-on schedule check
[2022-07-25 09:18:18,550] {taskinstance.py:1179} INFO - Dependencies all met for <TaskInstance: tutorial.t2 scheduled__2022-07-13T00:00:00+00:00 [queued]>
[2022-07-25 09:18:18,575] {taskinstance.py:1179} INFO - Dependencies all met for <TaskInstance: tutorial.t2 scheduled__2022-07-13T00:00:00+00:00 [queued]>
[2022-07-25 09:18:18,600] {taskinstance.py:1376} INFO - 
--------------------------------------------------------------------------------
[2022-07-25 09:18:18,621] {taskinstance.py:1377} INFO - Starting attempt 1 of 2
[2022-07-25 09:18:18,627] {taskinstance.py:1378} INFO - 
--------------------------------------------------------------------------------
[2022-07-25 09:18:18,676] {taskinstance.py:1397} INFO - Executing <Task(PythonOperator): t2> on 2022-07-13 00:00:00+00:00
[2022-07-25 09:18:18,683] {standard_task_runner.py:52} INFO - Started process 843 to run task
[2022-07-25 09:18:18,688] {standard_task_runner.py:79} INFO - Running: ['***', 'tasks', 'run', 'tutorial', 't2', 'scheduled__2022-07-13T00:00:00+00:00', '--job-id', '87', '--raw', '--subdir', 'DAGS_FOLDER/nickdag.py', '--cfg-path', '/tmp/tmp79w200oy', '--error-file', '/tmp/tmpimqe_183']
[2022-07-25 09:18:18,693] {standard_task_runner.py:80} INFO - Job 87: Subtask t2
[2022-07-25 09:18:18,753] {logging_mixin.py:115} WARNING - /home/***/.local/lib/python3.7/site-packages/***/configuration.py:528 DeprecationWarning: The sql_alchemy_conn option in [core] has been moved to the sql_alchemy_conn option in [database] - the old setting has been used, but please update your config.
[2022-07-25 09:18:18,869] {task_command.py:371} INFO - Running <TaskInstance: tutorial.t2 scheduled__2022-07-13T00:00:00+00:00 [running]> on host 01e6b1df1873
[2022-07-25 09:18:19,041] {taskinstance.py:1591} INFO - Exporting the following env vars:
AIRFLOW_CTX_DAG_EMAIL=caroline.kosalka@gmail.com
AIRFLOW_CTX_DAG_OWNER=***
AIRFLOW_CTX_DAG_ID=tutorial
AIRFLOW_CTX_TASK_ID=t2
AIRFLOW_CTX_EXECUTION_DATE=2022-07-13T00:00:00+00:00
AIRFLOW_CTX_TRY_NUMBER=1
AIRFLOW_CTX_DAG_RUN_ID=scheduled__2022-07-13T00:00:00+00:00
[2022-07-25 09:18:19,045] {python.py:173} INFO - Done. Returned value was: goodbye
[2022-07-25 09:18:19,157] {taskinstance.py:1420} INFO - Marking task as SUCCESS. dag_id=tutorial, task_id=t2, execution_date=20220713T000000, start_date=20220725T091818, end_date=20220725T091819
[2022-07-25 09:18:19,238] {local_task_job.py:156} INFO - Task exited with return code 0
[2022-07-25 09:18:19,479] {local_task_job.py:273} INFO - 0 downstream tasks scheduled from follow-on schedule check
[2022-07-25 12:28:28,320] {taskinstance.py:1179} INFO - Dependencies all met for <TaskInstance: tutorial.t2 scheduled__2022-07-13T00:00:00+00:00 [queued]>
[2022-07-25 12:28:28,424] {taskinstance.py:1179} INFO - Dependencies all met for <TaskInstance: tutorial.t2 scheduled__2022-07-13T00:00:00+00:00 [queued]>
[2022-07-25 12:28:28,425] {taskinstance.py:1376} INFO - 
--------------------------------------------------------------------------------
[2022-07-25 12:28:28,425] {taskinstance.py:1377} INFO - Starting attempt 1 of 2
[2022-07-25 12:28:28,426] {taskinstance.py:1378} INFO - 
--------------------------------------------------------------------------------
[2022-07-25 12:28:28,557] {taskinstance.py:1397} INFO - Executing <Task(PythonOperator): t2> on 2022-07-13 00:00:00+00:00
[2022-07-25 12:28:28,611] {standard_task_runner.py:52} INFO - Started process 1039 to run task
[2022-07-25 12:28:28,666] {standard_task_runner.py:79} INFO - Running: ['***', 'tasks', 'run', 'tutorial', 't2', 'scheduled__2022-07-13T00:00:00+00:00', '--job-id', '167', '--raw', '--subdir', 'DAGS_FOLDER/nickdag.py', '--cfg-path', '/tmp/tmpq2vr1ily', '--error-file', '/tmp/tmp4djfb9lq']
[2022-07-25 12:28:28,680] {standard_task_runner.py:80} INFO - Job 167: Subtask t2
[2022-07-25 12:28:28,812] {logging_mixin.py:115} WARNING - /home/***/.local/lib/python3.7/site-packages/***/configuration.py:528 DeprecationWarning: The sql_alchemy_conn option in [core] has been moved to the sql_alchemy_conn option in [database] - the old setting has been used, but please update your config.
[2022-07-25 12:28:29,309] {task_command.py:371} INFO - Running <TaskInstance: tutorial.t2 scheduled__2022-07-13T00:00:00+00:00 [running]> on host 929e6a3728d4
[2022-07-25 12:28:29,784] {taskinstance.py:1591} INFO - Exporting the following env vars:
AIRFLOW_CTX_DAG_EMAIL=caroline.kosalka@gmail.com
AIRFLOW_CTX_DAG_OWNER=***
AIRFLOW_CTX_DAG_ID=tutorial
AIRFLOW_CTX_TASK_ID=t2
AIRFLOW_CTX_EXECUTION_DATE=2022-07-13T00:00:00+00:00
AIRFLOW_CTX_TRY_NUMBER=1
AIRFLOW_CTX_DAG_RUN_ID=scheduled__2022-07-13T00:00:00+00:00
[2022-07-25 12:28:29,787] {python.py:173} INFO - Done. Returned value was: goodbye
[2022-07-25 12:28:29,940] {taskinstance.py:1420} INFO - Marking task as SUCCESS. dag_id=tutorial, task_id=t2, execution_date=20220713T000000, start_date=20220725T122828, end_date=20220725T122829
[2022-07-25 12:28:30,011] {local_task_job.py:156} INFO - Task exited with return code 0
[2022-07-25 12:28:30,184] {local_task_job.py:273} INFO - 0 downstream tasks scheduled from follow-on schedule check
