[2022-07-25 12:25:28,287] {taskinstance.py:1179} INFO - Dependencies all met for <TaskInstance: tutorial.t2 scheduled__2022-06-09T00:00:00+00:00 [queued]>
[2022-07-25 12:25:28,377] {taskinstance.py:1179} INFO - Dependencies all met for <TaskInstance: tutorial.t2 scheduled__2022-06-09T00:00:00+00:00 [queued]>
[2022-07-25 12:25:28,378] {taskinstance.py:1376} INFO - 
--------------------------------------------------------------------------------
[2022-07-25 12:25:28,381] {taskinstance.py:1377} INFO - Starting attempt 2 of 2
[2022-07-25 12:25:28,382] {taskinstance.py:1378} INFO - 
--------------------------------------------------------------------------------
[2022-07-25 12:25:28,520] {taskinstance.py:1397} INFO - Executing <Task(PythonOperator): t2> on 2022-06-09 00:00:00+00:00
[2022-07-25 12:25:28,537] {standard_task_runner.py:52} INFO - Started process 657 to run task
[2022-07-25 12:25:28,569] {standard_task_runner.py:79} INFO - Running: ['***', 'tasks', 'run', 'tutorial', 't2', 'scheduled__2022-06-09T00:00:00+00:00', '--job-id', '80', '--raw', '--subdir', 'DAGS_FOLDER/nickdag.py', '--cfg-path', '/tmp/tmp8d54benj', '--error-file', '/tmp/tmpzgtz31t1']
[2022-07-25 12:25:28,577] {standard_task_runner.py:80} INFO - Job 80: Subtask t2
[2022-07-25 12:25:28,697] {logging_mixin.py:115} WARNING - /home/***/.local/lib/python3.7/site-packages/***/configuration.py:528 DeprecationWarning: The sql_alchemy_conn option in [core] has been moved to the sql_alchemy_conn option in [database] - the old setting has been used, but please update your config.
[2022-07-25 12:25:29,185] {task_command.py:371} INFO - Running <TaskInstance: tutorial.t2 scheduled__2022-06-09T00:00:00+00:00 [running]> on host 929e6a3728d4
[2022-07-25 12:25:29,778] {taskinstance.py:1591} INFO - Exporting the following env vars:
AIRFLOW_CTX_DAG_EMAIL=caroline.kosalka@gmail.com
AIRFLOW_CTX_DAG_OWNER=***
AIRFLOW_CTX_DAG_ID=tutorial
AIRFLOW_CTX_TASK_ID=t2
AIRFLOW_CTX_EXECUTION_DATE=2022-06-09T00:00:00+00:00
AIRFLOW_CTX_TRY_NUMBER=2
AIRFLOW_CTX_DAG_RUN_ID=scheduled__2022-06-09T00:00:00+00:00
[2022-07-25 12:25:29,780] {python.py:173} INFO - Done. Returned value was: goodbye
[2022-07-25 12:25:29,892] {taskinstance.py:1420} INFO - Marking task as SUCCESS. dag_id=tutorial, task_id=t2, execution_date=20220609T000000, start_date=20220725T122528, end_date=20220725T122529
[2022-07-25 12:25:29,975] {local_task_job.py:156} INFO - Task exited with return code 0
[2022-07-25 12:25:30,164] {local_task_job.py:273} INFO - 0 downstream tasks scheduled from follow-on schedule check
