[2022-07-21 08:10:02,016] {taskinstance.py:1179} INFO - Dependencies all met for <TaskInstance: tutorial.print_date scheduled__2022-07-19T00:00:00+00:00 [queued]>
[2022-07-21 08:10:02,076] {taskinstance.py:1179} INFO - Dependencies all met for <TaskInstance: tutorial.print_date scheduled__2022-07-19T00:00:00+00:00 [queued]>
[2022-07-21 08:10:02,078] {taskinstance.py:1376} INFO - 
--------------------------------------------------------------------------------
[2022-07-21 08:10:02,079] {taskinstance.py:1377} INFO - Starting attempt 1 of 2
[2022-07-21 08:10:02,081] {taskinstance.py:1378} INFO - 
--------------------------------------------------------------------------------
[2022-07-21 08:10:02,129] {taskinstance.py:1397} INFO - Executing <Task(BashOperator): print_date> on 2022-07-19 00:00:00+00:00
[2022-07-21 08:10:02,151] {standard_task_runner.py:52} INFO - Started process 643 to run task
[2022-07-21 08:10:02,173] {standard_task_runner.py:79} INFO - Running: ['***', 'tasks', 'run', 'tutorial', 'print_date', 'scheduled__2022-07-19T00:00:00+00:00', '--job-id', '98', '--raw', '--subdir', 'DAGS_FOLDER/nickdag.py', '--cfg-path', '/tmp/tmpfjerydk2', '--error-file', '/tmp/tmpjg0rmgdv']
[2022-07-21 08:10:02,181] {standard_task_runner.py:80} INFO - Job 98: Subtask print_date
[2022-07-21 08:10:02,233] {logging_mixin.py:115} WARNING - /home/***/.local/lib/python3.7/site-packages/***/configuration.py:528 DeprecationWarning: The sql_alchemy_conn option in [core] has been moved to the sql_alchemy_conn option in [database] - the old setting has been used, but please update your config.
[2022-07-21 08:10:02,539] {task_command.py:371} INFO - Running <TaskInstance: tutorial.print_date scheduled__2022-07-19T00:00:00+00:00 [running]> on host 97e3017421e4
[2022-07-21 08:10:02,731] {taskinstance.py:1591} INFO - Exporting the following env vars:
AIRFLOW_CTX_DAG_EMAIL=caroline.kosalka@gmail.com
AIRFLOW_CTX_DAG_OWNER=***
AIRFLOW_CTX_DAG_ID=tutorial
AIRFLOW_CTX_TASK_ID=print_date
AIRFLOW_CTX_EXECUTION_DATE=2022-07-19T00:00:00+00:00
AIRFLOW_CTX_TRY_NUMBER=1
AIRFLOW_CTX_DAG_RUN_ID=scheduled__2022-07-19T00:00:00+00:00
[2022-07-21 08:10:02,733] {subprocess.py:62} INFO - Tmp dir root location: 
 /tmp
[2022-07-21 08:10:02,735] {subprocess.py:74} INFO - Running command: ['bash', '-c', 'echo helloooo']
[2022-07-21 08:10:02,751] {subprocess.py:85} INFO - Output:
[2022-07-21 08:10:02,754] {subprocess.py:92} INFO - helloooo
[2022-07-21 08:10:02,755] {subprocess.py:96} INFO - Command exited with return code 0
[2022-07-21 08:10:02,860] {taskinstance.py:1420} INFO - Marking task as SUCCESS. dag_id=tutorial, task_id=print_date, execution_date=20220719T000000, start_date=20220721T081002, end_date=20220721T081002
[2022-07-21 08:10:02,945] {local_task_job.py:156} INFO - Task exited with return code 0
[2022-07-21 08:10:03,697] {local_task_job.py:273} INFO - 0 downstream tasks scheduled from follow-on schedule check
