[2022-07-22 13:00:16,407] {taskinstance.py:1179} INFO - Dependencies all met for <TaskInstance: tutorial.t2 scheduled__2022-06-18T00:00:00+00:00 [queued]>
[2022-07-22 13:00:16,553] {taskinstance.py:1179} INFO - Dependencies all met for <TaskInstance: tutorial.t2 scheduled__2022-06-18T00:00:00+00:00 [queued]>
[2022-07-22 13:00:16,555] {taskinstance.py:1376} INFO - 
--------------------------------------------------------------------------------
[2022-07-22 13:00:16,565] {taskinstance.py:1377} INFO - Starting attempt 1 of 2
[2022-07-22 13:00:16,567] {taskinstance.py:1378} INFO - 
--------------------------------------------------------------------------------
[2022-07-22 13:00:16,683] {taskinstance.py:1397} INFO - Executing <Task(PythonOperator): t2> on 2022-06-18 00:00:00+00:00
[2022-07-22 13:00:16,705] {standard_task_runner.py:52} INFO - Started process 795 to run task
[2022-07-22 13:00:16,766] {standard_task_runner.py:79} INFO - Running: ['***', 'tasks', 'run', 'tutorial', 't2', 'scheduled__2022-06-18T00:00:00+00:00', '--job-id', '44', '--raw', '--subdir', 'DAGS_FOLDER/nickdag.py', '--cfg-path', '/tmp/tmp8ms4_x2x', '--error-file', '/tmp/tmp82hkzhp6']
[2022-07-22 13:00:16,773] {standard_task_runner.py:80} INFO - Job 44: Subtask t2
[2022-07-22 13:00:16,915] {logging_mixin.py:115} WARNING - /home/***/.local/lib/python3.7/site-packages/***/configuration.py:528 DeprecationWarning: The sql_alchemy_conn option in [core] has been moved to the sql_alchemy_conn option in [database] - the old setting has been used, but please update your config.
[2022-07-22 13:00:17,273] {task_command.py:371} INFO - Running <TaskInstance: tutorial.t2 scheduled__2022-06-18T00:00:00+00:00 [running]> on host 2f63307804d5
[2022-07-22 13:00:17,962] {taskinstance.py:1591} INFO - Exporting the following env vars:
AIRFLOW_CTX_DAG_EMAIL=caroline.kosalka@gmail.com
AIRFLOW_CTX_DAG_OWNER=***
AIRFLOW_CTX_DAG_ID=tutorial
AIRFLOW_CTX_TASK_ID=t2
AIRFLOW_CTX_EXECUTION_DATE=2022-06-18T00:00:00+00:00
AIRFLOW_CTX_TRY_NUMBER=1
AIRFLOW_CTX_DAG_RUN_ID=scheduled__2022-06-18T00:00:00+00:00
[2022-07-22 13:00:17,967] {python.py:173} INFO - Done. Returned value was: goodbye
[2022-07-22 13:00:18,164] {taskinstance.py:1420} INFO - Marking task as SUCCESS. dag_id=tutorial, task_id=t2, execution_date=20220618T000000, start_date=20220722T130016, end_date=20220722T130018
[2022-07-22 13:00:18,337] {local_task_job.py:156} INFO - Task exited with return code 0
[2022-07-22 13:00:18,654] {local_task_job.py:273} INFO - 0 downstream tasks scheduled from follow-on schedule check
[2022-07-25 09:18:02,481] {taskinstance.py:1179} INFO - Dependencies all met for <TaskInstance: tutorial.t2 scheduled__2022-06-18T00:00:00+00:00 [queued]>
[2022-07-25 09:18:02,525] {taskinstance.py:1179} INFO - Dependencies all met for <TaskInstance: tutorial.t2 scheduled__2022-06-18T00:00:00+00:00 [queued]>
[2022-07-25 09:18:02,527] {taskinstance.py:1376} INFO - 
--------------------------------------------------------------------------------
[2022-07-25 09:18:02,528] {taskinstance.py:1377} INFO - Starting attempt 1 of 2
[2022-07-25 09:18:02,528] {taskinstance.py:1378} INFO - 
--------------------------------------------------------------------------------
[2022-07-25 09:18:02,591] {taskinstance.py:1397} INFO - Executing <Task(PythonOperator): t2> on 2022-06-18 00:00:00+00:00
[2022-07-25 09:18:02,608] {standard_task_runner.py:52} INFO - Started process 746 to run task
[2022-07-25 09:18:02,658] {standard_task_runner.py:79} INFO - Running: ['***', 'tasks', 'run', 'tutorial', 't2', 'scheduled__2022-06-18T00:00:00+00:00', '--job-id', '42', '--raw', '--subdir', 'DAGS_FOLDER/nickdag.py', '--cfg-path', '/tmp/tmpkgashx27', '--error-file', '/tmp/tmpe8es89r1']
[2022-07-25 09:18:02,668] {standard_task_runner.py:80} INFO - Job 42: Subtask t2
[2022-07-25 09:18:02,778] {logging_mixin.py:115} WARNING - /home/***/.local/lib/python3.7/site-packages/***/configuration.py:528 DeprecationWarning: The sql_alchemy_conn option in [core] has been moved to the sql_alchemy_conn option in [database] - the old setting has been used, but please update your config.
[2022-07-25 09:18:03,162] {task_command.py:371} INFO - Running <TaskInstance: tutorial.t2 scheduled__2022-06-18T00:00:00+00:00 [running]> on host 01e6b1df1873
[2022-07-25 09:18:03,525] {taskinstance.py:1591} INFO - Exporting the following env vars:
AIRFLOW_CTX_DAG_EMAIL=caroline.kosalka@gmail.com
AIRFLOW_CTX_DAG_OWNER=***
AIRFLOW_CTX_DAG_ID=tutorial
AIRFLOW_CTX_TASK_ID=t2
AIRFLOW_CTX_EXECUTION_DATE=2022-06-18T00:00:00+00:00
AIRFLOW_CTX_TRY_NUMBER=1
AIRFLOW_CTX_DAG_RUN_ID=scheduled__2022-06-18T00:00:00+00:00
[2022-07-25 09:18:03,529] {python.py:173} INFO - Done. Returned value was: goodbye
[2022-07-25 09:18:03,639] {taskinstance.py:1420} INFO - Marking task as SUCCESS. dag_id=tutorial, task_id=t2, execution_date=20220618T000000, start_date=20220725T091802, end_date=20220725T091803
[2022-07-25 09:18:03,760] {local_task_job.py:156} INFO - Task exited with return code 0
[2022-07-25 09:18:04,116] {local_task_job.py:273} INFO - 0 downstream tasks scheduled from follow-on schedule check
[2022-07-25 12:25:27,422] {taskinstance.py:1179} INFO - Dependencies all met for <TaskInstance: tutorial.t2 scheduled__2022-06-18T00:00:00+00:00 [queued]>
[2022-07-25 12:25:27,501] {taskinstance.py:1179} INFO - Dependencies all met for <TaskInstance: tutorial.t2 scheduled__2022-06-18T00:00:00+00:00 [queued]>
[2022-07-25 12:25:27,503] {taskinstance.py:1376} INFO - 
--------------------------------------------------------------------------------
[2022-07-25 12:25:27,504] {taskinstance.py:1377} INFO - Starting attempt 1 of 2
[2022-07-25 12:25:27,515] {taskinstance.py:1378} INFO - 
--------------------------------------------------------------------------------
[2022-07-25 12:25:27,576] {taskinstance.py:1397} INFO - Executing <Task(PythonOperator): t2> on 2022-06-18 00:00:00+00:00
[2022-07-25 12:25:27,601] {standard_task_runner.py:52} INFO - Started process 642 to run task
[2022-07-25 12:25:27,675] {standard_task_runner.py:79} INFO - Running: ['***', 'tasks', 'run', 'tutorial', 't2', 'scheduled__2022-06-18T00:00:00+00:00', '--job-id', '67', '--raw', '--subdir', 'DAGS_FOLDER/nickdag.py', '--cfg-path', '/tmp/tmpsmf3z0f3', '--error-file', '/tmp/tmpj1t9bn1z']
[2022-07-25 12:25:27,705] {standard_task_runner.py:80} INFO - Job 67: Subtask t2
[2022-07-25 12:25:27,895] {logging_mixin.py:115} WARNING - /home/***/.local/lib/python3.7/site-packages/***/configuration.py:528 DeprecationWarning: The sql_alchemy_conn option in [core] has been moved to the sql_alchemy_conn option in [database] - the old setting has been used, but please update your config.
[2022-07-25 12:25:28,389] {task_command.py:371} INFO - Running <TaskInstance: tutorial.t2 scheduled__2022-06-18T00:00:00+00:00 [running]> on host 929e6a3728d4
[2022-07-25 12:25:29,126] {taskinstance.py:1591} INFO - Exporting the following env vars:
AIRFLOW_CTX_DAG_EMAIL=caroline.kosalka@gmail.com
AIRFLOW_CTX_DAG_OWNER=***
AIRFLOW_CTX_DAG_ID=tutorial
AIRFLOW_CTX_TASK_ID=t2
AIRFLOW_CTX_EXECUTION_DATE=2022-06-18T00:00:00+00:00
AIRFLOW_CTX_TRY_NUMBER=1
AIRFLOW_CTX_DAG_RUN_ID=scheduled__2022-06-18T00:00:00+00:00
[2022-07-25 12:25:29,131] {python.py:173} INFO - Done. Returned value was: goodbye
[2022-07-25 12:25:29,422] {taskinstance.py:1420} INFO - Marking task as SUCCESS. dag_id=tutorial, task_id=t2, execution_date=20220618T000000, start_date=20220725T122527, end_date=20220725T122529
[2022-07-25 12:25:29,620] {local_task_job.py:156} INFO - Task exited with return code 0
[2022-07-25 12:25:29,858] {local_task_job.py:273} INFO - 0 downstream tasks scheduled from follow-on schedule check
