[2022-07-14 15:55:36,669] {processor.py:153} INFO - Started process (PID=179) to work on /opt/airflow/dags/dummy_dag.py
[2022-07-14 15:55:36,673] {processor.py:641} INFO - Processing file /opt/airflow/dags/dummy_dag.py for tasks to queue
[2022-07-14 15:55:36,674] {logging_mixin.py:115} INFO - [2022-07-14 15:55:36,674] {dagbag.py:508} INFO - Filling up the DagBag from /opt/airflow/dags/dummy_dag.py
[2022-07-14 15:55:36,696] {logging_mixin.py:115} INFO - [2022-07-14 15:55:36,693] {dagbag.py:321} ERROR - Failed to import: /opt/airflow/dags/dummy_dag.py
Traceback (most recent call last):
  File "/home/airflow/.local/lib/python3.7/site-packages/airflow/models/dagbag.py", line 318, in parse
    loader.exec_module(new_module)
  File "<frozen importlib._bootstrap_external>", line 728, in exec_module
  File "<frozen importlib._bootstrap>", line 219, in _call_with_frames_removed
  File "/opt/airflow/dags/dummy_dag.py", line 5, in <module>
    populate_db = PostgresOperator
NameError: name 'PostgresOperator' is not defined
[2022-07-14 15:55:36,698] {processor.py:653} WARNING - No viable dags retrieved from /opt/airflow/dags/dummy_dag.py
[2022-07-14 15:55:36,742] {processor.py:161} INFO - Processing /opt/airflow/dags/dummy_dag.py took 0.080 seconds
[2022-07-14 15:56:07,140] {processor.py:153} INFO - Started process (PID=192) to work on /opt/airflow/dags/dummy_dag.py
[2022-07-14 15:56:07,143] {processor.py:641} INFO - Processing file /opt/airflow/dags/dummy_dag.py for tasks to queue
[2022-07-14 15:56:07,150] {logging_mixin.py:115} INFO - [2022-07-14 15:56:07,150] {dagbag.py:508} INFO - Filling up the DagBag from /opt/airflow/dags/dummy_dag.py
[2022-07-14 15:56:07,188] {logging_mixin.py:115} INFO - [2022-07-14 15:56:07,183] {dagbag.py:321} ERROR - Failed to import: /opt/airflow/dags/dummy_dag.py
Traceback (most recent call last):
  File "/home/airflow/.local/lib/python3.7/site-packages/airflow/models/dagbag.py", line 318, in parse
    loader.exec_module(new_module)
  File "<frozen importlib._bootstrap_external>", line 728, in exec_module
  File "<frozen importlib._bootstrap>", line 219, in _call_with_frames_removed
  File "/opt/airflow/dags/dummy_dag.py", line 5, in <module>
    populate_db = PostgresOperator
NameError: name 'PostgresOperator' is not defined
[2022-07-14 15:56:07,191] {processor.py:653} WARNING - No viable dags retrieved from /opt/airflow/dags/dummy_dag.py
[2022-07-14 15:56:07,279] {processor.py:161} INFO - Processing /opt/airflow/dags/dummy_dag.py took 0.175 seconds
[2022-07-14 15:56:37,422] {processor.py:153} INFO - Started process (PID=197) to work on /opt/airflow/dags/dummy_dag.py
[2022-07-14 15:56:37,423] {processor.py:641} INFO - Processing file /opt/airflow/dags/dummy_dag.py for tasks to queue
[2022-07-14 15:56:37,424] {logging_mixin.py:115} INFO - [2022-07-14 15:56:37,424] {dagbag.py:508} INFO - Filling up the DagBag from /opt/airflow/dags/dummy_dag.py
[2022-07-14 15:56:37,487] {logging_mixin.py:115} INFO - [2022-07-14 15:56:37,483] {dagbag.py:321} ERROR - Failed to import: /opt/airflow/dags/dummy_dag.py
Traceback (most recent call last):
  File "/home/airflow/.local/lib/python3.7/site-packages/airflow/models/dagbag.py", line 318, in parse
    loader.exec_module(new_module)
  File "<frozen importlib._bootstrap_external>", line 728, in exec_module
  File "<frozen importlib._bootstrap>", line 219, in _call_with_frames_removed
  File "/opt/airflow/dags/dummy_dag.py", line 5, in <module>
    populate_db = PostgresOperator
NameError: name 'PostgresOperator' is not defined
[2022-07-14 15:56:37,488] {processor.py:653} WARNING - No viable dags retrieved from /opt/airflow/dags/dummy_dag.py
[2022-07-14 15:56:37,529] {processor.py:161} INFO - Processing /opt/airflow/dags/dummy_dag.py took 0.113 seconds
[2022-07-14 15:57:07,624] {processor.py:153} INFO - Started process (PID=202) to work on /opt/airflow/dags/dummy_dag.py
[2022-07-14 15:57:07,627] {processor.py:641} INFO - Processing file /opt/airflow/dags/dummy_dag.py for tasks to queue
[2022-07-14 15:57:07,628] {logging_mixin.py:115} INFO - [2022-07-14 15:57:07,628] {dagbag.py:508} INFO - Filling up the DagBag from /opt/airflow/dags/dummy_dag.py
[2022-07-14 15:57:07,639] {logging_mixin.py:115} INFO - [2022-07-14 15:57:07,637] {dagbag.py:321} ERROR - Failed to import: /opt/airflow/dags/dummy_dag.py
Traceback (most recent call last):
  File "/home/airflow/.local/lib/python3.7/site-packages/airflow/models/dagbag.py", line 318, in parse
    loader.exec_module(new_module)
  File "<frozen importlib._bootstrap_external>", line 728, in exec_module
  File "<frozen importlib._bootstrap>", line 219, in _call_with_frames_removed
  File "/opt/airflow/dags/dummy_dag.py", line 5, in <module>
    populate_db = PostgresOperator
NameError: name 'PostgresOperator' is not defined
[2022-07-14 15:57:07,640] {processor.py:653} WARNING - No viable dags retrieved from /opt/airflow/dags/dummy_dag.py
[2022-07-14 15:57:07,692] {processor.py:161} INFO - Processing /opt/airflow/dags/dummy_dag.py took 0.072 seconds
[2022-07-14 15:57:37,762] {processor.py:153} INFO - Started process (PID=207) to work on /opt/airflow/dags/dummy_dag.py
[2022-07-14 15:57:37,764] {processor.py:641} INFO - Processing file /opt/airflow/dags/dummy_dag.py for tasks to queue
[2022-07-14 15:57:37,765] {logging_mixin.py:115} INFO - [2022-07-14 15:57:37,765] {dagbag.py:508} INFO - Filling up the DagBag from /opt/airflow/dags/dummy_dag.py
[2022-07-14 15:57:37,775] {logging_mixin.py:115} INFO - [2022-07-14 15:57:37,773] {dagbag.py:321} ERROR - Failed to import: /opt/airflow/dags/dummy_dag.py
Traceback (most recent call last):
  File "/home/airflow/.local/lib/python3.7/site-packages/airflow/models/dagbag.py", line 318, in parse
    loader.exec_module(new_module)
  File "<frozen importlib._bootstrap_external>", line 728, in exec_module
  File "<frozen importlib._bootstrap>", line 219, in _call_with_frames_removed
  File "/opt/airflow/dags/dummy_dag.py", line 5, in <module>
    populate_db = PostgresOperator
NameError: name 'PostgresOperator' is not defined
[2022-07-14 15:57:37,776] {processor.py:653} WARNING - No viable dags retrieved from /opt/airflow/dags/dummy_dag.py
[2022-07-14 15:57:37,804] {processor.py:161} INFO - Processing /opt/airflow/dags/dummy_dag.py took 0.046 seconds
[2022-07-14 15:58:07,926] {processor.py:153} INFO - Started process (PID=212) to work on /opt/airflow/dags/dummy_dag.py
[2022-07-14 15:58:07,927] {processor.py:641} INFO - Processing file /opt/airflow/dags/dummy_dag.py for tasks to queue
[2022-07-14 15:58:07,929] {logging_mixin.py:115} INFO - [2022-07-14 15:58:07,928] {dagbag.py:508} INFO - Filling up the DagBag from /opt/airflow/dags/dummy_dag.py
[2022-07-14 15:58:07,938] {logging_mixin.py:115} INFO - [2022-07-14 15:58:07,936] {dagbag.py:321} ERROR - Failed to import: /opt/airflow/dags/dummy_dag.py
Traceback (most recent call last):
  File "/home/airflow/.local/lib/python3.7/site-packages/airflow/models/dagbag.py", line 318, in parse
    loader.exec_module(new_module)
  File "<frozen importlib._bootstrap_external>", line 728, in exec_module
  File "<frozen importlib._bootstrap>", line 219, in _call_with_frames_removed
  File "/opt/airflow/dags/dummy_dag.py", line 5, in <module>
    populate_db = PostgresOperator
NameError: name 'PostgresOperator' is not defined
[2022-07-14 15:58:07,939] {processor.py:653} WARNING - No viable dags retrieved from /opt/airflow/dags/dummy_dag.py
[2022-07-14 15:58:07,967] {processor.py:161} INFO - Processing /opt/airflow/dags/dummy_dag.py took 0.045 seconds
[2022-07-14 15:58:38,067] {processor.py:153} INFO - Started process (PID=217) to work on /opt/airflow/dags/dummy_dag.py
[2022-07-14 15:58:38,077] {processor.py:641} INFO - Processing file /opt/airflow/dags/dummy_dag.py for tasks to queue
[2022-07-14 15:58:38,079] {logging_mixin.py:115} INFO - [2022-07-14 15:58:38,079] {dagbag.py:508} INFO - Filling up the DagBag from /opt/airflow/dags/dummy_dag.py
[2022-07-14 15:58:38,088] {logging_mixin.py:115} INFO - [2022-07-14 15:58:38,086] {dagbag.py:321} ERROR - Failed to import: /opt/airflow/dags/dummy_dag.py
Traceback (most recent call last):
  File "/home/airflow/.local/lib/python3.7/site-packages/airflow/models/dagbag.py", line 318, in parse
    loader.exec_module(new_module)
  File "<frozen importlib._bootstrap_external>", line 728, in exec_module
  File "<frozen importlib._bootstrap>", line 219, in _call_with_frames_removed
  File "/opt/airflow/dags/dummy_dag.py", line 5, in <module>
    populate_db = PostgresOperator
NameError: name 'PostgresOperator' is not defined
[2022-07-14 15:58:38,090] {processor.py:653} WARNING - No viable dags retrieved from /opt/airflow/dags/dummy_dag.py
[2022-07-14 15:58:38,116] {processor.py:161} INFO - Processing /opt/airflow/dags/dummy_dag.py took 0.053 seconds
[2022-07-14 15:59:08,287] {processor.py:153} INFO - Started process (PID=222) to work on /opt/airflow/dags/dummy_dag.py
[2022-07-14 15:59:08,290] {processor.py:641} INFO - Processing file /opt/airflow/dags/dummy_dag.py for tasks to queue
[2022-07-14 15:59:08,292] {logging_mixin.py:115} INFO - [2022-07-14 15:59:08,292] {dagbag.py:508} INFO - Filling up the DagBag from /opt/airflow/dags/dummy_dag.py
[2022-07-14 15:59:08,322] {logging_mixin.py:115} INFO - [2022-07-14 15:59:08,315] {dagbag.py:321} ERROR - Failed to import: /opt/airflow/dags/dummy_dag.py
Traceback (most recent call last):
  File "/home/airflow/.local/lib/python3.7/site-packages/airflow/models/dagbag.py", line 318, in parse
    loader.exec_module(new_module)
  File "<frozen importlib._bootstrap_external>", line 728, in exec_module
  File "<frozen importlib._bootstrap>", line 219, in _call_with_frames_removed
  File "/opt/airflow/dags/dummy_dag.py", line 5, in <module>
    populate_db = PostgresOperator
NameError: name 'PostgresOperator' is not defined
[2022-07-14 15:59:08,325] {processor.py:653} WARNING - No viable dags retrieved from /opt/airflow/dags/dummy_dag.py
[2022-07-14 15:59:08,370] {processor.py:161} INFO - Processing /opt/airflow/dags/dummy_dag.py took 0.106 seconds
[2022-07-14 15:59:38,491] {processor.py:153} INFO - Started process (PID=227) to work on /opt/airflow/dags/dummy_dag.py
[2022-07-14 15:59:38,493] {processor.py:641} INFO - Processing file /opt/airflow/dags/dummy_dag.py for tasks to queue
[2022-07-14 15:59:38,494] {logging_mixin.py:115} INFO - [2022-07-14 15:59:38,494] {dagbag.py:508} INFO - Filling up the DagBag from /opt/airflow/dags/dummy_dag.py
[2022-07-14 15:59:38,505] {logging_mixin.py:115} INFO - [2022-07-14 15:59:38,503] {dagbag.py:321} ERROR - Failed to import: /opt/airflow/dags/dummy_dag.py
Traceback (most recent call last):
  File "/home/airflow/.local/lib/python3.7/site-packages/airflow/models/dagbag.py", line 318, in parse
    loader.exec_module(new_module)
  File "<frozen importlib._bootstrap_external>", line 728, in exec_module
  File "<frozen importlib._bootstrap>", line 219, in _call_with_frames_removed
  File "/opt/airflow/dags/dummy_dag.py", line 5, in <module>
    populate_db = PostgresOperator
NameError: name 'PostgresOperator' is not defined
[2022-07-14 15:59:38,506] {processor.py:653} WARNING - No viable dags retrieved from /opt/airflow/dags/dummy_dag.py
[2022-07-14 15:59:38,536] {processor.py:161} INFO - Processing /opt/airflow/dags/dummy_dag.py took 0.050 seconds
[2022-07-14 16:00:08,575] {processor.py:153} INFO - Started process (PID=232) to work on /opt/airflow/dags/dummy_dag.py
[2022-07-14 16:00:08,576] {processor.py:641} INFO - Processing file /opt/airflow/dags/dummy_dag.py for tasks to queue
[2022-07-14 16:00:08,578] {logging_mixin.py:115} INFO - [2022-07-14 16:00:08,578] {dagbag.py:508} INFO - Filling up the DagBag from /opt/airflow/dags/dummy_dag.py
[2022-07-14 16:00:08,586] {logging_mixin.py:115} INFO - [2022-07-14 16:00:08,584] {dagbag.py:321} ERROR - Failed to import: /opt/airflow/dags/dummy_dag.py
Traceback (most recent call last):
  File "/home/airflow/.local/lib/python3.7/site-packages/airflow/models/dagbag.py", line 318, in parse
    loader.exec_module(new_module)
  File "<frozen importlib._bootstrap_external>", line 728, in exec_module
  File "<frozen importlib._bootstrap>", line 219, in _call_with_frames_removed
  File "/opt/airflow/dags/dummy_dag.py", line 5, in <module>
    populate_db = PostgresOperator
NameError: name 'PostgresOperator' is not defined
[2022-07-14 16:00:08,587] {processor.py:653} WARNING - No viable dags retrieved from /opt/airflow/dags/dummy_dag.py
[2022-07-14 16:00:08,615] {processor.py:161} INFO - Processing /opt/airflow/dags/dummy_dag.py took 0.043 seconds
[2022-07-14 16:00:38,791] {processor.py:153} INFO - Started process (PID=237) to work on /opt/airflow/dags/dummy_dag.py
[2022-07-14 16:00:38,794] {processor.py:641} INFO - Processing file /opt/airflow/dags/dummy_dag.py for tasks to queue
[2022-07-14 16:00:38,795] {logging_mixin.py:115} INFO - [2022-07-14 16:00:38,795] {dagbag.py:508} INFO - Filling up the DagBag from /opt/airflow/dags/dummy_dag.py
[2022-07-14 16:00:38,803] {logging_mixin.py:115} INFO - [2022-07-14 16:00:38,802] {dagbag.py:321} ERROR - Failed to import: /opt/airflow/dags/dummy_dag.py
Traceback (most recent call last):
  File "/home/airflow/.local/lib/python3.7/site-packages/airflow/models/dagbag.py", line 318, in parse
    loader.exec_module(new_module)
  File "<frozen importlib._bootstrap_external>", line 728, in exec_module
  File "<frozen importlib._bootstrap>", line 219, in _call_with_frames_removed
  File "/opt/airflow/dags/dummy_dag.py", line 5, in <module>
    populate_db = PostgresOperator
NameError: name 'PostgresOperator' is not defined
[2022-07-14 16:00:38,804] {processor.py:653} WARNING - No viable dags retrieved from /opt/airflow/dags/dummy_dag.py
[2022-07-14 16:00:38,832] {processor.py:161} INFO - Processing /opt/airflow/dags/dummy_dag.py took 0.045 seconds
[2022-07-14 16:01:08,914] {processor.py:153} INFO - Started process (PID=242) to work on /opt/airflow/dags/dummy_dag.py
[2022-07-14 16:01:08,915] {processor.py:641} INFO - Processing file /opt/airflow/dags/dummy_dag.py for tasks to queue
[2022-07-14 16:01:08,916] {logging_mixin.py:115} INFO - [2022-07-14 16:01:08,916] {dagbag.py:508} INFO - Filling up the DagBag from /opt/airflow/dags/dummy_dag.py
[2022-07-14 16:01:08,923] {logging_mixin.py:115} INFO - [2022-07-14 16:01:08,922] {dagbag.py:321} ERROR - Failed to import: /opt/airflow/dags/dummy_dag.py
Traceback (most recent call last):
  File "/home/airflow/.local/lib/python3.7/site-packages/airflow/models/dagbag.py", line 318, in parse
    loader.exec_module(new_module)
  File "<frozen importlib._bootstrap_external>", line 728, in exec_module
  File "<frozen importlib._bootstrap>", line 219, in _call_with_frames_removed
  File "/opt/airflow/dags/dummy_dag.py", line 5, in <module>
    populate_db = PostgresOperator
NameError: name 'PostgresOperator' is not defined
[2022-07-14 16:01:08,924] {processor.py:653} WARNING - No viable dags retrieved from /opt/airflow/dags/dummy_dag.py
[2022-07-14 16:01:08,954] {processor.py:161} INFO - Processing /opt/airflow/dags/dummy_dag.py took 0.044 seconds
[2022-07-14 16:01:35,072] {processor.py:153} INFO - Started process (PID=247) to work on /opt/airflow/dags/dummy_dag.py
[2022-07-14 16:01:35,074] {processor.py:641} INFO - Processing file /opt/airflow/dags/dummy_dag.py for tasks to queue
[2022-07-14 16:01:35,076] {logging_mixin.py:115} INFO - [2022-07-14 16:01:35,076] {dagbag.py:508} INFO - Filling up the DagBag from /opt/airflow/dags/dummy_dag.py
[2022-07-14 16:01:35,129] {processor.py:651} INFO - DAG(s) dict_keys(['example_dag']) retrieved from /opt/airflow/dags/dummy_dag.py
[2022-07-14 16:01:35,309] {logging_mixin.py:115} INFO - [2022-07-14 16:01:35,309] {manager.py:508} INFO - Created Permission View: can read on DAG:example_dag
[2022-07-14 16:01:35,324] {logging_mixin.py:115} INFO - [2022-07-14 16:01:35,324] {manager.py:508} INFO - Created Permission View: can delete on DAG:example_dag
[2022-07-14 16:01:35,334] {logging_mixin.py:115} INFO - [2022-07-14 16:01:35,334] {manager.py:508} INFO - Created Permission View: can edit on DAG:example_dag
[2022-07-14 16:01:35,335] {logging_mixin.py:115} INFO - [2022-07-14 16:01:35,335] {dag.py:2420} INFO - Sync 1 DAGs
[2022-07-14 16:01:35,352] {logging_mixin.py:115} INFO - [2022-07-14 16:01:35,352] {dag.py:2439} INFO - Creating ORM DAG for example_dag
[2022-07-14 16:01:35,379] {logging_mixin.py:115} INFO - [2022-07-14 16:01:35,379] {dag.py:2972} INFO - Setting next_dagrun for example_dag to 2022-01-01T00:00:00+00:00, run_after=2022-01-02T00:00:00+00:00
[2022-07-14 16:01:35,397] {processor.py:161} INFO - Processing /opt/airflow/dags/dummy_dag.py took 0.330 seconds
[2022-07-14 16:02:05,521] {processor.py:153} INFO - Started process (PID=252) to work on /opt/airflow/dags/dummy_dag.py
[2022-07-14 16:02:05,523] {processor.py:641} INFO - Processing file /opt/airflow/dags/dummy_dag.py for tasks to queue
[2022-07-14 16:02:05,525] {logging_mixin.py:115} INFO - [2022-07-14 16:02:05,524] {dagbag.py:508} INFO - Filling up the DagBag from /opt/airflow/dags/dummy_dag.py
[2022-07-14 16:02:05,541] {processor.py:651} INFO - DAG(s) dict_keys(['example_dag']) retrieved from /opt/airflow/dags/dummy_dag.py
[2022-07-14 16:02:05,580] {logging_mixin.py:115} INFO - [2022-07-14 16:02:05,580] {dag.py:2420} INFO - Sync 1 DAGs
[2022-07-14 16:02:05,612] {logging_mixin.py:115} INFO - [2022-07-14 16:02:05,612] {dag.py:2972} INFO - Setting next_dagrun for example_dag to 2022-01-01T00:00:00+00:00, run_after=2022-01-02T00:00:00+00:00
[2022-07-14 16:02:05,628] {processor.py:161} INFO - Processing /opt/airflow/dags/dummy_dag.py took 0.112 seconds
[2022-07-14 16:02:35,720] {processor.py:153} INFO - Started process (PID=257) to work on /opt/airflow/dags/dummy_dag.py
[2022-07-14 16:02:35,722] {processor.py:641} INFO - Processing file /opt/airflow/dags/dummy_dag.py for tasks to queue
[2022-07-14 16:02:35,723] {logging_mixin.py:115} INFO - [2022-07-14 16:02:35,723] {dagbag.py:508} INFO - Filling up the DagBag from /opt/airflow/dags/dummy_dag.py
[2022-07-14 16:02:35,740] {processor.py:651} INFO - DAG(s) dict_keys(['example_dag']) retrieved from /opt/airflow/dags/dummy_dag.py
[2022-07-14 16:02:35,778] {logging_mixin.py:115} INFO - [2022-07-14 16:02:35,778] {dag.py:2420} INFO - Sync 1 DAGs
[2022-07-14 16:02:35,806] {logging_mixin.py:115} INFO - [2022-07-14 16:02:35,806] {dag.py:2972} INFO - Setting next_dagrun for example_dag to 2022-01-01T00:00:00+00:00, run_after=2022-01-02T00:00:00+00:00
[2022-07-14 16:02:35,821] {processor.py:161} INFO - Processing /opt/airflow/dags/dummy_dag.py took 0.105 seconds
[2022-07-14 16:03:05,941] {processor.py:153} INFO - Started process (PID=262) to work on /opt/airflow/dags/dummy_dag.py
[2022-07-14 16:03:05,943] {processor.py:641} INFO - Processing file /opt/airflow/dags/dummy_dag.py for tasks to queue
[2022-07-14 16:03:05,944] {logging_mixin.py:115} INFO - [2022-07-14 16:03:05,944] {dagbag.py:508} INFO - Filling up the DagBag from /opt/airflow/dags/dummy_dag.py
[2022-07-14 16:03:05,957] {processor.py:651} INFO - DAG(s) dict_keys(['example_dag']) retrieved from /opt/airflow/dags/dummy_dag.py
[2022-07-14 16:03:05,995] {logging_mixin.py:115} INFO - [2022-07-14 16:03:05,995] {dag.py:2420} INFO - Sync 1 DAGs
[2022-07-14 16:03:06,021] {logging_mixin.py:115} INFO - [2022-07-14 16:03:06,021] {dag.py:2972} INFO - Setting next_dagrun for example_dag to 2022-01-01T00:00:00+00:00, run_after=2022-01-02T00:00:00+00:00
[2022-07-14 16:03:06,036] {processor.py:161} INFO - Processing /opt/airflow/dags/dummy_dag.py took 0.101 seconds
[2022-07-14 16:03:36,154] {processor.py:153} INFO - Started process (PID=267) to work on /opt/airflow/dags/dummy_dag.py
[2022-07-14 16:03:36,156] {processor.py:641} INFO - Processing file /opt/airflow/dags/dummy_dag.py for tasks to queue
[2022-07-14 16:03:36,158] {logging_mixin.py:115} INFO - [2022-07-14 16:03:36,158] {dagbag.py:508} INFO - Filling up the DagBag from /opt/airflow/dags/dummy_dag.py
[2022-07-14 16:03:36,169] {processor.py:651} INFO - DAG(s) dict_keys(['example_dag']) retrieved from /opt/airflow/dags/dummy_dag.py
[2022-07-14 16:03:36,210] {logging_mixin.py:115} INFO - [2022-07-14 16:03:36,210] {dag.py:2420} INFO - Sync 1 DAGs
[2022-07-14 16:03:36,237] {logging_mixin.py:115} INFO - [2022-07-14 16:03:36,237] {dag.py:2972} INFO - Setting next_dagrun for example_dag to 2022-01-01T00:00:00+00:00, run_after=2022-01-02T00:00:00+00:00
[2022-07-14 16:03:36,250] {processor.py:161} INFO - Processing /opt/airflow/dags/dummy_dag.py took 0.099 seconds
[2022-07-14 16:04:06,357] {processor.py:153} INFO - Started process (PID=272) to work on /opt/airflow/dags/dummy_dag.py
[2022-07-14 16:04:06,359] {processor.py:641} INFO - Processing file /opt/airflow/dags/dummy_dag.py for tasks to queue
[2022-07-14 16:04:06,360] {logging_mixin.py:115} INFO - [2022-07-14 16:04:06,360] {dagbag.py:508} INFO - Filling up the DagBag from /opt/airflow/dags/dummy_dag.py
[2022-07-14 16:04:06,373] {processor.py:651} INFO - DAG(s) dict_keys(['example_dag']) retrieved from /opt/airflow/dags/dummy_dag.py
[2022-07-14 16:04:06,409] {logging_mixin.py:115} INFO - [2022-07-14 16:04:06,409] {dag.py:2420} INFO - Sync 1 DAGs
[2022-07-14 16:04:06,435] {logging_mixin.py:115} INFO - [2022-07-14 16:04:06,435] {dag.py:2972} INFO - Setting next_dagrun for example_dag to 2022-01-01T00:00:00+00:00, run_after=2022-01-02T00:00:00+00:00
[2022-07-14 16:04:06,450] {processor.py:161} INFO - Processing /opt/airflow/dags/dummy_dag.py took 0.097 seconds
[2022-07-14 16:04:36,561] {processor.py:153} INFO - Started process (PID=277) to work on /opt/airflow/dags/dummy_dag.py
[2022-07-14 16:04:36,563] {processor.py:641} INFO - Processing file /opt/airflow/dags/dummy_dag.py for tasks to queue
[2022-07-14 16:04:36,565] {logging_mixin.py:115} INFO - [2022-07-14 16:04:36,564] {dagbag.py:508} INFO - Filling up the DagBag from /opt/airflow/dags/dummy_dag.py
[2022-07-14 16:04:36,579] {processor.py:651} INFO - DAG(s) dict_keys(['example_dag']) retrieved from /opt/airflow/dags/dummy_dag.py
[2022-07-14 16:04:36,620] {logging_mixin.py:115} INFO - [2022-07-14 16:04:36,619] {dag.py:2420} INFO - Sync 1 DAGs
[2022-07-14 16:04:36,647] {logging_mixin.py:115} INFO - [2022-07-14 16:04:36,647] {dag.py:2972} INFO - Setting next_dagrun for example_dag to 2022-01-01T00:00:00+00:00, run_after=2022-01-02T00:00:00+00:00
[2022-07-14 16:04:36,662] {processor.py:161} INFO - Processing /opt/airflow/dags/dummy_dag.py took 0.106 seconds
[2022-07-14 16:05:06,780] {processor.py:153} INFO - Started process (PID=282) to work on /opt/airflow/dags/dummy_dag.py
[2022-07-14 16:05:06,781] {processor.py:641} INFO - Processing file /opt/airflow/dags/dummy_dag.py for tasks to queue
[2022-07-14 16:05:06,783] {logging_mixin.py:115} INFO - [2022-07-14 16:05:06,782] {dagbag.py:508} INFO - Filling up the DagBag from /opt/airflow/dags/dummy_dag.py
[2022-07-14 16:05:06,795] {processor.py:651} INFO - DAG(s) dict_keys(['example_dag']) retrieved from /opt/airflow/dags/dummy_dag.py
[2022-07-14 16:05:06,812] {logging_mixin.py:115} INFO - [2022-07-14 16:05:06,812] {dag.py:2420} INFO - Sync 1 DAGs
[2022-07-14 16:05:06,842] {logging_mixin.py:115} INFO - [2022-07-14 16:05:06,842] {dag.py:2972} INFO - Setting next_dagrun for example_dag to 2022-01-01T00:00:00+00:00, run_after=2022-01-02T00:00:00+00:00
[2022-07-14 16:05:06,858] {processor.py:161} INFO - Processing /opt/airflow/dags/dummy_dag.py took 0.108 seconds
[2022-07-14 16:05:36,931] {processor.py:153} INFO - Started process (PID=287) to work on /opt/airflow/dags/dummy_dag.py
[2022-07-14 16:05:36,933] {processor.py:641} INFO - Processing file /opt/airflow/dags/dummy_dag.py for tasks to queue
[2022-07-14 16:05:36,934] {logging_mixin.py:115} INFO - [2022-07-14 16:05:36,934] {dagbag.py:508} INFO - Filling up the DagBag from /opt/airflow/dags/dummy_dag.py
[2022-07-14 16:05:36,946] {processor.py:651} INFO - DAG(s) dict_keys(['example_dag']) retrieved from /opt/airflow/dags/dummy_dag.py
[2022-07-14 16:05:36,982] {logging_mixin.py:115} INFO - [2022-07-14 16:05:36,982] {dag.py:2420} INFO - Sync 1 DAGs
[2022-07-14 16:05:37,010] {logging_mixin.py:115} INFO - [2022-07-14 16:05:37,010] {dag.py:2972} INFO - Setting next_dagrun for example_dag to 2022-01-01T00:00:00+00:00, run_after=2022-01-02T00:00:00+00:00
[2022-07-14 16:05:37,026] {processor.py:161} INFO - Processing /opt/airflow/dags/dummy_dag.py took 0.100 seconds
[2022-07-14 16:06:07,085] {processor.py:153} INFO - Started process (PID=292) to work on /opt/airflow/dags/dummy_dag.py
[2022-07-14 16:06:07,087] {processor.py:641} INFO - Processing file /opt/airflow/dags/dummy_dag.py for tasks to queue
[2022-07-14 16:06:07,089] {logging_mixin.py:115} INFO - [2022-07-14 16:06:07,089] {dagbag.py:508} INFO - Filling up the DagBag from /opt/airflow/dags/dummy_dag.py
[2022-07-14 16:06:07,101] {processor.py:651} INFO - DAG(s) dict_keys(['example_dag']) retrieved from /opt/airflow/dags/dummy_dag.py
[2022-07-14 16:06:07,142] {logging_mixin.py:115} INFO - [2022-07-14 16:06:07,141] {dag.py:2420} INFO - Sync 1 DAGs
[2022-07-14 16:06:07,171] {logging_mixin.py:115} INFO - [2022-07-14 16:06:07,171] {dag.py:2972} INFO - Setting next_dagrun for example_dag to 2022-01-01T00:00:00+00:00, run_after=2022-01-02T00:00:00+00:00
[2022-07-14 16:06:07,187] {processor.py:161} INFO - Processing /opt/airflow/dags/dummy_dag.py took 0.108 seconds
[2022-07-14 16:06:37,230] {processor.py:153} INFO - Started process (PID=297) to work on /opt/airflow/dags/dummy_dag.py
[2022-07-14 16:06:37,231] {processor.py:641} INFO - Processing file /opt/airflow/dags/dummy_dag.py for tasks to queue
[2022-07-14 16:06:37,233] {logging_mixin.py:115} INFO - [2022-07-14 16:06:37,233] {dagbag.py:508} INFO - Filling up the DagBag from /opt/airflow/dags/dummy_dag.py
[2022-07-14 16:06:37,245] {processor.py:651} INFO - DAG(s) dict_keys(['example_dag']) retrieved from /opt/airflow/dags/dummy_dag.py
[2022-07-14 16:06:37,279] {logging_mixin.py:115} INFO - [2022-07-14 16:06:37,279] {dag.py:2420} INFO - Sync 1 DAGs
[2022-07-14 16:06:37,316] {logging_mixin.py:115} INFO - [2022-07-14 16:06:37,316] {dag.py:2972} INFO - Setting next_dagrun for example_dag to 2022-01-01T00:00:00+00:00, run_after=2022-01-02T00:00:00+00:00
[2022-07-14 16:06:37,331] {processor.py:161} INFO - Processing /opt/airflow/dags/dummy_dag.py took 0.105 seconds
[2022-07-14 16:07:07,429] {processor.py:153} INFO - Started process (PID=302) to work on /opt/airflow/dags/dummy_dag.py
[2022-07-14 16:07:07,432] {processor.py:641} INFO - Processing file /opt/airflow/dags/dummy_dag.py for tasks to queue
[2022-07-14 16:07:07,433] {logging_mixin.py:115} INFO - [2022-07-14 16:07:07,433] {dagbag.py:508} INFO - Filling up the DagBag from /opt/airflow/dags/dummy_dag.py
[2022-07-14 16:07:07,444] {processor.py:651} INFO - DAG(s) dict_keys(['example_dag']) retrieved from /opt/airflow/dags/dummy_dag.py
[2022-07-14 16:07:07,483] {logging_mixin.py:115} INFO - [2022-07-14 16:07:07,483] {dag.py:2420} INFO - Sync 1 DAGs
[2022-07-14 16:07:07,511] {logging_mixin.py:115} INFO - [2022-07-14 16:07:07,511] {dag.py:2972} INFO - Setting next_dagrun for example_dag to 2022-01-01T00:00:00+00:00, run_after=2022-01-02T00:00:00+00:00
[2022-07-14 16:07:07,525] {processor.py:161} INFO - Processing /opt/airflow/dags/dummy_dag.py took 0.102 seconds
[2022-07-14 16:07:37,578] {processor.py:153} INFO - Started process (PID=307) to work on /opt/airflow/dags/dummy_dag.py
[2022-07-14 16:07:37,579] {processor.py:641} INFO - Processing file /opt/airflow/dags/dummy_dag.py for tasks to queue
[2022-07-14 16:07:37,580] {logging_mixin.py:115} INFO - [2022-07-14 16:07:37,580] {dagbag.py:508} INFO - Filling up the DagBag from /opt/airflow/dags/dummy_dag.py
[2022-07-14 16:07:37,596] {processor.py:651} INFO - DAG(s) dict_keys(['example_dag']) retrieved from /opt/airflow/dags/dummy_dag.py
[2022-07-14 16:07:37,633] {logging_mixin.py:115} INFO - [2022-07-14 16:07:37,633] {dag.py:2420} INFO - Sync 1 DAGs
[2022-07-14 16:07:37,659] {logging_mixin.py:115} INFO - [2022-07-14 16:07:37,659] {dag.py:2972} INFO - Setting next_dagrun for example_dag to 2022-01-01T00:00:00+00:00, run_after=2022-01-02T00:00:00+00:00
[2022-07-14 16:07:37,671] {processor.py:161} INFO - Processing /opt/airflow/dags/dummy_dag.py took 0.099 seconds
[2022-07-14 16:08:07,765] {processor.py:153} INFO - Started process (PID=312) to work on /opt/airflow/dags/dummy_dag.py
[2022-07-14 16:08:07,766] {processor.py:641} INFO - Processing file /opt/airflow/dags/dummy_dag.py for tasks to queue
[2022-07-14 16:08:07,767] {logging_mixin.py:115} INFO - [2022-07-14 16:08:07,767] {dagbag.py:508} INFO - Filling up the DagBag from /opt/airflow/dags/dummy_dag.py
[2022-07-14 16:08:07,784] {processor.py:651} INFO - DAG(s) dict_keys(['example_dag']) retrieved from /opt/airflow/dags/dummy_dag.py
[2022-07-14 16:08:07,831] {logging_mixin.py:115} INFO - [2022-07-14 16:08:07,831] {dag.py:2420} INFO - Sync 1 DAGs
[2022-07-14 16:08:07,858] {logging_mixin.py:115} INFO - [2022-07-14 16:08:07,858] {dag.py:2972} INFO - Setting next_dagrun for example_dag to 2022-01-01T00:00:00+00:00, run_after=2022-01-02T00:00:00+00:00
[2022-07-14 16:08:07,872] {processor.py:161} INFO - Processing /opt/airflow/dags/dummy_dag.py took 0.113 seconds
[2022-07-14 16:09:12,906] {processor.py:153} INFO - Started process (PID=176) to work on /opt/airflow/dags/dummy_dag.py
[2022-07-14 16:09:12,908] {processor.py:641} INFO - Processing file /opt/airflow/dags/dummy_dag.py for tasks to queue
[2022-07-14 16:09:12,909] {logging_mixin.py:115} INFO - [2022-07-14 16:09:12,909] {dagbag.py:508} INFO - Filling up the DagBag from /opt/airflow/dags/dummy_dag.py
[2022-07-14 16:09:12,923] {processor.py:651} INFO - DAG(s) dict_keys(['example_dag']) retrieved from /opt/airflow/dags/dummy_dag.py
[2022-07-14 16:09:13,021] {logging_mixin.py:115} INFO - [2022-07-14 16:09:13,021] {manager.py:508} INFO - Created Permission View: can read on DAG:example_dag
[2022-07-14 16:09:13,032] {logging_mixin.py:115} INFO - [2022-07-14 16:09:13,032] {manager.py:508} INFO - Created Permission View: can delete on DAG:example_dag
[2022-07-14 16:09:13,043] {logging_mixin.py:115} INFO - [2022-07-14 16:09:13,043] {manager.py:508} INFO - Created Permission View: can edit on DAG:example_dag
[2022-07-14 16:09:13,044] {logging_mixin.py:115} INFO - [2022-07-14 16:09:13,044] {dag.py:2420} INFO - Sync 1 DAGs
[2022-07-14 16:09:13,055] {logging_mixin.py:115} INFO - [2022-07-14 16:09:13,054] {dag.py:2439} INFO - Creating ORM DAG for example_dag
[2022-07-14 16:09:13,069] {logging_mixin.py:115} INFO - [2022-07-14 16:09:13,069] {dag.py:2972} INFO - Setting next_dagrun for example_dag to 2022-01-01T00:00:00+00:00, run_after=2022-01-02T00:00:00+00:00
[2022-07-14 16:09:13,085] {processor.py:161} INFO - Processing /opt/airflow/dags/dummy_dag.py took 0.182 seconds
[2022-07-14 16:09:43,215] {processor.py:153} INFO - Started process (PID=192) to work on /opt/airflow/dags/dummy_dag.py
[2022-07-14 16:09:43,218] {processor.py:641} INFO - Processing file /opt/airflow/dags/dummy_dag.py for tasks to queue
[2022-07-14 16:09:43,220] {logging_mixin.py:115} INFO - [2022-07-14 16:09:43,219] {dagbag.py:508} INFO - Filling up the DagBag from /opt/airflow/dags/dummy_dag.py
[2022-07-14 16:09:43,240] {processor.py:651} INFO - DAG(s) dict_keys(['example_dag']) retrieved from /opt/airflow/dags/dummy_dag.py
[2022-07-14 16:09:43,311] {logging_mixin.py:115} INFO - [2022-07-14 16:09:43,311] {dag.py:2420} INFO - Sync 1 DAGs
[2022-07-14 16:09:43,394] {logging_mixin.py:115} INFO - [2022-07-14 16:09:43,394] {dag.py:2972} INFO - Setting next_dagrun for example_dag to 2022-01-01T00:00:00+00:00, run_after=2022-01-02T00:00:00+00:00
[2022-07-14 16:09:43,476] {processor.py:161} INFO - Processing /opt/airflow/dags/dummy_dag.py took 0.269 seconds
[2022-07-14 16:10:13,652] {processor.py:153} INFO - Started process (PID=197) to work on /opt/airflow/dags/dummy_dag.py
[2022-07-14 16:10:13,664] {processor.py:641} INFO - Processing file /opt/airflow/dags/dummy_dag.py for tasks to queue
[2022-07-14 16:10:13,668] {logging_mixin.py:115} INFO - [2022-07-14 16:10:13,667] {dagbag.py:508} INFO - Filling up the DagBag from /opt/airflow/dags/dummy_dag.py
[2022-07-14 16:10:13,755] {processor.py:651} INFO - DAG(s) dict_keys(['example_dag']) retrieved from /opt/airflow/dags/dummy_dag.py
[2022-07-14 16:10:13,955] {logging_mixin.py:115} INFO - [2022-07-14 16:10:13,955] {dag.py:2420} INFO - Sync 1 DAGs
[2022-07-14 16:10:14,012] {logging_mixin.py:115} INFO - [2022-07-14 16:10:14,011] {dag.py:2972} INFO - Setting next_dagrun for example_dag to 2022-01-01T00:00:00+00:00, run_after=2022-01-02T00:00:00+00:00
[2022-07-14 16:10:14,035] {processor.py:161} INFO - Processing /opt/airflow/dags/dummy_dag.py took 0.416 seconds
[2022-07-14 16:10:44,206] {processor.py:153} INFO - Started process (PID=202) to work on /opt/airflow/dags/dummy_dag.py
[2022-07-14 16:10:44,209] {processor.py:641} INFO - Processing file /opt/airflow/dags/dummy_dag.py for tasks to queue
[2022-07-14 16:10:44,211] {logging_mixin.py:115} INFO - [2022-07-14 16:10:44,211] {dagbag.py:508} INFO - Filling up the DagBag from /opt/airflow/dags/dummy_dag.py
[2022-07-14 16:10:44,232] {processor.py:651} INFO - DAG(s) dict_keys(['example_dag']) retrieved from /opt/airflow/dags/dummy_dag.py
[2022-07-14 16:10:44,297] {logging_mixin.py:115} INFO - [2022-07-14 16:10:44,297] {dag.py:2420} INFO - Sync 1 DAGs
[2022-07-14 16:10:44,335] {logging_mixin.py:115} INFO - [2022-07-14 16:10:44,335] {dag.py:2972} INFO - Setting next_dagrun for example_dag to 2022-01-01T00:00:00+00:00, run_after=2022-01-02T00:00:00+00:00
[2022-07-14 16:10:44,351] {processor.py:161} INFO - Processing /opt/airflow/dags/dummy_dag.py took 0.153 seconds
[2022-07-14 16:11:14,479] {processor.py:153} INFO - Started process (PID=207) to work on /opt/airflow/dags/dummy_dag.py
[2022-07-14 16:11:14,481] {processor.py:641} INFO - Processing file /opt/airflow/dags/dummy_dag.py for tasks to queue
[2022-07-14 16:11:14,482] {logging_mixin.py:115} INFO - [2022-07-14 16:11:14,482] {dagbag.py:508} INFO - Filling up the DagBag from /opt/airflow/dags/dummy_dag.py
[2022-07-14 16:11:14,500] {processor.py:651} INFO - DAG(s) dict_keys(['example_dag']) retrieved from /opt/airflow/dags/dummy_dag.py
[2022-07-14 16:11:14,542] {logging_mixin.py:115} INFO - [2022-07-14 16:11:14,542] {dag.py:2420} INFO - Sync 1 DAGs
[2022-07-14 16:11:14,580] {logging_mixin.py:115} INFO - [2022-07-14 16:11:14,580] {dag.py:2972} INFO - Setting next_dagrun for example_dag to 2022-01-11T00:00:00+00:00, run_after=2022-01-12T00:00:00+00:00
[2022-07-14 16:11:14,601] {processor.py:161} INFO - Processing /opt/airflow/dags/dummy_dag.py took 0.127 seconds
[2022-07-14 16:11:44,731] {processor.py:153} INFO - Started process (PID=212) to work on /opt/airflow/dags/dummy_dag.py
[2022-07-14 16:11:44,733] {processor.py:641} INFO - Processing file /opt/airflow/dags/dummy_dag.py for tasks to queue
[2022-07-14 16:11:44,734] {logging_mixin.py:115} INFO - [2022-07-14 16:11:44,734] {dagbag.py:508} INFO - Filling up the DagBag from /opt/airflow/dags/dummy_dag.py
[2022-07-14 16:11:44,747] {processor.py:651} INFO - DAG(s) dict_keys(['example_dag']) retrieved from /opt/airflow/dags/dummy_dag.py
[2022-07-14 16:11:44,783] {logging_mixin.py:115} INFO - [2022-07-14 16:11:44,783] {dag.py:2420} INFO - Sync 1 DAGs
[2022-07-14 16:11:44,810] {logging_mixin.py:115} INFO - [2022-07-14 16:11:44,810] {dag.py:2972} INFO - Setting next_dagrun for example_dag to 2022-01-25T00:00:00+00:00, run_after=2022-01-26T00:00:00+00:00
[2022-07-14 16:11:44,825] {processor.py:161} INFO - Processing /opt/airflow/dags/dummy_dag.py took 0.097 seconds
[2022-07-14 16:12:14,890] {processor.py:153} INFO - Started process (PID=217) to work on /opt/airflow/dags/dummy_dag.py
[2022-07-14 16:12:14,891] {processor.py:641} INFO - Processing file /opt/airflow/dags/dummy_dag.py for tasks to queue
[2022-07-14 16:12:14,893] {logging_mixin.py:115} INFO - [2022-07-14 16:12:14,892] {dagbag.py:508} INFO - Filling up the DagBag from /opt/airflow/dags/dummy_dag.py
[2022-07-14 16:12:14,909] {processor.py:651} INFO - DAG(s) dict_keys(['example_dag']) retrieved from /opt/airflow/dags/dummy_dag.py
[2022-07-14 16:12:14,954] {logging_mixin.py:115} INFO - [2022-07-14 16:12:14,954] {dag.py:2420} INFO - Sync 1 DAGs
[2022-07-14 16:12:14,986] {logging_mixin.py:115} INFO - [2022-07-14 16:12:14,986] {dag.py:2972} INFO - Setting next_dagrun for example_dag to 2022-01-25T00:00:00+00:00, run_after=2022-01-26T00:00:00+00:00
[2022-07-14 16:12:15,004] {processor.py:161} INFO - Processing /opt/airflow/dags/dummy_dag.py took 0.119 seconds
[2022-07-14 16:58:48,152] {processor.py:153} INFO - Started process (PID=179) to work on /opt/airflow/dags/dummy_dag.py
[2022-07-14 16:58:48,154] {processor.py:641} INFO - Processing file /opt/airflow/dags/dummy_dag.py for tasks to queue
[2022-07-14 16:58:48,155] {logging_mixin.py:115} INFO - [2022-07-14 16:58:48,155] {dagbag.py:508} INFO - Filling up the DagBag from /opt/airflow/dags/dummy_dag.py
[2022-07-14 16:58:48,181] {processor.py:651} INFO - DAG(s) dict_keys(['example_dag']) retrieved from /opt/airflow/dags/dummy_dag.py
[2022-07-14 16:58:48,318] {logging_mixin.py:115} INFO - [2022-07-14 16:58:48,318] {manager.py:508} INFO - Created Permission View: can read on DAG:example_dag
[2022-07-14 16:58:48,329] {logging_mixin.py:115} INFO - [2022-07-14 16:58:48,329] {manager.py:508} INFO - Created Permission View: can edit on DAG:example_dag
[2022-07-14 16:58:48,340] {logging_mixin.py:115} INFO - [2022-07-14 16:58:48,340] {manager.py:508} INFO - Created Permission View: can delete on DAG:example_dag
[2022-07-14 16:58:48,341] {logging_mixin.py:115} INFO - [2022-07-14 16:58:48,341] {dag.py:2420} INFO - Sync 1 DAGs
[2022-07-14 16:58:48,354] {logging_mixin.py:115} INFO - [2022-07-14 16:58:48,354] {dag.py:2439} INFO - Creating ORM DAG for example_dag
[2022-07-14 16:58:48,371] {logging_mixin.py:115} INFO - [2022-07-14 16:58:48,371] {dag.py:2972} INFO - Setting next_dagrun for example_dag to 2022-01-01T00:00:00+00:00, run_after=2022-01-02T00:00:00+00:00
[2022-07-14 16:58:48,390] {processor.py:161} INFO - Processing /opt/airflow/dags/dummy_dag.py took 0.245 seconds
[2022-07-14 16:59:18,512] {processor.py:153} INFO - Started process (PID=192) to work on /opt/airflow/dags/dummy_dag.py
[2022-07-14 16:59:18,514] {processor.py:641} INFO - Processing file /opt/airflow/dags/dummy_dag.py for tasks to queue
[2022-07-14 16:59:18,516] {logging_mixin.py:115} INFO - [2022-07-14 16:59:18,516] {dagbag.py:508} INFO - Filling up the DagBag from /opt/airflow/dags/dummy_dag.py
[2022-07-14 16:59:18,538] {processor.py:651} INFO - DAG(s) dict_keys(['example_dag']) retrieved from /opt/airflow/dags/dummy_dag.py
[2022-07-14 16:59:18,604] {logging_mixin.py:115} INFO - [2022-07-14 16:59:18,604] {dag.py:2420} INFO - Sync 1 DAGs
[2022-07-14 16:59:18,646] {logging_mixin.py:115} INFO - [2022-07-14 16:59:18,646] {dag.py:2972} INFO - Setting next_dagrun for example_dag to 2022-01-01T00:00:00+00:00, run_after=2022-01-02T00:00:00+00:00
[2022-07-14 16:59:18,664] {processor.py:161} INFO - Processing /opt/airflow/dags/dummy_dag.py took 0.163 seconds
[2022-07-14 16:59:48,780] {processor.py:153} INFO - Started process (PID=197) to work on /opt/airflow/dags/dummy_dag.py
[2022-07-14 16:59:48,782] {processor.py:641} INFO - Processing file /opt/airflow/dags/dummy_dag.py for tasks to queue
[2022-07-14 16:59:48,785] {logging_mixin.py:115} INFO - [2022-07-14 16:59:48,784] {dagbag.py:508} INFO - Filling up the DagBag from /opt/airflow/dags/dummy_dag.py
[2022-07-14 16:59:48,802] {processor.py:651} INFO - DAG(s) dict_keys(['example_dag']) retrieved from /opt/airflow/dags/dummy_dag.py
[2022-07-14 16:59:48,856] {logging_mixin.py:115} INFO - [2022-07-14 16:59:48,856] {dag.py:2420} INFO - Sync 1 DAGs
[2022-07-14 16:59:48,918] {logging_mixin.py:115} INFO - [2022-07-14 16:59:48,917] {dag.py:2972} INFO - Setting next_dagrun for example_dag to 2022-01-01T00:00:00+00:00, run_after=2022-01-02T00:00:00+00:00
[2022-07-14 16:59:49,002] {processor.py:161} INFO - Processing /opt/airflow/dags/dummy_dag.py took 0.227 seconds
[2022-07-14 17:00:19,140] {processor.py:153} INFO - Started process (PID=202) to work on /opt/airflow/dags/dummy_dag.py
[2022-07-14 17:00:19,144] {processor.py:641} INFO - Processing file /opt/airflow/dags/dummy_dag.py for tasks to queue
[2022-07-14 17:00:19,154] {logging_mixin.py:115} INFO - [2022-07-14 17:00:19,152] {dagbag.py:508} INFO - Filling up the DagBag from /opt/airflow/dags/dummy_dag.py
[2022-07-14 17:00:19,179] {processor.py:651} INFO - DAG(s) dict_keys(['example_dag']) retrieved from /opt/airflow/dags/dummy_dag.py
[2022-07-14 17:00:19,245] {logging_mixin.py:115} INFO - [2022-07-14 17:00:19,244] {dag.py:2420} INFO - Sync 1 DAGs
[2022-07-14 17:00:19,285] {logging_mixin.py:115} INFO - [2022-07-14 17:00:19,285] {dag.py:2972} INFO - Setting next_dagrun for example_dag to 2022-01-01T00:00:00+00:00, run_after=2022-01-02T00:00:00+00:00
[2022-07-14 17:00:19,327] {processor.py:161} INFO - Processing /opt/airflow/dags/dummy_dag.py took 0.200 seconds
[2022-07-14 17:00:49,550] {processor.py:153} INFO - Started process (PID=207) to work on /opt/airflow/dags/dummy_dag.py
[2022-07-14 17:00:49,552] {processor.py:641} INFO - Processing file /opt/airflow/dags/dummy_dag.py for tasks to queue
[2022-07-14 17:00:49,554] {logging_mixin.py:115} INFO - [2022-07-14 17:00:49,554] {dagbag.py:508} INFO - Filling up the DagBag from /opt/airflow/dags/dummy_dag.py
[2022-07-14 17:00:49,581] {processor.py:651} INFO - DAG(s) dict_keys(['example_dag']) retrieved from /opt/airflow/dags/dummy_dag.py
[2022-07-14 17:00:49,646] {logging_mixin.py:115} INFO - [2022-07-14 17:00:49,646] {dag.py:2420} INFO - Sync 1 DAGs
[2022-07-14 17:00:49,680] {logging_mixin.py:115} INFO - [2022-07-14 17:00:49,680] {dag.py:2972} INFO - Setting next_dagrun for example_dag to 2022-01-01T00:00:00+00:00, run_after=2022-01-02T00:00:00+00:00
[2022-07-14 17:00:49,699] {processor.py:161} INFO - Processing /opt/airflow/dags/dummy_dag.py took 0.164 seconds
[2022-07-14 17:01:19,809] {processor.py:153} INFO - Started process (PID=212) to work on /opt/airflow/dags/dummy_dag.py
[2022-07-14 17:01:19,811] {processor.py:641} INFO - Processing file /opt/airflow/dags/dummy_dag.py for tasks to queue
[2022-07-14 17:01:19,813] {logging_mixin.py:115} INFO - [2022-07-14 17:01:19,813] {dagbag.py:508} INFO - Filling up the DagBag from /opt/airflow/dags/dummy_dag.py
[2022-07-14 17:01:19,828] {processor.py:651} INFO - DAG(s) dict_keys(['example_dag']) retrieved from /opt/airflow/dags/dummy_dag.py
[2022-07-14 17:01:19,872] {logging_mixin.py:115} INFO - [2022-07-14 17:01:19,872] {dag.py:2420} INFO - Sync 1 DAGs
[2022-07-14 17:01:19,900] {logging_mixin.py:115} INFO - [2022-07-14 17:01:19,900] {dag.py:2972} INFO - Setting next_dagrun for example_dag to 2022-01-01T00:00:00+00:00, run_after=2022-01-02T00:00:00+00:00
[2022-07-14 17:01:19,916] {processor.py:161} INFO - Processing /opt/airflow/dags/dummy_dag.py took 0.112 seconds
[2022-07-14 17:01:50,041] {processor.py:153} INFO - Started process (PID=217) to work on /opt/airflow/dags/dummy_dag.py
[2022-07-14 17:01:50,044] {processor.py:641} INFO - Processing file /opt/airflow/dags/dummy_dag.py for tasks to queue
[2022-07-14 17:01:50,046] {logging_mixin.py:115} INFO - [2022-07-14 17:01:50,046] {dagbag.py:508} INFO - Filling up the DagBag from /opt/airflow/dags/dummy_dag.py
[2022-07-14 17:01:50,067] {processor.py:651} INFO - DAG(s) dict_keys(['example_dag']) retrieved from /opt/airflow/dags/dummy_dag.py
[2022-07-14 17:01:50,110] {logging_mixin.py:115} INFO - [2022-07-14 17:01:50,110] {dag.py:2420} INFO - Sync 1 DAGs
[2022-07-14 17:01:50,139] {logging_mixin.py:115} INFO - [2022-07-14 17:01:50,139] {dag.py:2972} INFO - Setting next_dagrun for example_dag to 2022-01-01T00:00:00+00:00, run_after=2022-01-02T00:00:00+00:00
[2022-07-14 17:01:50,155] {processor.py:161} INFO - Processing /opt/airflow/dags/dummy_dag.py took 0.121 seconds
[2022-07-14 17:02:20,289] {processor.py:153} INFO - Started process (PID=222) to work on /opt/airflow/dags/dummy_dag.py
[2022-07-14 17:02:20,290] {processor.py:641} INFO - Processing file /opt/airflow/dags/dummy_dag.py for tasks to queue
[2022-07-14 17:02:20,292] {logging_mixin.py:115} INFO - [2022-07-14 17:02:20,292] {dagbag.py:508} INFO - Filling up the DagBag from /opt/airflow/dags/dummy_dag.py
[2022-07-14 17:02:20,309] {processor.py:651} INFO - DAG(s) dict_keys(['example_dag']) retrieved from /opt/airflow/dags/dummy_dag.py
[2022-07-14 17:02:20,356] {logging_mixin.py:115} INFO - [2022-07-14 17:02:20,356] {dag.py:2420} INFO - Sync 1 DAGs
[2022-07-14 17:02:20,389] {logging_mixin.py:115} INFO - [2022-07-14 17:02:20,389] {dag.py:2972} INFO - Setting next_dagrun for example_dag to 2022-01-01T00:00:00+00:00, run_after=2022-01-02T00:00:00+00:00
[2022-07-14 17:02:20,406] {processor.py:161} INFO - Processing /opt/airflow/dags/dummy_dag.py took 0.122 seconds
[2022-07-14 17:02:50,544] {processor.py:153} INFO - Started process (PID=227) to work on /opt/airflow/dags/dummy_dag.py
[2022-07-14 17:02:50,547] {processor.py:641} INFO - Processing file /opt/airflow/dags/dummy_dag.py for tasks to queue
[2022-07-14 17:02:50,549] {logging_mixin.py:115} INFO - [2022-07-14 17:02:50,549] {dagbag.py:508} INFO - Filling up the DagBag from /opt/airflow/dags/dummy_dag.py
[2022-07-14 17:02:50,568] {processor.py:651} INFO - DAG(s) dict_keys(['example_dag']) retrieved from /opt/airflow/dags/dummy_dag.py
[2022-07-14 17:02:50,613] {logging_mixin.py:115} INFO - [2022-07-14 17:02:50,613] {dag.py:2420} INFO - Sync 1 DAGs
[2022-07-14 17:02:50,645] {logging_mixin.py:115} INFO - [2022-07-14 17:02:50,645] {dag.py:2972} INFO - Setting next_dagrun for example_dag to 2022-01-01T00:00:00+00:00, run_after=2022-01-02T00:00:00+00:00
[2022-07-14 17:02:50,660] {processor.py:161} INFO - Processing /opt/airflow/dags/dummy_dag.py took 0.125 seconds
[2022-07-14 17:03:20,710] {processor.py:153} INFO - Started process (PID=232) to work on /opt/airflow/dags/dummy_dag.py
[2022-07-14 17:03:20,712] {processor.py:641} INFO - Processing file /opt/airflow/dags/dummy_dag.py for tasks to queue
[2022-07-14 17:03:20,713] {logging_mixin.py:115} INFO - [2022-07-14 17:03:20,713] {dagbag.py:508} INFO - Filling up the DagBag from /opt/airflow/dags/dummy_dag.py
[2022-07-14 17:03:20,726] {processor.py:651} INFO - DAG(s) dict_keys(['example_dag']) retrieved from /opt/airflow/dags/dummy_dag.py
[2022-07-14 17:03:20,762] {logging_mixin.py:115} INFO - [2022-07-14 17:03:20,762] {dag.py:2420} INFO - Sync 1 DAGs
[2022-07-14 17:03:20,787] {logging_mixin.py:115} INFO - [2022-07-14 17:03:20,787] {dag.py:2972} INFO - Setting next_dagrun for example_dag to 2022-01-01T00:00:00+00:00, run_after=2022-01-02T00:00:00+00:00
[2022-07-14 17:03:20,804] {processor.py:161} INFO - Processing /opt/airflow/dags/dummy_dag.py took 0.098 seconds
[2022-07-14 19:03:21,030] {processor.py:153} INFO - Started process (PID=240) to work on /opt/airflow/dags/dummy_dag.py
[2022-07-14 19:03:21,037] {processor.py:641} INFO - Processing file /opt/airflow/dags/dummy_dag.py for tasks to queue
[2022-07-14 19:03:21,046] {logging_mixin.py:115} INFO - [2022-07-14 19:03:21,046] {dagbag.py:508} INFO - Filling up the DagBag from /opt/airflow/dags/dummy_dag.py
[2022-07-14 19:03:21,092] {processor.py:651} INFO - DAG(s) dict_keys(['example_dag']) retrieved from /opt/airflow/dags/dummy_dag.py
[2022-07-14 19:03:21,204] {logging_mixin.py:115} INFO - [2022-07-14 19:03:21,203] {dag.py:2420} INFO - Sync 1 DAGs
[2022-07-14 19:03:21,321] {logging_mixin.py:115} INFO - [2022-07-14 19:03:21,320] {dag.py:2972} INFO - Setting next_dagrun for example_dag to 2022-01-01T00:00:00+00:00, run_after=2022-01-02T00:00:00+00:00
[2022-07-14 19:03:21,355] {processor.py:161} INFO - Processing /opt/airflow/dags/dummy_dag.py took 0.357 seconds
[2022-07-14 19:10:18,969] {processor.py:153} INFO - Started process (PID=247) to work on /opt/airflow/dags/dummy_dag.py
[2022-07-14 19:10:18,974] {processor.py:641} INFO - Processing file /opt/airflow/dags/dummy_dag.py for tasks to queue
[2022-07-14 19:10:18,984] {logging_mixin.py:115} INFO - [2022-07-14 19:10:18,984] {dagbag.py:508} INFO - Filling up the DagBag from /opt/airflow/dags/dummy_dag.py
[2022-07-14 19:10:19,011] {processor.py:651} INFO - DAG(s) dict_keys(['example_dag']) retrieved from /opt/airflow/dags/dummy_dag.py
[2022-07-14 19:10:19,073] {logging_mixin.py:115} INFO - [2022-07-14 19:10:19,073] {dag.py:2420} INFO - Sync 1 DAGs
[2022-07-14 19:10:19,151] {logging_mixin.py:115} INFO - [2022-07-14 19:10:19,151] {dag.py:2972} INFO - Setting next_dagrun for example_dag to 2022-01-01T00:00:00+00:00, run_after=2022-01-02T00:00:00+00:00
[2022-07-14 19:10:19,170] {processor.py:161} INFO - Processing /opt/airflow/dags/dummy_dag.py took 0.215 seconds
[2022-07-14 19:12:38,777] {processor.py:153} INFO - Started process (PID=255) to work on /opt/airflow/dags/dummy_dag.py
[2022-07-14 19:12:38,779] {processor.py:641} INFO - Processing file /opt/airflow/dags/dummy_dag.py for tasks to queue
[2022-07-14 19:12:38,780] {logging_mixin.py:115} INFO - [2022-07-14 19:12:38,780] {dagbag.py:508} INFO - Filling up the DagBag from /opt/airflow/dags/dummy_dag.py
[2022-07-14 19:12:38,815] {processor.py:651} INFO - DAG(s) dict_keys(['example_dag']) retrieved from /opt/airflow/dags/dummy_dag.py
[2022-07-14 19:12:38,871] {logging_mixin.py:115} INFO - [2022-07-14 19:12:38,871] {dag.py:2420} INFO - Sync 1 DAGs
[2022-07-14 19:12:38,903] {logging_mixin.py:115} INFO - [2022-07-14 19:12:38,903] {dag.py:2972} INFO - Setting next_dagrun for example_dag to 2022-01-01T00:00:00+00:00, run_after=2022-01-02T00:00:00+00:00
[2022-07-14 19:12:38,916] {processor.py:161} INFO - Processing /opt/airflow/dags/dummy_dag.py took 0.144 seconds
[2022-07-14 19:59:18,283] {processor.py:153} INFO - Started process (PID=261) to work on /opt/airflow/dags/dummy_dag.py
[2022-07-14 19:59:18,284] {processor.py:641} INFO - Processing file /opt/airflow/dags/dummy_dag.py for tasks to queue
[2022-07-14 19:59:18,287] {logging_mixin.py:115} INFO - [2022-07-14 19:59:18,286] {dagbag.py:508} INFO - Filling up the DagBag from /opt/airflow/dags/dummy_dag.py
[2022-07-14 19:59:18,307] {processor.py:651} INFO - DAG(s) dict_keys(['example_dag']) retrieved from /opt/airflow/dags/dummy_dag.py
[2022-07-14 19:59:18,357] {logging_mixin.py:115} INFO - [2022-07-14 19:59:18,357] {dag.py:2420} INFO - Sync 1 DAGs
[2022-07-14 19:59:18,422] {logging_mixin.py:115} INFO - [2022-07-14 19:59:18,422] {dag.py:2972} INFO - Setting next_dagrun for example_dag to 2022-01-01T00:00:00+00:00, run_after=2022-01-02T00:00:00+00:00
[2022-07-14 19:59:18,441] {processor.py:161} INFO - Processing /opt/airflow/dags/dummy_dag.py took 0.163 seconds
[2022-07-14 20:36:32,581] {processor.py:153} INFO - Started process (PID=266) to work on /opt/airflow/dags/dummy_dag.py
[2022-07-14 20:36:32,584] {processor.py:641} INFO - Processing file /opt/airflow/dags/dummy_dag.py for tasks to queue
[2022-07-14 20:36:32,587] {logging_mixin.py:115} INFO - [2022-07-14 20:36:32,587] {dagbag.py:508} INFO - Filling up the DagBag from /opt/airflow/dags/dummy_dag.py
[2022-07-14 20:36:32,725] {processor.py:651} INFO - DAG(s) dict_keys(['example_dag']) retrieved from /opt/airflow/dags/dummy_dag.py
[2022-07-14 20:36:32,928] {logging_mixin.py:115} INFO - [2022-07-14 20:36:32,928] {dag.py:2420} INFO - Sync 1 DAGs
[2022-07-14 20:36:33,003] {logging_mixin.py:115} INFO - [2022-07-14 20:36:33,002] {dag.py:2972} INFO - Setting next_dagrun for example_dag to 2022-01-01T00:00:00+00:00, run_after=2022-01-02T00:00:00+00:00
[2022-07-14 20:36:33,088] {processor.py:161} INFO - Processing /opt/airflow/dags/dummy_dag.py took 0.534 seconds
[2022-07-14 20:37:03,968] {processor.py:153} INFO - Started process (PID=273) to work on /opt/airflow/dags/dummy_dag.py
[2022-07-14 20:37:03,970] {processor.py:641} INFO - Processing file /opt/airflow/dags/dummy_dag.py for tasks to queue
[2022-07-14 20:37:03,973] {logging_mixin.py:115} INFO - [2022-07-14 20:37:03,972] {dagbag.py:508} INFO - Filling up the DagBag from /opt/airflow/dags/dummy_dag.py
[2022-07-14 20:37:04,007] {processor.py:651} INFO - DAG(s) dict_keys(['example_dag']) retrieved from /opt/airflow/dags/dummy_dag.py
[2022-07-14 20:37:04,096] {logging_mixin.py:115} INFO - [2022-07-14 20:37:04,095] {dag.py:2420} INFO - Sync 1 DAGs
[2022-07-14 20:37:04,145] {logging_mixin.py:115} INFO - [2022-07-14 20:37:04,145] {dag.py:2972} INFO - Setting next_dagrun for example_dag to 2022-01-01T00:00:00+00:00, run_after=2022-01-02T00:00:00+00:00
[2022-07-14 20:37:04,165] {processor.py:161} INFO - Processing /opt/airflow/dags/dummy_dag.py took 0.210 seconds
[2022-07-14 20:40:05,614] {processor.py:153} INFO - Started process (PID=177) to work on /opt/airflow/dags/dummy_dag.py
[2022-07-14 20:40:05,616] {processor.py:641} INFO - Processing file /opt/airflow/dags/dummy_dag.py for tasks to queue
[2022-07-14 20:40:05,618] {logging_mixin.py:115} INFO - [2022-07-14 20:40:05,618] {dagbag.py:508} INFO - Filling up the DagBag from /opt/airflow/dags/dummy_dag.py
[2022-07-14 20:40:05,642] {processor.py:651} INFO - DAG(s) dict_keys(['example_dag']) retrieved from /opt/airflow/dags/dummy_dag.py
[2022-07-14 20:40:05,760] {logging_mixin.py:115} INFO - [2022-07-14 20:40:05,760] {manager.py:508} INFO - Created Permission View: can read on DAG:example_dag
[2022-07-14 20:40:05,773] {logging_mixin.py:115} INFO - [2022-07-14 20:40:05,773] {manager.py:508} INFO - Created Permission View: can edit on DAG:example_dag
[2022-07-14 20:40:05,787] {logging_mixin.py:115} INFO - [2022-07-14 20:40:05,787] {manager.py:508} INFO - Created Permission View: can delete on DAG:example_dag
[2022-07-14 20:40:05,788] {logging_mixin.py:115} INFO - [2022-07-14 20:40:05,788] {dag.py:2420} INFO - Sync 1 DAGs
[2022-07-14 20:40:05,801] {logging_mixin.py:115} INFO - [2022-07-14 20:40:05,801] {dag.py:2439} INFO - Creating ORM DAG for example_dag
[2022-07-14 20:40:05,820] {logging_mixin.py:115} INFO - [2022-07-14 20:40:05,820] {dag.py:2972} INFO - Setting next_dagrun for example_dag to 2022-01-01T00:00:00+00:00, run_after=2022-01-02T00:00:00+00:00
[2022-07-14 20:40:05,840] {processor.py:161} INFO - Processing /opt/airflow/dags/dummy_dag.py took 0.233 seconds
[2022-07-14 20:40:36,216] {processor.py:153} INFO - Started process (PID=191) to work on /opt/airflow/dags/dummy_dag.py
[2022-07-14 20:40:36,221] {processor.py:641} INFO - Processing file /opt/airflow/dags/dummy_dag.py for tasks to queue
[2022-07-14 20:40:36,227] {logging_mixin.py:115} INFO - [2022-07-14 20:40:36,227] {dagbag.py:508} INFO - Filling up the DagBag from /opt/airflow/dags/dummy_dag.py
[2022-07-14 20:40:36,342] {processor.py:651} INFO - DAG(s) dict_keys(['example_dag']) retrieved from /opt/airflow/dags/dummy_dag.py
[2022-07-14 20:40:36,546] {logging_mixin.py:115} INFO - [2022-07-14 20:40:36,544] {dag.py:2420} INFO - Sync 1 DAGs
[2022-07-14 20:40:36,636] {logging_mixin.py:115} INFO - [2022-07-14 20:40:36,636] {dag.py:2972} INFO - Setting next_dagrun for example_dag to 2022-01-01T00:00:00+00:00, run_after=2022-01-02T00:00:00+00:00
[2022-07-14 20:40:36,778] {processor.py:161} INFO - Processing /opt/airflow/dags/dummy_dag.py took 0.582 seconds
[2022-07-14 20:41:06,977] {processor.py:153} INFO - Started process (PID=196) to work on /opt/airflow/dags/dummy_dag.py
[2022-07-14 20:41:06,980] {processor.py:641} INFO - Processing file /opt/airflow/dags/dummy_dag.py for tasks to queue
[2022-07-14 20:41:06,982] {logging_mixin.py:115} INFO - [2022-07-14 20:41:06,982] {dagbag.py:508} INFO - Filling up the DagBag from /opt/airflow/dags/dummy_dag.py
[2022-07-14 20:41:07,006] {processor.py:651} INFO - DAG(s) dict_keys(['example_dag']) retrieved from /opt/airflow/dags/dummy_dag.py
[2022-07-14 20:41:07,075] {logging_mixin.py:115} INFO - [2022-07-14 20:41:07,075] {dag.py:2420} INFO - Sync 1 DAGs
[2022-07-14 20:41:07,118] {logging_mixin.py:115} INFO - [2022-07-14 20:41:07,118] {dag.py:2972} INFO - Setting next_dagrun for example_dag to 2022-01-04T00:00:00+00:00, run_after=2022-01-05T00:00:00+00:00
[2022-07-14 20:41:07,136] {processor.py:161} INFO - Processing /opt/airflow/dags/dummy_dag.py took 0.169 seconds
[2022-07-14 20:41:37,271] {processor.py:153} INFO - Started process (PID=201) to work on /opt/airflow/dags/dummy_dag.py
[2022-07-14 20:41:37,273] {processor.py:641} INFO - Processing file /opt/airflow/dags/dummy_dag.py for tasks to queue
[2022-07-14 20:41:37,274] {logging_mixin.py:115} INFO - [2022-07-14 20:41:37,274] {dagbag.py:508} INFO - Filling up the DagBag from /opt/airflow/dags/dummy_dag.py
[2022-07-14 20:41:37,286] {processor.py:651} INFO - DAG(s) dict_keys(['example_dag']) retrieved from /opt/airflow/dags/dummy_dag.py
[2022-07-14 20:41:37,323] {logging_mixin.py:115} INFO - [2022-07-14 20:41:37,323] {dag.py:2420} INFO - Sync 1 DAGs
[2022-07-14 20:41:37,351] {logging_mixin.py:115} INFO - [2022-07-14 20:41:37,350] {dag.py:2972} INFO - Setting next_dagrun for example_dag to 2022-01-04T00:00:00+00:00, run_after=2022-01-05T00:00:00+00:00
[2022-07-14 20:41:37,367] {processor.py:161} INFO - Processing /opt/airflow/dags/dummy_dag.py took 0.100 seconds
[2022-07-14 20:42:07,528] {processor.py:153} INFO - Started process (PID=206) to work on /opt/airflow/dags/dummy_dag.py
[2022-07-14 20:42:07,530] {processor.py:641} INFO - Processing file /opt/airflow/dags/dummy_dag.py for tasks to queue
[2022-07-14 20:42:07,532] {logging_mixin.py:115} INFO - [2022-07-14 20:42:07,532] {dagbag.py:508} INFO - Filling up the DagBag from /opt/airflow/dags/dummy_dag.py
[2022-07-14 20:42:07,548] {processor.py:651} INFO - DAG(s) dict_keys(['example_dag']) retrieved from /opt/airflow/dags/dummy_dag.py
[2022-07-14 20:42:07,588] {logging_mixin.py:115} INFO - [2022-07-14 20:42:07,588] {dag.py:2420} INFO - Sync 1 DAGs
[2022-07-14 20:42:07,620] {logging_mixin.py:115} INFO - [2022-07-14 20:42:07,620] {dag.py:2972} INFO - Setting next_dagrun for example_dag to 2022-01-23T00:00:00+00:00, run_after=2022-01-24T00:00:00+00:00
[2022-07-14 20:42:07,636] {processor.py:161} INFO - Processing /opt/airflow/dags/dummy_dag.py took 0.115 seconds
[2022-07-14 20:42:37,753] {processor.py:153} INFO - Started process (PID=211) to work on /opt/airflow/dags/dummy_dag.py
[2022-07-14 20:42:37,755] {processor.py:641} INFO - Processing file /opt/airflow/dags/dummy_dag.py for tasks to queue
[2022-07-14 20:42:37,756] {logging_mixin.py:115} INFO - [2022-07-14 20:42:37,756] {dagbag.py:508} INFO - Filling up the DagBag from /opt/airflow/dags/dummy_dag.py
[2022-07-14 20:42:37,769] {processor.py:651} INFO - DAG(s) dict_keys(['example_dag']) retrieved from /opt/airflow/dags/dummy_dag.py
[2022-07-14 20:42:37,806] {logging_mixin.py:115} INFO - [2022-07-14 20:42:37,806] {dag.py:2420} INFO - Sync 1 DAGs
[2022-07-14 20:42:37,833] {logging_mixin.py:115} INFO - [2022-07-14 20:42:37,833] {dag.py:2972} INFO - Setting next_dagrun for example_dag to 2022-02-12T00:00:00+00:00, run_after=2022-02-13T00:00:00+00:00
[2022-07-14 20:42:37,847] {processor.py:161} INFO - Processing /opt/airflow/dags/dummy_dag.py took 0.098 seconds
[2022-07-14 20:43:07,930] {processor.py:153} INFO - Started process (PID=216) to work on /opt/airflow/dags/dummy_dag.py
[2022-07-14 20:43:07,933] {processor.py:641} INFO - Processing file /opt/airflow/dags/dummy_dag.py for tasks to queue
[2022-07-14 20:43:07,936] {logging_mixin.py:115} INFO - [2022-07-14 20:43:07,936] {dagbag.py:508} INFO - Filling up the DagBag from /opt/airflow/dags/dummy_dag.py
[2022-07-14 20:43:07,961] {processor.py:651} INFO - DAG(s) dict_keys(['example_dag']) retrieved from /opt/airflow/dags/dummy_dag.py
[2022-07-14 20:43:08,033] {logging_mixin.py:115} INFO - [2022-07-14 20:43:08,032] {dag.py:2420} INFO - Sync 1 DAGs
[2022-07-14 20:43:08,072] {logging_mixin.py:115} INFO - [2022-07-14 20:43:08,072] {dag.py:2972} INFO - Setting next_dagrun for example_dag to 2022-03-05T00:00:00+00:00, run_after=2022-03-06T00:00:00+00:00
[2022-07-14 20:43:08,107] {processor.py:161} INFO - Processing /opt/airflow/dags/dummy_dag.py took 0.183 seconds
[2022-07-14 20:43:38,298] {processor.py:153} INFO - Started process (PID=221) to work on /opt/airflow/dags/dummy_dag.py
[2022-07-14 20:43:38,303] {processor.py:641} INFO - Processing file /opt/airflow/dags/dummy_dag.py for tasks to queue
[2022-07-14 20:43:38,305] {logging_mixin.py:115} INFO - [2022-07-14 20:43:38,305] {dagbag.py:508} INFO - Filling up the DagBag from /opt/airflow/dags/dummy_dag.py
[2022-07-14 20:43:38,327] {processor.py:651} INFO - DAG(s) dict_keys(['example_dag']) retrieved from /opt/airflow/dags/dummy_dag.py
[2022-07-14 20:43:38,389] {logging_mixin.py:115} INFO - [2022-07-14 20:43:38,389] {dag.py:2420} INFO - Sync 1 DAGs
[2022-07-14 20:43:38,424] {logging_mixin.py:115} INFO - [2022-07-14 20:43:38,424] {dag.py:2972} INFO - Setting next_dagrun for example_dag to 2022-03-28T00:00:00+00:00, run_after=2022-03-29T00:00:00+00:00
[2022-07-14 20:43:38,438] {processor.py:161} INFO - Processing /opt/airflow/dags/dummy_dag.py took 0.151 seconds
[2022-07-14 20:44:08,548] {processor.py:153} INFO - Started process (PID=226) to work on /opt/airflow/dags/dummy_dag.py
[2022-07-14 20:44:08,550] {processor.py:641} INFO - Processing file /opt/airflow/dags/dummy_dag.py for tasks to queue
[2022-07-14 20:44:08,552] {logging_mixin.py:115} INFO - [2022-07-14 20:44:08,552] {dagbag.py:508} INFO - Filling up the DagBag from /opt/airflow/dags/dummy_dag.py
[2022-07-14 20:44:08,565] {processor.py:651} INFO - DAG(s) dict_keys(['example_dag']) retrieved from /opt/airflow/dags/dummy_dag.py
[2022-07-14 20:44:08,617] {logging_mixin.py:115} INFO - [2022-07-14 20:44:08,617] {dag.py:2420} INFO - Sync 1 DAGs
[2022-07-14 20:44:08,667] {logging_mixin.py:115} INFO - [2022-07-14 20:44:08,666] {dag.py:2972} INFO - Setting next_dagrun for example_dag to 2022-04-18T00:00:00+00:00, run_after=2022-04-19T00:00:00+00:00
[2022-07-14 20:44:08,688] {processor.py:161} INFO - Processing /opt/airflow/dags/dummy_dag.py took 0.145 seconds
[2022-07-14 20:44:38,814] {processor.py:153} INFO - Started process (PID=231) to work on /opt/airflow/dags/dummy_dag.py
[2022-07-14 20:44:38,816] {processor.py:641} INFO - Processing file /opt/airflow/dags/dummy_dag.py for tasks to queue
[2022-07-14 20:44:38,818] {logging_mixin.py:115} INFO - [2022-07-14 20:44:38,818] {dagbag.py:508} INFO - Filling up the DagBag from /opt/airflow/dags/dummy_dag.py
[2022-07-14 20:44:38,830] {processor.py:651} INFO - DAG(s) dict_keys(['example_dag']) retrieved from /opt/airflow/dags/dummy_dag.py
[2022-07-14 20:44:38,877] {logging_mixin.py:115} INFO - [2022-07-14 20:44:38,877] {dag.py:2420} INFO - Sync 1 DAGs
[2022-07-14 20:44:38,916] {logging_mixin.py:115} INFO - [2022-07-14 20:44:38,916] {dag.py:2972} INFO - Setting next_dagrun for example_dag to 2022-05-08T00:00:00+00:00, run_after=2022-05-09T00:00:00+00:00
[2022-07-14 20:44:38,936] {processor.py:161} INFO - Processing /opt/airflow/dags/dummy_dag.py took 0.128 seconds
[2022-07-14 20:45:09,053] {processor.py:153} INFO - Started process (PID=236) to work on /opt/airflow/dags/dummy_dag.py
[2022-07-14 20:45:09,055] {processor.py:641} INFO - Processing file /opt/airflow/dags/dummy_dag.py for tasks to queue
[2022-07-14 20:45:09,057] {logging_mixin.py:115} INFO - [2022-07-14 20:45:09,057] {dagbag.py:508} INFO - Filling up the DagBag from /opt/airflow/dags/dummy_dag.py
[2022-07-14 20:45:09,076] {processor.py:651} INFO - DAG(s) dict_keys(['example_dag']) retrieved from /opt/airflow/dags/dummy_dag.py
[2022-07-14 20:45:09,138] {logging_mixin.py:115} INFO - [2022-07-14 20:45:09,137] {dag.py:2420} INFO - Sync 1 DAGs
[2022-07-14 20:45:09,175] {logging_mixin.py:115} INFO - [2022-07-14 20:45:09,175] {dag.py:2972} INFO - Setting next_dagrun for example_dag to 2022-06-01T00:00:00+00:00, run_after=2022-06-02T00:00:00+00:00
[2022-07-14 20:45:09,188] {processor.py:161} INFO - Processing /opt/airflow/dags/dummy_dag.py took 0.139 seconds
[2022-07-14 20:45:39,312] {processor.py:153} INFO - Started process (PID=241) to work on /opt/airflow/dags/dummy_dag.py
[2022-07-14 20:45:39,314] {processor.py:641} INFO - Processing file /opt/airflow/dags/dummy_dag.py for tasks to queue
[2022-07-14 20:45:39,317] {logging_mixin.py:115} INFO - [2022-07-14 20:45:39,316] {dagbag.py:508} INFO - Filling up the DagBag from /opt/airflow/dags/dummy_dag.py
[2022-07-14 20:45:39,333] {processor.py:651} INFO - DAG(s) dict_keys(['example_dag']) retrieved from /opt/airflow/dags/dummy_dag.py
[2022-07-14 20:45:39,383] {logging_mixin.py:115} INFO - [2022-07-14 20:45:39,383] {dag.py:2420} INFO - Sync 1 DAGs
[2022-07-14 20:45:39,421] {logging_mixin.py:115} INFO - [2022-07-14 20:45:39,421] {dag.py:2972} INFO - Setting next_dagrun for example_dag to 2022-06-23T00:00:00+00:00, run_after=2022-06-24T00:00:00+00:00
[2022-07-14 20:45:39,435] {processor.py:161} INFO - Processing /opt/airflow/dags/dummy_dag.py took 0.127 seconds
[2022-07-14 20:46:09,544] {processor.py:153} INFO - Started process (PID=246) to work on /opt/airflow/dags/dummy_dag.py
[2022-07-14 20:46:09,548] {processor.py:641} INFO - Processing file /opt/airflow/dags/dummy_dag.py for tasks to queue
[2022-07-14 20:46:09,550] {logging_mixin.py:115} INFO - [2022-07-14 20:46:09,550] {dagbag.py:508} INFO - Filling up the DagBag from /opt/airflow/dags/dummy_dag.py
[2022-07-14 20:46:09,563] {processor.py:651} INFO - DAG(s) dict_keys(['example_dag']) retrieved from /opt/airflow/dags/dummy_dag.py
[2022-07-14 20:46:09,601] {logging_mixin.py:115} INFO - [2022-07-14 20:46:09,601] {dag.py:2420} INFO - Sync 1 DAGs
[2022-07-14 20:46:09,657] {logging_mixin.py:115} INFO - [2022-07-14 20:46:09,657] {dag.py:2972} INFO - Setting next_dagrun for example_dag to 2022-07-14T00:00:00+00:00, run_after=2022-07-15T00:00:00+00:00
[2022-07-14 20:46:09,672] {processor.py:161} INFO - Processing /opt/airflow/dags/dummy_dag.py took 0.133 seconds
[2022-07-14 20:46:39,807] {processor.py:153} INFO - Started process (PID=251) to work on /opt/airflow/dags/dummy_dag.py
[2022-07-14 20:46:39,808] {processor.py:641} INFO - Processing file /opt/airflow/dags/dummy_dag.py for tasks to queue
[2022-07-14 20:46:39,809] {logging_mixin.py:115} INFO - [2022-07-14 20:46:39,809] {dagbag.py:508} INFO - Filling up the DagBag from /opt/airflow/dags/dummy_dag.py
[2022-07-14 20:46:39,823] {processor.py:651} INFO - DAG(s) dict_keys(['example_dag']) retrieved from /opt/airflow/dags/dummy_dag.py
[2022-07-14 20:46:39,860] {logging_mixin.py:115} INFO - [2022-07-14 20:46:39,860] {dag.py:2420} INFO - Sync 1 DAGs
[2022-07-14 20:46:39,888] {logging_mixin.py:115} INFO - [2022-07-14 20:46:39,888] {dag.py:2972} INFO - Setting next_dagrun for example_dag to 2022-07-14T00:00:00+00:00, run_after=2022-07-15T00:00:00+00:00
[2022-07-14 20:46:39,902] {processor.py:161} INFO - Processing /opt/airflow/dags/dummy_dag.py took 0.100 seconds
[2022-07-14 20:47:10,039] {processor.py:153} INFO - Started process (PID=256) to work on /opt/airflow/dags/dummy_dag.py
[2022-07-14 20:47:10,041] {processor.py:641} INFO - Processing file /opt/airflow/dags/dummy_dag.py for tasks to queue
[2022-07-14 20:47:10,043] {logging_mixin.py:115} INFO - [2022-07-14 20:47:10,042] {dagbag.py:508} INFO - Filling up the DagBag from /opt/airflow/dags/dummy_dag.py
[2022-07-14 20:47:10,066] {processor.py:651} INFO - DAG(s) dict_keys(['example_dag']) retrieved from /opt/airflow/dags/dummy_dag.py
[2022-07-14 20:47:10,120] {logging_mixin.py:115} INFO - [2022-07-14 20:47:10,120] {dag.py:2420} INFO - Sync 1 DAGs
[2022-07-14 20:47:10,162] {logging_mixin.py:115} INFO - [2022-07-14 20:47:10,162] {dag.py:2972} INFO - Setting next_dagrun for example_dag to 2022-07-14T00:00:00+00:00, run_after=2022-07-15T00:00:00+00:00
[2022-07-14 20:47:10,180] {processor.py:161} INFO - Processing /opt/airflow/dags/dummy_dag.py took 0.149 seconds
[2022-07-14 20:47:40,270] {processor.py:153} INFO - Started process (PID=261) to work on /opt/airflow/dags/dummy_dag.py
[2022-07-14 20:47:40,272] {processor.py:641} INFO - Processing file /opt/airflow/dags/dummy_dag.py for tasks to queue
[2022-07-14 20:47:40,273] {logging_mixin.py:115} INFO - [2022-07-14 20:47:40,273] {dagbag.py:508} INFO - Filling up the DagBag from /opt/airflow/dags/dummy_dag.py
[2022-07-14 20:47:40,285] {processor.py:651} INFO - DAG(s) dict_keys(['example_dag']) retrieved from /opt/airflow/dags/dummy_dag.py
[2022-07-14 20:47:40,326] {logging_mixin.py:115} INFO - [2022-07-14 20:47:40,326] {dag.py:2420} INFO - Sync 1 DAGs
[2022-07-14 20:47:40,358] {logging_mixin.py:115} INFO - [2022-07-14 20:47:40,358] {dag.py:2972} INFO - Setting next_dagrun for example_dag to 2022-07-14T00:00:00+00:00, run_after=2022-07-15T00:00:00+00:00
[2022-07-14 20:47:40,376] {processor.py:161} INFO - Processing /opt/airflow/dags/dummy_dag.py took 0.110 seconds
[2022-07-14 20:48:10,492] {processor.py:153} INFO - Started process (PID=266) to work on /opt/airflow/dags/dummy_dag.py
[2022-07-14 20:48:10,494] {processor.py:641} INFO - Processing file /opt/airflow/dags/dummy_dag.py for tasks to queue
[2022-07-14 20:48:10,495] {logging_mixin.py:115} INFO - [2022-07-14 20:48:10,495] {dagbag.py:508} INFO - Filling up the DagBag from /opt/airflow/dags/dummy_dag.py
[2022-07-14 20:48:10,507] {processor.py:651} INFO - DAG(s) dict_keys(['example_dag']) retrieved from /opt/airflow/dags/dummy_dag.py
[2022-07-14 20:48:10,546] {logging_mixin.py:115} INFO - [2022-07-14 20:48:10,545] {dag.py:2420} INFO - Sync 1 DAGs
[2022-07-14 20:48:10,573] {logging_mixin.py:115} INFO - [2022-07-14 20:48:10,573] {dag.py:2972} INFO - Setting next_dagrun for example_dag to 2022-07-14T00:00:00+00:00, run_after=2022-07-15T00:00:00+00:00
[2022-07-14 20:48:10,588] {processor.py:161} INFO - Processing /opt/airflow/dags/dummy_dag.py took 0.100 seconds
[2022-07-14 20:48:40,719] {processor.py:153} INFO - Started process (PID=271) to work on /opt/airflow/dags/dummy_dag.py
[2022-07-14 20:48:40,721] {processor.py:641} INFO - Processing file /opt/airflow/dags/dummy_dag.py for tasks to queue
[2022-07-14 20:48:40,722] {logging_mixin.py:115} INFO - [2022-07-14 20:48:40,722] {dagbag.py:508} INFO - Filling up the DagBag from /opt/airflow/dags/dummy_dag.py
[2022-07-14 20:48:40,737] {processor.py:651} INFO - DAG(s) dict_keys(['example_dag']) retrieved from /opt/airflow/dags/dummy_dag.py
[2022-07-14 20:48:40,789] {logging_mixin.py:115} INFO - [2022-07-14 20:48:40,789] {dag.py:2420} INFO - Sync 1 DAGs
[2022-07-14 20:48:40,821] {logging_mixin.py:115} INFO - [2022-07-14 20:48:40,820] {dag.py:2972} INFO - Setting next_dagrun for example_dag to 2022-07-14T00:00:00+00:00, run_after=2022-07-15T00:00:00+00:00
[2022-07-14 20:48:40,837] {processor.py:161} INFO - Processing /opt/airflow/dags/dummy_dag.py took 0.123 seconds
[2022-07-14 20:49:10,983] {processor.py:153} INFO - Started process (PID=276) to work on /opt/airflow/dags/dummy_dag.py
[2022-07-14 20:49:10,985] {processor.py:641} INFO - Processing file /opt/airflow/dags/dummy_dag.py for tasks to queue
[2022-07-14 20:49:10,986] {logging_mixin.py:115} INFO - [2022-07-14 20:49:10,986] {dagbag.py:508} INFO - Filling up the DagBag from /opt/airflow/dags/dummy_dag.py
[2022-07-14 20:49:10,999] {processor.py:651} INFO - DAG(s) dict_keys(['example_dag']) retrieved from /opt/airflow/dags/dummy_dag.py
[2022-07-14 20:49:11,037] {logging_mixin.py:115} INFO - [2022-07-14 20:49:11,037] {dag.py:2420} INFO - Sync 1 DAGs
[2022-07-14 20:49:11,065] {logging_mixin.py:115} INFO - [2022-07-14 20:49:11,065] {dag.py:2972} INFO - Setting next_dagrun for example_dag to 2022-07-14T00:00:00+00:00, run_after=2022-07-15T00:00:00+00:00
[2022-07-14 20:49:11,078] {processor.py:161} INFO - Processing /opt/airflow/dags/dummy_dag.py took 0.099 seconds
[2022-07-14 20:49:41,211] {processor.py:153} INFO - Started process (PID=281) to work on /opt/airflow/dags/dummy_dag.py
[2022-07-14 20:49:41,213] {processor.py:641} INFO - Processing file /opt/airflow/dags/dummy_dag.py for tasks to queue
[2022-07-14 20:49:41,214] {logging_mixin.py:115} INFO - [2022-07-14 20:49:41,214] {dagbag.py:508} INFO - Filling up the DagBag from /opt/airflow/dags/dummy_dag.py
[2022-07-14 20:49:41,228] {processor.py:651} INFO - DAG(s) dict_keys(['example_dag']) retrieved from /opt/airflow/dags/dummy_dag.py
[2022-07-14 20:49:41,271] {logging_mixin.py:115} INFO - [2022-07-14 20:49:41,271] {dag.py:2420} INFO - Sync 1 DAGs
[2022-07-14 20:49:41,304] {logging_mixin.py:115} INFO - [2022-07-14 20:49:41,304] {dag.py:2972} INFO - Setting next_dagrun for example_dag to 2022-07-14T00:00:00+00:00, run_after=2022-07-15T00:00:00+00:00
[2022-07-14 20:49:41,321] {processor.py:161} INFO - Processing /opt/airflow/dags/dummy_dag.py took 0.114 seconds
[2022-07-14 20:50:11,373] {processor.py:153} INFO - Started process (PID=286) to work on /opt/airflow/dags/dummy_dag.py
[2022-07-14 20:50:11,375] {processor.py:641} INFO - Processing file /opt/airflow/dags/dummy_dag.py for tasks to queue
[2022-07-14 20:50:11,376] {logging_mixin.py:115} INFO - [2022-07-14 20:50:11,376] {dagbag.py:508} INFO - Filling up the DagBag from /opt/airflow/dags/dummy_dag.py
[2022-07-14 20:50:11,394] {processor.py:651} INFO - DAG(s) dict_keys(['example_dag']) retrieved from /opt/airflow/dags/dummy_dag.py
[2022-07-14 20:50:11,439] {logging_mixin.py:115} INFO - [2022-07-14 20:50:11,439] {dag.py:2420} INFO - Sync 1 DAGs
[2022-07-14 20:50:11,474] {logging_mixin.py:115} INFO - [2022-07-14 20:50:11,474] {dag.py:2972} INFO - Setting next_dagrun for example_dag to 2022-07-14T00:00:00+00:00, run_after=2022-07-15T00:00:00+00:00
[2022-07-14 20:50:11,489] {processor.py:161} INFO - Processing /opt/airflow/dags/dummy_dag.py took 0.127 seconds
[2022-07-14 20:50:41,580] {processor.py:153} INFO - Started process (PID=291) to work on /opt/airflow/dags/dummy_dag.py
[2022-07-14 20:50:41,584] {processor.py:641} INFO - Processing file /opt/airflow/dags/dummy_dag.py for tasks to queue
[2022-07-14 20:50:41,591] {logging_mixin.py:115} INFO - [2022-07-14 20:50:41,590] {dagbag.py:508} INFO - Filling up the DagBag from /opt/airflow/dags/dummy_dag.py
[2022-07-14 20:50:41,610] {processor.py:651} INFO - DAG(s) dict_keys(['example_dag']) retrieved from /opt/airflow/dags/dummy_dag.py
[2022-07-14 20:50:41,649] {logging_mixin.py:115} INFO - [2022-07-14 20:50:41,648] {dag.py:2420} INFO - Sync 1 DAGs
[2022-07-14 20:50:41,676] {logging_mixin.py:115} INFO - [2022-07-14 20:50:41,676] {dag.py:2972} INFO - Setting next_dagrun for example_dag to 2022-07-14T00:00:00+00:00, run_after=2022-07-15T00:00:00+00:00
[2022-07-14 20:50:41,694] {processor.py:161} INFO - Processing /opt/airflow/dags/dummy_dag.py took 0.118 seconds
[2022-07-14 20:51:11,825] {processor.py:153} INFO - Started process (PID=296) to work on /opt/airflow/dags/dummy_dag.py
[2022-07-14 20:51:11,827] {processor.py:641} INFO - Processing file /opt/airflow/dags/dummy_dag.py for tasks to queue
[2022-07-14 20:51:11,828] {logging_mixin.py:115} INFO - [2022-07-14 20:51:11,828] {dagbag.py:508} INFO - Filling up the DagBag from /opt/airflow/dags/dummy_dag.py
[2022-07-14 20:51:11,841] {processor.py:651} INFO - DAG(s) dict_keys(['example_dag']) retrieved from /opt/airflow/dags/dummy_dag.py
[2022-07-14 20:51:11,877] {logging_mixin.py:115} INFO - [2022-07-14 20:51:11,877] {dag.py:2420} INFO - Sync 1 DAGs
[2022-07-14 20:51:11,903] {logging_mixin.py:115} INFO - [2022-07-14 20:51:11,903] {dag.py:2972} INFO - Setting next_dagrun for example_dag to 2022-07-14T00:00:00+00:00, run_after=2022-07-15T00:00:00+00:00
[2022-07-14 20:51:11,920] {processor.py:161} INFO - Processing /opt/airflow/dags/dummy_dag.py took 0.099 seconds
[2022-07-14 20:51:42,041] {processor.py:153} INFO - Started process (PID=301) to work on /opt/airflow/dags/dummy_dag.py
[2022-07-14 20:51:42,044] {processor.py:641} INFO - Processing file /opt/airflow/dags/dummy_dag.py for tasks to queue
[2022-07-14 20:51:42,047] {logging_mixin.py:115} INFO - [2022-07-14 20:51:42,047] {dagbag.py:508} INFO - Filling up the DagBag from /opt/airflow/dags/dummy_dag.py
[2022-07-14 20:51:42,062] {processor.py:651} INFO - DAG(s) dict_keys(['example_dag']) retrieved from /opt/airflow/dags/dummy_dag.py
[2022-07-14 20:51:42,101] {logging_mixin.py:115} INFO - [2022-07-14 20:51:42,101] {dag.py:2420} INFO - Sync 1 DAGs
[2022-07-14 20:51:42,127] {logging_mixin.py:115} INFO - [2022-07-14 20:51:42,127] {dag.py:2972} INFO - Setting next_dagrun for example_dag to 2022-07-14T00:00:00+00:00, run_after=2022-07-15T00:00:00+00:00
[2022-07-14 20:51:42,140] {processor.py:161} INFO - Processing /opt/airflow/dags/dummy_dag.py took 0.104 seconds
[2022-07-14 20:52:12,253] {processor.py:153} INFO - Started process (PID=306) to work on /opt/airflow/dags/dummy_dag.py
[2022-07-14 20:52:12,255] {processor.py:641} INFO - Processing file /opt/airflow/dags/dummy_dag.py for tasks to queue
[2022-07-14 20:52:12,258] {logging_mixin.py:115} INFO - [2022-07-14 20:52:12,258] {dagbag.py:508} INFO - Filling up the DagBag from /opt/airflow/dags/dummy_dag.py
[2022-07-14 20:52:12,274] {processor.py:651} INFO - DAG(s) dict_keys(['example_dag']) retrieved from /opt/airflow/dags/dummy_dag.py
[2022-07-14 20:52:12,324] {logging_mixin.py:115} INFO - [2022-07-14 20:52:12,324] {dag.py:2420} INFO - Sync 1 DAGs
[2022-07-14 20:52:12,363] {logging_mixin.py:115} INFO - [2022-07-14 20:52:12,363] {dag.py:2972} INFO - Setting next_dagrun for example_dag to 2022-07-14T00:00:00+00:00, run_after=2022-07-15T00:00:00+00:00
[2022-07-14 20:52:12,381] {processor.py:161} INFO - Processing /opt/airflow/dags/dummy_dag.py took 0.133 seconds
[2022-07-14 20:52:42,463] {processor.py:153} INFO - Started process (PID=311) to work on /opt/airflow/dags/dummy_dag.py
[2022-07-14 20:52:42,465] {processor.py:641} INFO - Processing file /opt/airflow/dags/dummy_dag.py for tasks to queue
[2022-07-14 20:52:42,466] {logging_mixin.py:115} INFO - [2022-07-14 20:52:42,466] {dagbag.py:508} INFO - Filling up the DagBag from /opt/airflow/dags/dummy_dag.py
[2022-07-14 20:52:42,484] {processor.py:651} INFO - DAG(s) dict_keys(['example_dag']) retrieved from /opt/airflow/dags/dummy_dag.py
[2022-07-14 20:52:42,521] {logging_mixin.py:115} INFO - [2022-07-14 20:52:42,521] {dag.py:2420} INFO - Sync 1 DAGs
[2022-07-14 20:52:42,553] {logging_mixin.py:115} INFO - [2022-07-14 20:52:42,553] {dag.py:2972} INFO - Setting next_dagrun for example_dag to 2022-07-14T00:00:00+00:00, run_after=2022-07-15T00:00:00+00:00
[2022-07-14 20:52:42,568] {processor.py:161} INFO - Processing /opt/airflow/dags/dummy_dag.py took 0.109 seconds
[2022-07-14 20:53:12,694] {processor.py:153} INFO - Started process (PID=316) to work on /opt/airflow/dags/dummy_dag.py
[2022-07-14 20:53:12,696] {processor.py:641} INFO - Processing file /opt/airflow/dags/dummy_dag.py for tasks to queue
[2022-07-14 20:53:12,697] {logging_mixin.py:115} INFO - [2022-07-14 20:53:12,697] {dagbag.py:508} INFO - Filling up the DagBag from /opt/airflow/dags/dummy_dag.py
[2022-07-14 20:53:12,712] {processor.py:651} INFO - DAG(s) dict_keys(['example_dag']) retrieved from /opt/airflow/dags/dummy_dag.py
[2022-07-14 20:53:12,754] {logging_mixin.py:115} INFO - [2022-07-14 20:53:12,754] {dag.py:2420} INFO - Sync 1 DAGs
[2022-07-14 20:53:12,783] {logging_mixin.py:115} INFO - [2022-07-14 20:53:12,783] {dag.py:2972} INFO - Setting next_dagrun for example_dag to 2022-07-14T00:00:00+00:00, run_after=2022-07-15T00:00:00+00:00
[2022-07-14 20:53:12,802] {processor.py:161} INFO - Processing /opt/airflow/dags/dummy_dag.py took 0.112 seconds
[2022-07-14 20:53:42,966] {processor.py:153} INFO - Started process (PID=321) to work on /opt/airflow/dags/dummy_dag.py
[2022-07-14 20:53:42,968] {processor.py:641} INFO - Processing file /opt/airflow/dags/dummy_dag.py for tasks to queue
[2022-07-14 20:53:42,969] {logging_mixin.py:115} INFO - [2022-07-14 20:53:42,969] {dagbag.py:508} INFO - Filling up the DagBag from /opt/airflow/dags/dummy_dag.py
[2022-07-14 20:53:42,984] {processor.py:651} INFO - DAG(s) dict_keys(['example_dag']) retrieved from /opt/airflow/dags/dummy_dag.py
[2022-07-14 20:53:43,024] {logging_mixin.py:115} INFO - [2022-07-14 20:53:43,024] {dag.py:2420} INFO - Sync 1 DAGs
[2022-07-14 20:53:43,058] {logging_mixin.py:115} INFO - [2022-07-14 20:53:43,058] {dag.py:2972} INFO - Setting next_dagrun for example_dag to 2022-07-14T00:00:00+00:00, run_after=2022-07-15T00:00:00+00:00
[2022-07-14 20:53:43,080] {processor.py:161} INFO - Processing /opt/airflow/dags/dummy_dag.py took 0.118 seconds
[2022-07-14 20:54:13,193] {processor.py:153} INFO - Started process (PID=326) to work on /opt/airflow/dags/dummy_dag.py
[2022-07-14 20:54:13,195] {processor.py:641} INFO - Processing file /opt/airflow/dags/dummy_dag.py for tasks to queue
[2022-07-14 20:54:13,219] {logging_mixin.py:115} INFO - [2022-07-14 20:54:13,219] {dagbag.py:508} INFO - Filling up the DagBag from /opt/airflow/dags/dummy_dag.py
[2022-07-14 20:54:13,252] {processor.py:651} INFO - DAG(s) dict_keys(['example_dag']) retrieved from /opt/airflow/dags/dummy_dag.py
[2022-07-14 20:54:13,299] {logging_mixin.py:115} INFO - [2022-07-14 20:54:13,299] {dag.py:2420} INFO - Sync 1 DAGs
[2022-07-14 20:54:13,332] {logging_mixin.py:115} INFO - [2022-07-14 20:54:13,332] {dag.py:2972} INFO - Setting next_dagrun for example_dag to 2022-07-14T00:00:00+00:00, run_after=2022-07-15T00:00:00+00:00
[2022-07-14 20:54:13,349] {processor.py:161} INFO - Processing /opt/airflow/dags/dummy_dag.py took 0.162 seconds
[2022-07-14 20:54:43,483] {processor.py:153} INFO - Started process (PID=331) to work on /opt/airflow/dags/dummy_dag.py
[2022-07-14 20:54:43,486] {processor.py:641} INFO - Processing file /opt/airflow/dags/dummy_dag.py for tasks to queue
[2022-07-14 20:54:43,488] {logging_mixin.py:115} INFO - [2022-07-14 20:54:43,487] {dagbag.py:508} INFO - Filling up the DagBag from /opt/airflow/dags/dummy_dag.py
[2022-07-14 20:54:43,515] {processor.py:651} INFO - DAG(s) dict_keys(['example_dag']) retrieved from /opt/airflow/dags/dummy_dag.py
[2022-07-14 20:54:43,574] {logging_mixin.py:115} INFO - [2022-07-14 20:54:43,574] {dag.py:2420} INFO - Sync 1 DAGs
[2022-07-14 20:54:43,614] {logging_mixin.py:115} INFO - [2022-07-14 20:54:43,614] {dag.py:2972} INFO - Setting next_dagrun for example_dag to 2022-07-14T00:00:00+00:00, run_after=2022-07-15T00:00:00+00:00
[2022-07-14 20:54:43,635] {processor.py:161} INFO - Processing /opt/airflow/dags/dummy_dag.py took 0.159 seconds
[2022-07-14 20:55:13,764] {processor.py:153} INFO - Started process (PID=336) to work on /opt/airflow/dags/dummy_dag.py
[2022-07-14 20:55:13,766] {processor.py:641} INFO - Processing file /opt/airflow/dags/dummy_dag.py for tasks to queue
[2022-07-14 20:55:13,767] {logging_mixin.py:115} INFO - [2022-07-14 20:55:13,767] {dagbag.py:508} INFO - Filling up the DagBag from /opt/airflow/dags/dummy_dag.py
[2022-07-14 20:55:13,783] {processor.py:651} INFO - DAG(s) dict_keys(['example_dag']) retrieved from /opt/airflow/dags/dummy_dag.py
[2022-07-14 20:55:13,823] {logging_mixin.py:115} INFO - [2022-07-14 20:55:13,823] {dag.py:2420} INFO - Sync 1 DAGs
[2022-07-14 20:55:13,850] {logging_mixin.py:115} INFO - [2022-07-14 20:55:13,850] {dag.py:2972} INFO - Setting next_dagrun for example_dag to 2022-07-14T00:00:00+00:00, run_after=2022-07-15T00:00:00+00:00
[2022-07-14 20:55:13,865] {processor.py:161} INFO - Processing /opt/airflow/dags/dummy_dag.py took 0.106 seconds
[2022-07-14 20:55:44,016] {processor.py:153} INFO - Started process (PID=341) to work on /opt/airflow/dags/dummy_dag.py
[2022-07-14 20:55:44,019] {processor.py:641} INFO - Processing file /opt/airflow/dags/dummy_dag.py for tasks to queue
[2022-07-14 20:55:44,021] {logging_mixin.py:115} INFO - [2022-07-14 20:55:44,020] {dagbag.py:508} INFO - Filling up the DagBag from /opt/airflow/dags/dummy_dag.py
[2022-07-14 20:55:44,033] {processor.py:651} INFO - DAG(s) dict_keys(['example_dag']) retrieved from /opt/airflow/dags/dummy_dag.py
[2022-07-14 20:55:44,073] {logging_mixin.py:115} INFO - [2022-07-14 20:55:44,072] {dag.py:2420} INFO - Sync 1 DAGs
[2022-07-14 20:55:44,101] {logging_mixin.py:115} INFO - [2022-07-14 20:55:44,101] {dag.py:2972} INFO - Setting next_dagrun for example_dag to 2022-07-14T00:00:00+00:00, run_after=2022-07-15T00:00:00+00:00
[2022-07-14 20:55:44,115] {processor.py:161} INFO - Processing /opt/airflow/dags/dummy_dag.py took 0.103 seconds
[2022-07-14 20:56:14,158] {processor.py:153} INFO - Started process (PID=346) to work on /opt/airflow/dags/dummy_dag.py
[2022-07-14 20:56:14,159] {processor.py:641} INFO - Processing file /opt/airflow/dags/dummy_dag.py for tasks to queue
[2022-07-14 20:56:14,160] {logging_mixin.py:115} INFO - [2022-07-14 20:56:14,160] {dagbag.py:508} INFO - Filling up the DagBag from /opt/airflow/dags/dummy_dag.py
[2022-07-14 20:56:14,172] {processor.py:651} INFO - DAG(s) dict_keys(['example_dag']) retrieved from /opt/airflow/dags/dummy_dag.py
[2022-07-14 20:56:14,211] {logging_mixin.py:115} INFO - [2022-07-14 20:56:14,211] {dag.py:2420} INFO - Sync 1 DAGs
[2022-07-14 20:56:14,238] {logging_mixin.py:115} INFO - [2022-07-14 20:56:14,238] {dag.py:2972} INFO - Setting next_dagrun for example_dag to 2022-07-14T00:00:00+00:00, run_after=2022-07-15T00:00:00+00:00
[2022-07-14 20:56:14,272] {processor.py:161} INFO - Processing /opt/airflow/dags/dummy_dag.py took 0.118 seconds
[2022-07-14 20:56:44,318] {processor.py:153} INFO - Started process (PID=351) to work on /opt/airflow/dags/dummy_dag.py
[2022-07-14 20:56:44,320] {processor.py:641} INFO - Processing file /opt/airflow/dags/dummy_dag.py for tasks to queue
[2022-07-14 20:56:44,321] {logging_mixin.py:115} INFO - [2022-07-14 20:56:44,321] {dagbag.py:508} INFO - Filling up the DagBag from /opt/airflow/dags/dummy_dag.py
[2022-07-14 20:56:44,333] {processor.py:651} INFO - DAG(s) dict_keys(['example_dag']) retrieved from /opt/airflow/dags/dummy_dag.py
[2022-07-14 20:56:44,369] {logging_mixin.py:115} INFO - [2022-07-14 20:56:44,369] {dag.py:2420} INFO - Sync 1 DAGs
[2022-07-14 20:56:44,397] {logging_mixin.py:115} INFO - [2022-07-14 20:56:44,397] {dag.py:2972} INFO - Setting next_dagrun for example_dag to 2022-07-14T00:00:00+00:00, run_after=2022-07-15T00:00:00+00:00
[2022-07-14 20:56:44,413] {processor.py:161} INFO - Processing /opt/airflow/dags/dummy_dag.py took 0.099 seconds
[2022-07-14 20:57:14,564] {processor.py:153} INFO - Started process (PID=356) to work on /opt/airflow/dags/dummy_dag.py
[2022-07-14 20:57:14,565] {processor.py:641} INFO - Processing file /opt/airflow/dags/dummy_dag.py for tasks to queue
[2022-07-14 20:57:14,566] {logging_mixin.py:115} INFO - [2022-07-14 20:57:14,566] {dagbag.py:508} INFO - Filling up the DagBag from /opt/airflow/dags/dummy_dag.py
[2022-07-14 20:57:14,578] {processor.py:651} INFO - DAG(s) dict_keys(['example_dag']) retrieved from /opt/airflow/dags/dummy_dag.py
[2022-07-14 20:57:14,615] {logging_mixin.py:115} INFO - [2022-07-14 20:57:14,615] {dag.py:2420} INFO - Sync 1 DAGs
[2022-07-14 20:57:14,643] {logging_mixin.py:115} INFO - [2022-07-14 20:57:14,643] {dag.py:2972} INFO - Setting next_dagrun for example_dag to 2022-07-14T00:00:00+00:00, run_after=2022-07-15T00:00:00+00:00
[2022-07-14 20:57:14,657] {processor.py:161} INFO - Processing /opt/airflow/dags/dummy_dag.py took 0.098 seconds
[2022-07-14 20:57:44,712] {processor.py:153} INFO - Started process (PID=361) to work on /opt/airflow/dags/dummy_dag.py
[2022-07-14 20:57:44,714] {processor.py:641} INFO - Processing file /opt/airflow/dags/dummy_dag.py for tasks to queue
[2022-07-14 20:57:44,716] {logging_mixin.py:115} INFO - [2022-07-14 20:57:44,715] {dagbag.py:508} INFO - Filling up the DagBag from /opt/airflow/dags/dummy_dag.py
[2022-07-14 20:57:44,728] {processor.py:651} INFO - DAG(s) dict_keys(['example_dag']) retrieved from /opt/airflow/dags/dummy_dag.py
[2022-07-14 20:57:44,763] {logging_mixin.py:115} INFO - [2022-07-14 20:57:44,763] {dag.py:2420} INFO - Sync 1 DAGs
[2022-07-14 20:57:44,790] {logging_mixin.py:115} INFO - [2022-07-14 20:57:44,790] {dag.py:2972} INFO - Setting next_dagrun for example_dag to 2022-07-14T00:00:00+00:00, run_after=2022-07-15T00:00:00+00:00
[2022-07-14 20:57:44,805] {processor.py:161} INFO - Processing /opt/airflow/dags/dummy_dag.py took 0.099 seconds
[2022-07-14 21:12:45,735] {processor.py:153} INFO - Started process (PID=366) to work on /opt/airflow/dags/dummy_dag.py
[2022-07-14 21:12:45,748] {processor.py:641} INFO - Processing file /opt/airflow/dags/dummy_dag.py for tasks to queue
[2022-07-14 21:12:45,753] {logging_mixin.py:115} INFO - [2022-07-14 21:12:45,753] {dagbag.py:508} INFO - Filling up the DagBag from /opt/airflow/dags/dummy_dag.py
[2022-07-14 21:12:45,995] {processor.py:651} INFO - DAG(s) dict_keys(['example_dag']) retrieved from /opt/airflow/dags/dummy_dag.py
[2022-07-14 21:12:46,596] {logging_mixin.py:115} INFO - [2022-07-14 21:12:46,595] {dag.py:2420} INFO - Sync 1 DAGs
[2022-07-14 21:12:46,668] {logging_mixin.py:115} INFO - [2022-07-14 21:12:46,668] {dag.py:2972} INFO - Setting next_dagrun for example_dag to 2022-07-14T00:00:00+00:00, run_after=2022-07-15T00:00:00+00:00
[2022-07-14 21:12:46,707] {processor.py:161} INFO - Processing /opt/airflow/dags/dummy_dag.py took 0.988 seconds
[2022-07-14 21:13:16,911] {processor.py:153} INFO - Started process (PID=373) to work on /opt/airflow/dags/dummy_dag.py
[2022-07-14 21:13:16,913] {processor.py:641} INFO - Processing file /opt/airflow/dags/dummy_dag.py for tasks to queue
[2022-07-14 21:13:16,914] {logging_mixin.py:115} INFO - [2022-07-14 21:13:16,914] {dagbag.py:508} INFO - Filling up the DagBag from /opt/airflow/dags/dummy_dag.py
[2022-07-14 21:13:16,930] {processor.py:651} INFO - DAG(s) dict_keys(['example_dag']) retrieved from /opt/airflow/dags/dummy_dag.py
[2022-07-14 21:13:16,977] {logging_mixin.py:115} INFO - [2022-07-14 21:13:16,977] {dag.py:2420} INFO - Sync 1 DAGs
[2022-07-14 21:13:17,004] {logging_mixin.py:115} INFO - [2022-07-14 21:13:17,004] {dag.py:2972} INFO - Setting next_dagrun for example_dag to 2022-07-14T00:00:00+00:00, run_after=2022-07-15T00:00:00+00:00
[2022-07-14 21:13:17,020] {processor.py:161} INFO - Processing /opt/airflow/dags/dummy_dag.py took 0.113 seconds
[2022-07-14 23:13:23,457] {processor.py:153} INFO - Started process (PID=387) to work on /opt/airflow/dags/dummy_dag.py
[2022-07-14 23:13:23,460] {processor.py:641} INFO - Processing file /opt/airflow/dags/dummy_dag.py for tasks to queue
[2022-07-14 23:13:23,462] {logging_mixin.py:115} INFO - [2022-07-14 23:13:23,462] {dagbag.py:508} INFO - Filling up the DagBag from /opt/airflow/dags/dummy_dag.py
[2022-07-14 23:13:23,487] {processor.py:651} INFO - DAG(s) dict_keys(['example_dag']) retrieved from /opt/airflow/dags/dummy_dag.py
[2022-07-14 23:13:23,571] {logging_mixin.py:115} INFO - [2022-07-14 23:13:23,570] {dag.py:2420} INFO - Sync 1 DAGs
[2022-07-14 23:13:23,616] {logging_mixin.py:115} INFO - [2022-07-14 23:13:23,616] {dag.py:2972} INFO - Setting next_dagrun for example_dag to 2022-07-14T00:00:00+00:00, run_after=2022-07-15T00:00:00+00:00
[2022-07-14 23:13:23,631] {processor.py:161} INFO - Processing /opt/airflow/dags/dummy_dag.py took 0.177 seconds
