[2022-07-21 08:08:46,712] {taskinstance.py:1179} INFO - Dependencies all met for <TaskInstance: tutorial.print_date scheduled__2022-06-02T00:00:00+00:00 [queued]>
[2022-07-21 08:08:46,745] {taskinstance.py:1179} INFO - Dependencies all met for <TaskInstance: tutorial.print_date scheduled__2022-06-02T00:00:00+00:00 [queued]>
[2022-07-21 08:08:46,746] {taskinstance.py:1376} INFO - 
--------------------------------------------------------------------------------
[2022-07-21 08:08:46,747] {taskinstance.py:1377} INFO - Starting attempt 1 of 2
[2022-07-21 08:08:46,748] {taskinstance.py:1378} INFO - 
--------------------------------------------------------------------------------
[2022-07-21 08:08:46,821] {taskinstance.py:1397} INFO - Executing <Task(BashOperator): print_date> on 2022-06-02 00:00:00+00:00
[2022-07-21 08:08:46,840] {standard_task_runner.py:52} INFO - Started process 352 to run task
[2022-07-21 08:08:46,893] {standard_task_runner.py:79} INFO - Running: ['***', 'tasks', 'run', 'tutorial', 'print_date', 'scheduled__2022-06-02T00:00:00+00:00', '--job-id', '7', '--raw', '--subdir', 'DAGS_FOLDER/nickdag.py', '--cfg-path', '/tmp/tmp28p56skn', '--error-file', '/tmp/tmpbybfmicd']
[2022-07-21 08:08:46,918] {standard_task_runner.py:80} INFO - Job 7: Subtask print_date
[2022-07-21 08:08:47,947] {logging_mixin.py:115} WARNING - /home/***/.local/lib/python3.7/site-packages/***/configuration.py:528 DeprecationWarning: The sql_alchemy_conn option in [core] has been moved to the sql_alchemy_conn option in [database] - the old setting has been used, but please update your config.
[2022-07-21 08:08:50,427] {task_command.py:371} INFO - Running <TaskInstance: tutorial.print_date scheduled__2022-06-02T00:00:00+00:00 [running]> on host 97e3017421e4
[2022-07-21 08:08:54,646] {taskinstance.py:1591} INFO - Exporting the following env vars:
AIRFLOW_CTX_DAG_EMAIL=caroline.kosalka@gmail.com
AIRFLOW_CTX_DAG_OWNER=***
AIRFLOW_CTX_DAG_ID=tutorial
AIRFLOW_CTX_TASK_ID=print_date
AIRFLOW_CTX_EXECUTION_DATE=2022-06-02T00:00:00+00:00
AIRFLOW_CTX_TRY_NUMBER=1
AIRFLOW_CTX_DAG_RUN_ID=scheduled__2022-06-02T00:00:00+00:00
[2022-07-21 08:08:54,694] {subprocess.py:62} INFO - Tmp dir root location: 
 /tmp
[2022-07-21 08:08:54,700] {subprocess.py:74} INFO - Running command: ['bash', '-c', 'echo helloooo']
[2022-07-21 08:08:56,187] {subprocess.py:85} INFO - Output:
[2022-07-21 08:08:56,281] {subprocess.py:92} INFO - helloooo
[2022-07-21 08:08:56,329] {subprocess.py:96} INFO - Command exited with return code 0
[2022-07-21 08:09:00,679] {taskinstance.py:1420} INFO - Marking task as SUCCESS. dag_id=tutorial, task_id=print_date, execution_date=20220602T000000, start_date=20220721T080846, end_date=20220721T080900
[2022-07-21 08:09:01,550] {local_task_job.py:221} WARNING - State of this instance has been externally set to success. Terminating instance.
[2022-07-21 08:09:01,682] {process_utils.py:129} INFO - Sending Signals.SIGTERM to group 352. PIDs of all processes in the group: [352]
[2022-07-21 08:09:01,717] {process_utils.py:80} INFO - Sending the signal Signals.SIGTERM to group 352
[2022-07-21 08:09:02,282] {process_utils.py:75} INFO - Process psutil.Process(pid=352, status='terminated', exitcode=0, started='08:08:46') (352) terminated with exit code 0
