[2022-07-22 12:59:18,740] {taskinstance.py:1179} INFO - Dependencies all met for <TaskInstance: tutorial.t1 scheduled__2022-06-06T00:00:00+00:00 [queued]>
[2022-07-22 12:59:19,084] {taskinstance.py:1179} INFO - Dependencies all met for <TaskInstance: tutorial.t1 scheduled__2022-06-06T00:00:00+00:00 [queued]>
[2022-07-22 12:59:19,088] {taskinstance.py:1376} INFO - 
--------------------------------------------------------------------------------
[2022-07-22 12:59:19,090] {taskinstance.py:1377} INFO - Starting attempt 1 of 2
[2022-07-22 12:59:19,092] {taskinstance.py:1378} INFO - 
--------------------------------------------------------------------------------
[2022-07-22 12:59:19,604] {taskinstance.py:1397} INFO - Executing <Task(PythonOperator): t1> on 2022-06-06 00:00:00+00:00
[2022-07-22 12:59:19,872] {standard_task_runner.py:52} INFO - Started process 697 to run task
[2022-07-22 12:59:20,548] {standard_task_runner.py:79} INFO - Running: ['***', 'tasks', 'run', 'tutorial', 't1', 'scheduled__2022-06-06T00:00:00+00:00', '--job-id', '3', '--raw', '--subdir', 'DAGS_FOLDER/nickdag.py', '--cfg-path', '/tmp/tmpmlmt2mgk', '--error-file', '/tmp/tmpcmvj251j']
[2022-07-22 12:59:20,591] {standard_task_runner.py:80} INFO - Job 3: Subtask t1
[2022-07-22 12:59:23,079] {logging_mixin.py:115} WARNING - /home/***/.local/lib/python3.7/site-packages/***/configuration.py:528 DeprecationWarning: The sql_alchemy_conn option in [core] has been moved to the sql_alchemy_conn option in [database] - the old setting has been used, but please update your config.
[2022-07-22 12:59:25,848] {task_command.py:371} INFO - Running <TaskInstance: tutorial.t1 scheduled__2022-06-06T00:00:00+00:00 [running]> on host 2f63307804d5
[2022-07-22 12:59:31,088] {taskinstance.py:1591} INFO - Exporting the following env vars:
AIRFLOW_CTX_DAG_EMAIL=caroline.kosalka@gmail.com
AIRFLOW_CTX_DAG_OWNER=***
AIRFLOW_CTX_DAG_ID=tutorial
AIRFLOW_CTX_TASK_ID=t1
AIRFLOW_CTX_EXECUTION_DATE=2022-06-06T00:00:00+00:00
AIRFLOW_CTX_TRY_NUMBER=1
AIRFLOW_CTX_DAG_RUN_ID=scheduled__2022-06-06T00:00:00+00:00
[2022-07-22 12:59:31,119] {python.py:173} INFO - Done. Returned value was: welcome
[2022-07-22 12:59:32,483] {taskinstance.py:1420} INFO - Marking task as SUCCESS. dag_id=tutorial, task_id=t1, execution_date=20220606T000000, start_date=20220722T125918, end_date=20220722T125932
[2022-07-22 12:59:34,249] {local_task_job.py:156} INFO - Task exited with return code 0
[2022-07-22 12:59:35,302] {local_task_job.py:273} INFO - 1 downstream tasks scheduled from follow-on schedule check
[2022-07-25 09:17:51,182] {taskinstance.py:1179} INFO - Dependencies all met for <TaskInstance: tutorial.t1 scheduled__2022-06-06T00:00:00+00:00 [queued]>
[2022-07-25 09:17:51,241] {taskinstance.py:1179} INFO - Dependencies all met for <TaskInstance: tutorial.t1 scheduled__2022-06-06T00:00:00+00:00 [queued]>
[2022-07-25 09:17:51,241] {taskinstance.py:1376} INFO - 
--------------------------------------------------------------------------------
[2022-07-25 09:17:51,242] {taskinstance.py:1377} INFO - Starting attempt 1 of 2
[2022-07-25 09:17:51,243] {taskinstance.py:1378} INFO - 
--------------------------------------------------------------------------------
[2022-07-25 09:17:51,343] {taskinstance.py:1397} INFO - Executing <Task(PythonOperator): t1> on 2022-06-06 00:00:00+00:00
[2022-07-25 09:17:51,372] {standard_task_runner.py:52} INFO - Started process 673 to run task
[2022-07-25 09:17:51,412] {standard_task_runner.py:79} INFO - Running: ['***', 'tasks', 'run', 'tutorial', 't1', 'scheduled__2022-06-06T00:00:00+00:00', '--job-id', '7', '--raw', '--subdir', 'DAGS_FOLDER/nickdag.py', '--cfg-path', '/tmp/tmpgtpnb3od', '--error-file', '/tmp/tmpm9gqcyox']
[2022-07-25 09:17:51,434] {standard_task_runner.py:80} INFO - Job 7: Subtask t1
[2022-07-25 09:17:51,596] {logging_mixin.py:115} WARNING - /home/***/.local/lib/python3.7/site-packages/***/configuration.py:528 DeprecationWarning: The sql_alchemy_conn option in [core] has been moved to the sql_alchemy_conn option in [database] - the old setting has been used, but please update your config.
[2022-07-25 09:17:51,949] {task_command.py:371} INFO - Running <TaskInstance: tutorial.t1 scheduled__2022-06-06T00:00:00+00:00 [running]> on host 01e6b1df1873
[2022-07-25 09:17:52,286] {taskinstance.py:1591} INFO - Exporting the following env vars:
AIRFLOW_CTX_DAG_EMAIL=caroline.kosalka@gmail.com
AIRFLOW_CTX_DAG_OWNER=***
AIRFLOW_CTX_DAG_ID=tutorial
AIRFLOW_CTX_TASK_ID=t1
AIRFLOW_CTX_EXECUTION_DATE=2022-06-06T00:00:00+00:00
AIRFLOW_CTX_TRY_NUMBER=1
AIRFLOW_CTX_DAG_RUN_ID=scheduled__2022-06-06T00:00:00+00:00
[2022-07-25 09:17:52,288] {python.py:173} INFO - Done. Returned value was: welcome
[2022-07-25 09:17:52,425] {taskinstance.py:1420} INFO - Marking task as SUCCESS. dag_id=tutorial, task_id=t1, execution_date=20220606T000000, start_date=20220725T091751, end_date=20220725T091752
[2022-07-25 09:17:52,594] {local_task_job.py:156} INFO - Task exited with return code 0
[2022-07-25 09:17:52,822] {local_task_job.py:273} INFO - 0 downstream tasks scheduled from follow-on schedule check
[2022-07-25 12:23:48,272] {taskinstance.py:1179} INFO - Dependencies all met for <TaskInstance: tutorial.t1 scheduled__2022-06-06T00:00:00+00:00 [queued]>
[2022-07-25 12:23:48,346] {taskinstance.py:1179} INFO - Dependencies all met for <TaskInstance: tutorial.t1 scheduled__2022-06-06T00:00:00+00:00 [queued]>
[2022-07-25 12:23:48,351] {taskinstance.py:1376} INFO - 
--------------------------------------------------------------------------------
[2022-07-25 12:23:48,352] {taskinstance.py:1377} INFO - Starting attempt 1 of 2
[2022-07-25 12:23:48,353] {taskinstance.py:1378} INFO - 
--------------------------------------------------------------------------------
[2022-07-25 12:23:48,692] {taskinstance.py:1397} INFO - Executing <Task(PythonOperator): t1> on 2022-06-06 00:00:00+00:00
[2022-07-25 12:23:48,768] {standard_task_runner.py:52} INFO - Started process 451 to run task
[2022-07-25 12:23:48,907] {standard_task_runner.py:79} INFO - Running: ['***', 'tasks', 'run', 'tutorial', 't1', 'scheduled__2022-06-06T00:00:00+00:00', '--job-id', '21', '--raw', '--subdir', 'DAGS_FOLDER/nickdag.py', '--cfg-path', '/tmp/tmpgh_gt4v1', '--error-file', '/tmp/tmp5_5zuclz']
[2022-07-25 12:23:48,963] {standard_task_runner.py:80} INFO - Job 21: Subtask t1
[2022-07-25 12:23:49,185] {logging_mixin.py:115} WARNING - /home/***/.local/lib/python3.7/site-packages/***/configuration.py:528 DeprecationWarning: The sql_alchemy_conn option in [core] has been moved to the sql_alchemy_conn option in [database] - the old setting has been used, but please update your config.
[2022-07-25 12:23:49,806] {task_command.py:371} INFO - Running <TaskInstance: tutorial.t1 scheduled__2022-06-06T00:00:00+00:00 [running]> on host 929e6a3728d4
[2022-07-25 12:23:50,479] {taskinstance.py:1591} INFO - Exporting the following env vars:
AIRFLOW_CTX_DAG_EMAIL=caroline.kosalka@gmail.com
AIRFLOW_CTX_DAG_OWNER=***
AIRFLOW_CTX_DAG_ID=tutorial
AIRFLOW_CTX_TASK_ID=t1
AIRFLOW_CTX_EXECUTION_DATE=2022-06-06T00:00:00+00:00
AIRFLOW_CTX_TRY_NUMBER=1
AIRFLOW_CTX_DAG_RUN_ID=scheduled__2022-06-06T00:00:00+00:00
[2022-07-25 12:23:50,493] {python.py:173} INFO - Done. Returned value was: welcome
[2022-07-25 12:23:50,904] {taskinstance.py:1420} INFO - Marking task as SUCCESS. dag_id=tutorial, task_id=t1, execution_date=20220606T000000, start_date=20220725T122348, end_date=20220725T122350
[2022-07-25 12:23:51,095] {local_task_job.py:156} INFO - Task exited with return code 0
[2022-07-25 12:23:51,947] {dagrun.py:1081} ERROR - Failed to get task '<TaskInstance: tutorial.get_terminal_data scheduled__2022-06-06T00:00:00+00:00 [removed]>' for dag 'tutorial'. Marking it as removed.
[2022-07-25 12:23:51,950] {dagrun.py:1081} ERROR - Failed to get task '<TaskInstance: tutorial.process_data scheduled__2022-06-06T00:00:00+00:00 [removed]>' for dag 'tutorial'. Marking it as removed.
[2022-07-25 12:23:51,965] {local_task_job.py:273} INFO - 0 downstream tasks scheduled from follow-on schedule check
