[2022-07-26 09:07:57,690] {taskinstance.py:1179} INFO - Dependencies all met for <TaskInstance: tutorial.t1 scheduled__2022-07-25T00:00:00+00:00 [queued]>
[2022-07-26 09:07:57,710] {taskinstance.py:1179} INFO - Dependencies all met for <TaskInstance: tutorial.t1 scheduled__2022-07-25T00:00:00+00:00 [queued]>
[2022-07-26 09:07:57,711] {taskinstance.py:1376} INFO - 
--------------------------------------------------------------------------------
[2022-07-26 09:07:57,712] {taskinstance.py:1377} INFO - Starting attempt 1 of 2
[2022-07-26 09:07:57,713] {taskinstance.py:1378} INFO - 
--------------------------------------------------------------------------------
[2022-07-26 09:07:57,742] {taskinstance.py:1397} INFO - Executing <Task(PythonOperator): t1> on 2022-07-25 00:00:00+00:00
[2022-07-26 09:07:57,749] {standard_task_runner.py:52} INFO - Started process 1046 to run task
[2022-07-26 09:07:57,754] {standard_task_runner.py:79} INFO - Running: ['***', 'tasks', 'run', 'tutorial', 't1', 'scheduled__2022-07-25T00:00:00+00:00', '--job-id', '401', '--raw', '--subdir', 'DAGS_FOLDER/nickdag.py', '--cfg-path', '/tmp/tmph04reeqk', '--error-file', '/tmp/tmpqfvadtf8']
[2022-07-26 09:07:57,756] {standard_task_runner.py:80} INFO - Job 401: Subtask t1
[2022-07-26 09:07:57,782] {logging_mixin.py:115} WARNING - /home/***/.local/lib/python3.7/site-packages/***/configuration.py:528 DeprecationWarning: The sql_alchemy_conn option in [core] has been moved to the sql_alchemy_conn option in [database] - the old setting has been used, but please update your config.
[2022-07-26 09:07:57,870] {task_command.py:371} INFO - Running <TaskInstance: tutorial.t1 scheduled__2022-07-25T00:00:00+00:00 [running]> on host 929e6a3728d4
[2022-07-26 09:07:57,993] {taskinstance.py:1591} INFO - Exporting the following env vars:
AIRFLOW_CTX_DAG_EMAIL=caroline.kosalka@gmail.com
AIRFLOW_CTX_DAG_OWNER=***
AIRFLOW_CTX_DAG_ID=tutorial
AIRFLOW_CTX_TASK_ID=t1
AIRFLOW_CTX_EXECUTION_DATE=2022-07-25T00:00:00+00:00
AIRFLOW_CTX_TRY_NUMBER=1
AIRFLOW_CTX_DAG_RUN_ID=scheduled__2022-07-25T00:00:00+00:00
[2022-07-26 09:07:57,994] {python.py:173} INFO - Done. Returned value was: welcome
[2022-07-26 09:07:58,039] {taskinstance.py:1420} INFO - Marking task as SUCCESS. dag_id=tutorial, task_id=t1, execution_date=20220725T000000, start_date=20220726T090757, end_date=20220726T090758
[2022-07-26 09:07:58,090] {local_task_job.py:156} INFO - Task exited with return code 0
[2022-07-26 09:07:58,147] {local_task_job.py:273} INFO - 1 downstream tasks scheduled from follow-on schedule check
