[2022-07-22 13:00:32,389] {taskinstance.py:1179} INFO - Dependencies all met for <TaskInstance: tutorial.t2 scheduled__2022-07-10T00:00:00+00:00 [queued]>
[2022-07-22 13:00:32,404] {taskinstance.py:1179} INFO - Dependencies all met for <TaskInstance: tutorial.t2 scheduled__2022-07-10T00:00:00+00:00 [queued]>
[2022-07-22 13:00:32,405] {taskinstance.py:1376} INFO - 
--------------------------------------------------------------------------------
[2022-07-22 13:00:32,406] {taskinstance.py:1377} INFO - Starting attempt 1 of 2
[2022-07-22 13:00:32,407] {taskinstance.py:1378} INFO - 
--------------------------------------------------------------------------------
[2022-07-22 13:00:32,428] {taskinstance.py:1397} INFO - Executing <Task(PythonOperator): t2> on 2022-07-10 00:00:00+00:00
[2022-07-22 13:00:32,434] {standard_task_runner.py:52} INFO - Started process 870 to run task
[2022-07-22 13:00:32,445] {standard_task_runner.py:79} INFO - Running: ['***', 'tasks', 'run', 'tutorial', 't2', 'scheduled__2022-07-10T00:00:00+00:00', '--job-id', '82', '--raw', '--subdir', 'DAGS_FOLDER/nickdag.py', '--cfg-path', '/tmp/tmpwpmiuqfj', '--error-file', '/tmp/tmprpu3dt5v']
[2022-07-22 13:00:32,447] {standard_task_runner.py:80} INFO - Job 82: Subtask t2
[2022-07-22 13:00:32,478] {logging_mixin.py:115} WARNING - /home/***/.local/lib/python3.7/site-packages/***/configuration.py:528 DeprecationWarning: The sql_alchemy_conn option in [core] has been moved to the sql_alchemy_conn option in [database] - the old setting has been used, but please update your config.
[2022-07-22 13:00:32,575] {task_command.py:371} INFO - Running <TaskInstance: tutorial.t2 scheduled__2022-07-10T00:00:00+00:00 [running]> on host 2f63307804d5
[2022-07-22 13:00:32,692] {taskinstance.py:1591} INFO - Exporting the following env vars:
AIRFLOW_CTX_DAG_EMAIL=caroline.kosalka@gmail.com
AIRFLOW_CTX_DAG_OWNER=***
AIRFLOW_CTX_DAG_ID=tutorial
AIRFLOW_CTX_TASK_ID=t2
AIRFLOW_CTX_EXECUTION_DATE=2022-07-10T00:00:00+00:00
AIRFLOW_CTX_TRY_NUMBER=1
AIRFLOW_CTX_DAG_RUN_ID=scheduled__2022-07-10T00:00:00+00:00
[2022-07-22 13:00:32,693] {python.py:173} INFO - Done. Returned value was: goodbye
[2022-07-22 13:00:32,741] {taskinstance.py:1420} INFO - Marking task as SUCCESS. dag_id=tutorial, task_id=t2, execution_date=20220710T000000, start_date=20220722T130032, end_date=20220722T130032
[2022-07-22 13:00:32,773] {local_task_job.py:156} INFO - Task exited with return code 0
[2022-07-22 13:00:32,836] {local_task_job.py:273} INFO - 0 downstream tasks scheduled from follow-on schedule check
[2022-07-25 09:18:14,150] {taskinstance.py:1179} INFO - Dependencies all met for <TaskInstance: tutorial.t2 scheduled__2022-07-10T00:00:00+00:00 [queued]>
[2022-07-25 09:18:14,181] {taskinstance.py:1179} INFO - Dependencies all met for <TaskInstance: tutorial.t2 scheduled__2022-07-10T00:00:00+00:00 [queued]>
[2022-07-25 09:18:14,186] {taskinstance.py:1376} INFO - 
--------------------------------------------------------------------------------
[2022-07-25 09:18:14,189] {taskinstance.py:1377} INFO - Starting attempt 1 of 2
[2022-07-25 09:18:14,191] {taskinstance.py:1378} INFO - 
--------------------------------------------------------------------------------
[2022-07-25 09:18:14,224] {taskinstance.py:1397} INFO - Executing <Task(PythonOperator): t2> on 2022-07-10 00:00:00+00:00
[2022-07-25 09:18:14,232] {standard_task_runner.py:52} INFO - Started process 831 to run task
[2022-07-25 09:18:14,248] {standard_task_runner.py:79} INFO - Running: ['***', 'tasks', 'run', 'tutorial', 't2', 'scheduled__2022-07-10T00:00:00+00:00', '--job-id', '83', '--raw', '--subdir', 'DAGS_FOLDER/nickdag.py', '--cfg-path', '/tmp/tmp1yb9id8t', '--error-file', '/tmp/tmpefj_w13u']
[2022-07-25 09:18:14,250] {standard_task_runner.py:80} INFO - Job 83: Subtask t2
[2022-07-25 09:18:14,283] {logging_mixin.py:115} WARNING - /home/***/.local/lib/python3.7/site-packages/***/configuration.py:528 DeprecationWarning: The sql_alchemy_conn option in [core] has been moved to the sql_alchemy_conn option in [database] - the old setting has been used, but please update your config.
[2022-07-25 09:18:14,367] {task_command.py:371} INFO - Running <TaskInstance: tutorial.t2 scheduled__2022-07-10T00:00:00+00:00 [running]> on host 01e6b1df1873
[2022-07-25 09:18:14,482] {taskinstance.py:1591} INFO - Exporting the following env vars:
AIRFLOW_CTX_DAG_EMAIL=caroline.kosalka@gmail.com
AIRFLOW_CTX_DAG_OWNER=***
AIRFLOW_CTX_DAG_ID=tutorial
AIRFLOW_CTX_TASK_ID=t2
AIRFLOW_CTX_EXECUTION_DATE=2022-07-10T00:00:00+00:00
AIRFLOW_CTX_TRY_NUMBER=1
AIRFLOW_CTX_DAG_RUN_ID=scheduled__2022-07-10T00:00:00+00:00
[2022-07-25 09:18:14,484] {python.py:173} INFO - Done. Returned value was: goodbye
[2022-07-25 09:18:14,524] {taskinstance.py:1420} INFO - Marking task as SUCCESS. dag_id=tutorial, task_id=t2, execution_date=20220710T000000, start_date=20220725T091814, end_date=20220725T091814
[2022-07-25 09:18:14,571] {local_task_job.py:156} INFO - Task exited with return code 0
[2022-07-25 09:18:14,616] {local_task_job.py:273} INFO - 0 downstream tasks scheduled from follow-on schedule check
[2022-07-25 12:28:28,285] {taskinstance.py:1179} INFO - Dependencies all met for <TaskInstance: tutorial.t2 scheduled__2022-07-10T00:00:00+00:00 [queued]>
[2022-07-25 12:28:28,370] {taskinstance.py:1179} INFO - Dependencies all met for <TaskInstance: tutorial.t2 scheduled__2022-07-10T00:00:00+00:00 [queued]>
[2022-07-25 12:28:28,380] {taskinstance.py:1376} INFO - 
--------------------------------------------------------------------------------
[2022-07-25 12:28:28,381] {taskinstance.py:1377} INFO - Starting attempt 1 of 2
[2022-07-25 12:28:28,381] {taskinstance.py:1378} INFO - 
--------------------------------------------------------------------------------
[2022-07-25 12:28:28,474] {taskinstance.py:1397} INFO - Executing <Task(PythonOperator): t2> on 2022-07-10 00:00:00+00:00
[2022-07-25 12:28:28,480] {standard_task_runner.py:52} INFO - Started process 1029 to run task
[2022-07-25 12:28:28,511] {standard_task_runner.py:79} INFO - Running: ['***', 'tasks', 'run', 'tutorial', 't2', 'scheduled__2022-07-10T00:00:00+00:00', '--job-id', '171', '--raw', '--subdir', 'DAGS_FOLDER/nickdag.py', '--cfg-path', '/tmp/tmp6_vift0u', '--error-file', '/tmp/tmp8krzs9qo']
[2022-07-25 12:28:28,535] {standard_task_runner.py:80} INFO - Job 171: Subtask t2
[2022-07-25 12:28:28,661] {logging_mixin.py:115} WARNING - /home/***/.local/lib/python3.7/site-packages/***/configuration.py:528 DeprecationWarning: The sql_alchemy_conn option in [core] has been moved to the sql_alchemy_conn option in [database] - the old setting has been used, but please update your config.
[2022-07-25 12:28:29,137] {task_command.py:371} INFO - Running <TaskInstance: tutorial.t2 scheduled__2022-07-10T00:00:00+00:00 [running]> on host 929e6a3728d4
[2022-07-25 12:28:29,797] {taskinstance.py:1591} INFO - Exporting the following env vars:
AIRFLOW_CTX_DAG_EMAIL=caroline.kosalka@gmail.com
AIRFLOW_CTX_DAG_OWNER=***
AIRFLOW_CTX_DAG_ID=tutorial
AIRFLOW_CTX_TASK_ID=t2
AIRFLOW_CTX_EXECUTION_DATE=2022-07-10T00:00:00+00:00
AIRFLOW_CTX_TRY_NUMBER=1
AIRFLOW_CTX_DAG_RUN_ID=scheduled__2022-07-10T00:00:00+00:00
[2022-07-25 12:28:29,802] {python.py:173} INFO - Done. Returned value was: goodbye
[2022-07-25 12:28:29,927] {taskinstance.py:1420} INFO - Marking task as SUCCESS. dag_id=tutorial, task_id=t2, execution_date=20220710T000000, start_date=20220725T122828, end_date=20220725T122829
[2022-07-25 12:28:30,020] {local_task_job.py:156} INFO - Task exited with return code 0
[2022-07-25 12:28:30,287] {local_task_job.py:273} INFO - 0 downstream tasks scheduled from follow-on schedule check
