[2022-07-21 08:09:06,141] {taskinstance.py:1179} INFO - Dependencies all met for <TaskInstance: tutorial.sleep scheduled__2022-06-03T00:00:00+00:00 [queued]>
[2022-07-21 08:09:06,160] {taskinstance.py:1179} INFO - Dependencies all met for <TaskInstance: tutorial.sleep scheduled__2022-06-03T00:00:00+00:00 [queued]>
[2022-07-21 08:09:06,161] {taskinstance.py:1376} INFO - 
--------------------------------------------------------------------------------
[2022-07-21 08:09:06,163] {taskinstance.py:1377} INFO - Starting attempt 1 of 4
[2022-07-21 08:09:06,164] {taskinstance.py:1378} INFO - 
--------------------------------------------------------------------------------
[2022-07-21 08:09:06,258] {taskinstance.py:1397} INFO - Executing <Task(BashOperator): sleep> on 2022-06-03 00:00:00+00:00
[2022-07-21 08:09:06,356] {standard_task_runner.py:52} INFO - Started process 391 to run task
[2022-07-21 08:09:06,369] {standard_task_runner.py:79} INFO - Running: ['***', 'tasks', 'run', 'tutorial', 'sleep', 'scheduled__2022-06-03T00:00:00+00:00', '--job-id', '20', '--raw', '--subdir', 'DAGS_FOLDER/nickdag.py', '--cfg-path', '/tmp/tmp4tiy_t5x', '--error-file', '/tmp/tmplh3bbn88']
[2022-07-21 08:09:06,421] {standard_task_runner.py:80} INFO - Job 20: Subtask sleep
[2022-07-21 08:09:06,823] {logging_mixin.py:115} WARNING - /home/***/.local/lib/python3.7/site-packages/***/configuration.py:528 DeprecationWarning: The sql_alchemy_conn option in [core] has been moved to the sql_alchemy_conn option in [database] - the old setting has been used, but please update your config.
[2022-07-21 08:09:07,078] {task_command.py:371} INFO - Running <TaskInstance: tutorial.sleep scheduled__2022-06-03T00:00:00+00:00 [running]> on host 97e3017421e4
[2022-07-21 08:09:09,202] {taskinstance.py:1591} INFO - Exporting the following env vars:
AIRFLOW_CTX_DAG_EMAIL=caroline.kosalka@gmail.com
AIRFLOW_CTX_DAG_OWNER=***
AIRFLOW_CTX_DAG_ID=tutorial
AIRFLOW_CTX_TASK_ID=sleep
AIRFLOW_CTX_EXECUTION_DATE=2022-06-03T00:00:00+00:00
AIRFLOW_CTX_TRY_NUMBER=1
AIRFLOW_CTX_DAG_RUN_ID=scheduled__2022-06-03T00:00:00+00:00
[2022-07-21 08:09:09,262] {subprocess.py:62} INFO - Tmp dir root location: 
 /tmp
[2022-07-21 08:09:09,268] {subprocess.py:74} INFO - Running command: ['bash', '-c', 'sleep 5']
[2022-07-21 08:09:09,443] {subprocess.py:85} INFO - Output:
[2022-07-21 08:09:14,857] {subprocess.py:96} INFO - Command exited with return code 0
[2022-07-21 08:09:16,092] {taskinstance.py:1420} INFO - Marking task as SUCCESS. dag_id=tutorial, task_id=sleep, execution_date=20220603T000000, start_date=20220721T080906, end_date=20220721T080916
[2022-07-21 08:09:16,374] {local_task_job.py:156} INFO - Task exited with return code 0
[2022-07-21 08:09:16,950] {local_task_job.py:273} INFO - 0 downstream tasks scheduled from follow-on schedule check
