[2022-07-22 13:00:35,632] {taskinstance.py:1179} INFO - Dependencies all met for <TaskInstance: tutorial.t1 scheduled__2022-07-18T00:00:00+00:00 [queued]>
[2022-07-22 13:00:35,687] {taskinstance.py:1179} INFO - Dependencies all met for <TaskInstance: tutorial.t1 scheduled__2022-07-18T00:00:00+00:00 [queued]>
[2022-07-22 13:00:35,689] {taskinstance.py:1376} INFO - 
--------------------------------------------------------------------------------
[2022-07-22 13:00:35,691] {taskinstance.py:1377} INFO - Starting attempt 1 of 2
[2022-07-22 13:00:35,693] {taskinstance.py:1378} INFO - 
--------------------------------------------------------------------------------
[2022-07-22 13:00:35,778] {taskinstance.py:1397} INFO - Executing <Task(PythonOperator): t1> on 2022-07-18 00:00:00+00:00
[2022-07-22 13:00:35,803] {standard_task_runner.py:52} INFO - Started process 897 to run task
[2022-07-22 13:00:35,816] {standard_task_runner.py:79} INFO - Running: ['***', 'tasks', 'run', 'tutorial', 't1', 'scheduled__2022-07-18T00:00:00+00:00', '--job-id', '90', '--raw', '--subdir', 'DAGS_FOLDER/nickdag.py', '--cfg-path', '/tmp/tmpugivvb5t', '--error-file', '/tmp/tmprmja_beh']
[2022-07-22 13:00:35,833] {standard_task_runner.py:80} INFO - Job 90: Subtask t1
[2022-07-22 13:00:35,889] {logging_mixin.py:115} WARNING - /home/***/.local/lib/python3.7/site-packages/***/configuration.py:528 DeprecationWarning: The sql_alchemy_conn option in [core] has been moved to the sql_alchemy_conn option in [database] - the old setting has been used, but please update your config.
[2022-07-22 13:00:36,171] {task_command.py:371} INFO - Running <TaskInstance: tutorial.t1 scheduled__2022-07-18T00:00:00+00:00 [running]> on host 2f63307804d5
[2022-07-22 13:00:36,617] {taskinstance.py:1591} INFO - Exporting the following env vars:
AIRFLOW_CTX_DAG_EMAIL=caroline.kosalka@gmail.com
AIRFLOW_CTX_DAG_OWNER=***
AIRFLOW_CTX_DAG_ID=tutorial
AIRFLOW_CTX_TASK_ID=t1
AIRFLOW_CTX_EXECUTION_DATE=2022-07-18T00:00:00+00:00
AIRFLOW_CTX_TRY_NUMBER=1
AIRFLOW_CTX_DAG_RUN_ID=scheduled__2022-07-18T00:00:00+00:00
[2022-07-22 13:00:36,620] {python.py:173} INFO - Done. Returned value was: welcome
[2022-07-22 13:00:36,790] {taskinstance.py:1420} INFO - Marking task as SUCCESS. dag_id=tutorial, task_id=t1, execution_date=20220718T000000, start_date=20220722T130035, end_date=20220722T130036
[2022-07-22 13:00:36,921] {local_task_job.py:156} INFO - Task exited with return code 0
[2022-07-22 13:00:37,305] {local_task_job.py:273} INFO - 0 downstream tasks scheduled from follow-on schedule check
[2022-07-25 09:18:19,667] {taskinstance.py:1179} INFO - Dependencies all met for <TaskInstance: tutorial.t1 scheduled__2022-07-18T00:00:00+00:00 [queued]>
[2022-07-25 09:18:19,708] {taskinstance.py:1179} INFO - Dependencies all met for <TaskInstance: tutorial.t1 scheduled__2022-07-18T00:00:00+00:00 [queued]>
[2022-07-25 09:18:19,709] {taskinstance.py:1376} INFO - 
--------------------------------------------------------------------------------
[2022-07-25 09:18:19,718] {taskinstance.py:1377} INFO - Starting attempt 1 of 2
[2022-07-25 09:18:19,719] {taskinstance.py:1378} INFO - 
--------------------------------------------------------------------------------
[2022-07-25 09:18:19,778] {taskinstance.py:1397} INFO - Executing <Task(PythonOperator): t1> on 2022-07-18 00:00:00+00:00
[2022-07-25 09:18:19,789] {standard_task_runner.py:52} INFO - Started process 852 to run task
[2022-07-25 09:18:19,804] {standard_task_runner.py:79} INFO - Running: ['***', 'tasks', 'run', 'tutorial', 't1', 'scheduled__2022-07-18T00:00:00+00:00', '--job-id', '92', '--raw', '--subdir', 'DAGS_FOLDER/nickdag.py', '--cfg-path', '/tmp/tmpe1y5exti', '--error-file', '/tmp/tmpsyclrgpb']
[2022-07-25 09:18:19,810] {standard_task_runner.py:80} INFO - Job 92: Subtask t1
[2022-07-25 09:18:19,867] {logging_mixin.py:115} WARNING - /home/***/.local/lib/python3.7/site-packages/***/configuration.py:528 DeprecationWarning: The sql_alchemy_conn option in [core] has been moved to the sql_alchemy_conn option in [database] - the old setting has been used, but please update your config.
[2022-07-25 09:18:20,228] {task_command.py:371} INFO - Running <TaskInstance: tutorial.t1 scheduled__2022-07-18T00:00:00+00:00 [running]> on host 01e6b1df1873
[2022-07-25 09:18:20,653] {taskinstance.py:1591} INFO - Exporting the following env vars:
AIRFLOW_CTX_DAG_EMAIL=caroline.kosalka@gmail.com
AIRFLOW_CTX_DAG_OWNER=***
AIRFLOW_CTX_DAG_ID=tutorial
AIRFLOW_CTX_TASK_ID=t1
AIRFLOW_CTX_EXECUTION_DATE=2022-07-18T00:00:00+00:00
AIRFLOW_CTX_TRY_NUMBER=1
AIRFLOW_CTX_DAG_RUN_ID=scheduled__2022-07-18T00:00:00+00:00
[2022-07-25 09:18:20,655] {python.py:173} INFO - Done. Returned value was: welcome
[2022-07-25 09:18:20,777] {taskinstance.py:1420} INFO - Marking task as SUCCESS. dag_id=tutorial, task_id=t1, execution_date=20220718T000000, start_date=20220725T091819, end_date=20220725T091820
[2022-07-25 09:18:20,830] {local_task_job.py:156} INFO - Task exited with return code 0
[2022-07-25 09:18:20,933] {local_task_job.py:273} INFO - 1 downstream tasks scheduled from follow-on schedule check
