[2022-07-22 13:00:25,826] {taskinstance.py:1179} INFO - Dependencies all met for <TaskInstance: tutorial.t1 scheduled__2022-07-03T00:00:00+00:00 [queued]>
[2022-07-22 13:00:25,865] {taskinstance.py:1179} INFO - Dependencies all met for <TaskInstance: tutorial.t1 scheduled__2022-07-03T00:00:00+00:00 [queued]>
[2022-07-22 13:00:25,865] {taskinstance.py:1376} INFO - 
--------------------------------------------------------------------------------
[2022-07-22 13:00:25,866] {taskinstance.py:1377} INFO - Starting attempt 1 of 2
[2022-07-22 13:00:25,867] {taskinstance.py:1378} INFO - 
--------------------------------------------------------------------------------
[2022-07-22 13:00:25,922] {taskinstance.py:1397} INFO - Executing <Task(PythonOperator): t1> on 2022-07-03 00:00:00+00:00
[2022-07-22 13:00:25,935] {standard_task_runner.py:52} INFO - Started process 830 to run task
[2022-07-22 13:00:25,943] {standard_task_runner.py:79} INFO - Running: ['***', 'tasks', 'run', 'tutorial', 't1', 'scheduled__2022-07-03T00:00:00+00:00', '--job-id', '62', '--raw', '--subdir', 'DAGS_FOLDER/nickdag.py', '--cfg-path', '/tmp/tmpr1xl9nfn', '--error-file', '/tmp/tmp688522lh']
[2022-07-22 13:00:25,947] {standard_task_runner.py:80} INFO - Job 62: Subtask t1
[2022-07-22 13:00:25,991] {logging_mixin.py:115} WARNING - /home/***/.local/lib/python3.7/site-packages/***/configuration.py:528 DeprecationWarning: The sql_alchemy_conn option in [core] has been moved to the sql_alchemy_conn option in [database] - the old setting has been used, but please update your config.
[2022-07-22 13:00:26,245] {task_command.py:371} INFO - Running <TaskInstance: tutorial.t1 scheduled__2022-07-03T00:00:00+00:00 [running]> on host 2f63307804d5
[2022-07-22 13:00:26,540] {taskinstance.py:1591} INFO - Exporting the following env vars:
AIRFLOW_CTX_DAG_EMAIL=caroline.kosalka@gmail.com
AIRFLOW_CTX_DAG_OWNER=***
AIRFLOW_CTX_DAG_ID=tutorial
AIRFLOW_CTX_TASK_ID=t1
AIRFLOW_CTX_EXECUTION_DATE=2022-07-03T00:00:00+00:00
AIRFLOW_CTX_TRY_NUMBER=1
AIRFLOW_CTX_DAG_RUN_ID=scheduled__2022-07-03T00:00:00+00:00
[2022-07-22 13:00:26,550] {python.py:173} INFO - Done. Returned value was: welcome
[2022-07-22 13:00:26,985] {taskinstance.py:1420} INFO - Marking task as SUCCESS. dag_id=tutorial, task_id=t1, execution_date=20220703T000000, start_date=20220722T130025, end_date=20220722T130026
[2022-07-22 13:00:27,072] {local_task_job.py:156} INFO - Task exited with return code 0
[2022-07-22 13:00:27,455] {local_task_job.py:273} INFO - 0 downstream tasks scheduled from follow-on schedule check
[2022-07-25 09:18:08,939] {taskinstance.py:1179} INFO - Dependencies all met for <TaskInstance: tutorial.t1 scheduled__2022-07-03T00:00:00+00:00 [queued]>
[2022-07-25 09:18:08,969] {taskinstance.py:1179} INFO - Dependencies all met for <TaskInstance: tutorial.t1 scheduled__2022-07-03T00:00:00+00:00 [queued]>
[2022-07-25 09:18:08,971] {taskinstance.py:1376} INFO - 
--------------------------------------------------------------------------------
[2022-07-25 09:18:08,974] {taskinstance.py:1377} INFO - Starting attempt 1 of 2
[2022-07-25 09:18:08,978] {taskinstance.py:1378} INFO - 
--------------------------------------------------------------------------------
[2022-07-25 09:18:09,018] {taskinstance.py:1397} INFO - Executing <Task(PythonOperator): t1> on 2022-07-03 00:00:00+00:00
[2022-07-25 09:18:09,031] {standard_task_runner.py:52} INFO - Started process 793 to run task
[2022-07-25 09:18:09,047] {standard_task_runner.py:79} INFO - Running: ['***', 'tasks', 'run', 'tutorial', 't1', 'scheduled__2022-07-03T00:00:00+00:00', '--job-id', '63', '--raw', '--subdir', 'DAGS_FOLDER/nickdag.py', '--cfg-path', '/tmp/tmppid5sksm', '--error-file', '/tmp/tmpmqqmpbeo']
[2022-07-25 09:18:09,053] {standard_task_runner.py:80} INFO - Job 63: Subtask t1
[2022-07-25 09:18:09,114] {logging_mixin.py:115} WARNING - /home/***/.local/lib/python3.7/site-packages/***/configuration.py:528 DeprecationWarning: The sql_alchemy_conn option in [core] has been moved to the sql_alchemy_conn option in [database] - the old setting has been used, but please update your config.
[2022-07-25 09:18:09,279] {task_command.py:371} INFO - Running <TaskInstance: tutorial.t1 scheduled__2022-07-03T00:00:00+00:00 [running]> on host 01e6b1df1873
[2022-07-25 09:18:09,463] {taskinstance.py:1591} INFO - Exporting the following env vars:
AIRFLOW_CTX_DAG_EMAIL=caroline.kosalka@gmail.com
AIRFLOW_CTX_DAG_OWNER=***
AIRFLOW_CTX_DAG_ID=tutorial
AIRFLOW_CTX_TASK_ID=t1
AIRFLOW_CTX_EXECUTION_DATE=2022-07-03T00:00:00+00:00
AIRFLOW_CTX_TRY_NUMBER=1
AIRFLOW_CTX_DAG_RUN_ID=scheduled__2022-07-03T00:00:00+00:00
[2022-07-25 09:18:09,465] {python.py:173} INFO - Done. Returned value was: welcome
[2022-07-25 09:18:09,529] {taskinstance.py:1420} INFO - Marking task as SUCCESS. dag_id=tutorial, task_id=t1, execution_date=20220703T000000, start_date=20220725T091808, end_date=20220725T091809
[2022-07-25 09:18:09,617] {local_task_job.py:156} INFO - Task exited with return code 0
[2022-07-25 09:18:09,844] {local_task_job.py:273} INFO - 0 downstream tasks scheduled from follow-on schedule check
