[2022-07-25 12:26:52,339] {taskinstance.py:1179} INFO - Dependencies all met for <TaskInstance: tutorial.t1 scheduled__2022-07-03T00:00:00+00:00 [queued]>
[2022-07-25 12:26:52,426] {taskinstance.py:1179} INFO - Dependencies all met for <TaskInstance: tutorial.t1 scheduled__2022-07-03T00:00:00+00:00 [queued]>
[2022-07-25 12:26:52,434] {taskinstance.py:1376} INFO - 
--------------------------------------------------------------------------------
[2022-07-25 12:26:52,435] {taskinstance.py:1377} INFO - Starting attempt 2 of 2
[2022-07-25 12:26:52,436] {taskinstance.py:1378} INFO - 
--------------------------------------------------------------------------------
[2022-07-25 12:26:52,522] {taskinstance.py:1397} INFO - Executing <Task(PythonOperator): t1> on 2022-07-03 00:00:00+00:00
[2022-07-25 12:26:52,535] {standard_task_runner.py:52} INFO - Started process 812 to run task
[2022-07-25 12:26:52,567] {standard_task_runner.py:79} INFO - Running: ['***', 'tasks', 'run', 'tutorial', 't1', 'scheduled__2022-07-03T00:00:00+00:00', '--job-id', '110', '--raw', '--subdir', 'DAGS_FOLDER/nickdag.py', '--cfg-path', '/tmp/tmpei77sow1', '--error-file', '/tmp/tmp718h2n0n']
[2022-07-25 12:26:52,574] {standard_task_runner.py:80} INFO - Job 110: Subtask t1
[2022-07-25 12:26:52,629] {logging_mixin.py:115} WARNING - /home/***/.local/lib/python3.7/site-packages/***/configuration.py:528 DeprecationWarning: The sql_alchemy_conn option in [core] has been moved to the sql_alchemy_conn option in [database] - the old setting has been used, but please update your config.
[2022-07-25 12:26:52,960] {task_command.py:371} INFO - Running <TaskInstance: tutorial.t1 scheduled__2022-07-03T00:00:00+00:00 [running]> on host 929e6a3728d4
[2022-07-25 12:26:53,438] {taskinstance.py:1591} INFO - Exporting the following env vars:
AIRFLOW_CTX_DAG_EMAIL=caroline.kosalka@gmail.com
AIRFLOW_CTX_DAG_OWNER=***
AIRFLOW_CTX_DAG_ID=tutorial
AIRFLOW_CTX_TASK_ID=t1
AIRFLOW_CTX_EXECUTION_DATE=2022-07-03T00:00:00+00:00
AIRFLOW_CTX_TRY_NUMBER=2
AIRFLOW_CTX_DAG_RUN_ID=scheduled__2022-07-03T00:00:00+00:00
[2022-07-25 12:26:53,442] {python.py:173} INFO - Done. Returned value was: welcome
[2022-07-25 12:26:53,966] {taskinstance.py:1420} INFO - Marking task as SUCCESS. dag_id=tutorial, task_id=t1, execution_date=20220703T000000, start_date=20220725T122652, end_date=20220725T122653
[2022-07-25 12:26:54,110] {local_task_job.py:156} INFO - Task exited with return code 0
[2022-07-25 12:26:54,654] {dagrun.py:1081} ERROR - Failed to get task '<TaskInstance: tutorial.process_data scheduled__2022-07-03T00:00:00+00:00 [removed]>' for dag 'tutorial'. Marking it as removed.
[2022-07-25 12:26:54,664] {dagrun.py:1081} ERROR - Failed to get task '<TaskInstance: tutorial.get_terminal_data scheduled__2022-07-03T00:00:00+00:00 [removed]>' for dag 'tutorial'. Marking it as removed.
[2022-07-25 12:26:54,681] {local_task_job.py:273} INFO - 0 downstream tasks scheduled from follow-on schedule check
