[2022-07-22 13:00:34,686] {taskinstance.py:1179} INFO - Dependencies all met for <TaskInstance: tutorial.t1 scheduled__2022-07-14T00:00:00+00:00 [queued]>
[2022-07-22 13:00:34,732] {taskinstance.py:1179} INFO - Dependencies all met for <TaskInstance: tutorial.t1 scheduled__2022-07-14T00:00:00+00:00 [queued]>
[2022-07-22 13:00:34,746] {taskinstance.py:1376} INFO - 
--------------------------------------------------------------------------------
[2022-07-22 13:00:34,757] {taskinstance.py:1377} INFO - Starting attempt 1 of 2
[2022-07-22 13:00:34,770] {taskinstance.py:1378} INFO - 
--------------------------------------------------------------------------------
[2022-07-22 13:00:34,857] {taskinstance.py:1397} INFO - Executing <Task(PythonOperator): t1> on 2022-07-14 00:00:00+00:00
[2022-07-22 13:00:34,869] {standard_task_runner.py:52} INFO - Started process 887 to run task
[2022-07-22 13:00:34,899] {standard_task_runner.py:79} INFO - Running: ['***', 'tasks', 'run', 'tutorial', 't1', 'scheduled__2022-07-14T00:00:00+00:00', '--job-id', '86', '--raw', '--subdir', 'DAGS_FOLDER/nickdag.py', '--cfg-path', '/tmp/tmpowtx144t', '--error-file', '/tmp/tmp3oacpp8k']
[2022-07-22 13:00:34,903] {standard_task_runner.py:80} INFO - Job 86: Subtask t1
[2022-07-22 13:00:34,959] {logging_mixin.py:115} WARNING - /home/***/.local/lib/python3.7/site-packages/***/configuration.py:528 DeprecationWarning: The sql_alchemy_conn option in [core] has been moved to the sql_alchemy_conn option in [database] - the old setting has been used, but please update your config.
[2022-07-22 13:00:35,199] {task_command.py:371} INFO - Running <TaskInstance: tutorial.t1 scheduled__2022-07-14T00:00:00+00:00 [running]> on host 2f63307804d5
[2022-07-22 13:00:35,503] {taskinstance.py:1591} INFO - Exporting the following env vars:
AIRFLOW_CTX_DAG_EMAIL=caroline.kosalka@gmail.com
AIRFLOW_CTX_DAG_OWNER=***
AIRFLOW_CTX_DAG_ID=tutorial
AIRFLOW_CTX_TASK_ID=t1
AIRFLOW_CTX_EXECUTION_DATE=2022-07-14T00:00:00+00:00
AIRFLOW_CTX_TRY_NUMBER=1
AIRFLOW_CTX_DAG_RUN_ID=scheduled__2022-07-14T00:00:00+00:00
[2022-07-22 13:00:35,504] {python.py:173} INFO - Done. Returned value was: welcome
[2022-07-22 13:00:35,615] {taskinstance.py:1420} INFO - Marking task as SUCCESS. dag_id=tutorial, task_id=t1, execution_date=20220714T000000, start_date=20220722T130034, end_date=20220722T130035
[2022-07-22 13:00:35,657] {local_task_job.py:156} INFO - Task exited with return code 0
[2022-07-22 13:00:35,868] {local_task_job.py:273} INFO - 1 downstream tasks scheduled from follow-on schedule check
[2022-07-25 09:18:18,544] {taskinstance.py:1179} INFO - Dependencies all met for <TaskInstance: tutorial.t1 scheduled__2022-07-14T00:00:00+00:00 [queued]>
[2022-07-25 09:18:18,573] {taskinstance.py:1179} INFO - Dependencies all met for <TaskInstance: tutorial.t1 scheduled__2022-07-14T00:00:00+00:00 [queued]>
[2022-07-25 09:18:18,626] {taskinstance.py:1376} INFO - 
--------------------------------------------------------------------------------
[2022-07-25 09:18:18,627] {taskinstance.py:1377} INFO - Starting attempt 1 of 2
[2022-07-25 09:18:18,628] {taskinstance.py:1378} INFO - 
--------------------------------------------------------------------------------
[2022-07-25 09:18:18,664] {taskinstance.py:1397} INFO - Executing <Task(PythonOperator): t1> on 2022-07-14 00:00:00+00:00
[2022-07-25 09:18:18,671] {standard_task_runner.py:52} INFO - Started process 842 to run task
[2022-07-25 09:18:18,701] {standard_task_runner.py:79} INFO - Running: ['***', 'tasks', 'run', 'tutorial', 't1', 'scheduled__2022-07-14T00:00:00+00:00', '--job-id', '88', '--raw', '--subdir', 'DAGS_FOLDER/nickdag.py', '--cfg-path', '/tmp/tmpbjrs_4dg', '--error-file', '/tmp/tmpf9ftfz1q']
[2022-07-25 09:18:18,703] {standard_task_runner.py:80} INFO - Job 88: Subtask t1
[2022-07-25 09:18:18,758] {logging_mixin.py:115} WARNING - /home/***/.local/lib/python3.7/site-packages/***/configuration.py:528 DeprecationWarning: The sql_alchemy_conn option in [core] has been moved to the sql_alchemy_conn option in [database] - the old setting has been used, but please update your config.
[2022-07-25 09:18:18,914] {task_command.py:371} INFO - Running <TaskInstance: tutorial.t1 scheduled__2022-07-14T00:00:00+00:00 [running]> on host 01e6b1df1873
[2022-07-25 09:18:19,147] {taskinstance.py:1591} INFO - Exporting the following env vars:
AIRFLOW_CTX_DAG_EMAIL=caroline.kosalka@gmail.com
AIRFLOW_CTX_DAG_OWNER=***
AIRFLOW_CTX_DAG_ID=tutorial
AIRFLOW_CTX_TASK_ID=t1
AIRFLOW_CTX_EXECUTION_DATE=2022-07-14T00:00:00+00:00
AIRFLOW_CTX_TRY_NUMBER=1
AIRFLOW_CTX_DAG_RUN_ID=scheduled__2022-07-14T00:00:00+00:00
[2022-07-25 09:18:19,149] {python.py:173} INFO - Done. Returned value was: welcome
[2022-07-25 09:18:19,260] {taskinstance.py:1420} INFO - Marking task as SUCCESS. dag_id=tutorial, task_id=t1, execution_date=20220714T000000, start_date=20220725T091818, end_date=20220725T091819
[2022-07-25 09:18:19,378] {local_task_job.py:156} INFO - Task exited with return code 0
[2022-07-25 09:18:19,690] {local_task_job.py:273} INFO - 0 downstream tasks scheduled from follow-on schedule check
