[2022-07-22 12:59:18,752] {taskinstance.py:1179} INFO - Dependencies all met for <TaskInstance: tutorial.t1 scheduled__2022-06-01T00:00:00+00:00 [queued]>
[2022-07-22 12:59:19,128] {taskinstance.py:1179} INFO - Dependencies all met for <TaskInstance: tutorial.t1 scheduled__2022-06-01T00:00:00+00:00 [queued]>
[2022-07-22 12:59:19,189] {taskinstance.py:1376} INFO - 
--------------------------------------------------------------------------------
[2022-07-22 12:59:19,190] {taskinstance.py:1377} INFO - Starting attempt 1 of 2
[2022-07-22 12:59:19,193] {taskinstance.py:1378} INFO - 
--------------------------------------------------------------------------------
[2022-07-22 12:59:19,821] {taskinstance.py:1397} INFO - Executing <Task(PythonOperator): t1> on 2022-06-01 00:00:00+00:00
[2022-07-22 12:59:19,941] {standard_task_runner.py:52} INFO - Started process 699 to run task
[2022-07-22 12:59:20,405] {standard_task_runner.py:79} INFO - Running: ['***', 'tasks', 'run', 'tutorial', 't1', 'scheduled__2022-06-01T00:00:00+00:00', '--job-id', '6', '--raw', '--subdir', 'DAGS_FOLDER/nickdag.py', '--cfg-path', '/tmp/tmpps06q44y', '--error-file', '/tmp/tmpejcdmo0k']
[2022-07-22 12:59:20,563] {standard_task_runner.py:80} INFO - Job 6: Subtask t1
[2022-07-22 12:59:24,203] {logging_mixin.py:115} WARNING - /home/***/.local/lib/python3.7/site-packages/***/configuration.py:528 DeprecationWarning: The sql_alchemy_conn option in [core] has been moved to the sql_alchemy_conn option in [database] - the old setting has been used, but please update your config.
[2022-07-22 12:59:26,737] {task_command.py:371} INFO - Running <TaskInstance: tutorial.t1 scheduled__2022-06-01T00:00:00+00:00 [running]> on host 2f63307804d5
[2022-07-22 12:59:31,900] {taskinstance.py:1591} INFO - Exporting the following env vars:
AIRFLOW_CTX_DAG_EMAIL=caroline.kosalka@gmail.com
AIRFLOW_CTX_DAG_OWNER=***
AIRFLOW_CTX_DAG_ID=tutorial
AIRFLOW_CTX_TASK_ID=t1
AIRFLOW_CTX_EXECUTION_DATE=2022-06-01T00:00:00+00:00
AIRFLOW_CTX_TRY_NUMBER=1
AIRFLOW_CTX_DAG_RUN_ID=scheduled__2022-06-01T00:00:00+00:00
[2022-07-22 12:59:31,912] {python.py:173} INFO - Done. Returned value was: welcome
[2022-07-22 12:59:32,393] {taskinstance.py:1420} INFO - Marking task as SUCCESS. dag_id=tutorial, task_id=t1, execution_date=20220601T000000, start_date=20220722T125918, end_date=20220722T125932
[2022-07-22 12:59:34,357] {local_task_job.py:156} INFO - Task exited with return code 0
[2022-07-22 12:59:35,597] {local_task_job.py:273} INFO - 1 downstream tasks scheduled from follow-on schedule check
[2022-07-25 09:17:50,586] {taskinstance.py:1179} INFO - Dependencies all met for <TaskInstance: tutorial.t1 scheduled__2022-06-01T00:00:00+00:00 [queued]>
[2022-07-25 09:17:50,634] {taskinstance.py:1179} INFO - Dependencies all met for <TaskInstance: tutorial.t1 scheduled__2022-06-01T00:00:00+00:00 [queued]>
[2022-07-25 09:17:50,635] {taskinstance.py:1376} INFO - 
--------------------------------------------------------------------------------
[2022-07-25 09:17:50,636] {taskinstance.py:1377} INFO - Starting attempt 1 of 2
[2022-07-25 09:17:50,637] {taskinstance.py:1378} INFO - 
--------------------------------------------------------------------------------
[2022-07-25 09:17:50,695] {taskinstance.py:1397} INFO - Executing <Task(PythonOperator): t1> on 2022-06-01 00:00:00+00:00
[2022-07-25 09:17:50,722] {standard_task_runner.py:52} INFO - Started process 667 to run task
[2022-07-25 09:17:50,803] {standard_task_runner.py:79} INFO - Running: ['***', 'tasks', 'run', 'tutorial', 't1', 'scheduled__2022-06-01T00:00:00+00:00', '--job-id', '5', '--raw', '--subdir', 'DAGS_FOLDER/nickdag.py', '--cfg-path', '/tmp/tmp9rby_o22', '--error-file', '/tmp/tmpeokojslc']
[2022-07-25 09:17:50,828] {standard_task_runner.py:80} INFO - Job 5: Subtask t1
[2022-07-25 09:17:51,001] {logging_mixin.py:115} WARNING - /home/***/.local/lib/python3.7/site-packages/***/configuration.py:528 DeprecationWarning: The sql_alchemy_conn option in [core] has been moved to the sql_alchemy_conn option in [database] - the old setting has been used, but please update your config.
[2022-07-25 09:17:51,563] {task_command.py:371} INFO - Running <TaskInstance: tutorial.t1 scheduled__2022-06-01T00:00:00+00:00 [running]> on host 01e6b1df1873
[2022-07-25 09:17:52,085] {taskinstance.py:1591} INFO - Exporting the following env vars:
AIRFLOW_CTX_DAG_EMAIL=caroline.kosalka@gmail.com
AIRFLOW_CTX_DAG_OWNER=***
AIRFLOW_CTX_DAG_ID=tutorial
AIRFLOW_CTX_TASK_ID=t1
AIRFLOW_CTX_EXECUTION_DATE=2022-06-01T00:00:00+00:00
AIRFLOW_CTX_TRY_NUMBER=1
AIRFLOW_CTX_DAG_RUN_ID=scheduled__2022-06-01T00:00:00+00:00
[2022-07-25 09:17:52,087] {python.py:173} INFO - Done. Returned value was: welcome
[2022-07-25 09:17:52,352] {taskinstance.py:1420} INFO - Marking task as SUCCESS. dag_id=tutorial, task_id=t1, execution_date=20220601T000000, start_date=20220725T091750, end_date=20220725T091752
[2022-07-25 09:17:52,483] {local_task_job.py:156} INFO - Task exited with return code 0
[2022-07-25 09:17:52,892] {local_task_job.py:273} INFO - 0 downstream tasks scheduled from follow-on schedule check
[2022-07-25 12:23:48,264] {taskinstance.py:1179} INFO - Dependencies all met for <TaskInstance: tutorial.t1 scheduled__2022-06-01T00:00:00+00:00 [queued]>
[2022-07-25 12:23:48,332] {taskinstance.py:1179} INFO - Dependencies all met for <TaskInstance: tutorial.t1 scheduled__2022-06-01T00:00:00+00:00 [queued]>
[2022-07-25 12:23:48,335] {taskinstance.py:1376} INFO - 
--------------------------------------------------------------------------------
[2022-07-25 12:23:48,336] {taskinstance.py:1377} INFO - Starting attempt 1 of 2
[2022-07-25 12:23:48,342] {taskinstance.py:1378} INFO - 
--------------------------------------------------------------------------------
[2022-07-25 12:23:48,596] {taskinstance.py:1397} INFO - Executing <Task(PythonOperator): t1> on 2022-06-01 00:00:00+00:00
[2022-07-25 12:23:48,662] {standard_task_runner.py:52} INFO - Started process 446 to run task
[2022-07-25 12:23:48,717] {standard_task_runner.py:79} INFO - Running: ['***', 'tasks', 'run', 'tutorial', 't1', 'scheduled__2022-06-01T00:00:00+00:00', '--job-id', '9', '--raw', '--subdir', 'DAGS_FOLDER/nickdag.py', '--cfg-path', '/tmp/tmpt9q2jwm1', '--error-file', '/tmp/tmpan5748ax']
[2022-07-25 12:23:48,767] {standard_task_runner.py:80} INFO - Job 9: Subtask t1
[2022-07-25 12:23:49,170] {logging_mixin.py:115} WARNING - /home/***/.local/lib/python3.7/site-packages/***/configuration.py:528 DeprecationWarning: The sql_alchemy_conn option in [core] has been moved to the sql_alchemy_conn option in [database] - the old setting has been used, but please update your config.
[2022-07-25 12:23:49,648] {task_command.py:371} INFO - Running <TaskInstance: tutorial.t1 scheduled__2022-06-01T00:00:00+00:00 [running]> on host 929e6a3728d4
[2022-07-25 12:23:50,075] {taskinstance.py:1591} INFO - Exporting the following env vars:
AIRFLOW_CTX_DAG_EMAIL=caroline.kosalka@gmail.com
AIRFLOW_CTX_DAG_OWNER=***
AIRFLOW_CTX_DAG_ID=tutorial
AIRFLOW_CTX_TASK_ID=t1
AIRFLOW_CTX_EXECUTION_DATE=2022-06-01T00:00:00+00:00
AIRFLOW_CTX_TRY_NUMBER=1
AIRFLOW_CTX_DAG_RUN_ID=scheduled__2022-06-01T00:00:00+00:00
[2022-07-25 12:23:50,080] {python.py:173} INFO - Done. Returned value was: welcome
[2022-07-25 12:23:50,908] {taskinstance.py:1420} INFO - Marking task as SUCCESS. dag_id=tutorial, task_id=t1, execution_date=20220601T000000, start_date=20220725T122348, end_date=20220725T122350
[2022-07-25 12:23:51,094] {local_task_job.py:156} INFO - Task exited with return code 0
[2022-07-25 12:23:51,365] {dagrun.py:1081} ERROR - Failed to get task '<TaskInstance: tutorial.get_terminal_data scheduled__2022-06-01T00:00:00+00:00 [removed]>' for dag 'tutorial'. Marking it as removed.
[2022-07-25 12:23:51,375] {dagrun.py:1081} ERROR - Failed to get task '<TaskInstance: tutorial.process_data scheduled__2022-06-01T00:00:00+00:00 [removed]>' for dag 'tutorial'. Marking it as removed.
[2022-07-25 12:23:51,403] {local_task_job.py:273} INFO - 1 downstream tasks scheduled from follow-on schedule check
