[2022-07-21 08:09:05,812] {taskinstance.py:1179} INFO - Dependencies all met for <TaskInstance: tutorial.print_date scheduled__2022-06-10T00:00:00+00:00 [queued]>
[2022-07-21 08:09:05,886] {taskinstance.py:1179} INFO - Dependencies all met for <TaskInstance: tutorial.print_date scheduled__2022-06-10T00:00:00+00:00 [queued]>
[2022-07-21 08:09:05,889] {taskinstance.py:1376} INFO - 
--------------------------------------------------------------------------------
[2022-07-21 08:09:05,893] {taskinstance.py:1377} INFO - Starting attempt 1 of 2
[2022-07-21 08:09:05,895] {taskinstance.py:1378} INFO - 
--------------------------------------------------------------------------------
[2022-07-21 08:09:06,004] {taskinstance.py:1397} INFO - Executing <Task(BashOperator): print_date> on 2022-06-10 00:00:00+00:00
[2022-07-21 08:09:06,036] {standard_task_runner.py:52} INFO - Started process 384 to run task
[2022-07-21 08:09:06,076] {standard_task_runner.py:79} INFO - Running: ['***', 'tasks', 'run', 'tutorial', 'print_date', 'scheduled__2022-06-10T00:00:00+00:00', '--job-id', '15', '--raw', '--subdir', 'DAGS_FOLDER/nickdag.py', '--cfg-path', '/tmp/tmpjacw629z', '--error-file', '/tmp/tmp0bqrqlxq']
[2022-07-21 08:09:06,087] {standard_task_runner.py:80} INFO - Job 15: Subtask print_date
[2022-07-21 08:09:06,251] {logging_mixin.py:115} WARNING - /home/***/.local/lib/python3.7/site-packages/***/configuration.py:528 DeprecationWarning: The sql_alchemy_conn option in [core] has been moved to the sql_alchemy_conn option in [database] - the old setting has been used, but please update your config.
[2022-07-21 08:09:07,019] {task_command.py:371} INFO - Running <TaskInstance: tutorial.print_date scheduled__2022-06-10T00:00:00+00:00 [running]> on host 97e3017421e4
[2022-07-21 08:09:10,267] {taskinstance.py:1591} INFO - Exporting the following env vars:
AIRFLOW_CTX_DAG_EMAIL=caroline.kosalka@gmail.com
AIRFLOW_CTX_DAG_OWNER=***
AIRFLOW_CTX_DAG_ID=tutorial
AIRFLOW_CTX_TASK_ID=print_date
AIRFLOW_CTX_EXECUTION_DATE=2022-06-10T00:00:00+00:00
AIRFLOW_CTX_TRY_NUMBER=1
AIRFLOW_CTX_DAG_RUN_ID=scheduled__2022-06-10T00:00:00+00:00
[2022-07-21 08:09:10,337] {subprocess.py:62} INFO - Tmp dir root location: 
 /tmp
[2022-07-21 08:09:10,451] {subprocess.py:74} INFO - Running command: ['bash', '-c', 'echo helloooo']
[2022-07-21 08:09:10,737] {subprocess.py:85} INFO - Output:
[2022-07-21 08:09:10,791] {subprocess.py:92} INFO - helloooo
[2022-07-21 08:09:10,797] {subprocess.py:96} INFO - Command exited with return code 0
[2022-07-21 08:09:11,890] {taskinstance.py:1420} INFO - Marking task as SUCCESS. dag_id=tutorial, task_id=print_date, execution_date=20220610T000000, start_date=20220721T080905, end_date=20220721T080911
[2022-07-21 08:09:13,289] {local_task_job.py:221} WARNING - State of this instance has been externally set to success. Terminating instance.
[2022-07-21 08:09:13,313] {process_utils.py:129} INFO - Sending Signals.SIGTERM to group 384. PIDs of all processes in the group: [384]
[2022-07-21 08:09:13,315] {process_utils.py:80} INFO - Sending the signal Signals.SIGTERM to group 384
[2022-07-21 08:09:13,722] {process_utils.py:75} INFO - Process psutil.Process(pid=384, status='terminated', exitcode=0, started='08:09:05') (384) terminated with exit code 0
