[2022-07-22 13:00:19,719] {taskinstance.py:1179} INFO - Dependencies all met for <TaskInstance: tutorial.t1 scheduled__2022-06-28T00:00:00+00:00 [queued]>
[2022-07-22 13:00:19,819] {taskinstance.py:1179} INFO - Dependencies all met for <TaskInstance: tutorial.t1 scheduled__2022-06-28T00:00:00+00:00 [queued]>
[2022-07-22 13:00:19,821] {taskinstance.py:1376} INFO - 
--------------------------------------------------------------------------------
[2022-07-22 13:00:19,823] {taskinstance.py:1377} INFO - Starting attempt 1 of 2
[2022-07-22 13:00:19,831] {taskinstance.py:1378} INFO - 
--------------------------------------------------------------------------------
[2022-07-22 13:00:19,952] {taskinstance.py:1397} INFO - Executing <Task(PythonOperator): t1> on 2022-06-28 00:00:00+00:00
[2022-07-22 13:00:19,981] {standard_task_runner.py:79} INFO - Running: ['***', 'tasks', 'run', 'tutorial', 't1', 'scheduled__2022-06-28T00:00:00+00:00', '--job-id', '51', '--raw', '--subdir', 'DAGS_FOLDER/nickdag.py', '--cfg-path', '/tmp/tmphxew9lgn', '--error-file', '/tmp/tmpobvnikpc']
[2022-07-22 13:00:19,985] {standard_task_runner.py:52} INFO - Started process 809 to run task
[2022-07-22 13:00:19,987] {standard_task_runner.py:80} INFO - Job 51: Subtask t1
[2022-07-22 13:00:20,076] {logging_mixin.py:115} WARNING - /home/***/.local/lib/python3.7/site-packages/***/configuration.py:528 DeprecationWarning: The sql_alchemy_conn option in [core] has been moved to the sql_alchemy_conn option in [database] - the old setting has been used, but please update your config.
[2022-07-22 13:00:20,529] {task_command.py:371} INFO - Running <TaskInstance: tutorial.t1 scheduled__2022-06-28T00:00:00+00:00 [running]> on host 2f63307804d5
[2022-07-22 13:00:20,904] {taskinstance.py:1591} INFO - Exporting the following env vars:
AIRFLOW_CTX_DAG_EMAIL=caroline.kosalka@gmail.com
AIRFLOW_CTX_DAG_OWNER=***
AIRFLOW_CTX_DAG_ID=tutorial
AIRFLOW_CTX_TASK_ID=t1
AIRFLOW_CTX_EXECUTION_DATE=2022-06-28T00:00:00+00:00
AIRFLOW_CTX_TRY_NUMBER=1
AIRFLOW_CTX_DAG_RUN_ID=scheduled__2022-06-28T00:00:00+00:00
[2022-07-22 13:00:20,910] {python.py:173} INFO - Done. Returned value was: welcome
[2022-07-22 13:00:21,082] {taskinstance.py:1420} INFO - Marking task as SUCCESS. dag_id=tutorial, task_id=t1, execution_date=20220628T000000, start_date=20220722T130019, end_date=20220722T130021
[2022-07-22 13:00:21,178] {local_task_job.py:156} INFO - Task exited with return code 0
[2022-07-22 13:00:21,317] {local_task_job.py:273} INFO - 1 downstream tasks scheduled from follow-on schedule check
[2022-07-25 09:18:04,131] {taskinstance.py:1179} INFO - Dependencies all met for <TaskInstance: tutorial.t1 scheduled__2022-06-28T00:00:00+00:00 [queued]>
[2022-07-25 09:18:04,184] {taskinstance.py:1179} INFO - Dependencies all met for <TaskInstance: tutorial.t1 scheduled__2022-06-28T00:00:00+00:00 [queued]>
[2022-07-25 09:18:04,185] {taskinstance.py:1376} INFO - 
--------------------------------------------------------------------------------
[2022-07-25 09:18:04,187] {taskinstance.py:1377} INFO - Starting attempt 1 of 2
[2022-07-25 09:18:04,188] {taskinstance.py:1378} INFO - 
--------------------------------------------------------------------------------
[2022-07-25 09:18:04,278] {taskinstance.py:1397} INFO - Executing <Task(PythonOperator): t1> on 2022-06-28 00:00:00+00:00
[2022-07-25 09:18:04,287] {standard_task_runner.py:52} INFO - Started process 769 to run task
[2022-07-25 09:18:04,318] {standard_task_runner.py:79} INFO - Running: ['***', 'tasks', 'run', 'tutorial', 't1', 'scheduled__2022-06-28T00:00:00+00:00', '--job-id', '50', '--raw', '--subdir', 'DAGS_FOLDER/nickdag.py', '--cfg-path', '/tmp/tmpximr8nb7', '--error-file', '/tmp/tmppx0o4gp9']
[2022-07-25 09:18:04,320] {standard_task_runner.py:80} INFO - Job 50: Subtask t1
[2022-07-25 09:18:04,381] {logging_mixin.py:115} WARNING - /home/***/.local/lib/python3.7/site-packages/***/configuration.py:528 DeprecationWarning: The sql_alchemy_conn option in [core] has been moved to the sql_alchemy_conn option in [database] - the old setting has been used, but please update your config.
[2022-07-25 09:18:04,542] {task_command.py:371} INFO - Running <TaskInstance: tutorial.t1 scheduled__2022-06-28T00:00:00+00:00 [running]> on host 01e6b1df1873
[2022-07-25 09:18:04,789] {taskinstance.py:1591} INFO - Exporting the following env vars:
AIRFLOW_CTX_DAG_EMAIL=caroline.kosalka@gmail.com
AIRFLOW_CTX_DAG_OWNER=***
AIRFLOW_CTX_DAG_ID=tutorial
AIRFLOW_CTX_TASK_ID=t1
AIRFLOW_CTX_EXECUTION_DATE=2022-06-28T00:00:00+00:00
AIRFLOW_CTX_TRY_NUMBER=1
AIRFLOW_CTX_DAG_RUN_ID=scheduled__2022-06-28T00:00:00+00:00
[2022-07-25 09:18:04,791] {python.py:173} INFO - Done. Returned value was: welcome
[2022-07-25 09:18:04,868] {taskinstance.py:1420} INFO - Marking task as SUCCESS. dag_id=tutorial, task_id=t1, execution_date=20220628T000000, start_date=20220725T091804, end_date=20220725T091804
[2022-07-25 09:18:04,969] {local_task_job.py:156} INFO - Task exited with return code 0
[2022-07-25 09:18:05,076] {local_task_job.py:273} INFO - 0 downstream tasks scheduled from follow-on schedule check
