[2022-07-25 09:18:25,049] {taskinstance.py:1179} INFO - Dependencies all met for <TaskInstance: tutorial.t2 scheduled__2022-07-23T00:00:00+00:00 [queued]>
[2022-07-25 09:18:25,061] {taskinstance.py:1179} INFO - Dependencies all met for <TaskInstance: tutorial.t2 scheduled__2022-07-23T00:00:00+00:00 [queued]>
[2022-07-25 09:18:25,063] {taskinstance.py:1376} INFO - 
--------------------------------------------------------------------------------
[2022-07-25 09:18:25,064] {taskinstance.py:1377} INFO - Starting attempt 1 of 2
[2022-07-25 09:18:25,064] {taskinstance.py:1378} INFO - 
--------------------------------------------------------------------------------
[2022-07-25 09:18:25,082] {taskinstance.py:1397} INFO - Executing <Task(PythonOperator): t2> on 2022-07-23 00:00:00+00:00
[2022-07-25 09:18:25,088] {standard_task_runner.py:52} INFO - Started process 881 to run task
[2022-07-25 09:18:25,093] {standard_task_runner.py:79} INFO - Running: ['***', 'tasks', 'run', 'tutorial', 't2', 'scheduled__2022-07-23T00:00:00+00:00', '--job-id', '107', '--raw', '--subdir', 'DAGS_FOLDER/nickdag.py', '--cfg-path', '/tmp/tmpymg7zn_3', '--error-file', '/tmp/tmp0oe_aq7j']
[2022-07-25 09:18:25,096] {standard_task_runner.py:80} INFO - Job 107: Subtask t2
[2022-07-25 09:18:25,129] {logging_mixin.py:115} WARNING - /home/***/.local/lib/python3.7/site-packages/***/configuration.py:528 DeprecationWarning: The sql_alchemy_conn option in [core] has been moved to the sql_alchemy_conn option in [database] - the old setting has been used, but please update your config.
[2022-07-25 09:18:25,205] {task_command.py:371} INFO - Running <TaskInstance: tutorial.t2 scheduled__2022-07-23T00:00:00+00:00 [running]> on host 01e6b1df1873
[2022-07-25 09:18:25,367] {taskinstance.py:1591} INFO - Exporting the following env vars:
AIRFLOW_CTX_DAG_EMAIL=caroline.kosalka@gmail.com
AIRFLOW_CTX_DAG_OWNER=***
AIRFLOW_CTX_DAG_ID=tutorial
AIRFLOW_CTX_TASK_ID=t2
AIRFLOW_CTX_EXECUTION_DATE=2022-07-23T00:00:00+00:00
AIRFLOW_CTX_TRY_NUMBER=1
AIRFLOW_CTX_DAG_RUN_ID=scheduled__2022-07-23T00:00:00+00:00
[2022-07-25 09:18:25,370] {python.py:173} INFO - Done. Returned value was: goodbye
[2022-07-25 09:18:25,417] {taskinstance.py:1420} INFO - Marking task as SUCCESS. dag_id=tutorial, task_id=t2, execution_date=20220723T000000, start_date=20220725T091825, end_date=20220725T091825
[2022-07-25 09:18:25,466] {local_task_job.py:156} INFO - Task exited with return code 0
[2022-07-25 09:18:25,516] {local_task_job.py:273} INFO - 0 downstream tasks scheduled from follow-on schedule check
[2022-07-25 12:28:28,599] {taskinstance.py:1179} INFO - Dependencies all met for <TaskInstance: tutorial.t2 scheduled__2022-07-23T00:00:00+00:00 [queued]>
[2022-07-25 12:28:28,692] {taskinstance.py:1179} INFO - Dependencies all met for <TaskInstance: tutorial.t2 scheduled__2022-07-23T00:00:00+00:00 [queued]>
[2022-07-25 12:28:28,694] {taskinstance.py:1376} INFO - 
--------------------------------------------------------------------------------
[2022-07-25 12:28:28,698] {taskinstance.py:1377} INFO - Starting attempt 1 of 2
[2022-07-25 12:28:28,700] {taskinstance.py:1378} INFO - 
--------------------------------------------------------------------------------
[2022-07-25 12:28:28,805] {taskinstance.py:1397} INFO - Executing <Task(PythonOperator): t2> on 2022-07-23 00:00:00+00:00
[2022-07-25 12:28:28,835] {standard_task_runner.py:52} INFO - Started process 1041 to run task
[2022-07-25 12:28:28,881] {standard_task_runner.py:79} INFO - Running: ['***', 'tasks', 'run', 'tutorial', 't2', 'scheduled__2022-07-23T00:00:00+00:00', '--job-id', '175', '--raw', '--subdir', 'DAGS_FOLDER/nickdag.py', '--cfg-path', '/tmp/tmp51w6fwa9', '--error-file', '/tmp/tmp3fwu9vgc']
[2022-07-25 12:28:28,884] {standard_task_runner.py:80} INFO - Job 175: Subtask t2
[2022-07-25 12:28:28,988] {logging_mixin.py:115} WARNING - /home/***/.local/lib/python3.7/site-packages/***/configuration.py:528 DeprecationWarning: The sql_alchemy_conn option in [core] has been moved to the sql_alchemy_conn option in [database] - the old setting has been used, but please update your config.
[2022-07-25 12:28:29,412] {task_command.py:371} INFO - Running <TaskInstance: tutorial.t2 scheduled__2022-07-23T00:00:00+00:00 [running]> on host 929e6a3728d4
[2022-07-25 12:28:29,862] {taskinstance.py:1591} INFO - Exporting the following env vars:
AIRFLOW_CTX_DAG_EMAIL=caroline.kosalka@gmail.com
AIRFLOW_CTX_DAG_OWNER=***
AIRFLOW_CTX_DAG_ID=tutorial
AIRFLOW_CTX_TASK_ID=t2
AIRFLOW_CTX_EXECUTION_DATE=2022-07-23T00:00:00+00:00
AIRFLOW_CTX_TRY_NUMBER=1
AIRFLOW_CTX_DAG_RUN_ID=scheduled__2022-07-23T00:00:00+00:00
[2022-07-25 12:28:29,866] {python.py:173} INFO - Done. Returned value was: goodbye
[2022-07-25 12:28:30,054] {taskinstance.py:1420} INFO - Marking task as SUCCESS. dag_id=tutorial, task_id=t2, execution_date=20220723T000000, start_date=20220725T122828, end_date=20220725T122830
[2022-07-25 12:28:30,133] {local_task_job.py:156} INFO - Task exited with return code 0
[2022-07-25 12:28:30,286] {local_task_job.py:273} INFO - 0 downstream tasks scheduled from follow-on schedule check
