[2022-07-22 13:00:30,955] {taskinstance.py:1179} INFO - Dependencies all met for <TaskInstance: tutorial.t2 scheduled__2022-07-07T00:00:00+00:00 [queued]>
[2022-07-22 13:00:31,014] {taskinstance.py:1179} INFO - Dependencies all met for <TaskInstance: tutorial.t2 scheduled__2022-07-07T00:00:00+00:00 [queued]>
[2022-07-22 13:00:31,015] {taskinstance.py:1376} INFO - 
--------------------------------------------------------------------------------
[2022-07-22 13:00:31,015] {taskinstance.py:1377} INFO - Starting attempt 1 of 2
[2022-07-22 13:00:31,016] {taskinstance.py:1378} INFO - 
--------------------------------------------------------------------------------
[2022-07-22 13:00:31,078] {taskinstance.py:1397} INFO - Executing <Task(PythonOperator): t2> on 2022-07-07 00:00:00+00:00
[2022-07-22 13:00:31,092] {standard_task_runner.py:52} INFO - Started process 864 to run task
[2022-07-22 13:00:31,106] {standard_task_runner.py:79} INFO - Running: ['***', 'tasks', 'run', 'tutorial', 't2', 'scheduled__2022-07-07T00:00:00+00:00', '--job-id', '79', '--raw', '--subdir', 'DAGS_FOLDER/nickdag.py', '--cfg-path', '/tmp/tmpykp4i55g', '--error-file', '/tmp/tmpvb_njgts']
[2022-07-22 13:00:31,113] {standard_task_runner.py:80} INFO - Job 79: Subtask t2
[2022-07-22 13:00:31,158] {logging_mixin.py:115} WARNING - /home/***/.local/lib/python3.7/site-packages/***/configuration.py:528 DeprecationWarning: The sql_alchemy_conn option in [core] has been moved to the sql_alchemy_conn option in [database] - the old setting has been used, but please update your config.
[2022-07-22 13:00:31,310] {task_command.py:371} INFO - Running <TaskInstance: tutorial.t2 scheduled__2022-07-07T00:00:00+00:00 [running]> on host 2f63307804d5
[2022-07-22 13:00:31,490] {taskinstance.py:1591} INFO - Exporting the following env vars:
AIRFLOW_CTX_DAG_EMAIL=caroline.kosalka@gmail.com
AIRFLOW_CTX_DAG_OWNER=***
AIRFLOW_CTX_DAG_ID=tutorial
AIRFLOW_CTX_TASK_ID=t2
AIRFLOW_CTX_EXECUTION_DATE=2022-07-07T00:00:00+00:00
AIRFLOW_CTX_TRY_NUMBER=1
AIRFLOW_CTX_DAG_RUN_ID=scheduled__2022-07-07T00:00:00+00:00
[2022-07-22 13:00:31,492] {python.py:173} INFO - Done. Returned value was: goodbye
[2022-07-22 13:00:31,541] {taskinstance.py:1420} INFO - Marking task as SUCCESS. dag_id=tutorial, task_id=t2, execution_date=20220707T000000, start_date=20220722T130030, end_date=20220722T130031
[2022-07-22 13:00:31,585] {local_task_job.py:156} INFO - Task exited with return code 0
[2022-07-22 13:00:31,648] {local_task_job.py:273} INFO - 0 downstream tasks scheduled from follow-on schedule check
[2022-07-25 09:18:13,175] {taskinstance.py:1179} INFO - Dependencies all met for <TaskInstance: tutorial.t2 scheduled__2022-07-07T00:00:00+00:00 [queued]>
[2022-07-25 09:18:13,225] {taskinstance.py:1179} INFO - Dependencies all met for <TaskInstance: tutorial.t2 scheduled__2022-07-07T00:00:00+00:00 [queued]>
[2022-07-25 09:18:13,226] {taskinstance.py:1376} INFO - 
--------------------------------------------------------------------------------
[2022-07-25 09:18:13,227] {taskinstance.py:1377} INFO - Starting attempt 1 of 2
[2022-07-25 09:18:13,228] {taskinstance.py:1378} INFO - 
--------------------------------------------------------------------------------
[2022-07-25 09:18:13,326] {taskinstance.py:1397} INFO - Executing <Task(PythonOperator): t2> on 2022-07-07 00:00:00+00:00
[2022-07-25 09:18:13,332] {standard_task_runner.py:52} INFO - Started process 826 to run task
[2022-07-25 09:18:13,364] {standard_task_runner.py:79} INFO - Running: ['***', 'tasks', 'run', 'tutorial', 't2', 'scheduled__2022-07-07T00:00:00+00:00', '--job-id', '79', '--raw', '--subdir', 'DAGS_FOLDER/nickdag.py', '--cfg-path', '/tmp/tmp2htlzm6m', '--error-file', '/tmp/tmpx30u7qy2']
[2022-07-25 09:18:13,371] {standard_task_runner.py:80} INFO - Job 79: Subtask t2
[2022-07-25 09:18:13,465] {logging_mixin.py:115} WARNING - /home/***/.local/lib/python3.7/site-packages/***/configuration.py:528 DeprecationWarning: The sql_alchemy_conn option in [core] has been moved to the sql_alchemy_conn option in [database] - the old setting has been used, but please update your config.
[2022-07-25 09:18:13,707] {task_command.py:371} INFO - Running <TaskInstance: tutorial.t2 scheduled__2022-07-07T00:00:00+00:00 [running]> on host 01e6b1df1873
[2022-07-25 09:18:14,115] {taskinstance.py:1591} INFO - Exporting the following env vars:
AIRFLOW_CTX_DAG_EMAIL=caroline.kosalka@gmail.com
AIRFLOW_CTX_DAG_OWNER=***
AIRFLOW_CTX_DAG_ID=tutorial
AIRFLOW_CTX_TASK_ID=t2
AIRFLOW_CTX_EXECUTION_DATE=2022-07-07T00:00:00+00:00
AIRFLOW_CTX_TRY_NUMBER=1
AIRFLOW_CTX_DAG_RUN_ID=scheduled__2022-07-07T00:00:00+00:00
[2022-07-25 09:18:14,117] {python.py:173} INFO - Done. Returned value was: goodbye
[2022-07-25 09:18:14,187] {taskinstance.py:1420} INFO - Marking task as SUCCESS. dag_id=tutorial, task_id=t2, execution_date=20220707T000000, start_date=20220725T091813, end_date=20220725T091814
[2022-07-25 09:18:14,229] {local_task_job.py:156} INFO - Task exited with return code 0
[2022-07-25 09:18:14,307] {local_task_job.py:273} INFO - 0 downstream tasks scheduled from follow-on schedule check
[2022-07-25 12:26:56,655] {taskinstance.py:1179} INFO - Dependencies all met for <TaskInstance: tutorial.t2 scheduled__2022-07-07T00:00:00+00:00 [queued]>
[2022-07-25 12:26:56,748] {taskinstance.py:1179} INFO - Dependencies all met for <TaskInstance: tutorial.t2 scheduled__2022-07-07T00:00:00+00:00 [queued]>
[2022-07-25 12:26:56,749] {taskinstance.py:1376} INFO - 
--------------------------------------------------------------------------------
[2022-07-25 12:26:56,750] {taskinstance.py:1377} INFO - Starting attempt 1 of 2
[2022-07-25 12:26:56,752] {taskinstance.py:1378} INFO - 
--------------------------------------------------------------------------------
[2022-07-25 12:26:56,882] {taskinstance.py:1397} INFO - Executing <Task(PythonOperator): t2> on 2022-07-07 00:00:00+00:00
[2022-07-25 12:26:56,899] {standard_task_runner.py:52} INFO - Started process 846 to run task
[2022-07-25 12:26:56,945] {standard_task_runner.py:79} INFO - Running: ['***', 'tasks', 'run', 'tutorial', 't2', 'scheduled__2022-07-07T00:00:00+00:00', '--job-id', '122', '--raw', '--subdir', 'DAGS_FOLDER/nickdag.py', '--cfg-path', '/tmp/tmp0xunh_8u', '--error-file', '/tmp/tmpqf8a1p99']
[2022-07-25 12:26:56,953] {standard_task_runner.py:80} INFO - Job 122: Subtask t2
[2022-07-25 12:26:57,065] {logging_mixin.py:115} WARNING - /home/***/.local/lib/python3.7/site-packages/***/configuration.py:528 DeprecationWarning: The sql_alchemy_conn option in [core] has been moved to the sql_alchemy_conn option in [database] - the old setting has been used, but please update your config.
[2022-07-25 12:26:57,452] {task_command.py:371} INFO - Running <TaskInstance: tutorial.t2 scheduled__2022-07-07T00:00:00+00:00 [running]> on host 929e6a3728d4
[2022-07-25 12:26:57,895] {taskinstance.py:1591} INFO - Exporting the following env vars:
AIRFLOW_CTX_DAG_EMAIL=caroline.kosalka@gmail.com
AIRFLOW_CTX_DAG_OWNER=***
AIRFLOW_CTX_DAG_ID=tutorial
AIRFLOW_CTX_TASK_ID=t2
AIRFLOW_CTX_EXECUTION_DATE=2022-07-07T00:00:00+00:00
AIRFLOW_CTX_TRY_NUMBER=1
AIRFLOW_CTX_DAG_RUN_ID=scheduled__2022-07-07T00:00:00+00:00
[2022-07-25 12:26:57,898] {python.py:173} INFO - Done. Returned value was: goodbye
[2022-07-25 12:26:58,258] {taskinstance.py:1420} INFO - Marking task as SUCCESS. dag_id=tutorial, task_id=t2, execution_date=20220707T000000, start_date=20220725T122656, end_date=20220725T122658
[2022-07-25 12:26:58,364] {local_task_job.py:156} INFO - Task exited with return code 0
[2022-07-25 12:26:58,595] {local_task_job.py:273} INFO - 0 downstream tasks scheduled from follow-on schedule check
