[2022-07-21 08:09:16,435] {taskinstance.py:1179} INFO - Dependencies all met for <TaskInstance: tutorial.sleep scheduled__2022-06-08T00:00:00+00:00 [queued]>
[2022-07-21 08:09:16,704] {taskinstance.py:1179} INFO - Dependencies all met for <TaskInstance: tutorial.sleep scheduled__2022-06-08T00:00:00+00:00 [queued]>
[2022-07-21 08:09:16,708] {taskinstance.py:1376} INFO - 
--------------------------------------------------------------------------------
[2022-07-21 08:09:16,710] {taskinstance.py:1377} INFO - Starting attempt 1 of 4
[2022-07-21 08:09:16,711] {taskinstance.py:1378} INFO - 
--------------------------------------------------------------------------------
[2022-07-21 08:09:17,182] {taskinstance.py:1397} INFO - Executing <Task(BashOperator): sleep> on 2022-06-08 00:00:00+00:00
[2022-07-21 08:09:17,287] {standard_task_runner.py:52} INFO - Started process 419 to run task
[2022-07-21 08:09:17,414] {standard_task_runner.py:79} INFO - Running: ['***', 'tasks', 'run', 'tutorial', 'sleep', 'scheduled__2022-06-08T00:00:00+00:00', '--job-id', '26', '--raw', '--subdir', 'DAGS_FOLDER/nickdag.py', '--cfg-path', '/tmp/tmp7pfhdmp1', '--error-file', '/tmp/tmpc3tj655n']
[2022-07-21 08:09:17,465] {standard_task_runner.py:80} INFO - Job 26: Subtask sleep
[2022-07-21 08:09:17,643] {logging_mixin.py:115} WARNING - /home/***/.local/lib/python3.7/site-packages/***/configuration.py:528 DeprecationWarning: The sql_alchemy_conn option in [core] has been moved to the sql_alchemy_conn option in [database] - the old setting has been used, but please update your config.
[2022-07-21 08:09:18,120] {task_command.py:371} INFO - Running <TaskInstance: tutorial.sleep scheduled__2022-06-08T00:00:00+00:00 [running]> on host 97e3017421e4
[2022-07-21 08:09:18,494] {taskinstance.py:1591} INFO - Exporting the following env vars:
AIRFLOW_CTX_DAG_EMAIL=caroline.kosalka@gmail.com
AIRFLOW_CTX_DAG_OWNER=***
AIRFLOW_CTX_DAG_ID=tutorial
AIRFLOW_CTX_TASK_ID=sleep
AIRFLOW_CTX_EXECUTION_DATE=2022-06-08T00:00:00+00:00
AIRFLOW_CTX_TRY_NUMBER=1
AIRFLOW_CTX_DAG_RUN_ID=scheduled__2022-06-08T00:00:00+00:00
[2022-07-21 08:09:18,501] {subprocess.py:62} INFO - Tmp dir root location: 
 /tmp
[2022-07-21 08:09:18,504] {subprocess.py:74} INFO - Running command: ['bash', '-c', 'sleep 5']
[2022-07-21 08:09:18,544] {subprocess.py:85} INFO - Output:
[2022-07-21 08:09:23,510] {subprocess.py:96} INFO - Command exited with return code 0
[2022-07-21 08:09:23,557] {taskinstance.py:1420} INFO - Marking task as SUCCESS. dag_id=tutorial, task_id=sleep, execution_date=20220608T000000, start_date=20220721T080916, end_date=20220721T080923
[2022-07-21 08:09:23,618] {local_task_job.py:156} INFO - Task exited with return code 0
[2022-07-21 08:09:23,764] {local_task_job.py:273} INFO - 0 downstream tasks scheduled from follow-on schedule check
