[2022-07-22 13:00:17,693] {taskinstance.py:1179} INFO - Dependencies all met for <TaskInstance: tutorial.t2 scheduled__2022-06-20T00:00:00+00:00 [queued]>
[2022-07-22 13:00:17,823] {taskinstance.py:1179} INFO - Dependencies all met for <TaskInstance: tutorial.t2 scheduled__2022-06-20T00:00:00+00:00 [queued]>
[2022-07-22 13:00:17,827] {taskinstance.py:1376} INFO - 
--------------------------------------------------------------------------------
[2022-07-22 13:00:17,830] {taskinstance.py:1377} INFO - Starting attempt 1 of 2
[2022-07-22 13:00:17,831] {taskinstance.py:1378} INFO - 
--------------------------------------------------------------------------------
[2022-07-22 13:00:17,920] {taskinstance.py:1397} INFO - Executing <Task(PythonOperator): t2> on 2022-06-20 00:00:00+00:00
[2022-07-22 13:00:17,940] {standard_task_runner.py:52} INFO - Started process 800 to run task
[2022-07-22 13:00:17,972] {standard_task_runner.py:79} INFO - Running: ['***', 'tasks', 'run', 'tutorial', 't2', 'scheduled__2022-06-20T00:00:00+00:00', '--job-id', '46', '--raw', '--subdir', 'DAGS_FOLDER/nickdag.py', '--cfg-path', '/tmp/tmp65_864hk', '--error-file', '/tmp/tmpvj3u6_hx']
[2022-07-22 13:00:17,977] {standard_task_runner.py:80} INFO - Job 46: Subtask t2
[2022-07-22 13:00:18,080] {logging_mixin.py:115} WARNING - /home/***/.local/lib/python3.7/site-packages/***/configuration.py:528 DeprecationWarning: The sql_alchemy_conn option in [core] has been moved to the sql_alchemy_conn option in [database] - the old setting has been used, but please update your config.
[2022-07-22 13:00:18,574] {task_command.py:371} INFO - Running <TaskInstance: tutorial.t2 scheduled__2022-06-20T00:00:00+00:00 [running]> on host 2f63307804d5
[2022-07-22 13:00:19,088] {taskinstance.py:1591} INFO - Exporting the following env vars:
AIRFLOW_CTX_DAG_EMAIL=caroline.kosalka@gmail.com
AIRFLOW_CTX_DAG_OWNER=***
AIRFLOW_CTX_DAG_ID=tutorial
AIRFLOW_CTX_TASK_ID=t2
AIRFLOW_CTX_EXECUTION_DATE=2022-06-20T00:00:00+00:00
AIRFLOW_CTX_TRY_NUMBER=1
AIRFLOW_CTX_DAG_RUN_ID=scheduled__2022-06-20T00:00:00+00:00
[2022-07-22 13:00:19,103] {python.py:173} INFO - Done. Returned value was: goodbye
[2022-07-22 13:00:19,218] {taskinstance.py:1420} INFO - Marking task as SUCCESS. dag_id=tutorial, task_id=t2, execution_date=20220620T000000, start_date=20220722T130017, end_date=20220722T130019
[2022-07-22 13:00:19,316] {local_task_job.py:156} INFO - Task exited with return code 0
[2022-07-22 13:00:19,721] {local_task_job.py:273} INFO - 0 downstream tasks scheduled from follow-on schedule check
[2022-07-25 09:18:03,019] {taskinstance.py:1179} INFO - Dependencies all met for <TaskInstance: tutorial.t2 scheduled__2022-06-20T00:00:00+00:00 [queued]>
[2022-07-25 09:18:03,052] {taskinstance.py:1179} INFO - Dependencies all met for <TaskInstance: tutorial.t2 scheduled__2022-06-20T00:00:00+00:00 [queued]>
[2022-07-25 09:18:03,054] {taskinstance.py:1376} INFO - 
--------------------------------------------------------------------------------
[2022-07-25 09:18:03,054] {taskinstance.py:1377} INFO - Starting attempt 1 of 2
[2022-07-25 09:18:03,055] {taskinstance.py:1378} INFO - 
--------------------------------------------------------------------------------
[2022-07-25 09:18:03,095] {taskinstance.py:1397} INFO - Executing <Task(PythonOperator): t2> on 2022-06-20 00:00:00+00:00
[2022-07-25 09:18:03,115] {standard_task_runner.py:52} INFO - Started process 756 to run task
[2022-07-25 09:18:03,153] {standard_task_runner.py:79} INFO - Running: ['***', 'tasks', 'run', 'tutorial', 't2', 'scheduled__2022-06-20T00:00:00+00:00', '--job-id', '46', '--raw', '--subdir', 'DAGS_FOLDER/nickdag.py', '--cfg-path', '/tmp/tmp7hpsr_2j', '--error-file', '/tmp/tmp3urgoajz']
[2022-07-25 09:18:03,174] {standard_task_runner.py:80} INFO - Job 46: Subtask t2
[2022-07-25 09:18:03,236] {logging_mixin.py:115} WARNING - /home/***/.local/lib/python3.7/site-packages/***/configuration.py:528 DeprecationWarning: The sql_alchemy_conn option in [core] has been moved to the sql_alchemy_conn option in [database] - the old setting has been used, but please update your config.
[2022-07-25 09:18:03,415] {task_command.py:371} INFO - Running <TaskInstance: tutorial.t2 scheduled__2022-06-20T00:00:00+00:00 [running]> on host 01e6b1df1873
[2022-07-25 09:18:03,659] {taskinstance.py:1591} INFO - Exporting the following env vars:
AIRFLOW_CTX_DAG_EMAIL=caroline.kosalka@gmail.com
AIRFLOW_CTX_DAG_OWNER=***
AIRFLOW_CTX_DAG_ID=tutorial
AIRFLOW_CTX_TASK_ID=t2
AIRFLOW_CTX_EXECUTION_DATE=2022-06-20T00:00:00+00:00
AIRFLOW_CTX_TRY_NUMBER=1
AIRFLOW_CTX_DAG_RUN_ID=scheduled__2022-06-20T00:00:00+00:00
[2022-07-25 09:18:03,662] {python.py:173} INFO - Done. Returned value was: goodbye
[2022-07-25 09:18:04,077] {taskinstance.py:1420} INFO - Marking task as SUCCESS. dag_id=tutorial, task_id=t2, execution_date=20220620T000000, start_date=20220725T091803, end_date=20220725T091804
[2022-07-25 09:18:04,163] {local_task_job.py:156} INFO - Task exited with return code 0
[2022-07-25 09:18:04,393] {local_task_job.py:273} INFO - 0 downstream tasks scheduled from follow-on schedule check
[2022-07-25 12:25:27,585] {taskinstance.py:1179} INFO - Dependencies all met for <TaskInstance: tutorial.t2 scheduled__2022-06-20T00:00:00+00:00 [queued]>
[2022-07-25 12:25:27,684] {taskinstance.py:1179} INFO - Dependencies all met for <TaskInstance: tutorial.t2 scheduled__2022-06-20T00:00:00+00:00 [queued]>
[2022-07-25 12:25:27,686] {taskinstance.py:1376} INFO - 
--------------------------------------------------------------------------------
[2022-07-25 12:25:27,690] {taskinstance.py:1377} INFO - Starting attempt 1 of 2
[2022-07-25 12:25:27,693] {taskinstance.py:1378} INFO - 
--------------------------------------------------------------------------------
[2022-07-25 12:25:27,866] {taskinstance.py:1397} INFO - Executing <Task(PythonOperator): t2> on 2022-06-20 00:00:00+00:00
[2022-07-25 12:25:27,907] {standard_task_runner.py:52} INFO - Started process 647 to run task
[2022-07-25 12:25:27,961] {standard_task_runner.py:79} INFO - Running: ['***', 'tasks', 'run', 'tutorial', 't2', 'scheduled__2022-06-20T00:00:00+00:00', '--job-id', '70', '--raw', '--subdir', 'DAGS_FOLDER/nickdag.py', '--cfg-path', '/tmp/tmpbbhe5_k4', '--error-file', '/tmp/tmp01dk_jv1']
[2022-07-25 12:25:27,976] {standard_task_runner.py:80} INFO - Job 70: Subtask t2
[2022-07-25 12:25:28,124] {logging_mixin.py:115} WARNING - /home/***/.local/lib/python3.7/site-packages/***/configuration.py:528 DeprecationWarning: The sql_alchemy_conn option in [core] has been moved to the sql_alchemy_conn option in [database] - the old setting has been used, but please update your config.
[2022-07-25 12:25:28,574] {task_command.py:371} INFO - Running <TaskInstance: tutorial.t2 scheduled__2022-06-20T00:00:00+00:00 [running]> on host 929e6a3728d4
[2022-07-25 12:25:29,400] {taskinstance.py:1591} INFO - Exporting the following env vars:
AIRFLOW_CTX_DAG_EMAIL=caroline.kosalka@gmail.com
AIRFLOW_CTX_DAG_OWNER=***
AIRFLOW_CTX_DAG_ID=tutorial
AIRFLOW_CTX_TASK_ID=t2
AIRFLOW_CTX_EXECUTION_DATE=2022-06-20T00:00:00+00:00
AIRFLOW_CTX_TRY_NUMBER=1
AIRFLOW_CTX_DAG_RUN_ID=scheduled__2022-06-20T00:00:00+00:00
[2022-07-25 12:25:29,401] {python.py:173} INFO - Done. Returned value was: goodbye
[2022-07-25 12:25:29,551] {taskinstance.py:1420} INFO - Marking task as SUCCESS. dag_id=tutorial, task_id=t2, execution_date=20220620T000000, start_date=20220725T122527, end_date=20220725T122529
[2022-07-25 12:25:29,715] {local_task_job.py:156} INFO - Task exited with return code 0
[2022-07-25 12:25:29,962] {local_task_job.py:273} INFO - 0 downstream tasks scheduled from follow-on schedule check
