[2022-07-22 13:00:19,127] {taskinstance.py:1179} INFO - Dependencies all met for <TaskInstance: tutorial.t1 scheduled__2022-06-27T00:00:00+00:00 [queued]>
[2022-07-22 13:00:19,174] {taskinstance.py:1179} INFO - Dependencies all met for <TaskInstance: tutorial.t1 scheduled__2022-06-27T00:00:00+00:00 [queued]>
[2022-07-22 13:00:19,182] {taskinstance.py:1376} INFO - 
--------------------------------------------------------------------------------
[2022-07-22 13:00:19,183] {taskinstance.py:1377} INFO - Starting attempt 1 of 2
[2022-07-22 13:00:19,185] {taskinstance.py:1378} INFO - 
--------------------------------------------------------------------------------
[2022-07-22 13:00:19,239] {taskinstance.py:1397} INFO - Executing <Task(PythonOperator): t1> on 2022-06-27 00:00:00+00:00
[2022-07-22 13:00:19,265] {standard_task_runner.py:52} INFO - Started process 804 to run task
[2022-07-22 13:00:19,320] {standard_task_runner.py:79} INFO - Running: ['***', 'tasks', 'run', 'tutorial', 't1', 'scheduled__2022-06-27T00:00:00+00:00', '--job-id', '49', '--raw', '--subdir', 'DAGS_FOLDER/nickdag.py', '--cfg-path', '/tmp/tmpkcj2vlvx', '--error-file', '/tmp/tmpbhzw68hk']
[2022-07-22 13:00:19,330] {standard_task_runner.py:80} INFO - Job 49: Subtask t1
[2022-07-22 13:00:19,466] {logging_mixin.py:115} WARNING - /home/***/.local/lib/python3.7/site-packages/***/configuration.py:528 DeprecationWarning: The sql_alchemy_conn option in [core] has been moved to the sql_alchemy_conn option in [database] - the old setting has been used, but please update your config.
[2022-07-22 13:00:19,866] {task_command.py:371} INFO - Running <TaskInstance: tutorial.t1 scheduled__2022-06-27T00:00:00+00:00 [running]> on host 2f63307804d5
[2022-07-22 13:00:20,459] {taskinstance.py:1591} INFO - Exporting the following env vars:
AIRFLOW_CTX_DAG_EMAIL=caroline.kosalka@gmail.com
AIRFLOW_CTX_DAG_OWNER=***
AIRFLOW_CTX_DAG_ID=tutorial
AIRFLOW_CTX_TASK_ID=t1
AIRFLOW_CTX_EXECUTION_DATE=2022-06-27T00:00:00+00:00
AIRFLOW_CTX_TRY_NUMBER=1
AIRFLOW_CTX_DAG_RUN_ID=scheduled__2022-06-27T00:00:00+00:00
[2022-07-22 13:00:20,470] {python.py:173} INFO - Done. Returned value was: welcome
[2022-07-22 13:00:20,730] {taskinstance.py:1420} INFO - Marking task as SUCCESS. dag_id=tutorial, task_id=t1, execution_date=20220627T000000, start_date=20220722T130019, end_date=20220722T130020
[2022-07-22 13:00:20,848] {local_task_job.py:156} INFO - Task exited with return code 0
[2022-07-22 13:00:21,047] {local_task_job.py:273} INFO - 1 downstream tasks scheduled from follow-on schedule check
[2022-07-25 09:18:04,102] {taskinstance.py:1179} INFO - Dependencies all met for <TaskInstance: tutorial.t1 scheduled__2022-06-27T00:00:00+00:00 [queued]>
[2022-07-25 09:18:04,139] {taskinstance.py:1179} INFO - Dependencies all met for <TaskInstance: tutorial.t1 scheduled__2022-06-27T00:00:00+00:00 [queued]>
[2022-07-25 09:18:04,140] {taskinstance.py:1376} INFO - 
--------------------------------------------------------------------------------
[2022-07-25 09:18:04,141] {taskinstance.py:1377} INFO - Starting attempt 1 of 2
[2022-07-25 09:18:04,142] {taskinstance.py:1378} INFO - 
--------------------------------------------------------------------------------
[2022-07-25 09:18:04,175] {taskinstance.py:1397} INFO - Executing <Task(PythonOperator): t1> on 2022-06-27 00:00:00+00:00
[2022-07-25 09:18:04,185] {standard_task_runner.py:52} INFO - Started process 766 to run task
[2022-07-25 09:18:04,209] {standard_task_runner.py:79} INFO - Running: ['***', 'tasks', 'run', 'tutorial', 't1', 'scheduled__2022-06-27T00:00:00+00:00', '--job-id', '49', '--raw', '--subdir', 'DAGS_FOLDER/nickdag.py', '--cfg-path', '/tmp/tmpgpeyonry', '--error-file', '/tmp/tmpfop6_4n8']
[2022-07-25 09:18:04,217] {standard_task_runner.py:80} INFO - Job 49: Subtask t1
[2022-07-25 09:18:04,305] {logging_mixin.py:115} WARNING - /home/***/.local/lib/python3.7/site-packages/***/configuration.py:528 DeprecationWarning: The sql_alchemy_conn option in [core] has been moved to the sql_alchemy_conn option in [database] - the old setting has been used, but please update your config.
[2022-07-25 09:18:04,519] {task_command.py:371} INFO - Running <TaskInstance: tutorial.t1 scheduled__2022-06-27T00:00:00+00:00 [running]> on host 01e6b1df1873
[2022-07-25 09:18:04,891] {taskinstance.py:1591} INFO - Exporting the following env vars:
AIRFLOW_CTX_DAG_EMAIL=caroline.kosalka@gmail.com
AIRFLOW_CTX_DAG_OWNER=***
AIRFLOW_CTX_DAG_ID=tutorial
AIRFLOW_CTX_TASK_ID=t1
AIRFLOW_CTX_EXECUTION_DATE=2022-06-27T00:00:00+00:00
AIRFLOW_CTX_TRY_NUMBER=1
AIRFLOW_CTX_DAG_RUN_ID=scheduled__2022-06-27T00:00:00+00:00
[2022-07-25 09:18:04,893] {python.py:173} INFO - Done. Returned value was: welcome
[2022-07-25 09:18:05,053] {taskinstance.py:1420} INFO - Marking task as SUCCESS. dag_id=tutorial, task_id=t1, execution_date=20220627T000000, start_date=20220725T091804, end_date=20220725T091805
[2022-07-25 09:18:05,098] {local_task_job.py:156} INFO - Task exited with return code 0
[2022-07-25 09:18:05,336] {local_task_job.py:273} INFO - 0 downstream tasks scheduled from follow-on schedule check
