[2022-07-22 12:59:44,864] {taskinstance.py:1179} INFO - Dependencies all met for <TaskInstance: tutorial.t1 scheduled__2022-06-15T00:00:00+00:00 [queued]>
[2022-07-22 12:59:45,581] {taskinstance.py:1179} INFO - Dependencies all met for <TaskInstance: tutorial.t1 scheduled__2022-06-15T00:00:00+00:00 [queued]>
[2022-07-22 12:59:45,587] {taskinstance.py:1376} INFO - 
--------------------------------------------------------------------------------
[2022-07-22 12:59:45,592] {taskinstance.py:1377} INFO - Starting attempt 1 of 2
[2022-07-22 12:59:45,593] {taskinstance.py:1378} INFO - 
--------------------------------------------------------------------------------
[2022-07-22 12:59:46,061] {taskinstance.py:1397} INFO - Executing <Task(PythonOperator): t1> on 2022-06-15 00:00:00+00:00
[2022-07-22 12:59:46,269] {standard_task_runner.py:52} INFO - Started process 746 to run task
[2022-07-22 12:59:46,457] {standard_task_runner.py:79} INFO - Running: ['***', 'tasks', 'run', 'tutorial', 't1', 'scheduled__2022-06-15T00:00:00+00:00', '--job-id', '19', '--raw', '--subdir', 'DAGS_FOLDER/nickdag.py', '--cfg-path', '/tmp/tmpptkoswk5', '--error-file', '/tmp/tmp3_935ky0']
[2022-07-22 12:59:46,536] {standard_task_runner.py:80} INFO - Job 19: Subtask t1
[2022-07-22 12:59:46,726] {logging_mixin.py:115} WARNING - /home/***/.local/lib/python3.7/site-packages/***/configuration.py:528 DeprecationWarning: The sql_alchemy_conn option in [core] has been moved to the sql_alchemy_conn option in [database] - the old setting has been used, but please update your config.
[2022-07-22 12:59:47,487] {task_command.py:371} INFO - Running <TaskInstance: tutorial.t1 scheduled__2022-06-15T00:00:00+00:00 [running]> on host 2f63307804d5
[2022-07-22 12:59:47,963] {taskinstance.py:1591} INFO - Exporting the following env vars:
AIRFLOW_CTX_DAG_EMAIL=caroline.kosalka@gmail.com
AIRFLOW_CTX_DAG_OWNER=***
AIRFLOW_CTX_DAG_ID=tutorial
AIRFLOW_CTX_TASK_ID=t1
AIRFLOW_CTX_EXECUTION_DATE=2022-06-15T00:00:00+00:00
AIRFLOW_CTX_TRY_NUMBER=1
AIRFLOW_CTX_DAG_RUN_ID=scheduled__2022-06-15T00:00:00+00:00
[2022-07-22 12:59:47,973] {python.py:173} INFO - Done. Returned value was: welcome
[2022-07-22 12:59:48,568] {taskinstance.py:1420} INFO - Marking task as SUCCESS. dag_id=tutorial, task_id=t1, execution_date=20220615T000000, start_date=20220722T125945, end_date=20220722T125948
[2022-07-22 12:59:48,717] {local_task_job.py:156} INFO - Task exited with return code 0
[2022-07-22 12:59:50,481] {local_task_job.py:273} INFO - 0 downstream tasks scheduled from follow-on schedule check
[2022-07-25 09:17:55,490] {taskinstance.py:1179} INFO - Dependencies all met for <TaskInstance: tutorial.t1 scheduled__2022-06-15T00:00:00+00:00 [queued]>
[2022-07-25 09:17:55,606] {taskinstance.py:1179} INFO - Dependencies all met for <TaskInstance: tutorial.t1 scheduled__2022-06-15T00:00:00+00:00 [queued]>
[2022-07-25 09:17:55,609] {taskinstance.py:1376} INFO - 
--------------------------------------------------------------------------------
[2022-07-25 09:17:55,610] {taskinstance.py:1377} INFO - Starting attempt 1 of 2
[2022-07-25 09:17:55,612] {taskinstance.py:1378} INFO - 
--------------------------------------------------------------------------------
[2022-07-25 09:17:55,706] {taskinstance.py:1397} INFO - Executing <Task(PythonOperator): t1> on 2022-06-15 00:00:00+00:00
[2022-07-25 09:17:55,725] {standard_task_runner.py:52} INFO - Started process 703 to run task
[2022-07-25 09:17:55,746] {standard_task_runner.py:79} INFO - Running: ['***', 'tasks', 'run', 'tutorial', 't1', 'scheduled__2022-06-15T00:00:00+00:00', '--job-id', '22', '--raw', '--subdir', 'DAGS_FOLDER/nickdag.py', '--cfg-path', '/tmp/tmp15e7ennq', '--error-file', '/tmp/tmpx2o56npy']
[2022-07-25 09:17:55,762] {standard_task_runner.py:80} INFO - Job 22: Subtask t1
[2022-07-25 09:17:55,952] {logging_mixin.py:115} WARNING - /home/***/.local/lib/python3.7/site-packages/***/configuration.py:528 DeprecationWarning: The sql_alchemy_conn option in [core] has been moved to the sql_alchemy_conn option in [database] - the old setting has been used, but please update your config.
[2022-07-25 09:17:56,239] {task_command.py:371} INFO - Running <TaskInstance: tutorial.t1 scheduled__2022-06-15T00:00:00+00:00 [running]> on host 01e6b1df1873
[2022-07-25 09:17:56,570] {taskinstance.py:1591} INFO - Exporting the following env vars:
AIRFLOW_CTX_DAG_EMAIL=caroline.kosalka@gmail.com
AIRFLOW_CTX_DAG_OWNER=***
AIRFLOW_CTX_DAG_ID=tutorial
AIRFLOW_CTX_TASK_ID=t1
AIRFLOW_CTX_EXECUTION_DATE=2022-06-15T00:00:00+00:00
AIRFLOW_CTX_TRY_NUMBER=1
AIRFLOW_CTX_DAG_RUN_ID=scheduled__2022-06-15T00:00:00+00:00
[2022-07-25 09:17:56,577] {python.py:173} INFO - Done. Returned value was: welcome
[2022-07-25 09:17:56,786] {taskinstance.py:1420} INFO - Marking task as SUCCESS. dag_id=tutorial, task_id=t1, execution_date=20220615T000000, start_date=20220725T091755, end_date=20220725T091756
[2022-07-25 09:17:56,959] {local_task_job.py:156} INFO - Task exited with return code 0
[2022-07-25 09:17:57,276] {local_task_job.py:273} INFO - 0 downstream tasks scheduled from follow-on schedule check
[2022-07-25 12:23:50,919] {taskinstance.py:1179} INFO - Dependencies all met for <TaskInstance: tutorial.t1 scheduled__2022-06-15T00:00:00+00:00 [queued]>
[2022-07-25 12:23:51,062] {taskinstance.py:1179} INFO - Dependencies all met for <TaskInstance: tutorial.t1 scheduled__2022-06-15T00:00:00+00:00 [queued]>
[2022-07-25 12:23:51,075] {taskinstance.py:1376} INFO - 
--------------------------------------------------------------------------------
[2022-07-25 12:23:51,080] {taskinstance.py:1377} INFO - Starting attempt 1 of 2
[2022-07-25 12:23:51,086] {taskinstance.py:1378} INFO - 
--------------------------------------------------------------------------------
[2022-07-25 12:23:51,281] {taskinstance.py:1397} INFO - Executing <Task(PythonOperator): t1> on 2022-06-15 00:00:00+00:00
[2022-07-25 12:23:51,324] {standard_task_runner.py:52} INFO - Started process 458 to run task
[2022-07-25 12:23:51,378] {standard_task_runner.py:79} INFO - Running: ['***', 'tasks', 'run', 'tutorial', 't1', 'scheduled__2022-06-15T00:00:00+00:00', '--job-id', '27', '--raw', '--subdir', 'DAGS_FOLDER/nickdag.py', '--cfg-path', '/tmp/tmpyl884m4v', '--error-file', '/tmp/tmpf6jb5dwk']
[2022-07-25 12:23:51,394] {standard_task_runner.py:80} INFO - Job 27: Subtask t1
[2022-07-25 12:23:51,606] {logging_mixin.py:115} WARNING - /home/***/.local/lib/python3.7/site-packages/***/configuration.py:528 DeprecationWarning: The sql_alchemy_conn option in [core] has been moved to the sql_alchemy_conn option in [database] - the old setting has been used, but please update your config.
[2022-07-25 12:23:52,042] {task_command.py:371} INFO - Running <TaskInstance: tutorial.t1 scheduled__2022-06-15T00:00:00+00:00 [running]> on host 929e6a3728d4
[2022-07-25 12:23:52,824] {taskinstance.py:1591} INFO - Exporting the following env vars:
AIRFLOW_CTX_DAG_EMAIL=caroline.kosalka@gmail.com
AIRFLOW_CTX_DAG_OWNER=***
AIRFLOW_CTX_DAG_ID=tutorial
AIRFLOW_CTX_TASK_ID=t1
AIRFLOW_CTX_EXECUTION_DATE=2022-06-15T00:00:00+00:00
AIRFLOW_CTX_TRY_NUMBER=1
AIRFLOW_CTX_DAG_RUN_ID=scheduled__2022-06-15T00:00:00+00:00
[2022-07-25 12:23:52,831] {python.py:173} INFO - Done. Returned value was: welcome
[2022-07-25 12:23:53,818] {taskinstance.py:1420} INFO - Marking task as SUCCESS. dag_id=tutorial, task_id=t1, execution_date=20220615T000000, start_date=20220725T122350, end_date=20220725T122353
[2022-07-25 12:23:53,936] {local_task_job.py:156} INFO - Task exited with return code 0
[2022-07-25 12:23:54,202] {dagrun.py:1081} ERROR - Failed to get task '<TaskInstance: tutorial.get_terminal_data scheduled__2022-06-15T00:00:00+00:00 [removed]>' for dag 'tutorial'. Marking it as removed.
[2022-07-25 12:23:54,207] {dagrun.py:1081} ERROR - Failed to get task '<TaskInstance: tutorial.process_data scheduled__2022-06-15T00:00:00+00:00 [removed]>' for dag 'tutorial'. Marking it as removed.
[2022-07-25 12:23:54,286] {local_task_job.py:273} INFO - 1 downstream tasks scheduled from follow-on schedule check
