[2022-07-22 12:59:50,339] {taskinstance.py:1179} INFO - Dependencies all met for <TaskInstance: tutorial.t2 scheduled__2022-06-12T00:00:00+00:00 [queued]>
[2022-07-22 12:59:50,471] {taskinstance.py:1179} INFO - Dependencies all met for <TaskInstance: tutorial.t2 scheduled__2022-06-12T00:00:00+00:00 [queued]>
[2022-07-22 12:59:50,474] {taskinstance.py:1376} INFO - 
--------------------------------------------------------------------------------
[2022-07-22 12:59:50,475] {taskinstance.py:1377} INFO - Starting attempt 1 of 2
[2022-07-22 12:59:50,476] {taskinstance.py:1378} INFO - 
--------------------------------------------------------------------------------
[2022-07-22 12:59:50,777] {taskinstance.py:1397} INFO - Executing <Task(PythonOperator): t2> on 2022-06-12 00:00:00+00:00
[2022-07-22 12:59:50,824] {standard_task_runner.py:52} INFO - Started process 752 to run task
[2022-07-22 12:59:50,843] {standard_task_runner.py:79} INFO - Running: ['***', 'tasks', 'run', 'tutorial', 't2', 'scheduled__2022-06-12T00:00:00+00:00', '--job-id', '29', '--raw', '--subdir', 'DAGS_FOLDER/nickdag.py', '--cfg-path', '/tmp/tmp033coy41', '--error-file', '/tmp/tmp367eyzc0']
[2022-07-22 12:59:50,858] {standard_task_runner.py:80} INFO - Job 29: Subtask t2
[2022-07-22 12:59:51,043] {logging_mixin.py:115} WARNING - /home/***/.local/lib/python3.7/site-packages/***/configuration.py:528 DeprecationWarning: The sql_alchemy_conn option in [core] has been moved to the sql_alchemy_conn option in [database] - the old setting has been used, but please update your config.
[2022-07-22 12:59:52,080] {task_command.py:371} INFO - Running <TaskInstance: tutorial.t2 scheduled__2022-06-12T00:00:00+00:00 [running]> on host 2f63307804d5
[2022-07-22 12:59:54,575] {taskinstance.py:1591} INFO - Exporting the following env vars:
AIRFLOW_CTX_DAG_EMAIL=caroline.kosalka@gmail.com
AIRFLOW_CTX_DAG_OWNER=***
AIRFLOW_CTX_DAG_ID=tutorial
AIRFLOW_CTX_TASK_ID=t2
AIRFLOW_CTX_EXECUTION_DATE=2022-06-12T00:00:00+00:00
AIRFLOW_CTX_TRY_NUMBER=1
AIRFLOW_CTX_DAG_RUN_ID=scheduled__2022-06-12T00:00:00+00:00
[2022-07-22 12:59:54,587] {python.py:173} INFO - Done. Returned value was: goodbye
[2022-07-22 12:59:56,334] {taskinstance.py:1420} INFO - Marking task as SUCCESS. dag_id=tutorial, task_id=t2, execution_date=20220612T000000, start_date=20220722T125950, end_date=20220722T125956
[2022-07-22 12:59:56,518] {local_task_job.py:221} WARNING - State of this instance has been externally set to success. Terminating instance.
[2022-07-22 12:59:56,575] {process_utils.py:129} INFO - Sending Signals.SIGTERM to group 752. PIDs of all processes in the group: [752]
[2022-07-22 12:59:56,584] {process_utils.py:80} INFO - Sending the signal Signals.SIGTERM to group 752
[2022-07-22 12:59:56,619] {process_utils.py:75} INFO - Process psutil.Process(pid=752, status='terminated', exitcode=0, started='12:59:50') (752) terminated with exit code 0
[2022-07-25 09:17:57,491] {taskinstance.py:1179} INFO - Dependencies all met for <TaskInstance: tutorial.t2 scheduled__2022-06-12T00:00:00+00:00 [queued]>
[2022-07-25 09:17:57,571] {taskinstance.py:1179} INFO - Dependencies all met for <TaskInstance: tutorial.t2 scheduled__2022-06-12T00:00:00+00:00 [queued]>
[2022-07-25 09:17:57,573] {taskinstance.py:1376} INFO - 
--------------------------------------------------------------------------------
[2022-07-25 09:17:57,574] {taskinstance.py:1377} INFO - Starting attempt 1 of 2
[2022-07-25 09:17:57,575] {taskinstance.py:1378} INFO - 
--------------------------------------------------------------------------------
[2022-07-25 09:17:57,677] {taskinstance.py:1397} INFO - Executing <Task(PythonOperator): t2> on 2022-06-12 00:00:00+00:00
[2022-07-25 09:17:57,709] {standard_task_runner.py:52} INFO - Started process 715 to run task
[2022-07-25 09:17:57,721] {standard_task_runner.py:79} INFO - Running: ['***', 'tasks', 'run', 'tutorial', 't2', 'scheduled__2022-06-12T00:00:00+00:00', '--job-id', '27', '--raw', '--subdir', 'DAGS_FOLDER/nickdag.py', '--cfg-path', '/tmp/tmphlriaht9', '--error-file', '/tmp/tmpk37_jtr9']
[2022-07-25 09:17:57,724] {standard_task_runner.py:80} INFO - Job 27: Subtask t2
[2022-07-25 09:17:57,805] {logging_mixin.py:115} WARNING - /home/***/.local/lib/python3.7/site-packages/***/configuration.py:528 DeprecationWarning: The sql_alchemy_conn option in [core] has been moved to the sql_alchemy_conn option in [database] - the old setting has been used, but please update your config.
[2022-07-25 09:17:57,987] {task_command.py:371} INFO - Running <TaskInstance: tutorial.t2 scheduled__2022-06-12T00:00:00+00:00 [running]> on host 01e6b1df1873
[2022-07-25 09:17:58,205] {taskinstance.py:1591} INFO - Exporting the following env vars:
AIRFLOW_CTX_DAG_EMAIL=caroline.kosalka@gmail.com
AIRFLOW_CTX_DAG_OWNER=***
AIRFLOW_CTX_DAG_ID=tutorial
AIRFLOW_CTX_TASK_ID=t2
AIRFLOW_CTX_EXECUTION_DATE=2022-06-12T00:00:00+00:00
AIRFLOW_CTX_TRY_NUMBER=1
AIRFLOW_CTX_DAG_RUN_ID=scheduled__2022-06-12T00:00:00+00:00
[2022-07-25 09:17:58,209] {python.py:173} INFO - Done. Returned value was: goodbye
[2022-07-25 09:17:58,302] {taskinstance.py:1420} INFO - Marking task as SUCCESS. dag_id=tutorial, task_id=t2, execution_date=20220612T000000, start_date=20220725T091757, end_date=20220725T091758
[2022-07-25 09:17:58,389] {local_task_job.py:156} INFO - Task exited with return code 0
[2022-07-25 09:17:58,512] {local_task_job.py:273} INFO - 0 downstream tasks scheduled from follow-on schedule check
