[2022-07-25 12:23:12,877] {taskinstance.py:1179} INFO - Dependencies all met for <TaskInstance: tutorial.get_terminal_data scheduled__2022-06-02T00:00:00+00:00 [queued]>
[2022-07-25 12:23:13,477] {taskinstance.py:1179} INFO - Dependencies all met for <TaskInstance: tutorial.get_terminal_data scheduled__2022-06-02T00:00:00+00:00 [queued]>
[2022-07-25 12:23:13,480] {taskinstance.py:1376} INFO - 
--------------------------------------------------------------------------------
[2022-07-25 12:23:13,481] {taskinstance.py:1377} INFO - Starting attempt 1 of 2
[2022-07-25 12:23:13,483] {taskinstance.py:1378} INFO - 
--------------------------------------------------------------------------------
[2022-07-25 12:23:15,064] {taskinstance.py:1397} INFO - Executing <Task(PythonOperator): get_terminal_data> on 2022-06-02 00:00:00+00:00
[2022-07-25 12:23:15,707] {standard_task_runner.py:52} INFO - Started process 398 to run task
[2022-07-25 12:23:16,729] {standard_task_runner.py:79} INFO - Running: ['***', 'tasks', 'run', 'tutorial', 'get_terminal_data', 'scheduled__2022-06-02T00:00:00+00:00', '--job-id', '3', '--raw', '--subdir', 'DAGS_FOLDER/final_dag.py', '--cfg-path', '/tmp/tmpckt__zjn', '--error-file', '/tmp/tmpm1ll9ong']
[2022-07-25 12:23:16,999] {standard_task_runner.py:80} INFO - Job 3: Subtask get_terminal_data
[2022-07-25 12:23:18,543] {logging_mixin.py:115} WARNING - /home/***/.local/lib/python3.7/site-packages/***/configuration.py:528 DeprecationWarning: The sql_alchemy_conn option in [core] has been moved to the sql_alchemy_conn option in [database] - the old setting has been used, but please update your config.
[2022-07-25 12:23:23,929] {task_command.py:371} INFO - Running <TaskInstance: tutorial.get_terminal_data scheduled__2022-06-02T00:00:00+00:00 [running]> on host 929e6a3728d4
[2022-07-25 12:23:28,531] {taskinstance.py:1591} INFO - Exporting the following env vars:
AIRFLOW_CTX_DAG_EMAIL=caroline.kosalka@gmail.com
AIRFLOW_CTX_DAG_OWNER=***
AIRFLOW_CTX_DAG_ID=tutorial
AIRFLOW_CTX_TASK_ID=get_terminal_data
AIRFLOW_CTX_EXECUTION_DATE=2022-06-02T00:00:00+00:00
AIRFLOW_CTX_TRY_NUMBER=1
AIRFLOW_CTX_DAG_RUN_ID=scheduled__2022-06-02T00:00:00+00:00
[2022-07-25 12:23:28,585] {taskinstance.py:1909} ERROR - Task failed with exception
Traceback (most recent call last):
  File "/home/airflow/.local/lib/python3.7/site-packages/airflow/operators/python.py", line 171, in execute
    return_value = self.execute_callable()
  File "/home/airflow/.local/lib/python3.7/site-packages/airflow/operators/python.py", line 189, in execute_callable
    return self.python_callable(*self.op_args, **self.op_kwargs)
  File "/opt/airflow/dags/final_dag.py", line 10, in read_data
    pg_hook = PostgresHook(
NameError: name 'PostgresHook' is not defined
[2022-07-25 12:23:29,552] {taskinstance.py:1420} INFO - Marking task as UP_FOR_RETRY. dag_id=tutorial, task_id=get_terminal_data, execution_date=20220602T000000, start_date=20220725T122312, end_date=20220725T122329
[2022-07-25 12:23:34,948] {standard_task_runner.py:97} ERROR - Failed to execute job 3 for task get_terminal_data (name 'PostgresHook' is not defined; 398)
[2022-07-25 12:23:38,320] {local_task_job.py:156} INFO - Task exited with return code 1
[2022-07-25 12:23:40,879] {dagrun.py:1081} ERROR - Failed to get task '<TaskInstance: tutorial.t1 scheduled__2022-06-02T00:00:00+00:00 [scheduled]>' for dag 'tutorial'. Marking it as removed.
[2022-07-25 12:23:41,089] {dagrun.py:1081} ERROR - Failed to get task '<TaskInstance: tutorial.t2 scheduled__2022-06-02T00:00:00+00:00 [None]>' for dag 'tutorial'. Marking it as removed.
[2022-07-25 12:23:41,107] {local_task_job.py:273} INFO - 0 downstream tasks scheduled from follow-on schedule check
