[2022-07-22 12:59:48,261] {taskinstance.py:1179} INFO - Dependencies all met for <TaskInstance: tutorial.t2 scheduled__2022-06-11T00:00:00+00:00 [queued]>
[2022-07-22 12:59:48,353] {taskinstance.py:1179} INFO - Dependencies all met for <TaskInstance: tutorial.t2 scheduled__2022-06-11T00:00:00+00:00 [queued]>
[2022-07-22 12:59:48,354] {taskinstance.py:1376} INFO - 
--------------------------------------------------------------------------------
[2022-07-22 12:59:48,356] {taskinstance.py:1377} INFO - Starting attempt 1 of 2
[2022-07-22 12:59:48,357] {taskinstance.py:1378} INFO - 
--------------------------------------------------------------------------------
[2022-07-22 12:59:48,611] {taskinstance.py:1397} INFO - Executing <Task(PythonOperator): t2> on 2022-06-11 00:00:00+00:00
[2022-07-22 12:59:48,656] {standard_task_runner.py:52} INFO - Started process 748 to run task
[2022-07-22 12:59:48,740] {standard_task_runner.py:79} INFO - Running: ['***', 'tasks', 'run', 'tutorial', 't2', 'scheduled__2022-06-11T00:00:00+00:00', '--job-id', '26', '--raw', '--subdir', 'DAGS_FOLDER/nickdag.py', '--cfg-path', '/tmp/tmpsvtkgsdm', '--error-file', '/tmp/tmp9mz0bdj_']
[2022-07-22 12:59:48,875] {standard_task_runner.py:80} INFO - Job 26: Subtask t2
[2022-07-22 12:59:49,526] {logging_mixin.py:115} WARNING - /home/***/.local/lib/python3.7/site-packages/***/configuration.py:528 DeprecationWarning: The sql_alchemy_conn option in [core] has been moved to the sql_alchemy_conn option in [database] - the old setting has been used, but please update your config.
[2022-07-22 12:59:50,670] {task_command.py:371} INFO - Running <TaskInstance: tutorial.t2 scheduled__2022-06-11T00:00:00+00:00 [running]> on host 2f63307804d5
[2022-07-22 12:59:52,428] {taskinstance.py:1591} INFO - Exporting the following env vars:
AIRFLOW_CTX_DAG_EMAIL=caroline.kosalka@gmail.com
AIRFLOW_CTX_DAG_OWNER=***
AIRFLOW_CTX_DAG_ID=tutorial
AIRFLOW_CTX_TASK_ID=t2
AIRFLOW_CTX_EXECUTION_DATE=2022-06-11T00:00:00+00:00
AIRFLOW_CTX_TRY_NUMBER=1
AIRFLOW_CTX_DAG_RUN_ID=scheduled__2022-06-11T00:00:00+00:00
[2022-07-22 12:59:52,433] {python.py:173} INFO - Done. Returned value was: goodbye
[2022-07-22 12:59:52,704] {taskinstance.py:1420} INFO - Marking task as SUCCESS. dag_id=tutorial, task_id=t2, execution_date=20220611T000000, start_date=20220722T125948, end_date=20220722T125952
[2022-07-22 12:59:52,921] {local_task_job.py:156} INFO - Task exited with return code 0
[2022-07-22 12:59:54,788] {local_task_job.py:273} INFO - 0 downstream tasks scheduled from follow-on schedule check
[2022-07-25 09:17:57,591] {taskinstance.py:1179} INFO - Dependencies all met for <TaskInstance: tutorial.t2 scheduled__2022-06-11T00:00:00+00:00 [queued]>
[2022-07-25 09:17:57,662] {taskinstance.py:1179} INFO - Dependencies all met for <TaskInstance: tutorial.t2 scheduled__2022-06-11T00:00:00+00:00 [queued]>
[2022-07-25 09:17:57,663] {taskinstance.py:1376} INFO - 
--------------------------------------------------------------------------------
[2022-07-25 09:17:57,663] {taskinstance.py:1377} INFO - Starting attempt 1 of 2
[2022-07-25 09:17:57,664] {taskinstance.py:1378} INFO - 
--------------------------------------------------------------------------------
[2022-07-25 09:17:57,728] {taskinstance.py:1397} INFO - Executing <Task(PythonOperator): t2> on 2022-06-11 00:00:00+00:00
[2022-07-25 09:17:57,747] {standard_task_runner.py:52} INFO - Started process 716 to run task
[2022-07-25 09:17:57,777] {standard_task_runner.py:79} INFO - Running: ['***', 'tasks', 'run', 'tutorial', 't2', 'scheduled__2022-06-11T00:00:00+00:00', '--job-id', '29', '--raw', '--subdir', 'DAGS_FOLDER/nickdag.py', '--cfg-path', '/tmp/tmpbh4ozwgd', '--error-file', '/tmp/tmpi03kscqy']
[2022-07-25 09:17:57,780] {standard_task_runner.py:80} INFO - Job 29: Subtask t2
[2022-07-25 09:17:57,876] {logging_mixin.py:115} WARNING - /home/***/.local/lib/python3.7/site-packages/***/configuration.py:528 DeprecationWarning: The sql_alchemy_conn option in [core] has been moved to the sql_alchemy_conn option in [database] - the old setting has been used, but please update your config.
[2022-07-25 09:17:58,030] {task_command.py:371} INFO - Running <TaskInstance: tutorial.t2 scheduled__2022-06-11T00:00:00+00:00 [running]> on host 01e6b1df1873
[2022-07-25 09:17:58,405] {taskinstance.py:1591} INFO - Exporting the following env vars:
AIRFLOW_CTX_DAG_EMAIL=caroline.kosalka@gmail.com
AIRFLOW_CTX_DAG_OWNER=***
AIRFLOW_CTX_DAG_ID=tutorial
AIRFLOW_CTX_TASK_ID=t2
AIRFLOW_CTX_EXECUTION_DATE=2022-06-11T00:00:00+00:00
AIRFLOW_CTX_TRY_NUMBER=1
AIRFLOW_CTX_DAG_RUN_ID=scheduled__2022-06-11T00:00:00+00:00
[2022-07-25 09:17:58,407] {python.py:173} INFO - Done. Returned value was: goodbye
[2022-07-25 09:17:58,511] {taskinstance.py:1420} INFO - Marking task as SUCCESS. dag_id=tutorial, task_id=t2, execution_date=20220611T000000, start_date=20220725T091757, end_date=20220725T091758
[2022-07-25 09:17:58,548] {local_task_job.py:156} INFO - Task exited with return code 0
[2022-07-25 09:17:58,645] {local_task_job.py:273} INFO - 0 downstream tasks scheduled from follow-on schedule check
