[2022-07-22 13:00:30,440] {taskinstance.py:1179} INFO - Dependencies all met for <TaskInstance: tutorial.t2 scheduled__2022-07-05T00:00:00+00:00 [queued]>
[2022-07-22 13:00:30,534] {taskinstance.py:1179} INFO - Dependencies all met for <TaskInstance: tutorial.t2 scheduled__2022-07-05T00:00:00+00:00 [queued]>
[2022-07-22 13:00:30,536] {taskinstance.py:1376} INFO - 
--------------------------------------------------------------------------------
[2022-07-22 13:00:30,537] {taskinstance.py:1377} INFO - Starting attempt 1 of 2
[2022-07-22 13:00:30,538] {taskinstance.py:1378} INFO - 
--------------------------------------------------------------------------------
[2022-07-22 13:00:30,590] {taskinstance.py:1397} INFO - Executing <Task(PythonOperator): t2> on 2022-07-05 00:00:00+00:00
[2022-07-22 13:00:30,606] {standard_task_runner.py:52} INFO - Started process 862 to run task
[2022-07-22 13:00:30,631] {standard_task_runner.py:79} INFO - Running: ['***', 'tasks', 'run', 'tutorial', 't2', 'scheduled__2022-07-05T00:00:00+00:00', '--job-id', '76', '--raw', '--subdir', 'DAGS_FOLDER/nickdag.py', '--cfg-path', '/tmp/tmpplcjggpx', '--error-file', '/tmp/tmph58s4s9c']
[2022-07-22 13:00:30,637] {standard_task_runner.py:80} INFO - Job 76: Subtask t2
[2022-07-22 13:00:30,710] {logging_mixin.py:115} WARNING - /home/***/.local/lib/python3.7/site-packages/***/configuration.py:528 DeprecationWarning: The sql_alchemy_conn option in [core] has been moved to the sql_alchemy_conn option in [database] - the old setting has been used, but please update your config.
[2022-07-22 13:00:30,889] {task_command.py:371} INFO - Running <TaskInstance: tutorial.t2 scheduled__2022-07-05T00:00:00+00:00 [running]> on host 2f63307804d5
[2022-07-22 13:00:31,097] {taskinstance.py:1591} INFO - Exporting the following env vars:
AIRFLOW_CTX_DAG_EMAIL=caroline.kosalka@gmail.com
AIRFLOW_CTX_DAG_OWNER=***
AIRFLOW_CTX_DAG_ID=tutorial
AIRFLOW_CTX_TASK_ID=t2
AIRFLOW_CTX_EXECUTION_DATE=2022-07-05T00:00:00+00:00
AIRFLOW_CTX_TRY_NUMBER=1
AIRFLOW_CTX_DAG_RUN_ID=scheduled__2022-07-05T00:00:00+00:00
[2022-07-22 13:00:31,100] {python.py:173} INFO - Done. Returned value was: goodbye
[2022-07-22 13:00:31,179] {taskinstance.py:1420} INFO - Marking task as SUCCESS. dag_id=tutorial, task_id=t2, execution_date=20220705T000000, start_date=20220722T130030, end_date=20220722T130031
[2022-07-22 13:00:31,258] {local_task_job.py:156} INFO - Task exited with return code 0
[2022-07-22 13:00:31,336] {local_task_job.py:273} INFO - 0 downstream tasks scheduled from follow-on schedule check
[2022-07-25 09:18:11,908] {taskinstance.py:1179} INFO - Dependencies all met for <TaskInstance: tutorial.t2 scheduled__2022-07-05T00:00:00+00:00 [queued]>
[2022-07-25 09:18:11,949] {taskinstance.py:1179} INFO - Dependencies all met for <TaskInstance: tutorial.t2 scheduled__2022-07-05T00:00:00+00:00 [queued]>
[2022-07-25 09:18:11,952] {taskinstance.py:1376} INFO - 
--------------------------------------------------------------------------------
[2022-07-25 09:18:11,953] {taskinstance.py:1377} INFO - Starting attempt 1 of 2
[2022-07-25 09:18:11,954] {taskinstance.py:1378} INFO - 
--------------------------------------------------------------------------------
[2022-07-25 09:18:12,005] {taskinstance.py:1397} INFO - Executing <Task(PythonOperator): t2> on 2022-07-05 00:00:00+00:00
[2022-07-25 09:18:12,024] {standard_task_runner.py:52} INFO - Started process 818 to run task
[2022-07-25 09:18:12,047] {standard_task_runner.py:79} INFO - Running: ['***', 'tasks', 'run', 'tutorial', 't2', 'scheduled__2022-07-05T00:00:00+00:00', '--job-id', '75', '--raw', '--subdir', 'DAGS_FOLDER/nickdag.py', '--cfg-path', '/tmp/tmp8oeccee1', '--error-file', '/tmp/tmpmo_jdkdl']
[2022-07-25 09:18:12,053] {standard_task_runner.py:80} INFO - Job 75: Subtask t2
[2022-07-25 09:18:12,109] {logging_mixin.py:115} WARNING - /home/***/.local/lib/python3.7/site-packages/***/configuration.py:528 DeprecationWarning: The sql_alchemy_conn option in [core] has been moved to the sql_alchemy_conn option in [database] - the old setting has been used, but please update your config.
[2022-07-25 09:18:12,360] {task_command.py:371} INFO - Running <TaskInstance: tutorial.t2 scheduled__2022-07-05T00:00:00+00:00 [running]> on host 01e6b1df1873
[2022-07-25 09:18:12,726] {taskinstance.py:1591} INFO - Exporting the following env vars:
AIRFLOW_CTX_DAG_EMAIL=caroline.kosalka@gmail.com
AIRFLOW_CTX_DAG_OWNER=***
AIRFLOW_CTX_DAG_ID=tutorial
AIRFLOW_CTX_TASK_ID=t2
AIRFLOW_CTX_EXECUTION_DATE=2022-07-05T00:00:00+00:00
AIRFLOW_CTX_TRY_NUMBER=1
AIRFLOW_CTX_DAG_RUN_ID=scheduled__2022-07-05T00:00:00+00:00
[2022-07-25 09:18:12,728] {python.py:173} INFO - Done. Returned value was: goodbye
[2022-07-25 09:18:13,134] {taskinstance.py:1420} INFO - Marking task as SUCCESS. dag_id=tutorial, task_id=t2, execution_date=20220705T000000, start_date=20220725T091811, end_date=20220725T091813
[2022-07-25 09:18:13,225] {local_task_job.py:156} INFO - Task exited with return code 0
[2022-07-25 09:18:13,393] {local_task_job.py:273} INFO - 0 downstream tasks scheduled from follow-on schedule check
[2022-07-25 12:26:56,732] {taskinstance.py:1179} INFO - Dependencies all met for <TaskInstance: tutorial.t2 scheduled__2022-07-05T00:00:00+00:00 [queued]>
[2022-07-25 12:26:56,783] {taskinstance.py:1179} INFO - Dependencies all met for <TaskInstance: tutorial.t2 scheduled__2022-07-05T00:00:00+00:00 [queued]>
[2022-07-25 12:26:56,784] {taskinstance.py:1376} INFO - 
--------------------------------------------------------------------------------
[2022-07-25 12:26:56,785] {taskinstance.py:1377} INFO - Starting attempt 1 of 2
[2022-07-25 12:26:56,786] {taskinstance.py:1378} INFO - 
--------------------------------------------------------------------------------
[2022-07-25 12:26:56,839] {taskinstance.py:1397} INFO - Executing <Task(PythonOperator): t2> on 2022-07-05 00:00:00+00:00
[2022-07-25 12:26:56,857] {standard_task_runner.py:52} INFO - Started process 841 to run task
[2022-07-25 12:26:56,895] {standard_task_runner.py:79} INFO - Running: ['***', 'tasks', 'run', 'tutorial', 't2', 'scheduled__2022-07-05T00:00:00+00:00', '--job-id', '128', '--raw', '--subdir', 'DAGS_FOLDER/nickdag.py', '--cfg-path', '/tmp/tmpd95p5kj4', '--error-file', '/tmp/tmpkcutfze5']
[2022-07-25 12:26:56,909] {standard_task_runner.py:80} INFO - Job 128: Subtask t2
[2022-07-25 12:26:57,067] {logging_mixin.py:115} WARNING - /home/***/.local/lib/python3.7/site-packages/***/configuration.py:528 DeprecationWarning: The sql_alchemy_conn option in [core] has been moved to the sql_alchemy_conn option in [database] - the old setting has been used, but please update your config.
[2022-07-25 12:26:57,370] {task_command.py:371} INFO - Running <TaskInstance: tutorial.t2 scheduled__2022-07-05T00:00:00+00:00 [running]> on host 929e6a3728d4
[2022-07-25 12:26:57,929] {taskinstance.py:1591} INFO - Exporting the following env vars:
AIRFLOW_CTX_DAG_EMAIL=caroline.kosalka@gmail.com
AIRFLOW_CTX_DAG_OWNER=***
AIRFLOW_CTX_DAG_ID=tutorial
AIRFLOW_CTX_TASK_ID=t2
AIRFLOW_CTX_EXECUTION_DATE=2022-07-05T00:00:00+00:00
AIRFLOW_CTX_TRY_NUMBER=1
AIRFLOW_CTX_DAG_RUN_ID=scheduled__2022-07-05T00:00:00+00:00
[2022-07-25 12:26:57,941] {python.py:173} INFO - Done. Returned value was: goodbye
[2022-07-25 12:26:58,263] {taskinstance.py:1420} INFO - Marking task as SUCCESS. dag_id=tutorial, task_id=t2, execution_date=20220705T000000, start_date=20220725T122656, end_date=20220725T122658
[2022-07-25 12:26:58,424] {local_task_job.py:156} INFO - Task exited with return code 0
[2022-07-25 12:26:58,600] {local_task_job.py:273} INFO - 0 downstream tasks scheduled from follow-on schedule check
