[2022-07-22 13:00:31,279] {taskinstance.py:1179} INFO - Dependencies all met for <TaskInstance: tutorial.t2 scheduled__2022-07-08T00:00:00+00:00 [queued]>
[2022-07-22 13:00:31,300] {taskinstance.py:1179} INFO - Dependencies all met for <TaskInstance: tutorial.t2 scheduled__2022-07-08T00:00:00+00:00 [queued]>
[2022-07-22 13:00:31,307] {taskinstance.py:1376} INFO - 
--------------------------------------------------------------------------------
[2022-07-22 13:00:31,308] {taskinstance.py:1377} INFO - Starting attempt 1 of 2
[2022-07-22 13:00:31,309] {taskinstance.py:1378} INFO - 
--------------------------------------------------------------------------------
[2022-07-22 13:00:31,352] {taskinstance.py:1397} INFO - Executing <Task(PythonOperator): t2> on 2022-07-08 00:00:00+00:00
[2022-07-22 13:00:31,362] {standard_task_runner.py:52} INFO - Started process 866 to run task
[2022-07-22 13:00:31,388] {standard_task_runner.py:79} INFO - Running: ['***', 'tasks', 'run', 'tutorial', 't2', 'scheduled__2022-07-08T00:00:00+00:00', '--job-id', '80', '--raw', '--subdir', 'DAGS_FOLDER/nickdag.py', '--cfg-path', '/tmp/tmpj4qxtl7a', '--error-file', '/tmp/tmpxskivd8s']
[2022-07-22 13:00:31,393] {standard_task_runner.py:80} INFO - Job 80: Subtask t2
[2022-07-22 13:00:31,434] {logging_mixin.py:115} WARNING - /home/***/.local/lib/python3.7/site-packages/***/configuration.py:528 DeprecationWarning: The sql_alchemy_conn option in [core] has been moved to the sql_alchemy_conn option in [database] - the old setting has been used, but please update your config.
[2022-07-22 13:00:31,536] {task_command.py:371} INFO - Running <TaskInstance: tutorial.t2 scheduled__2022-07-08T00:00:00+00:00 [running]> on host 2f63307804d5
[2022-07-22 13:00:31,653] {taskinstance.py:1591} INFO - Exporting the following env vars:
AIRFLOW_CTX_DAG_EMAIL=caroline.kosalka@gmail.com
AIRFLOW_CTX_DAG_OWNER=***
AIRFLOW_CTX_DAG_ID=tutorial
AIRFLOW_CTX_TASK_ID=t2
AIRFLOW_CTX_EXECUTION_DATE=2022-07-08T00:00:00+00:00
AIRFLOW_CTX_TRY_NUMBER=1
AIRFLOW_CTX_DAG_RUN_ID=scheduled__2022-07-08T00:00:00+00:00
[2022-07-22 13:00:31,655] {python.py:173} INFO - Done. Returned value was: goodbye
[2022-07-22 13:00:31,700] {taskinstance.py:1420} INFO - Marking task as SUCCESS. dag_id=tutorial, task_id=t2, execution_date=20220708T000000, start_date=20220722T130031, end_date=20220722T130031
[2022-07-22 13:00:31,749] {local_task_job.py:156} INFO - Task exited with return code 0
[2022-07-22 13:00:31,800] {local_task_job.py:273} INFO - 0 downstream tasks scheduled from follow-on schedule check
[2022-07-25 09:18:13,599] {taskinstance.py:1179} INFO - Dependencies all met for <TaskInstance: tutorial.t2 scheduled__2022-07-08T00:00:00+00:00 [queued]>
[2022-07-25 09:18:13,623] {taskinstance.py:1179} INFO - Dependencies all met for <TaskInstance: tutorial.t2 scheduled__2022-07-08T00:00:00+00:00 [queued]>
[2022-07-25 09:18:13,627] {taskinstance.py:1376} INFO - 
--------------------------------------------------------------------------------
[2022-07-25 09:18:13,629] {taskinstance.py:1377} INFO - Starting attempt 1 of 2
[2022-07-25 09:18:13,632] {taskinstance.py:1378} INFO - 
--------------------------------------------------------------------------------
[2022-07-25 09:18:13,695] {taskinstance.py:1397} INFO - Executing <Task(PythonOperator): t2> on 2022-07-08 00:00:00+00:00
[2022-07-25 09:18:13,714] {standard_task_runner.py:52} INFO - Started process 829 to run task
[2022-07-25 09:18:13,736] {standard_task_runner.py:79} INFO - Running: ['***', 'tasks', 'run', 'tutorial', 't2', 'scheduled__2022-07-08T00:00:00+00:00', '--job-id', '81', '--raw', '--subdir', 'DAGS_FOLDER/nickdag.py', '--cfg-path', '/tmp/tmpihzbtile', '--error-file', '/tmp/tmpzfk2qv9u']
[2022-07-25 09:18:13,749] {standard_task_runner.py:80} INFO - Job 81: Subtask t2
[2022-07-25 09:18:13,805] {logging_mixin.py:115} WARNING - /home/***/.local/lib/python3.7/site-packages/***/configuration.py:528 DeprecationWarning: The sql_alchemy_conn option in [core] has been moved to the sql_alchemy_conn option in [database] - the old setting has been used, but please update your config.
[2022-07-25 09:18:13,990] {task_command.py:371} INFO - Running <TaskInstance: tutorial.t2 scheduled__2022-07-08T00:00:00+00:00 [running]> on host 01e6b1df1873
[2022-07-25 09:18:14,217] {taskinstance.py:1591} INFO - Exporting the following env vars:
AIRFLOW_CTX_DAG_EMAIL=caroline.kosalka@gmail.com
AIRFLOW_CTX_DAG_OWNER=***
AIRFLOW_CTX_DAG_ID=tutorial
AIRFLOW_CTX_TASK_ID=t2
AIRFLOW_CTX_EXECUTION_DATE=2022-07-08T00:00:00+00:00
AIRFLOW_CTX_TRY_NUMBER=1
AIRFLOW_CTX_DAG_RUN_ID=scheduled__2022-07-08T00:00:00+00:00
[2022-07-25 09:18:14,219] {python.py:173} INFO - Done. Returned value was: goodbye
[2022-07-25 09:18:14,264] {taskinstance.py:1420} INFO - Marking task as SUCCESS. dag_id=tutorial, task_id=t2, execution_date=20220708T000000, start_date=20220725T091813, end_date=20220725T091814
[2022-07-25 09:18:14,306] {local_task_job.py:156} INFO - Task exited with return code 0
[2022-07-25 09:18:14,388] {local_task_job.py:273} INFO - 0 downstream tasks scheduled from follow-on schedule check
[2022-07-25 12:28:28,323] {taskinstance.py:1179} INFO - Dependencies all met for <TaskInstance: tutorial.t2 scheduled__2022-07-08T00:00:00+00:00 [queued]>
[2022-07-25 12:28:28,426] {taskinstance.py:1179} INFO - Dependencies all met for <TaskInstance: tutorial.t2 scheduled__2022-07-08T00:00:00+00:00 [queued]>
[2022-07-25 12:28:28,430] {taskinstance.py:1376} INFO - 
--------------------------------------------------------------------------------
[2022-07-25 12:28:28,432] {taskinstance.py:1377} INFO - Starting attempt 1 of 2
[2022-07-25 12:28:28,433] {taskinstance.py:1378} INFO - 
--------------------------------------------------------------------------------
[2022-07-25 12:28:28,550] {taskinstance.py:1397} INFO - Executing <Task(PythonOperator): t2> on 2022-07-08 00:00:00+00:00
[2022-07-25 12:28:28,605] {standard_task_runner.py:52} INFO - Started process 1037 to run task
[2022-07-25 12:28:28,647] {standard_task_runner.py:79} INFO - Running: ['***', 'tasks', 'run', 'tutorial', 't2', 'scheduled__2022-07-08T00:00:00+00:00', '--job-id', '168', '--raw', '--subdir', 'DAGS_FOLDER/nickdag.py', '--cfg-path', '/tmp/tmpt2ivnelz', '--error-file', '/tmp/tmpegtiitq7']
[2022-07-25 12:28:28,668] {standard_task_runner.py:80} INFO - Job 168: Subtask t2
[2022-07-25 12:28:28,804] {logging_mixin.py:115} WARNING - /home/***/.local/lib/python3.7/site-packages/***/configuration.py:528 DeprecationWarning: The sql_alchemy_conn option in [core] has been moved to the sql_alchemy_conn option in [database] - the old setting has been used, but please update your config.
[2022-07-25 12:28:29,239] {task_command.py:371} INFO - Running <TaskInstance: tutorial.t2 scheduled__2022-07-08T00:00:00+00:00 [running]> on host 929e6a3728d4
[2022-07-25 12:28:29,765] {taskinstance.py:1591} INFO - Exporting the following env vars:
AIRFLOW_CTX_DAG_EMAIL=caroline.kosalka@gmail.com
AIRFLOW_CTX_DAG_OWNER=***
AIRFLOW_CTX_DAG_ID=tutorial
AIRFLOW_CTX_TASK_ID=t2
AIRFLOW_CTX_EXECUTION_DATE=2022-07-08T00:00:00+00:00
AIRFLOW_CTX_TRY_NUMBER=1
AIRFLOW_CTX_DAG_RUN_ID=scheduled__2022-07-08T00:00:00+00:00
[2022-07-25 12:28:29,770] {python.py:173} INFO - Done. Returned value was: goodbye
[2022-07-25 12:28:29,939] {taskinstance.py:1420} INFO - Marking task as SUCCESS. dag_id=tutorial, task_id=t2, execution_date=20220708T000000, start_date=20220725T122828, end_date=20220725T122829
[2022-07-25 12:28:30,051] {local_task_job.py:156} INFO - Task exited with return code 0
[2022-07-25 12:28:30,262] {local_task_job.py:273} INFO - 0 downstream tasks scheduled from follow-on schedule check
