[2022-07-22 13:00:37,296] {taskinstance.py:1179} INFO - Dependencies all met for <TaskInstance: tutorial.t1 scheduled__2022-07-20T00:00:00+00:00 [queued]>
[2022-07-22 13:00:37,406] {taskinstance.py:1179} INFO - Dependencies all met for <TaskInstance: tutorial.t1 scheduled__2022-07-20T00:00:00+00:00 [queued]>
[2022-07-22 13:00:37,408] {taskinstance.py:1376} INFO - 
--------------------------------------------------------------------------------
[2022-07-22 13:00:37,409] {taskinstance.py:1377} INFO - Starting attempt 1 of 2
[2022-07-22 13:00:37,412] {taskinstance.py:1378} INFO - 
--------------------------------------------------------------------------------
[2022-07-22 13:00:37,562] {taskinstance.py:1397} INFO - Executing <Task(PythonOperator): t1> on 2022-07-20 00:00:00+00:00
[2022-07-22 13:00:37,584] {standard_task_runner.py:52} INFO - Started process 909 to run task
[2022-07-22 13:00:37,622] {standard_task_runner.py:79} INFO - Running: ['***', 'tasks', 'run', 'tutorial', 't1', 'scheduled__2022-07-20T00:00:00+00:00', '--job-id', '96', '--raw', '--subdir', 'DAGS_FOLDER/nickdag.py', '--cfg-path', '/tmp/tmp31vy1xmz', '--error-file', '/tmp/tmp2qvjdyf_']
[2022-07-22 13:00:37,633] {standard_task_runner.py:80} INFO - Job 96: Subtask t1
[2022-07-22 13:00:37,771] {logging_mixin.py:115} WARNING - /home/***/.local/lib/python3.7/site-packages/***/configuration.py:528 DeprecationWarning: The sql_alchemy_conn option in [core] has been moved to the sql_alchemy_conn option in [database] - the old setting has been used, but please update your config.
[2022-07-22 13:00:38,108] {task_command.py:371} INFO - Running <TaskInstance: tutorial.t1 scheduled__2022-07-20T00:00:00+00:00 [running]> on host 2f63307804d5
[2022-07-22 13:00:38,577] {taskinstance.py:1591} INFO - Exporting the following env vars:
AIRFLOW_CTX_DAG_EMAIL=caroline.kosalka@gmail.com
AIRFLOW_CTX_DAG_OWNER=***
AIRFLOW_CTX_DAG_ID=tutorial
AIRFLOW_CTX_TASK_ID=t1
AIRFLOW_CTX_EXECUTION_DATE=2022-07-20T00:00:00+00:00
AIRFLOW_CTX_TRY_NUMBER=1
AIRFLOW_CTX_DAG_RUN_ID=scheduled__2022-07-20T00:00:00+00:00
[2022-07-22 13:00:38,578] {python.py:173} INFO - Done. Returned value was: welcome
[2022-07-22 13:00:38,690] {taskinstance.py:1420} INFO - Marking task as SUCCESS. dag_id=tutorial, task_id=t1, execution_date=20220720T000000, start_date=20220722T130037, end_date=20220722T130038
[2022-07-22 13:00:38,755] {local_task_job.py:156} INFO - Task exited with return code 0
[2022-07-22 13:00:38,891] {local_task_job.py:273} INFO - 1 downstream tasks scheduled from follow-on schedule check
[2022-07-25 09:18:20,380] {taskinstance.py:1179} INFO - Dependencies all met for <TaskInstance: tutorial.t1 scheduled__2022-07-20T00:00:00+00:00 [queued]>
[2022-07-25 09:18:20,450] {taskinstance.py:1179} INFO - Dependencies all met for <TaskInstance: tutorial.t1 scheduled__2022-07-20T00:00:00+00:00 [queued]>
[2022-07-25 09:18:20,455] {taskinstance.py:1376} INFO - 
--------------------------------------------------------------------------------
[2022-07-25 09:18:20,458] {taskinstance.py:1377} INFO - Starting attempt 1 of 2
[2022-07-25 09:18:20,459] {taskinstance.py:1378} INFO - 
--------------------------------------------------------------------------------
[2022-07-25 09:18:20,543] {taskinstance.py:1397} INFO - Executing <Task(PythonOperator): t1> on 2022-07-20 00:00:00+00:00
[2022-07-25 09:18:20,555] {standard_task_runner.py:52} INFO - Started process 856 to run task
[2022-07-25 09:18:20,571] {standard_task_runner.py:79} INFO - Running: ['***', 'tasks', 'run', 'tutorial', 't1', 'scheduled__2022-07-20T00:00:00+00:00', '--job-id', '94', '--raw', '--subdir', 'DAGS_FOLDER/nickdag.py', '--cfg-path', '/tmp/tmp9s74eocl', '--error-file', '/tmp/tmpb73p5gru']
[2022-07-25 09:18:20,574] {standard_task_runner.py:80} INFO - Job 94: Subtask t1
[2022-07-25 09:18:20,667] {logging_mixin.py:115} WARNING - /home/***/.local/lib/python3.7/site-packages/***/configuration.py:528 DeprecationWarning: The sql_alchemy_conn option in [core] has been moved to the sql_alchemy_conn option in [database] - the old setting has been used, but please update your config.
[2022-07-25 09:18:20,899] {task_command.py:371} INFO - Running <TaskInstance: tutorial.t1 scheduled__2022-07-20T00:00:00+00:00 [running]> on host 01e6b1df1873
[2022-07-25 09:18:21,073] {taskinstance.py:1591} INFO - Exporting the following env vars:
AIRFLOW_CTX_DAG_EMAIL=caroline.kosalka@gmail.com
AIRFLOW_CTX_DAG_OWNER=***
AIRFLOW_CTX_DAG_ID=tutorial
AIRFLOW_CTX_TASK_ID=t1
AIRFLOW_CTX_EXECUTION_DATE=2022-07-20T00:00:00+00:00
AIRFLOW_CTX_TRY_NUMBER=1
AIRFLOW_CTX_DAG_RUN_ID=scheduled__2022-07-20T00:00:00+00:00
[2022-07-25 09:18:21,075] {python.py:173} INFO - Done. Returned value was: welcome
[2022-07-25 09:18:21,137] {taskinstance.py:1420} INFO - Marking task as SUCCESS. dag_id=tutorial, task_id=t1, execution_date=20220720T000000, start_date=20220725T091820, end_date=20220725T091821
[2022-07-25 09:18:21,182] {local_task_job.py:156} INFO - Task exited with return code 0
[2022-07-25 09:18:21,278] {local_task_job.py:273} INFO - 1 downstream tasks scheduled from follow-on schedule check
