[2022-07-22 12:59:29,304] {taskinstance.py:1179} INFO - Dependencies all met for <TaskInstance: tutorial.t1 scheduled__2022-06-11T00:00:00+00:00 [queued]>
[2022-07-22 12:59:29,441] {taskinstance.py:1179} INFO - Dependencies all met for <TaskInstance: tutorial.t1 scheduled__2022-06-11T00:00:00+00:00 [queued]>
[2022-07-22 12:59:29,443] {taskinstance.py:1376} INFO - 
--------------------------------------------------------------------------------
[2022-07-22 12:59:29,444] {taskinstance.py:1377} INFO - Starting attempt 1 of 2
[2022-07-22 12:59:29,445] {taskinstance.py:1378} INFO - 
--------------------------------------------------------------------------------
[2022-07-22 12:59:30,268] {taskinstance.py:1397} INFO - Executing <Task(PythonOperator): t1> on 2022-06-11 00:00:00+00:00
[2022-07-22 12:59:30,505] {standard_task_runner.py:52} INFO - Started process 714 to run task
[2022-07-22 12:59:30,670] {standard_task_runner.py:79} INFO - Running: ['***', 'tasks', 'run', 'tutorial', 't1', 'scheduled__2022-06-11T00:00:00+00:00', '--job-id', '10', '--raw', '--subdir', 'DAGS_FOLDER/nickdag.py', '--cfg-path', '/tmp/tmp3mgcdj8z', '--error-file', '/tmp/tmp6k_rw6rj']
[2022-07-22 12:59:30,816] {standard_task_runner.py:80} INFO - Job 10: Subtask t1
[2022-07-22 12:59:31,199] {logging_mixin.py:115} WARNING - /home/***/.local/lib/python3.7/site-packages/***/configuration.py:528 DeprecationWarning: The sql_alchemy_conn option in [core] has been moved to the sql_alchemy_conn option in [database] - the old setting has been used, but please update your config.
[2022-07-22 12:59:32,304] {task_command.py:371} INFO - Running <TaskInstance: tutorial.t1 scheduled__2022-06-11T00:00:00+00:00 [running]> on host 2f63307804d5
[2022-07-22 12:59:33,708] {taskinstance.py:1591} INFO - Exporting the following env vars:
AIRFLOW_CTX_DAG_EMAIL=caroline.kosalka@gmail.com
AIRFLOW_CTX_DAG_OWNER=***
AIRFLOW_CTX_DAG_ID=tutorial
AIRFLOW_CTX_TASK_ID=t1
AIRFLOW_CTX_EXECUTION_DATE=2022-06-11T00:00:00+00:00
AIRFLOW_CTX_TRY_NUMBER=1
AIRFLOW_CTX_DAG_RUN_ID=scheduled__2022-06-11T00:00:00+00:00
[2022-07-22 12:59:33,817] {python.py:173} INFO - Done. Returned value was: welcome
[2022-07-22 12:59:37,875] {taskinstance.py:1420} INFO - Marking task as SUCCESS. dag_id=tutorial, task_id=t1, execution_date=20220611T000000, start_date=20220722T125929, end_date=20220722T125937
[2022-07-22 12:59:38,942] {local_task_job.py:156} INFO - Task exited with return code 0
[2022-07-22 12:59:43,009] {local_task_job.py:273} INFO - 1 downstream tasks scheduled from follow-on schedule check
[2022-07-25 09:17:52,875] {taskinstance.py:1179} INFO - Dependencies all met for <TaskInstance: tutorial.t1 scheduled__2022-06-11T00:00:00+00:00 [queued]>
[2022-07-25 09:17:53,004] {taskinstance.py:1179} INFO - Dependencies all met for <TaskInstance: tutorial.t1 scheduled__2022-06-11T00:00:00+00:00 [queued]>
[2022-07-25 09:17:53,008] {taskinstance.py:1376} INFO - 
--------------------------------------------------------------------------------
[2022-07-25 09:17:53,008] {taskinstance.py:1377} INFO - Starting attempt 1 of 2
[2022-07-25 09:17:53,009] {taskinstance.py:1378} INFO - 
--------------------------------------------------------------------------------
[2022-07-25 09:17:53,105] {taskinstance.py:1397} INFO - Executing <Task(PythonOperator): t1> on 2022-06-11 00:00:00+00:00
[2022-07-25 09:17:53,127] {standard_task_runner.py:52} INFO - Started process 688 to run task
[2022-07-25 09:17:53,163] {standard_task_runner.py:79} INFO - Running: ['***', 'tasks', 'run', 'tutorial', 't1', 'scheduled__2022-06-11T00:00:00+00:00', '--job-id', '12', '--raw', '--subdir', 'DAGS_FOLDER/nickdag.py', '--cfg-path', '/tmp/tmpewy0cmw0', '--error-file', '/tmp/tmpi9x4rbtf']
[2022-07-25 09:17:53,197] {standard_task_runner.py:80} INFO - Job 12: Subtask t1
[2022-07-25 09:17:53,315] {logging_mixin.py:115} WARNING - /home/***/.local/lib/python3.7/site-packages/***/configuration.py:528 DeprecationWarning: The sql_alchemy_conn option in [core] has been moved to the sql_alchemy_conn option in [database] - the old setting has been used, but please update your config.
[2022-07-25 09:17:53,609] {task_command.py:371} INFO - Running <TaskInstance: tutorial.t1 scheduled__2022-06-11T00:00:00+00:00 [running]> on host 01e6b1df1873
[2022-07-25 09:17:54,073] {taskinstance.py:1591} INFO - Exporting the following env vars:
AIRFLOW_CTX_DAG_EMAIL=caroline.kosalka@gmail.com
AIRFLOW_CTX_DAG_OWNER=***
AIRFLOW_CTX_DAG_ID=tutorial
AIRFLOW_CTX_TASK_ID=t1
AIRFLOW_CTX_EXECUTION_DATE=2022-06-11T00:00:00+00:00
AIRFLOW_CTX_TRY_NUMBER=1
AIRFLOW_CTX_DAG_RUN_ID=scheduled__2022-06-11T00:00:00+00:00
[2022-07-25 09:17:54,111] {python.py:173} INFO - Done. Returned value was: welcome
[2022-07-25 09:17:54,929] {taskinstance.py:1420} INFO - Marking task as SUCCESS. dag_id=tutorial, task_id=t1, execution_date=20220611T000000, start_date=20220725T091752, end_date=20220725T091754
[2022-07-25 09:17:55,126] {local_task_job.py:156} INFO - Task exited with return code 0
[2022-07-25 09:17:55,659] {local_task_job.py:273} INFO - 1 downstream tasks scheduled from follow-on schedule check
[2022-07-25 12:23:48,287] {taskinstance.py:1179} INFO - Dependencies all met for <TaskInstance: tutorial.t1 scheduled__2022-06-11T00:00:00+00:00 [queued]>
[2022-07-25 12:23:48,431] {taskinstance.py:1179} INFO - Dependencies all met for <TaskInstance: tutorial.t1 scheduled__2022-06-11T00:00:00+00:00 [queued]>
[2022-07-25 12:23:48,433] {taskinstance.py:1376} INFO - 
--------------------------------------------------------------------------------
[2022-07-25 12:23:48,434] {taskinstance.py:1377} INFO - Starting attempt 1 of 2
[2022-07-25 12:23:48,434] {taskinstance.py:1378} INFO - 
--------------------------------------------------------------------------------
[2022-07-25 12:23:48,671] {taskinstance.py:1397} INFO - Executing <Task(PythonOperator): t1> on 2022-06-11 00:00:00+00:00
[2022-07-25 12:23:48,706] {standard_task_runner.py:52} INFO - Started process 447 to run task
[2022-07-25 12:23:48,834] {standard_task_runner.py:79} INFO - Running: ['***', 'tasks', 'run', 'tutorial', 't1', 'scheduled__2022-06-11T00:00:00+00:00', '--job-id', '12', '--raw', '--subdir', 'DAGS_FOLDER/nickdag.py', '--cfg-path', '/tmp/tmphsei59u0', '--error-file', '/tmp/tmpavj67kxp']
[2022-07-25 12:23:48,846] {standard_task_runner.py:80} INFO - Job 12: Subtask t1
[2022-07-25 12:23:49,316] {logging_mixin.py:115} WARNING - /home/***/.local/lib/python3.7/site-packages/***/configuration.py:528 DeprecationWarning: The sql_alchemy_conn option in [core] has been moved to the sql_alchemy_conn option in [database] - the old setting has been used, but please update your config.
[2022-07-25 12:23:49,893] {task_command.py:371} INFO - Running <TaskInstance: tutorial.t1 scheduled__2022-06-11T00:00:00+00:00 [running]> on host 929e6a3728d4
[2022-07-25 12:23:50,770] {taskinstance.py:1591} INFO - Exporting the following env vars:
AIRFLOW_CTX_DAG_EMAIL=caroline.kosalka@gmail.com
AIRFLOW_CTX_DAG_OWNER=***
AIRFLOW_CTX_DAG_ID=tutorial
AIRFLOW_CTX_TASK_ID=t1
AIRFLOW_CTX_EXECUTION_DATE=2022-06-11T00:00:00+00:00
AIRFLOW_CTX_TRY_NUMBER=1
AIRFLOW_CTX_DAG_RUN_ID=scheduled__2022-06-11T00:00:00+00:00
[2022-07-25 12:23:50,772] {python.py:173} INFO - Done. Returned value was: welcome
[2022-07-25 12:23:50,916] {taskinstance.py:1420} INFO - Marking task as SUCCESS. dag_id=tutorial, task_id=t1, execution_date=20220611T000000, start_date=20220725T122348, end_date=20220725T122350
[2022-07-25 12:23:51,139] {local_task_job.py:156} INFO - Task exited with return code 0
[2022-07-25 12:23:51,951] {dagrun.py:1081} ERROR - Failed to get task '<TaskInstance: tutorial.get_terminal_data scheduled__2022-06-11T00:00:00+00:00 [removed]>' for dag 'tutorial'. Marking it as removed.
[2022-07-25 12:23:51,960] {dagrun.py:1081} ERROR - Failed to get task '<TaskInstance: tutorial.process_data scheduled__2022-06-11T00:00:00+00:00 [removed]>' for dag 'tutorial'. Marking it as removed.
[2022-07-25 12:23:51,975] {local_task_job.py:273} INFO - 0 downstream tasks scheduled from follow-on schedule check
