[2022-07-21 08:09:54,990] {taskinstance.py:1179} INFO - Dependencies all met for <TaskInstance: tutorial.print_date scheduled__2022-07-06T00:00:00+00:00 [queued]>
[2022-07-21 08:09:55,025] {taskinstance.py:1179} INFO - Dependencies all met for <TaskInstance: tutorial.print_date scheduled__2022-07-06T00:00:00+00:00 [queued]>
[2022-07-21 08:09:55,027] {taskinstance.py:1376} INFO - 
--------------------------------------------------------------------------------
[2022-07-21 08:09:55,029] {taskinstance.py:1377} INFO - Starting attempt 1 of 2
[2022-07-21 08:09:55,032] {taskinstance.py:1378} INFO - 
--------------------------------------------------------------------------------
[2022-07-21 08:09:55,072] {taskinstance.py:1397} INFO - Executing <Task(BashOperator): print_date> on 2022-07-06 00:00:00+00:00
[2022-07-21 08:09:55,085] {standard_task_runner.py:52} INFO - Started process 577 to run task
[2022-07-21 08:09:55,094] {standard_task_runner.py:79} INFO - Running: ['***', 'tasks', 'run', 'tutorial', 'print_date', 'scheduled__2022-07-06T00:00:00+00:00', '--job-id', '76', '--raw', '--subdir', 'DAGS_FOLDER/nickdag.py', '--cfg-path', '/tmp/tmpva83oaax', '--error-file', '/tmp/tmpvqkpqgjh']
[2022-07-21 08:09:55,099] {standard_task_runner.py:80} INFO - Job 76: Subtask print_date
[2022-07-21 08:09:55,158] {logging_mixin.py:115} WARNING - /home/***/.local/lib/python3.7/site-packages/***/configuration.py:528 DeprecationWarning: The sql_alchemy_conn option in [core] has been moved to the sql_alchemy_conn option in [database] - the old setting has been used, but please update your config.
[2022-07-21 08:09:55,330] {task_command.py:371} INFO - Running <TaskInstance: tutorial.print_date scheduled__2022-07-06T00:00:00+00:00 [running]> on host 97e3017421e4
[2022-07-21 08:09:55,439] {taskinstance.py:1591} INFO - Exporting the following env vars:
AIRFLOW_CTX_DAG_EMAIL=caroline.kosalka@gmail.com
AIRFLOW_CTX_DAG_OWNER=***
AIRFLOW_CTX_DAG_ID=tutorial
AIRFLOW_CTX_TASK_ID=print_date
AIRFLOW_CTX_EXECUTION_DATE=2022-07-06T00:00:00+00:00
AIRFLOW_CTX_TRY_NUMBER=1
AIRFLOW_CTX_DAG_RUN_ID=scheduled__2022-07-06T00:00:00+00:00
[2022-07-21 08:09:55,441] {subprocess.py:62} INFO - Tmp dir root location: 
 /tmp
[2022-07-21 08:09:55,443] {subprocess.py:74} INFO - Running command: ['bash', '-c', 'echo helloooo']
[2022-07-21 08:09:55,455] {subprocess.py:85} INFO - Output:
[2022-07-21 08:09:55,457] {subprocess.py:92} INFO - helloooo
[2022-07-21 08:09:55,457] {subprocess.py:96} INFO - Command exited with return code 0
[2022-07-21 08:09:55,500] {taskinstance.py:1420} INFO - Marking task as SUCCESS. dag_id=tutorial, task_id=print_date, execution_date=20220706T000000, start_date=20220721T080954, end_date=20220721T080955
[2022-07-21 08:09:55,551] {local_task_job.py:156} INFO - Task exited with return code 0
[2022-07-21 08:09:55,609] {local_task_job.py:273} INFO - 1 downstream tasks scheduled from follow-on schedule check
