[2022-07-22 13:00:28,146] {taskinstance.py:1179} INFO - Dependencies all met for <TaskInstance: tutorial.t2 scheduled__2022-07-01T00:00:00+00:00 [queued]>
[2022-07-22 13:00:28,185] {taskinstance.py:1179} INFO - Dependencies all met for <TaskInstance: tutorial.t2 scheduled__2022-07-01T00:00:00+00:00 [queued]>
[2022-07-22 13:00:28,186] {taskinstance.py:1376} INFO - 
--------------------------------------------------------------------------------
[2022-07-22 13:00:28,190] {taskinstance.py:1377} INFO - Starting attempt 1 of 2
[2022-07-22 13:00:28,192] {taskinstance.py:1378} INFO - 
--------------------------------------------------------------------------------
[2022-07-22 13:00:28,271] {taskinstance.py:1397} INFO - Executing <Task(PythonOperator): t2> on 2022-07-01 00:00:00+00:00
[2022-07-22 13:00:28,289] {standard_task_runner.py:52} INFO - Started process 847 to run task
[2022-07-22 13:00:28,315] {standard_task_runner.py:79} INFO - Running: ['***', 'tasks', 'run', 'tutorial', 't2', 'scheduled__2022-07-01T00:00:00+00:00', '--job-id', '70', '--raw', '--subdir', 'DAGS_FOLDER/nickdag.py', '--cfg-path', '/tmp/tmp_xomk4cd', '--error-file', '/tmp/tmpmxd6fao_']
[2022-07-22 13:00:28,323] {standard_task_runner.py:80} INFO - Job 70: Subtask t2
[2022-07-22 13:00:28,542] {logging_mixin.py:115} WARNING - /home/***/.local/lib/python3.7/site-packages/***/configuration.py:528 DeprecationWarning: The sql_alchemy_conn option in [core] has been moved to the sql_alchemy_conn option in [database] - the old setting has been used, but please update your config.
[2022-07-22 13:00:28,932] {task_command.py:371} INFO - Running <TaskInstance: tutorial.t2 scheduled__2022-07-01T00:00:00+00:00 [running]> on host 2f63307804d5
[2022-07-22 13:00:29,573] {taskinstance.py:1591} INFO - Exporting the following env vars:
AIRFLOW_CTX_DAG_EMAIL=caroline.kosalka@gmail.com
AIRFLOW_CTX_DAG_OWNER=***
AIRFLOW_CTX_DAG_ID=tutorial
AIRFLOW_CTX_TASK_ID=t2
AIRFLOW_CTX_EXECUTION_DATE=2022-07-01T00:00:00+00:00
AIRFLOW_CTX_TRY_NUMBER=1
AIRFLOW_CTX_DAG_RUN_ID=scheduled__2022-07-01T00:00:00+00:00
[2022-07-22 13:00:29,575] {python.py:173} INFO - Done. Returned value was: goodbye
[2022-07-22 13:00:29,758] {taskinstance.py:1420} INFO - Marking task as SUCCESS. dag_id=tutorial, task_id=t2, execution_date=20220701T000000, start_date=20220722T130028, end_date=20220722T130029
[2022-07-22 13:00:29,855] {local_task_job.py:156} INFO - Task exited with return code 0
[2022-07-22 13:00:30,136] {local_task_job.py:273} INFO - 0 downstream tasks scheduled from follow-on schedule check
[2022-07-25 09:18:10,307] {taskinstance.py:1179} INFO - Dependencies all met for <TaskInstance: tutorial.t2 scheduled__2022-07-01T00:00:00+00:00 [queued]>
[2022-07-25 09:18:10,352] {taskinstance.py:1179} INFO - Dependencies all met for <TaskInstance: tutorial.t2 scheduled__2022-07-01T00:00:00+00:00 [queued]>
[2022-07-25 09:18:10,361] {taskinstance.py:1376} INFO - 
--------------------------------------------------------------------------------
[2022-07-25 09:18:10,362] {taskinstance.py:1377} INFO - Starting attempt 1 of 2
[2022-07-25 09:18:10,364] {taskinstance.py:1378} INFO - 
--------------------------------------------------------------------------------
[2022-07-25 09:18:10,471] {taskinstance.py:1397} INFO - Executing <Task(PythonOperator): t2> on 2022-07-01 00:00:00+00:00
[2022-07-25 09:18:10,490] {standard_task_runner.py:52} INFO - Started process 808 to run task
[2022-07-25 09:18:10,490] {standard_task_runner.py:79} INFO - Running: ['***', 'tasks', 'run', 'tutorial', 't2', 'scheduled__2022-07-01T00:00:00+00:00', '--job-id', '67', '--raw', '--subdir', 'DAGS_FOLDER/nickdag.py', '--cfg-path', '/tmp/tmpq4v_cgx7', '--error-file', '/tmp/tmph7cb61zh']
[2022-07-25 09:18:10,494] {standard_task_runner.py:80} INFO - Job 67: Subtask t2
[2022-07-25 09:18:10,586] {logging_mixin.py:115} WARNING - /home/***/.local/lib/python3.7/site-packages/***/configuration.py:528 DeprecationWarning: The sql_alchemy_conn option in [core] has been moved to the sql_alchemy_conn option in [database] - the old setting has been used, but please update your config.
[2022-07-25 09:18:10,779] {task_command.py:371} INFO - Running <TaskInstance: tutorial.t2 scheduled__2022-07-01T00:00:00+00:00 [running]> on host 01e6b1df1873
[2022-07-25 09:18:11,283] {taskinstance.py:1591} INFO - Exporting the following env vars:
AIRFLOW_CTX_DAG_EMAIL=caroline.kosalka@gmail.com
AIRFLOW_CTX_DAG_OWNER=***
AIRFLOW_CTX_DAG_ID=tutorial
AIRFLOW_CTX_TASK_ID=t2
AIRFLOW_CTX_EXECUTION_DATE=2022-07-01T00:00:00+00:00
AIRFLOW_CTX_TRY_NUMBER=1
AIRFLOW_CTX_DAG_RUN_ID=scheduled__2022-07-01T00:00:00+00:00
[2022-07-25 09:18:11,288] {python.py:173} INFO - Done. Returned value was: goodbye
[2022-07-25 09:18:11,364] {taskinstance.py:1420} INFO - Marking task as SUCCESS. dag_id=tutorial, task_id=t2, execution_date=20220701T000000, start_date=20220725T091810, end_date=20220725T091811
[2022-07-25 09:18:11,496] {local_task_job.py:156} INFO - Task exited with return code 0
[2022-07-25 09:18:11,878] {local_task_job.py:273} INFO - 0 downstream tasks scheduled from follow-on schedule check
[2022-07-25 12:26:56,572] {taskinstance.py:1179} INFO - Dependencies all met for <TaskInstance: tutorial.t2 scheduled__2022-07-01T00:00:00+00:00 [queued]>
[2022-07-25 12:26:56,618] {taskinstance.py:1179} INFO - Dependencies all met for <TaskInstance: tutorial.t2 scheduled__2022-07-01T00:00:00+00:00 [queued]>
[2022-07-25 12:26:56,623] {taskinstance.py:1376} INFO - 
--------------------------------------------------------------------------------
[2022-07-25 12:26:56,624] {taskinstance.py:1377} INFO - Starting attempt 1 of 2
[2022-07-25 12:26:56,626] {taskinstance.py:1378} INFO - 
--------------------------------------------------------------------------------
[2022-07-25 12:26:56,743] {taskinstance.py:1397} INFO - Executing <Task(PythonOperator): t2> on 2022-07-01 00:00:00+00:00
[2022-07-25 12:26:56,773] {standard_task_runner.py:52} INFO - Started process 835 to run task
[2022-07-25 12:26:56,774] {standard_task_runner.py:79} INFO - Running: ['***', 'tasks', 'run', 'tutorial', 't2', 'scheduled__2022-07-01T00:00:00+00:00', '--job-id', '121', '--raw', '--subdir', 'DAGS_FOLDER/nickdag.py', '--cfg-path', '/tmp/tmpotjo4dok', '--error-file', '/tmp/tmpkt54ed1o']
[2022-07-25 12:26:56,784] {standard_task_runner.py:80} INFO - Job 121: Subtask t2
[2022-07-25 12:26:56,856] {logging_mixin.py:115} WARNING - /home/***/.local/lib/python3.7/site-packages/***/configuration.py:528 DeprecationWarning: The sql_alchemy_conn option in [core] has been moved to the sql_alchemy_conn option in [database] - the old setting has been used, but please update your config.
[2022-07-25 12:26:57,289] {task_command.py:371} INFO - Running <TaskInstance: tutorial.t2 scheduled__2022-07-01T00:00:00+00:00 [running]> on host 929e6a3728d4
[2022-07-25 12:26:57,824] {taskinstance.py:1591} INFO - Exporting the following env vars:
AIRFLOW_CTX_DAG_EMAIL=caroline.kosalka@gmail.com
AIRFLOW_CTX_DAG_OWNER=***
AIRFLOW_CTX_DAG_ID=tutorial
AIRFLOW_CTX_TASK_ID=t2
AIRFLOW_CTX_EXECUTION_DATE=2022-07-01T00:00:00+00:00
AIRFLOW_CTX_TRY_NUMBER=1
AIRFLOW_CTX_DAG_RUN_ID=scheduled__2022-07-01T00:00:00+00:00
[2022-07-25 12:26:57,826] {python.py:173} INFO - Done. Returned value was: goodbye
[2022-07-25 12:26:58,264] {taskinstance.py:1420} INFO - Marking task as SUCCESS. dag_id=tutorial, task_id=t2, execution_date=20220701T000000, start_date=20220725T122656, end_date=20220725T122658
[2022-07-25 12:26:58,425] {local_task_job.py:156} INFO - Task exited with return code 0
[2022-07-25 12:26:58,592] {local_task_job.py:273} INFO - 0 downstream tasks scheduled from follow-on schedule check
