[2022-07-22 13:00:35,322] {taskinstance.py:1179} INFO - Dependencies all met for <TaskInstance: tutorial.t1 scheduled__2022-07-16T00:00:00+00:00 [queued]>
[2022-07-22 13:00:35,352] {taskinstance.py:1179} INFO - Dependencies all met for <TaskInstance: tutorial.t1 scheduled__2022-07-16T00:00:00+00:00 [queued]>
[2022-07-22 13:00:35,353] {taskinstance.py:1376} INFO - 
--------------------------------------------------------------------------------
[2022-07-22 13:00:35,354] {taskinstance.py:1377} INFO - Starting attempt 1 of 2
[2022-07-22 13:00:35,355] {taskinstance.py:1378} INFO - 
--------------------------------------------------------------------------------
[2022-07-22 13:00:35,401] {taskinstance.py:1397} INFO - Executing <Task(PythonOperator): t1> on 2022-07-16 00:00:00+00:00
[2022-07-22 13:00:35,410] {standard_task_runner.py:52} INFO - Started process 893 to run task
[2022-07-22 13:00:35,424] {standard_task_runner.py:79} INFO - Running: ['***', 'tasks', 'run', 'tutorial', 't1', 'scheduled__2022-07-16T00:00:00+00:00', '--job-id', '88', '--raw', '--subdir', 'DAGS_FOLDER/nickdag.py', '--cfg-path', '/tmp/tmpql0tv8h7', '--error-file', '/tmp/tmpzdoy9eu3']
[2022-07-22 13:00:35,428] {standard_task_runner.py:80} INFO - Job 88: Subtask t1
[2022-07-22 13:00:35,489] {logging_mixin.py:115} WARNING - /home/***/.local/lib/python3.7/site-packages/***/configuration.py:528 DeprecationWarning: The sql_alchemy_conn option in [core] has been moved to the sql_alchemy_conn option in [database] - the old setting has been used, but please update your config.
[2022-07-22 13:00:35,610] {task_command.py:371} INFO - Running <TaskInstance: tutorial.t1 scheduled__2022-07-16T00:00:00+00:00 [running]> on host 2f63307804d5
[2022-07-22 13:00:36,005] {taskinstance.py:1591} INFO - Exporting the following env vars:
AIRFLOW_CTX_DAG_EMAIL=caroline.kosalka@gmail.com
AIRFLOW_CTX_DAG_OWNER=***
AIRFLOW_CTX_DAG_ID=tutorial
AIRFLOW_CTX_TASK_ID=t1
AIRFLOW_CTX_EXECUTION_DATE=2022-07-16T00:00:00+00:00
AIRFLOW_CTX_TRY_NUMBER=1
AIRFLOW_CTX_DAG_RUN_ID=scheduled__2022-07-16T00:00:00+00:00
[2022-07-22 13:00:36,007] {python.py:173} INFO - Done. Returned value was: welcome
[2022-07-22 13:00:36,182] {taskinstance.py:1420} INFO - Marking task as SUCCESS. dag_id=tutorial, task_id=t1, execution_date=20220716T000000, start_date=20220722T130035, end_date=20220722T130036
[2022-07-22 13:00:36,289] {local_task_job.py:156} INFO - Task exited with return code 0
[2022-07-22 13:00:36,747] {local_task_job.py:273} INFO - 0 downstream tasks scheduled from follow-on schedule check
[2022-07-25 09:18:19,172] {taskinstance.py:1179} INFO - Dependencies all met for <TaskInstance: tutorial.t1 scheduled__2022-07-16T00:00:00+00:00 [queued]>
[2022-07-25 09:18:19,216] {taskinstance.py:1179} INFO - Dependencies all met for <TaskInstance: tutorial.t1 scheduled__2022-07-16T00:00:00+00:00 [queued]>
[2022-07-25 09:18:19,218] {taskinstance.py:1376} INFO - 
--------------------------------------------------------------------------------
[2022-07-25 09:18:19,220] {taskinstance.py:1377} INFO - Starting attempt 1 of 2
[2022-07-25 09:18:19,221] {taskinstance.py:1378} INFO - 
--------------------------------------------------------------------------------
[2022-07-25 09:18:19,365] {taskinstance.py:1397} INFO - Executing <Task(PythonOperator): t1> on 2022-07-16 00:00:00+00:00
[2022-07-25 09:18:19,382] {standard_task_runner.py:52} INFO - Started process 848 to run task
[2022-07-25 09:18:19,429] {standard_task_runner.py:79} INFO - Running: ['***', 'tasks', 'run', 'tutorial', 't1', 'scheduled__2022-07-16T00:00:00+00:00', '--job-id', '90', '--raw', '--subdir', 'DAGS_FOLDER/nickdag.py', '--cfg-path', '/tmp/tmp3pyh_b_a', '--error-file', '/tmp/tmpjy6xjwpt']
[2022-07-25 09:18:19,442] {standard_task_runner.py:80} INFO - Job 90: Subtask t1
[2022-07-25 09:18:19,533] {logging_mixin.py:115} WARNING - /home/***/.local/lib/python3.7/site-packages/***/configuration.py:528 DeprecationWarning: The sql_alchemy_conn option in [core] has been moved to the sql_alchemy_conn option in [database] - the old setting has been used, but please update your config.
[2022-07-25 09:18:19,808] {task_command.py:371} INFO - Running <TaskInstance: tutorial.t1 scheduled__2022-07-16T00:00:00+00:00 [running]> on host 01e6b1df1873
[2022-07-25 09:18:20,073] {taskinstance.py:1591} INFO - Exporting the following env vars:
AIRFLOW_CTX_DAG_EMAIL=caroline.kosalka@gmail.com
AIRFLOW_CTX_DAG_OWNER=***
AIRFLOW_CTX_DAG_ID=tutorial
AIRFLOW_CTX_TASK_ID=t1
AIRFLOW_CTX_EXECUTION_DATE=2022-07-16T00:00:00+00:00
AIRFLOW_CTX_TRY_NUMBER=1
AIRFLOW_CTX_DAG_RUN_ID=scheduled__2022-07-16T00:00:00+00:00
[2022-07-25 09:18:20,076] {python.py:173} INFO - Done. Returned value was: welcome
[2022-07-25 09:18:20,338] {taskinstance.py:1420} INFO - Marking task as SUCCESS. dag_id=tutorial, task_id=t1, execution_date=20220716T000000, start_date=20220725T091819, end_date=20220725T091820
[2022-07-25 09:18:20,469] {local_task_job.py:156} INFO - Task exited with return code 0
[2022-07-25 09:18:20,699] {local_task_job.py:273} INFO - 1 downstream tasks scheduled from follow-on schedule check
