[2022-07-22 12:59:38,003] {taskinstance.py:1179} INFO - Dependencies all met for <TaskInstance: tutorial.t2 scheduled__2022-06-08T00:00:00+00:00 [queued]>
[2022-07-22 12:59:38,054] {taskinstance.py:1179} INFO - Dependencies all met for <TaskInstance: tutorial.t2 scheduled__2022-06-08T00:00:00+00:00 [queued]>
[2022-07-22 12:59:38,072] {taskinstance.py:1376} INFO - 
--------------------------------------------------------------------------------
[2022-07-22 12:59:38,073] {taskinstance.py:1377} INFO - Starting attempt 1 of 2
[2022-07-22 12:59:38,076] {taskinstance.py:1378} INFO - 
--------------------------------------------------------------------------------
[2022-07-22 12:59:38,946] {taskinstance.py:1397} INFO - Executing <Task(PythonOperator): t2> on 2022-06-08 00:00:00+00:00
[2022-07-22 12:59:39,022] {standard_task_runner.py:52} INFO - Started process 728 to run task
[2022-07-22 12:59:39,226] {standard_task_runner.py:79} INFO - Running: ['***', 'tasks', 'run', 'tutorial', 't2', 'scheduled__2022-06-08T00:00:00+00:00', '--job-id', '16', '--raw', '--subdir', 'DAGS_FOLDER/nickdag.py', '--cfg-path', '/tmp/tmp7kejnpwp', '--error-file', '/tmp/tmphc07mtun']
[2022-07-22 12:59:39,303] {standard_task_runner.py:80} INFO - Job 16: Subtask t2
[2022-07-22 12:59:41,935] {logging_mixin.py:115} WARNING - /home/***/.local/lib/python3.7/site-packages/***/configuration.py:528 DeprecationWarning: The sql_alchemy_conn option in [core] has been moved to the sql_alchemy_conn option in [database] - the old setting has been used, but please update your config.
[2022-07-22 12:59:44,085] {task_command.py:371} INFO - Running <TaskInstance: tutorial.t2 scheduled__2022-06-08T00:00:00+00:00 [running]> on host 2f63307804d5
[2022-07-22 12:59:45,625] {taskinstance.py:1591} INFO - Exporting the following env vars:
AIRFLOW_CTX_DAG_EMAIL=caroline.kosalka@gmail.com
AIRFLOW_CTX_DAG_OWNER=***
AIRFLOW_CTX_DAG_ID=tutorial
AIRFLOW_CTX_TASK_ID=t2
AIRFLOW_CTX_EXECUTION_DATE=2022-06-08T00:00:00+00:00
AIRFLOW_CTX_TRY_NUMBER=1
AIRFLOW_CTX_DAG_RUN_ID=scheduled__2022-06-08T00:00:00+00:00
[2022-07-22 12:59:45,632] {python.py:173} INFO - Done. Returned value was: goodbye
[2022-07-22 12:59:45,895] {taskinstance.py:1420} INFO - Marking task as SUCCESS. dag_id=tutorial, task_id=t2, execution_date=20220608T000000, start_date=20220722T125938, end_date=20220722T125945
[2022-07-22 12:59:46,470] {local_task_job.py:156} INFO - Task exited with return code 0
[2022-07-22 12:59:47,094] {local_task_job.py:273} INFO - 0 downstream tasks scheduled from follow-on schedule check
[2022-07-25 09:17:55,925] {taskinstance.py:1179} INFO - Dependencies all met for <TaskInstance: tutorial.t2 scheduled__2022-06-08T00:00:00+00:00 [queued]>
[2022-07-25 09:17:56,002] {taskinstance.py:1179} INFO - Dependencies all met for <TaskInstance: tutorial.t2 scheduled__2022-06-08T00:00:00+00:00 [queued]>
[2022-07-25 09:17:56,002] {taskinstance.py:1376} INFO - 
--------------------------------------------------------------------------------
[2022-07-25 09:17:56,003] {taskinstance.py:1377} INFO - Starting attempt 1 of 2
[2022-07-25 09:17:56,008] {taskinstance.py:1378} INFO - 
--------------------------------------------------------------------------------
[2022-07-25 09:17:56,088] {taskinstance.py:1397} INFO - Executing <Task(PythonOperator): t2> on 2022-06-08 00:00:00+00:00
[2022-07-25 09:17:56,117] {standard_task_runner.py:52} INFO - Started process 705 to run task
[2022-07-25 09:17:56,143] {standard_task_runner.py:79} INFO - Running: ['***', 'tasks', 'run', 'tutorial', 't2', 'scheduled__2022-06-08T00:00:00+00:00', '--job-id', '24', '--raw', '--subdir', 'DAGS_FOLDER/nickdag.py', '--cfg-path', '/tmp/tmp77n5576c', '--error-file', '/tmp/tmpiueko00v']
[2022-07-25 09:17:56,154] {standard_task_runner.py:80} INFO - Job 24: Subtask t2
[2022-07-25 09:17:56,248] {logging_mixin.py:115} WARNING - /home/***/.local/lib/python3.7/site-packages/***/configuration.py:528 DeprecationWarning: The sql_alchemy_conn option in [core] has been moved to the sql_alchemy_conn option in [database] - the old setting has been used, but please update your config.
[2022-07-25 09:17:56,500] {task_command.py:371} INFO - Running <TaskInstance: tutorial.t2 scheduled__2022-06-08T00:00:00+00:00 [running]> on host 01e6b1df1873
[2022-07-25 09:17:56,894] {taskinstance.py:1591} INFO - Exporting the following env vars:
AIRFLOW_CTX_DAG_EMAIL=caroline.kosalka@gmail.com
AIRFLOW_CTX_DAG_OWNER=***
AIRFLOW_CTX_DAG_ID=tutorial
AIRFLOW_CTX_TASK_ID=t2
AIRFLOW_CTX_EXECUTION_DATE=2022-06-08T00:00:00+00:00
AIRFLOW_CTX_TRY_NUMBER=1
AIRFLOW_CTX_DAG_RUN_ID=scheduled__2022-06-08T00:00:00+00:00
[2022-07-25 09:17:56,897] {python.py:173} INFO - Done. Returned value was: goodbye
[2022-07-25 09:17:57,212] {taskinstance.py:1420} INFO - Marking task as SUCCESS. dag_id=tutorial, task_id=t2, execution_date=20220608T000000, start_date=20220725T091755, end_date=20220725T091757
[2022-07-25 09:17:57,276] {local_task_job.py:156} INFO - Task exited with return code 0
[2022-07-25 09:17:57,498] {local_task_job.py:273} INFO - 0 downstream tasks scheduled from follow-on schedule check
