[2022-07-22 13:00:34,494] {taskinstance.py:1179} INFO - Dependencies all met for <TaskInstance: tutorial.t1 scheduled__2022-07-13T00:00:00+00:00 [queued]>
[2022-07-22 13:00:34,534] {taskinstance.py:1179} INFO - Dependencies all met for <TaskInstance: tutorial.t1 scheduled__2022-07-13T00:00:00+00:00 [queued]>
[2022-07-22 13:00:34,535] {taskinstance.py:1376} INFO - 
--------------------------------------------------------------------------------
[2022-07-22 13:00:34,536] {taskinstance.py:1377} INFO - Starting attempt 1 of 2
[2022-07-22 13:00:34,537] {taskinstance.py:1378} INFO - 
--------------------------------------------------------------------------------
[2022-07-22 13:00:34,594] {taskinstance.py:1397} INFO - Executing <Task(PythonOperator): t1> on 2022-07-13 00:00:00+00:00
[2022-07-22 13:00:34,607] {standard_task_runner.py:52} INFO - Started process 882 to run task
[2022-07-22 13:00:34,624] {standard_task_runner.py:79} INFO - Running: ['***', 'tasks', 'run', 'tutorial', 't1', 'scheduled__2022-07-13T00:00:00+00:00', '--job-id', '85', '--raw', '--subdir', 'DAGS_FOLDER/nickdag.py', '--cfg-path', '/tmp/tmp86icep8x', '--error-file', '/tmp/tmp9oud5m8p']
[2022-07-22 13:00:34,627] {standard_task_runner.py:80} INFO - Job 85: Subtask t1
[2022-07-22 13:00:34,675] {logging_mixin.py:115} WARNING - /home/***/.local/lib/python3.7/site-packages/***/configuration.py:528 DeprecationWarning: The sql_alchemy_conn option in [core] has been moved to the sql_alchemy_conn option in [database] - the old setting has been used, but please update your config.
[2022-07-22 13:00:34,926] {task_command.py:371} INFO - Running <TaskInstance: tutorial.t1 scheduled__2022-07-13T00:00:00+00:00 [running]> on host 2f63307804d5
[2022-07-22 13:00:35,189] {taskinstance.py:1591} INFO - Exporting the following env vars:
AIRFLOW_CTX_DAG_EMAIL=caroline.kosalka@gmail.com
AIRFLOW_CTX_DAG_OWNER=***
AIRFLOW_CTX_DAG_ID=tutorial
AIRFLOW_CTX_TASK_ID=t1
AIRFLOW_CTX_EXECUTION_DATE=2022-07-13T00:00:00+00:00
AIRFLOW_CTX_TRY_NUMBER=1
AIRFLOW_CTX_DAG_RUN_ID=scheduled__2022-07-13T00:00:00+00:00
[2022-07-22 13:00:35,194] {python.py:173} INFO - Done. Returned value was: welcome
[2022-07-22 13:00:35,301] {taskinstance.py:1420} INFO - Marking task as SUCCESS. dag_id=tutorial, task_id=t1, execution_date=20220713T000000, start_date=20220722T130034, end_date=20220722T130035
[2022-07-22 13:00:35,362] {local_task_job.py:156} INFO - Task exited with return code 0
[2022-07-22 13:00:35,645] {local_task_job.py:273} INFO - 0 downstream tasks scheduled from follow-on schedule check
[2022-07-25 09:18:17,150] {taskinstance.py:1179} INFO - Dependencies all met for <TaskInstance: tutorial.t1 scheduled__2022-07-13T00:00:00+00:00 [queued]>
[2022-07-25 09:18:17,164] {taskinstance.py:1179} INFO - Dependencies all met for <TaskInstance: tutorial.t1 scheduled__2022-07-13T00:00:00+00:00 [queued]>
[2022-07-25 09:18:17,164] {taskinstance.py:1376} INFO - 
--------------------------------------------------------------------------------
[2022-07-25 09:18:17,165] {taskinstance.py:1377} INFO - Starting attempt 1 of 2
[2022-07-25 09:18:17,166] {taskinstance.py:1378} INFO - 
--------------------------------------------------------------------------------
[2022-07-25 09:18:17,182] {taskinstance.py:1397} INFO - Executing <Task(PythonOperator): t1> on 2022-07-13 00:00:00+00:00
[2022-07-25 09:18:17,187] {standard_task_runner.py:52} INFO - Started process 837 to run task
[2022-07-25 09:18:17,191] {standard_task_runner.py:79} INFO - Running: ['***', 'tasks', 'run', 'tutorial', 't1', 'scheduled__2022-07-13T00:00:00+00:00', '--job-id', '86', '--raw', '--subdir', 'DAGS_FOLDER/nickdag.py', '--cfg-path', '/tmp/tmp6cpcp8u8', '--error-file', '/tmp/tmp2oj6hc04']
[2022-07-25 09:18:17,194] {standard_task_runner.py:80} INFO - Job 86: Subtask t1
[2022-07-25 09:18:17,216] {logging_mixin.py:115} WARNING - /home/***/.local/lib/python3.7/site-packages/***/configuration.py:528 DeprecationWarning: The sql_alchemy_conn option in [core] has been moved to the sql_alchemy_conn option in [database] - the old setting has been used, but please update your config.
[2022-07-25 09:18:17,297] {task_command.py:371} INFO - Running <TaskInstance: tutorial.t1 scheduled__2022-07-13T00:00:00+00:00 [running]> on host 01e6b1df1873
[2022-07-25 09:18:17,432] {taskinstance.py:1591} INFO - Exporting the following env vars:
AIRFLOW_CTX_DAG_EMAIL=caroline.kosalka@gmail.com
AIRFLOW_CTX_DAG_OWNER=***
AIRFLOW_CTX_DAG_ID=tutorial
AIRFLOW_CTX_TASK_ID=t1
AIRFLOW_CTX_EXECUTION_DATE=2022-07-13T00:00:00+00:00
AIRFLOW_CTX_TRY_NUMBER=1
AIRFLOW_CTX_DAG_RUN_ID=scheduled__2022-07-13T00:00:00+00:00
[2022-07-25 09:18:17,438] {python.py:173} INFO - Done. Returned value was: welcome
[2022-07-25 09:18:17,545] {taskinstance.py:1420} INFO - Marking task as SUCCESS. dag_id=tutorial, task_id=t1, execution_date=20220713T000000, start_date=20220725T091817, end_date=20220725T091817
[2022-07-25 09:18:17,649] {local_task_job.py:156} INFO - Task exited with return code 0
[2022-07-25 09:18:17,783] {local_task_job.py:273} INFO - 1 downstream tasks scheduled from follow-on schedule check
