[2022-07-22 13:00:34,237] {taskinstance.py:1179} INFO - Dependencies all met for <TaskInstance: tutorial.t1 scheduled__2022-07-12T00:00:00+00:00 [queued]>
[2022-07-22 13:00:34,251] {taskinstance.py:1179} INFO - Dependencies all met for <TaskInstance: tutorial.t1 scheduled__2022-07-12T00:00:00+00:00 [queued]>
[2022-07-22 13:00:34,251] {taskinstance.py:1376} INFO - 
--------------------------------------------------------------------------------
[2022-07-22 13:00:34,252] {taskinstance.py:1377} INFO - Starting attempt 1 of 2
[2022-07-22 13:00:34,253] {taskinstance.py:1378} INFO - 
--------------------------------------------------------------------------------
[2022-07-22 13:00:34,279] {taskinstance.py:1397} INFO - Executing <Task(PythonOperator): t1> on 2022-07-12 00:00:00+00:00
[2022-07-22 13:00:34,288] {standard_task_runner.py:52} INFO - Started process 879 to run task
[2022-07-22 13:00:34,302] {standard_task_runner.py:79} INFO - Running: ['***', 'tasks', 'run', 'tutorial', 't1', 'scheduled__2022-07-12T00:00:00+00:00', '--job-id', '84', '--raw', '--subdir', 'DAGS_FOLDER/nickdag.py', '--cfg-path', '/tmp/tmpibjss8is', '--error-file', '/tmp/tmpjxui5iwz']
[2022-07-22 13:00:34,304] {standard_task_runner.py:80} INFO - Job 84: Subtask t1
[2022-07-22 13:00:34,343] {logging_mixin.py:115} WARNING - /home/***/.local/lib/python3.7/site-packages/***/configuration.py:528 DeprecationWarning: The sql_alchemy_conn option in [core] has been moved to the sql_alchemy_conn option in [database] - the old setting has been used, but please update your config.
[2022-07-22 13:00:34,516] {task_command.py:371} INFO - Running <TaskInstance: tutorial.t1 scheduled__2022-07-12T00:00:00+00:00 [running]> on host 2f63307804d5
[2022-07-22 13:00:34,923] {taskinstance.py:1591} INFO - Exporting the following env vars:
AIRFLOW_CTX_DAG_EMAIL=caroline.kosalka@gmail.com
AIRFLOW_CTX_DAG_OWNER=***
AIRFLOW_CTX_DAG_ID=tutorial
AIRFLOW_CTX_TASK_ID=t1
AIRFLOW_CTX_EXECUTION_DATE=2022-07-12T00:00:00+00:00
AIRFLOW_CTX_TRY_NUMBER=1
AIRFLOW_CTX_DAG_RUN_ID=scheduled__2022-07-12T00:00:00+00:00
[2022-07-22 13:00:34,926] {python.py:173} INFO - Done. Returned value was: welcome
[2022-07-22 13:00:35,022] {taskinstance.py:1420} INFO - Marking task as SUCCESS. dag_id=tutorial, task_id=t1, execution_date=20220712T000000, start_date=20220722T130034, end_date=20220722T130035
[2022-07-22 13:00:35,073] {local_task_job.py:156} INFO - Task exited with return code 0
[2022-07-22 13:00:35,348] {local_task_job.py:273} INFO - 0 downstream tasks scheduled from follow-on schedule check
[2022-07-25 09:18:13,176] {taskinstance.py:1179} INFO - Dependencies all met for <TaskInstance: tutorial.t1 scheduled__2022-07-12T00:00:00+00:00 [queued]>
[2022-07-25 09:18:13,218] {taskinstance.py:1179} INFO - Dependencies all met for <TaskInstance: tutorial.t1 scheduled__2022-07-12T00:00:00+00:00 [queued]>
[2022-07-25 09:18:13,225] {taskinstance.py:1376} INFO - 
--------------------------------------------------------------------------------
[2022-07-25 09:18:13,228] {taskinstance.py:1377} INFO - Starting attempt 1 of 2
[2022-07-25 09:18:13,230] {taskinstance.py:1378} INFO - 
--------------------------------------------------------------------------------
[2022-07-25 09:18:13,316] {taskinstance.py:1397} INFO - Executing <Task(PythonOperator): t1> on 2022-07-12 00:00:00+00:00
[2022-07-25 09:18:13,338] {standard_task_runner.py:52} INFO - Started process 827 to run task
[2022-07-25 09:18:13,385] {standard_task_runner.py:79} INFO - Running: ['***', 'tasks', 'run', 'tutorial', 't1', 'scheduled__2022-07-12T00:00:00+00:00', '--job-id', '80', '--raw', '--subdir', 'DAGS_FOLDER/nickdag.py', '--cfg-path', '/tmp/tmpjchviv0w', '--error-file', '/tmp/tmpwzlo5ng6']
[2022-07-25 09:18:13,396] {standard_task_runner.py:80} INFO - Job 80: Subtask t1
[2022-07-25 09:18:13,482] {logging_mixin.py:115} WARNING - /home/***/.local/lib/python3.7/site-packages/***/configuration.py:528 DeprecationWarning: The sql_alchemy_conn option in [core] has been moved to the sql_alchemy_conn option in [database] - the old setting has been used, but please update your config.
[2022-07-25 09:18:13,708] {task_command.py:371} INFO - Running <TaskInstance: tutorial.t1 scheduled__2022-07-12T00:00:00+00:00 [running]> on host 01e6b1df1873
[2022-07-25 09:18:14,076] {taskinstance.py:1591} INFO - Exporting the following env vars:
AIRFLOW_CTX_DAG_EMAIL=caroline.kosalka@gmail.com
AIRFLOW_CTX_DAG_OWNER=***
AIRFLOW_CTX_DAG_ID=tutorial
AIRFLOW_CTX_TASK_ID=t1
AIRFLOW_CTX_EXECUTION_DATE=2022-07-12T00:00:00+00:00
AIRFLOW_CTX_TRY_NUMBER=1
AIRFLOW_CTX_DAG_RUN_ID=scheduled__2022-07-12T00:00:00+00:00
[2022-07-25 09:18:14,079] {python.py:173} INFO - Done. Returned value was: welcome
[2022-07-25 09:18:14,163] {taskinstance.py:1420} INFO - Marking task as SUCCESS. dag_id=tutorial, task_id=t1, execution_date=20220712T000000, start_date=20220725T091813, end_date=20220725T091814
[2022-07-25 09:18:14,224] {local_task_job.py:156} INFO - Task exited with return code 0
[2022-07-25 09:18:14,336] {local_task_job.py:273} INFO - 1 downstream tasks scheduled from follow-on schedule check
