[2022-07-22 12:59:44,795] {taskinstance.py:1179} INFO - Dependencies all met for <TaskInstance: tutorial.t2 scheduled__2022-06-02T00:00:00+00:00 [queued]>
[2022-07-22 12:59:45,534] {taskinstance.py:1179} INFO - Dependencies all met for <TaskInstance: tutorial.t2 scheduled__2022-06-02T00:00:00+00:00 [queued]>
[2022-07-22 12:59:45,536] {taskinstance.py:1376} INFO - 
--------------------------------------------------------------------------------
[2022-07-22 12:59:45,537] {taskinstance.py:1377} INFO - Starting attempt 1 of 2
[2022-07-22 12:59:45,538] {taskinstance.py:1378} INFO - 
--------------------------------------------------------------------------------
[2022-07-22 12:59:45,759] {taskinstance.py:1397} INFO - Executing <Task(PythonOperator): t2> on 2022-06-02 00:00:00+00:00
[2022-07-22 12:59:45,822] {standard_task_runner.py:52} INFO - Started process 740 to run task
[2022-07-22 12:59:45,918] {standard_task_runner.py:79} INFO - Running: ['***', 'tasks', 'run', 'tutorial', 't2', 'scheduled__2022-06-02T00:00:00+00:00', '--job-id', '18', '--raw', '--subdir', 'DAGS_FOLDER/nickdag.py', '--cfg-path', '/tmp/tmpd_e1lek8', '--error-file', '/tmp/tmpqlszym_6']
[2022-07-22 12:59:46,007] {standard_task_runner.py:80} INFO - Job 18: Subtask t2
[2022-07-22 12:59:46,639] {logging_mixin.py:115} WARNING - /home/***/.local/lib/python3.7/site-packages/***/configuration.py:528 DeprecationWarning: The sql_alchemy_conn option in [core] has been moved to the sql_alchemy_conn option in [database] - the old setting has been used, but please update your config.
[2022-07-22 12:59:47,737] {task_command.py:371} INFO - Running <TaskInstance: tutorial.t2 scheduled__2022-06-02T00:00:00+00:00 [running]> on host 2f63307804d5
[2022-07-22 12:59:49,058] {taskinstance.py:1591} INFO - Exporting the following env vars:
AIRFLOW_CTX_DAG_EMAIL=caroline.kosalka@gmail.com
AIRFLOW_CTX_DAG_OWNER=***
AIRFLOW_CTX_DAG_ID=tutorial
AIRFLOW_CTX_TASK_ID=t2
AIRFLOW_CTX_EXECUTION_DATE=2022-06-02T00:00:00+00:00
AIRFLOW_CTX_TRY_NUMBER=1
AIRFLOW_CTX_DAG_RUN_ID=scheduled__2022-06-02T00:00:00+00:00
[2022-07-22 12:59:49,103] {python.py:173} INFO - Done. Returned value was: goodbye
[2022-07-22 12:59:49,989] {taskinstance.py:1420} INFO - Marking task as SUCCESS. dag_id=tutorial, task_id=t2, execution_date=20220602T000000, start_date=20220722T125945, end_date=20220722T125949
[2022-07-22 12:59:50,630] {local_task_job.py:156} INFO - Task exited with return code 0
[2022-07-22 12:59:51,455] {local_task_job.py:273} INFO - 0 downstream tasks scheduled from follow-on schedule check
[2022-07-25 09:17:53,917] {taskinstance.py:1179} INFO - Dependencies all met for <TaskInstance: tutorial.t2 scheduled__2022-06-02T00:00:00+00:00 [queued]>
[2022-07-25 09:17:54,138] {taskinstance.py:1179} INFO - Dependencies all met for <TaskInstance: tutorial.t2 scheduled__2022-06-02T00:00:00+00:00 [queued]>
[2022-07-25 09:17:54,173] {taskinstance.py:1376} INFO - 
--------------------------------------------------------------------------------
[2022-07-25 09:17:54,225] {taskinstance.py:1377} INFO - Starting attempt 1 of 2
[2022-07-25 09:17:54,230] {taskinstance.py:1378} INFO - 
--------------------------------------------------------------------------------
[2022-07-25 09:17:54,401] {taskinstance.py:1397} INFO - Executing <Task(PythonOperator): t2> on 2022-06-02 00:00:00+00:00
[2022-07-25 09:17:54,416] {standard_task_runner.py:52} INFO - Started process 697 to run task
[2022-07-25 09:17:54,474] {standard_task_runner.py:79} INFO - Running: ['***', 'tasks', 'run', 'tutorial', 't2', 'scheduled__2022-06-02T00:00:00+00:00', '--job-id', '16', '--raw', '--subdir', 'DAGS_FOLDER/nickdag.py', '--cfg-path', '/tmp/tmp32f69gtt', '--error-file', '/tmp/tmp3vfmg7ai']
[2022-07-25 09:17:54,484] {standard_task_runner.py:80} INFO - Job 16: Subtask t2
[2022-07-25 09:17:54,567] {logging_mixin.py:115} WARNING - /home/***/.local/lib/python3.7/site-packages/***/configuration.py:528 DeprecationWarning: The sql_alchemy_conn option in [core] has been moved to the sql_alchemy_conn option in [database] - the old setting has been used, but please update your config.
[2022-07-25 09:17:55,345] {task_command.py:371} INFO - Running <TaskInstance: tutorial.t2 scheduled__2022-06-02T00:00:00+00:00 [running]> on host 01e6b1df1873
[2022-07-25 09:17:56,158] {taskinstance.py:1591} INFO - Exporting the following env vars:
AIRFLOW_CTX_DAG_EMAIL=caroline.kosalka@gmail.com
AIRFLOW_CTX_DAG_OWNER=***
AIRFLOW_CTX_DAG_ID=tutorial
AIRFLOW_CTX_TASK_ID=t2
AIRFLOW_CTX_EXECUTION_DATE=2022-06-02T00:00:00+00:00
AIRFLOW_CTX_TRY_NUMBER=1
AIRFLOW_CTX_DAG_RUN_ID=scheduled__2022-06-02T00:00:00+00:00
[2022-07-25 09:17:56,159] {python.py:173} INFO - Done. Returned value was: goodbye
[2022-07-25 09:17:56,566] {taskinstance.py:1420} INFO - Marking task as SUCCESS. dag_id=tutorial, task_id=t2, execution_date=20220602T000000, start_date=20220725T091753, end_date=20220725T091756
[2022-07-25 09:17:56,702] {local_task_job.py:156} INFO - Task exited with return code 0
[2022-07-25 09:17:56,923] {local_task_job.py:273} INFO - 0 downstream tasks scheduled from follow-on schedule check
