[2022-07-26 01:07:28,209] {processor.py:153} INFO - Started process (PID=579) to work on /opt/airflow/dags/final_dag.py
[2022-07-26 01:07:28,212] {processor.py:641} INFO - Processing file /opt/airflow/dags/final_dag.py for tasks to queue
[2022-07-26 01:07:28,213] {logging_mixin.py:115} INFO - [2022-07-26 01:07:28,213] {dagbag.py:508} INFO - Filling up the DagBag from /opt/airflow/dags/final_dag.py
[2022-07-26 01:07:28,971] {processor.py:651} INFO - DAG(s) dict_keys(['final_dag_test']) retrieved from /opt/airflow/dags/final_dag.py
[2022-07-26 01:07:29,045] {logging_mixin.py:115} INFO - [2022-07-26 01:07:29,038] {dag.py:2420} INFO - Sync 1 DAGs
[2022-07-26 01:07:29,086] {logging_mixin.py:115} INFO - [2022-07-26 01:07:29,086] {dag.py:2972} INFO - Setting next_dagrun for final_dag_test to 2022-07-26T00:00:00+00:00, run_after=2022-07-27T00:00:00+00:00
[2022-07-26 01:07:29,105] {processor.py:161} INFO - Processing /opt/airflow/dags/final_dag.py took 0.915 seconds
[2022-07-26 03:24:54,808] {processor.py:153} INFO - Started process (PID=607) to work on /opt/airflow/dags/final_dag.py
[2022-07-26 03:24:54,813] {processor.py:641} INFO - Processing file /opt/airflow/dags/final_dag.py for tasks to queue
[2022-07-26 03:24:54,817] {logging_mixin.py:115} INFO - [2022-07-26 03:24:54,817] {dagbag.py:508} INFO - Filling up the DagBag from /opt/airflow/dags/final_dag.py
[2022-07-26 03:24:55,971] {processor.py:651} INFO - DAG(s) dict_keys(['final_dag_test']) retrieved from /opt/airflow/dags/final_dag.py
[2022-07-26 03:24:56,073] {logging_mixin.py:115} INFO - [2022-07-26 03:24:56,069] {dag.py:2420} INFO - Sync 1 DAGs
[2022-07-26 03:24:56,121] {logging_mixin.py:115} INFO - [2022-07-26 03:24:56,121] {dag.py:2972} INFO - Setting next_dagrun for final_dag_test to 2022-07-26T00:00:00+00:00, run_after=2022-07-27T00:00:00+00:00
[2022-07-26 03:24:56,148] {processor.py:161} INFO - Processing /opt/airflow/dags/final_dag.py took 1.358 seconds
[2022-07-26 07:37:00,878] {processor.py:153} INFO - Started process (PID=639) to work on /opt/airflow/dags/final_dag.py
[2022-07-26 07:37:00,880] {processor.py:641} INFO - Processing file /opt/airflow/dags/final_dag.py for tasks to queue
[2022-07-26 07:37:00,885] {logging_mixin.py:115} INFO - [2022-07-26 07:37:00,885] {dagbag.py:508} INFO - Filling up the DagBag from /opt/airflow/dags/final_dag.py
[2022-07-26 07:37:05,718] {processor.py:651} INFO - DAG(s) dict_keys(['final_dag_test']) retrieved from /opt/airflow/dags/final_dag.py
[2022-07-26 07:37:05,827] {logging_mixin.py:115} INFO - [2022-07-26 07:37:05,820] {dag.py:2420} INFO - Sync 1 DAGs
[2022-07-26 07:37:05,882] {logging_mixin.py:115} INFO - [2022-07-26 07:37:05,882] {dag.py:2972} INFO - Setting next_dagrun for final_dag_test to 2022-07-26T00:00:00+00:00, run_after=2022-07-27T00:00:00+00:00
[2022-07-26 07:37:05,908] {processor.py:161} INFO - Processing /opt/airflow/dags/final_dag.py took 5.058 seconds
[2022-07-26 08:44:43,253] {processor.py:153} INFO - Started process (PID=655) to work on /opt/airflow/dags/final_dag.py
[2022-07-26 08:44:43,256] {processor.py:641} INFO - Processing file /opt/airflow/dags/final_dag.py for tasks to queue
[2022-07-26 08:44:43,258] {logging_mixin.py:115} INFO - [2022-07-26 08:44:43,258] {dagbag.py:508} INFO - Filling up the DagBag from /opt/airflow/dags/final_dag.py
[2022-07-26 08:44:43,782] {processor.py:651} INFO - DAG(s) dict_keys(['final_dag_test']) retrieved from /opt/airflow/dags/final_dag.py
[2022-07-26 08:44:43,872] {logging_mixin.py:115} INFO - [2022-07-26 08:44:43,871] {dag.py:2420} INFO - Sync 1 DAGs
[2022-07-26 08:44:43,918] {logging_mixin.py:115} INFO - [2022-07-26 08:44:43,917] {dag.py:2972} INFO - Setting next_dagrun for final_dag_test to 2022-07-26T00:00:00+00:00, run_after=2022-07-27T00:00:00+00:00
[2022-07-26 08:44:43,936] {processor.py:161} INFO - Processing /opt/airflow/dags/final_dag.py took 0.707 seconds
[2022-07-26 08:45:14,121] {processor.py:153} INFO - Started process (PID=684) to work on /opt/airflow/dags/final_dag.py
[2022-07-26 08:45:14,123] {processor.py:641} INFO - Processing file /opt/airflow/dags/final_dag.py for tasks to queue
[2022-07-26 08:45:14,124] {logging_mixin.py:115} INFO - [2022-07-26 08:45:14,124] {dagbag.py:508} INFO - Filling up the DagBag from /opt/airflow/dags/final_dag.py
[2022-07-26 08:45:14,402] {processor.py:651} INFO - DAG(s) dict_keys(['final_dag_test']) retrieved from /opt/airflow/dags/final_dag.py
[2022-07-26 08:45:14,439] {logging_mixin.py:115} INFO - [2022-07-26 08:45:14,439] {dag.py:2420} INFO - Sync 1 DAGs
[2022-07-26 08:45:14,466] {logging_mixin.py:115} INFO - [2022-07-26 08:45:14,466] {dag.py:2972} INFO - Setting next_dagrun for final_dag_test to 2022-07-26T00:00:00+00:00, run_after=2022-07-27T00:00:00+00:00
[2022-07-26 08:45:14,481] {processor.py:161} INFO - Processing /opt/airflow/dags/final_dag.py took 0.364 seconds
[2022-07-26 08:45:44,562] {processor.py:153} INFO - Started process (PID=700) to work on /opt/airflow/dags/final_dag.py
[2022-07-26 08:45:44,563] {processor.py:641} INFO - Processing file /opt/airflow/dags/final_dag.py for tasks to queue
[2022-07-26 08:45:44,565] {logging_mixin.py:115} INFO - [2022-07-26 08:45:44,565] {dagbag.py:508} INFO - Filling up the DagBag from /opt/airflow/dags/final_dag.py
[2022-07-26 08:45:44,985] {processor.py:651} INFO - DAG(s) dict_keys(['final_dag_test']) retrieved from /opt/airflow/dags/final_dag.py
[2022-07-26 08:45:45,125] {logging_mixin.py:115} INFO - [2022-07-26 08:45:45,121] {dag.py:2420} INFO - Sync 1 DAGs
[2022-07-26 08:45:45,178] {logging_mixin.py:115} INFO - [2022-07-26 08:45:45,178] {dag.py:2972} INFO - Setting next_dagrun for final_dag_test to 2022-07-26T00:00:00+00:00, run_after=2022-07-27T00:00:00+00:00
[2022-07-26 08:45:45,202] {processor.py:161} INFO - Processing /opt/airflow/dags/final_dag.py took 0.644 seconds
[2022-07-26 08:46:16,042] {processor.py:153} INFO - Started process (PID=718) to work on /opt/airflow/dags/final_dag.py
[2022-07-26 08:46:16,044] {processor.py:641} INFO - Processing file /opt/airflow/dags/final_dag.py for tasks to queue
[2022-07-26 08:46:16,045] {logging_mixin.py:115} INFO - [2022-07-26 08:46:16,045] {dagbag.py:508} INFO - Filling up the DagBag from /opt/airflow/dags/final_dag.py
[2022-07-26 08:46:16,406] {processor.py:651} INFO - DAG(s) dict_keys(['final_dag_test']) retrieved from /opt/airflow/dags/final_dag.py
[2022-07-26 08:46:16,452] {logging_mixin.py:115} INFO - [2022-07-26 08:46:16,450] {dag.py:2420} INFO - Sync 1 DAGs
[2022-07-26 08:46:16,496] {logging_mixin.py:115} INFO - [2022-07-26 08:46:16,496] {dag.py:2972} INFO - Setting next_dagrun for final_dag_test to 2022-07-26T00:00:00+00:00, run_after=2022-07-27T00:00:00+00:00
[2022-07-26 08:46:16,524] {processor.py:161} INFO - Processing /opt/airflow/dags/final_dag.py took 0.487 seconds
[2022-07-26 08:46:47,405] {processor.py:153} INFO - Started process (PID=734) to work on /opt/airflow/dags/final_dag.py
[2022-07-26 08:46:47,408] {processor.py:641} INFO - Processing file /opt/airflow/dags/final_dag.py for tasks to queue
[2022-07-26 08:46:47,410] {logging_mixin.py:115} INFO - [2022-07-26 08:46:47,409] {dagbag.py:508} INFO - Filling up the DagBag from /opt/airflow/dags/final_dag.py
[2022-07-26 08:46:47,870] {processor.py:651} INFO - DAG(s) dict_keys(['final_dag_test']) retrieved from /opt/airflow/dags/final_dag.py
[2022-07-26 08:46:47,913] {logging_mixin.py:115} INFO - [2022-07-26 08:46:47,912] {dag.py:2420} INFO - Sync 1 DAGs
[2022-07-26 08:46:47,941] {logging_mixin.py:115} INFO - [2022-07-26 08:46:47,941] {dag.py:2972} INFO - Setting next_dagrun for final_dag_test to 2022-07-26T00:00:00+00:00, run_after=2022-07-27T00:00:00+00:00
[2022-07-26 08:46:47,960] {processor.py:161} INFO - Processing /opt/airflow/dags/final_dag.py took 0.562 seconds
[2022-07-26 08:47:18,740] {processor.py:153} INFO - Started process (PID=750) to work on /opt/airflow/dags/final_dag.py
[2022-07-26 08:47:18,741] {processor.py:641} INFO - Processing file /opt/airflow/dags/final_dag.py for tasks to queue
[2022-07-26 08:47:18,743] {logging_mixin.py:115} INFO - [2022-07-26 08:47:18,743] {dagbag.py:508} INFO - Filling up the DagBag from /opt/airflow/dags/final_dag.py
[2022-07-26 08:47:19,033] {processor.py:651} INFO - DAG(s) dict_keys(['final_dag_test']) retrieved from /opt/airflow/dags/final_dag.py
[2022-07-26 08:47:19,071] {logging_mixin.py:115} INFO - [2022-07-26 08:47:19,070] {dag.py:2420} INFO - Sync 1 DAGs
[2022-07-26 08:47:19,097] {logging_mixin.py:115} INFO - [2022-07-26 08:47:19,096] {dag.py:2972} INFO - Setting next_dagrun for final_dag_test to 2022-07-26T00:00:00+00:00, run_after=2022-07-27T00:00:00+00:00
[2022-07-26 08:47:19,111] {processor.py:161} INFO - Processing /opt/airflow/dags/final_dag.py took 0.376 seconds
[2022-07-26 08:47:50,084] {processor.py:153} INFO - Started process (PID=766) to work on /opt/airflow/dags/final_dag.py
[2022-07-26 08:47:50,087] {processor.py:641} INFO - Processing file /opt/airflow/dags/final_dag.py for tasks to queue
[2022-07-26 08:47:50,089] {logging_mixin.py:115} INFO - [2022-07-26 08:47:50,089] {dagbag.py:508} INFO - Filling up the DagBag from /opt/airflow/dags/final_dag.py
[2022-07-26 08:47:50,352] {processor.py:651} INFO - DAG(s) dict_keys(['final_dag_test']) retrieved from /opt/airflow/dags/final_dag.py
[2022-07-26 08:47:50,387] {logging_mixin.py:115} INFO - [2022-07-26 08:47:50,386] {dag.py:2420} INFO - Sync 1 DAGs
[2022-07-26 08:47:50,410] {logging_mixin.py:115} INFO - [2022-07-26 08:47:50,409] {dag.py:2972} INFO - Setting next_dagrun for final_dag_test to 2022-07-26T00:00:00+00:00, run_after=2022-07-27T00:00:00+00:00
[2022-07-26 08:47:50,423] {processor.py:161} INFO - Processing /opt/airflow/dags/final_dag.py took 0.344 seconds
[2022-07-26 08:48:20,473] {processor.py:153} INFO - Started process (PID=782) to work on /opt/airflow/dags/final_dag.py
[2022-07-26 08:48:20,475] {processor.py:641} INFO - Processing file /opt/airflow/dags/final_dag.py for tasks to queue
[2022-07-26 08:48:20,476] {logging_mixin.py:115} INFO - [2022-07-26 08:48:20,476] {dagbag.py:508} INFO - Filling up the DagBag from /opt/airflow/dags/final_dag.py
[2022-07-26 08:48:20,764] {processor.py:651} INFO - DAG(s) dict_keys(['final_dag_test']) retrieved from /opt/airflow/dags/final_dag.py
[2022-07-26 08:48:20,801] {logging_mixin.py:115} INFO - [2022-07-26 08:48:20,799] {dag.py:2420} INFO - Sync 1 DAGs
[2022-07-26 08:48:20,827] {logging_mixin.py:115} INFO - [2022-07-26 08:48:20,826] {dag.py:2972} INFO - Setting next_dagrun for final_dag_test to 2022-07-26T00:00:00+00:00, run_after=2022-07-27T00:00:00+00:00
[2022-07-26 08:48:20,842] {processor.py:161} INFO - Processing /opt/airflow/dags/final_dag.py took 0.374 seconds
[2022-07-26 08:48:51,780] {processor.py:153} INFO - Started process (PID=798) to work on /opt/airflow/dags/final_dag.py
[2022-07-26 08:48:51,782] {processor.py:641} INFO - Processing file /opt/airflow/dags/final_dag.py for tasks to queue
[2022-07-26 08:48:51,783] {logging_mixin.py:115} INFO - [2022-07-26 08:48:51,783] {dagbag.py:508} INFO - Filling up the DagBag from /opt/airflow/dags/final_dag.py
[2022-07-26 08:48:52,042] {processor.py:651} INFO - DAG(s) dict_keys(['final_dag_test']) retrieved from /opt/airflow/dags/final_dag.py
[2022-07-26 08:48:52,079] {logging_mixin.py:115} INFO - [2022-07-26 08:48:52,078] {dag.py:2420} INFO - Sync 1 DAGs
[2022-07-26 08:48:52,103] {logging_mixin.py:115} INFO - [2022-07-26 08:48:52,103] {dag.py:2972} INFO - Setting next_dagrun for final_dag_test to 2022-07-26T00:00:00+00:00, run_after=2022-07-27T00:00:00+00:00
[2022-07-26 08:48:52,118] {processor.py:161} INFO - Processing /opt/airflow/dags/final_dag.py took 0.343 seconds
[2022-07-26 08:49:22,716] {processor.py:153} INFO - Started process (PID=814) to work on /opt/airflow/dags/final_dag.py
[2022-07-26 08:49:22,718] {processor.py:641} INFO - Processing file /opt/airflow/dags/final_dag.py for tasks to queue
[2022-07-26 08:49:22,722] {logging_mixin.py:115} INFO - [2022-07-26 08:49:22,721] {dagbag.py:508} INFO - Filling up the DagBag from /opt/airflow/dags/final_dag.py
[2022-07-26 08:49:23,533] {processor.py:651} INFO - DAG(s) dict_keys(['final_dag_test']) retrieved from /opt/airflow/dags/final_dag.py
[2022-07-26 08:49:23,646] {logging_mixin.py:115} INFO - [2022-07-26 08:49:23,644] {dag.py:2420} INFO - Sync 1 DAGs
[2022-07-26 08:49:23,694] {logging_mixin.py:115} INFO - [2022-07-26 08:49:23,694] {dag.py:2972} INFO - Setting next_dagrun for final_dag_test to 2022-07-26T00:00:00+00:00, run_after=2022-07-27T00:00:00+00:00
[2022-07-26 08:49:23,709] {processor.py:161} INFO - Processing /opt/airflow/dags/final_dag.py took 1.006 seconds
[2022-07-26 09:01:21,896] {processor.py:153} INFO - Started process (PID=826) to work on /opt/airflow/dags/final_dag.py
[2022-07-26 09:01:21,899] {processor.py:641} INFO - Processing file /opt/airflow/dags/final_dag.py for tasks to queue
[2022-07-26 09:01:21,901] {logging_mixin.py:115} INFO - [2022-07-26 09:01:21,900] {dagbag.py:508} INFO - Filling up the DagBag from /opt/airflow/dags/final_dag.py
[2022-07-26 09:01:22,409] {processor.py:651} INFO - DAG(s) dict_keys(['final_dag_test']) retrieved from /opt/airflow/dags/final_dag.py
[2022-07-26 09:01:22,480] {logging_mixin.py:115} INFO - [2022-07-26 09:01:22,479] {dag.py:2420} INFO - Sync 1 DAGs
[2022-07-26 09:01:22,505] {logging_mixin.py:115} INFO - [2022-07-26 09:01:22,505] {dag.py:2972} INFO - Setting next_dagrun for final_dag_test to 2022-07-26T00:00:00+00:00, run_after=2022-07-27T00:00:00+00:00
[2022-07-26 09:01:22,519] {processor.py:161} INFO - Processing /opt/airflow/dags/final_dag.py took 0.637 seconds
[2022-07-26 09:01:52,833] {processor.py:153} INFO - Started process (PID=843) to work on /opt/airflow/dags/final_dag.py
[2022-07-26 09:01:52,835] {processor.py:641} INFO - Processing file /opt/airflow/dags/final_dag.py for tasks to queue
[2022-07-26 09:01:52,837] {logging_mixin.py:115} INFO - [2022-07-26 09:01:52,837] {dagbag.py:508} INFO - Filling up the DagBag from /opt/airflow/dags/final_dag.py
[2022-07-26 09:01:53,178] {processor.py:651} INFO - DAG(s) dict_keys(['final_dag_test']) retrieved from /opt/airflow/dags/final_dag.py
[2022-07-26 09:01:53,216] {logging_mixin.py:115} INFO - [2022-07-26 09:01:53,215] {dag.py:2420} INFO - Sync 1 DAGs
[2022-07-26 09:01:53,240] {logging_mixin.py:115} INFO - [2022-07-26 09:01:53,240] {dag.py:2972} INFO - Setting next_dagrun for final_dag_test to 2022-07-26T00:00:00+00:00, run_after=2022-07-27T00:00:00+00:00
[2022-07-26 09:01:53,255] {processor.py:161} INFO - Processing /opt/airflow/dags/final_dag.py took 0.433 seconds
[2022-07-26 09:02:23,320] {processor.py:153} INFO - Started process (PID=859) to work on /opt/airflow/dags/final_dag.py
[2022-07-26 09:02:23,322] {processor.py:641} INFO - Processing file /opt/airflow/dags/final_dag.py for tasks to queue
[2022-07-26 09:02:23,323] {logging_mixin.py:115} INFO - [2022-07-26 09:02:23,323] {dagbag.py:508} INFO - Filling up the DagBag from /opt/airflow/dags/final_dag.py
[2022-07-26 09:02:23,684] {processor.py:651} INFO - DAG(s) dict_keys(['final_dag_test']) retrieved from /opt/airflow/dags/final_dag.py
[2022-07-26 09:02:23,743] {logging_mixin.py:115} INFO - [2022-07-26 09:02:23,742] {dag.py:2420} INFO - Sync 1 DAGs
[2022-07-26 09:02:23,778] {logging_mixin.py:115} INFO - [2022-07-26 09:02:23,777] {dag.py:2972} INFO - Setting next_dagrun for final_dag_test to 2022-07-26T00:00:00+00:00, run_after=2022-07-27T00:00:00+00:00
[2022-07-26 09:02:23,796] {processor.py:161} INFO - Processing /opt/airflow/dags/final_dag.py took 0.481 seconds
[2022-07-26 09:02:53,885] {processor.py:153} INFO - Started process (PID=875) to work on /opt/airflow/dags/final_dag.py
[2022-07-26 09:02:53,887] {processor.py:641} INFO - Processing file /opt/airflow/dags/final_dag.py for tasks to queue
[2022-07-26 09:02:53,889] {logging_mixin.py:115} INFO - [2022-07-26 09:02:53,889] {dagbag.py:508} INFO - Filling up the DagBag from /opt/airflow/dags/final_dag.py
[2022-07-26 09:02:54,219] {processor.py:651} INFO - DAG(s) dict_keys(['final_dag_test']) retrieved from /opt/airflow/dags/final_dag.py
[2022-07-26 09:02:54,258] {logging_mixin.py:115} INFO - [2022-07-26 09:02:54,257] {dag.py:2420} INFO - Sync 1 DAGs
[2022-07-26 09:02:54,292] {logging_mixin.py:115} INFO - [2022-07-26 09:02:54,291] {dag.py:2972} INFO - Setting next_dagrun for final_dag_test to 2022-07-26T00:00:00+00:00, run_after=2022-07-27T00:00:00+00:00
[2022-07-26 09:02:54,313] {processor.py:161} INFO - Processing /opt/airflow/dags/final_dag.py took 0.436 seconds
[2022-07-26 09:03:24,479] {processor.py:153} INFO - Started process (PID=899) to work on /opt/airflow/dags/final_dag.py
[2022-07-26 09:03:24,481] {processor.py:641} INFO - Processing file /opt/airflow/dags/final_dag.py for tasks to queue
[2022-07-26 09:03:24,482] {logging_mixin.py:115} INFO - [2022-07-26 09:03:24,482] {dagbag.py:508} INFO - Filling up the DagBag from /opt/airflow/dags/final_dag.py
[2022-07-26 09:03:24,744] {processor.py:651} INFO - DAG(s) dict_keys(['final_dag_test']) retrieved from /opt/airflow/dags/final_dag.py
[2022-07-26 09:03:24,779] {logging_mixin.py:115} INFO - [2022-07-26 09:03:24,778] {dag.py:2420} INFO - Sync 1 DAGs
[2022-07-26 09:03:24,804] {logging_mixin.py:115} INFO - [2022-07-26 09:03:24,803] {dag.py:2972} INFO - Setting next_dagrun for final_dag_test to 2022-07-26T00:00:00+00:00, run_after=2022-07-27T00:00:00+00:00
[2022-07-26 09:03:24,819] {processor.py:161} INFO - Processing /opt/airflow/dags/final_dag.py took 0.344 seconds
[2022-07-26 09:03:54,884] {processor.py:153} INFO - Started process (PID=917) to work on /opt/airflow/dags/final_dag.py
[2022-07-26 09:03:54,888] {processor.py:641} INFO - Processing file /opt/airflow/dags/final_dag.py for tasks to queue
[2022-07-26 09:03:54,889] {logging_mixin.py:115} INFO - [2022-07-26 09:03:54,889] {dagbag.py:508} INFO - Filling up the DagBag from /opt/airflow/dags/final_dag.py
[2022-07-26 09:03:55,181] {processor.py:651} INFO - DAG(s) dict_keys(['final_dag_test']) retrieved from /opt/airflow/dags/final_dag.py
[2022-07-26 09:03:55,218] {logging_mixin.py:115} INFO - [2022-07-26 09:03:55,217] {dag.py:2420} INFO - Sync 1 DAGs
[2022-07-26 09:03:55,246] {logging_mixin.py:115} INFO - [2022-07-26 09:03:55,246] {dag.py:2972} INFO - Setting next_dagrun for final_dag_test to 2022-07-26T00:00:00+00:00, run_after=2022-07-27T00:00:00+00:00
[2022-07-26 09:03:55,262] {processor.py:161} INFO - Processing /opt/airflow/dags/final_dag.py took 0.383 seconds
[2022-07-26 09:04:26,143] {processor.py:153} INFO - Started process (PID=933) to work on /opt/airflow/dags/final_dag.py
[2022-07-26 09:04:26,145] {processor.py:641} INFO - Processing file /opt/airflow/dags/final_dag.py for tasks to queue
[2022-07-26 09:04:26,146] {logging_mixin.py:115} INFO - [2022-07-26 09:04:26,146] {dagbag.py:508} INFO - Filling up the DagBag from /opt/airflow/dags/final_dag.py
[2022-07-26 09:04:26,399] {processor.py:651} INFO - DAG(s) dict_keys(['final_dag_test']) retrieved from /opt/airflow/dags/final_dag.py
[2022-07-26 09:04:26,433] {logging_mixin.py:115} INFO - [2022-07-26 09:04:26,432] {dag.py:2420} INFO - Sync 1 DAGs
[2022-07-26 09:04:26,455] {logging_mixin.py:115} INFO - [2022-07-26 09:04:26,455] {dag.py:2972} INFO - Setting next_dagrun for final_dag_test to 2022-07-26T00:00:00+00:00, run_after=2022-07-27T00:00:00+00:00
[2022-07-26 09:04:26,468] {processor.py:161} INFO - Processing /opt/airflow/dags/final_dag.py took 0.333 seconds
[2022-07-26 09:04:57,478] {processor.py:153} INFO - Started process (PID=949) to work on /opt/airflow/dags/final_dag.py
[2022-07-26 09:04:57,480] {processor.py:641} INFO - Processing file /opt/airflow/dags/final_dag.py for tasks to queue
[2022-07-26 09:04:57,481] {logging_mixin.py:115} INFO - [2022-07-26 09:04:57,481] {dagbag.py:508} INFO - Filling up the DagBag from /opt/airflow/dags/final_dag.py
[2022-07-26 09:04:57,737] {processor.py:651} INFO - DAG(s) dict_keys(['final_dag_test']) retrieved from /opt/airflow/dags/final_dag.py
[2022-07-26 09:04:57,772] {logging_mixin.py:115} INFO - [2022-07-26 09:04:57,771] {dag.py:2420} INFO - Sync 1 DAGs
[2022-07-26 09:04:57,795] {logging_mixin.py:115} INFO - [2022-07-26 09:04:57,795] {dag.py:2972} INFO - Setting next_dagrun for final_dag_test to 2022-07-26T00:00:00+00:00, run_after=2022-07-27T00:00:00+00:00
[2022-07-26 09:04:57,809] {processor.py:161} INFO - Processing /opt/airflow/dags/final_dag.py took 0.336 seconds
[2022-07-26 09:05:28,778] {processor.py:153} INFO - Started process (PID=965) to work on /opt/airflow/dags/final_dag.py
[2022-07-26 09:05:28,781] {processor.py:641} INFO - Processing file /opt/airflow/dags/final_dag.py for tasks to queue
[2022-07-26 09:05:28,782] {logging_mixin.py:115} INFO - [2022-07-26 09:05:28,782] {dagbag.py:508} INFO - Filling up the DagBag from /opt/airflow/dags/final_dag.py
[2022-07-26 09:05:29,033] {processor.py:651} INFO - DAG(s) dict_keys(['final_dag_test']) retrieved from /opt/airflow/dags/final_dag.py
[2022-07-26 09:05:29,068] {logging_mixin.py:115} INFO - [2022-07-26 09:05:29,067] {dag.py:2420} INFO - Sync 1 DAGs
[2022-07-26 09:05:29,092] {logging_mixin.py:115} INFO - [2022-07-26 09:05:29,092] {dag.py:2972} INFO - Setting next_dagrun for final_dag_test to 2022-07-26T00:00:00+00:00, run_after=2022-07-27T00:00:00+00:00
[2022-07-26 09:05:29,105] {processor.py:161} INFO - Processing /opt/airflow/dags/final_dag.py took 0.332 seconds
[2022-07-26 09:05:59,157] {processor.py:153} INFO - Started process (PID=981) to work on /opt/airflow/dags/final_dag.py
[2022-07-26 09:05:59,158] {processor.py:641} INFO - Processing file /opt/airflow/dags/final_dag.py for tasks to queue
[2022-07-26 09:05:59,159] {logging_mixin.py:115} INFO - [2022-07-26 09:05:59,159] {dagbag.py:508} INFO - Filling up the DagBag from /opt/airflow/dags/final_dag.py
[2022-07-26 09:05:59,409] {processor.py:651} INFO - DAG(s) dict_keys(['final_dag_test']) retrieved from /opt/airflow/dags/final_dag.py
[2022-07-26 09:05:59,444] {logging_mixin.py:115} INFO - [2022-07-26 09:05:59,443] {dag.py:2420} INFO - Sync 1 DAGs
[2022-07-26 09:05:59,467] {logging_mixin.py:115} INFO - [2022-07-26 09:05:59,467] {dag.py:2972} INFO - Setting next_dagrun for final_dag_test to 2022-07-26T00:00:00+00:00, run_after=2022-07-27T00:00:00+00:00
[2022-07-26 09:05:59,482] {processor.py:161} INFO - Processing /opt/airflow/dags/final_dag.py took 0.330 seconds
[2022-07-26 09:06:30,430] {processor.py:153} INFO - Started process (PID=997) to work on /opt/airflow/dags/final_dag.py
[2022-07-26 09:06:30,432] {processor.py:641} INFO - Processing file /opt/airflow/dags/final_dag.py for tasks to queue
[2022-07-26 09:06:30,434] {logging_mixin.py:115} INFO - [2022-07-26 09:06:30,434] {dagbag.py:508} INFO - Filling up the DagBag from /opt/airflow/dags/final_dag.py
[2022-07-26 09:06:30,692] {processor.py:651} INFO - DAG(s) dict_keys(['final_dag_test']) retrieved from /opt/airflow/dags/final_dag.py
[2022-07-26 09:06:30,732] {logging_mixin.py:115} INFO - [2022-07-26 09:06:30,731] {dag.py:2420} INFO - Sync 1 DAGs
[2022-07-26 09:06:30,758] {logging_mixin.py:115} INFO - [2022-07-26 09:06:30,757] {dag.py:2972} INFO - Setting next_dagrun for final_dag_test to 2022-07-26T00:00:00+00:00, run_after=2022-07-27T00:00:00+00:00
[2022-07-26 09:06:30,773] {processor.py:161} INFO - Processing /opt/airflow/dags/final_dag.py took 0.348 seconds
[2022-07-26 09:07:01,739] {processor.py:153} INFO - Started process (PID=1013) to work on /opt/airflow/dags/final_dag.py
[2022-07-26 09:07:01,741] {processor.py:641} INFO - Processing file /opt/airflow/dags/final_dag.py for tasks to queue
[2022-07-26 09:07:01,742] {logging_mixin.py:115} INFO - [2022-07-26 09:07:01,742] {dagbag.py:508} INFO - Filling up the DagBag from /opt/airflow/dags/final_dag.py
[2022-07-26 09:07:02,002] {processor.py:651} INFO - DAG(s) dict_keys(['final_dag_test']) retrieved from /opt/airflow/dags/final_dag.py
[2022-07-26 09:07:02,085] {logging_mixin.py:115} INFO - [2022-07-26 09:07:02,084] {dag.py:2420} INFO - Sync 1 DAGs
[2022-07-26 09:07:02,114] {logging_mixin.py:115} INFO - [2022-07-26 09:07:02,114] {dag.py:2972} INFO - Setting next_dagrun for final_dag_test to 2022-07-26T00:00:00+00:00, run_after=2022-07-27T00:00:00+00:00
[2022-07-26 09:07:02,130] {processor.py:161} INFO - Processing /opt/airflow/dags/final_dag.py took 0.395 seconds
[2022-07-26 09:07:32,344] {processor.py:153} INFO - Started process (PID=1029) to work on /opt/airflow/dags/final_dag.py
[2022-07-26 09:07:32,346] {processor.py:641} INFO - Processing file /opt/airflow/dags/final_dag.py for tasks to queue
[2022-07-26 09:07:32,347] {logging_mixin.py:115} INFO - [2022-07-26 09:07:32,347] {dagbag.py:508} INFO - Filling up the DagBag from /opt/airflow/dags/final_dag.py
[2022-07-26 09:07:32,603] {processor.py:651} INFO - DAG(s) dict_keys(['final_dag_test']) retrieved from /opt/airflow/dags/final_dag.py
[2022-07-26 09:07:32,639] {logging_mixin.py:115} INFO - [2022-07-26 09:07:32,638] {dag.py:2420} INFO - Sync 1 DAGs
[2022-07-26 09:07:32,662] {logging_mixin.py:115} INFO - [2022-07-26 09:07:32,661] {dag.py:2972} INFO - Setting next_dagrun for final_dag_test to 2022-07-26T00:00:00+00:00, run_after=2022-07-27T00:00:00+00:00
[2022-07-26 09:07:32,676] {processor.py:161} INFO - Processing /opt/airflow/dags/final_dag.py took 0.338 seconds
[2022-07-26 09:08:02,725] {processor.py:153} INFO - Started process (PID=1049) to work on /opt/airflow/dags/final_dag.py
[2022-07-26 09:08:02,729] {processor.py:641} INFO - Processing file /opt/airflow/dags/final_dag.py for tasks to queue
[2022-07-26 09:08:02,730] {logging_mixin.py:115} INFO - [2022-07-26 09:08:02,730] {dagbag.py:508} INFO - Filling up the DagBag from /opt/airflow/dags/final_dag.py
[2022-07-26 09:08:03,026] {processor.py:651} INFO - DAG(s) dict_keys(['final_dag_test']) retrieved from /opt/airflow/dags/final_dag.py
[2022-07-26 09:08:03,060] {logging_mixin.py:115} INFO - [2022-07-26 09:08:03,059] {dag.py:2420} INFO - Sync 1 DAGs
[2022-07-26 09:08:03,085] {logging_mixin.py:115} INFO - [2022-07-26 09:08:03,085] {dag.py:2972} INFO - Setting next_dagrun for final_dag_test to 2022-07-26T00:00:00+00:00, run_after=2022-07-27T00:00:00+00:00
[2022-07-26 09:08:03,101] {processor.py:161} INFO - Processing /opt/airflow/dags/final_dag.py took 0.381 seconds
[2022-07-26 09:08:34,024] {processor.py:153} INFO - Started process (PID=1065) to work on /opt/airflow/dags/final_dag.py
[2022-07-26 09:08:34,026] {processor.py:641} INFO - Processing file /opt/airflow/dags/final_dag.py for tasks to queue
[2022-07-26 09:08:34,028] {logging_mixin.py:115} INFO - [2022-07-26 09:08:34,028] {dagbag.py:508} INFO - Filling up the DagBag from /opt/airflow/dags/final_dag.py
[2022-07-26 09:08:34,362] {processor.py:651} INFO - DAG(s) dict_keys(['final_dag_test']) retrieved from /opt/airflow/dags/final_dag.py
[2022-07-26 09:08:34,401] {logging_mixin.py:115} INFO - [2022-07-26 09:08:34,400] {dag.py:2420} INFO - Sync 1 DAGs
[2022-07-26 09:08:34,429] {logging_mixin.py:115} INFO - [2022-07-26 09:08:34,429] {dag.py:2972} INFO - Setting next_dagrun for final_dag_test to 2022-07-26T00:00:00+00:00, run_after=2022-07-27T00:00:00+00:00
[2022-07-26 09:08:34,449] {processor.py:161} INFO - Processing /opt/airflow/dags/final_dag.py took 0.431 seconds
[2022-07-26 09:09:05,338] {processor.py:153} INFO - Started process (PID=1081) to work on /opt/airflow/dags/final_dag.py
[2022-07-26 09:09:05,339] {processor.py:641} INFO - Processing file /opt/airflow/dags/final_dag.py for tasks to queue
[2022-07-26 09:09:05,341] {logging_mixin.py:115} INFO - [2022-07-26 09:09:05,340] {dagbag.py:508} INFO - Filling up the DagBag from /opt/airflow/dags/final_dag.py
[2022-07-26 09:09:05,602] {processor.py:651} INFO - DAG(s) dict_keys(['final_dag_test']) retrieved from /opt/airflow/dags/final_dag.py
[2022-07-26 09:09:05,642] {logging_mixin.py:115} INFO - [2022-07-26 09:09:05,641] {dag.py:2420} INFO - Sync 1 DAGs
[2022-07-26 09:09:05,669] {logging_mixin.py:115} INFO - [2022-07-26 09:09:05,669] {dag.py:2972} INFO - Setting next_dagrun for final_dag_test to 2022-07-26T00:00:00+00:00, run_after=2022-07-27T00:00:00+00:00
[2022-07-26 09:09:05,686] {processor.py:161} INFO - Processing /opt/airflow/dags/final_dag.py took 0.353 seconds
[2022-07-26 09:09:36,674] {processor.py:153} INFO - Started process (PID=1097) to work on /opt/airflow/dags/final_dag.py
[2022-07-26 09:09:36,677] {processor.py:641} INFO - Processing file /opt/airflow/dags/final_dag.py for tasks to queue
[2022-07-26 09:09:36,678] {logging_mixin.py:115} INFO - [2022-07-26 09:09:36,678] {dagbag.py:508} INFO - Filling up the DagBag from /opt/airflow/dags/final_dag.py
[2022-07-26 09:09:36,926] {processor.py:651} INFO - DAG(s) dict_keys(['final_dag_test']) retrieved from /opt/airflow/dags/final_dag.py
[2022-07-26 09:09:36,961] {logging_mixin.py:115} INFO - [2022-07-26 09:09:36,960] {dag.py:2420} INFO - Sync 1 DAGs
[2022-07-26 09:09:36,983] {logging_mixin.py:115} INFO - [2022-07-26 09:09:36,983] {dag.py:2972} INFO - Setting next_dagrun for final_dag_test to 2022-07-26T00:00:00+00:00, run_after=2022-07-27T00:00:00+00:00
[2022-07-26 09:09:37,000] {processor.py:161} INFO - Processing /opt/airflow/dags/final_dag.py took 0.331 seconds
[2022-07-26 09:10:07,992] {processor.py:153} INFO - Started process (PID=1113) to work on /opt/airflow/dags/final_dag.py
[2022-07-26 09:10:07,994] {processor.py:641} INFO - Processing file /opt/airflow/dags/final_dag.py for tasks to queue
[2022-07-26 09:10:07,996] {logging_mixin.py:115} INFO - [2022-07-26 09:10:07,996] {dagbag.py:508} INFO - Filling up the DagBag from /opt/airflow/dags/final_dag.py
[2022-07-26 09:10:08,248] {processor.py:651} INFO - DAG(s) dict_keys(['final_dag_test']) retrieved from /opt/airflow/dags/final_dag.py
[2022-07-26 09:10:08,284] {logging_mixin.py:115} INFO - [2022-07-26 09:10:08,283] {dag.py:2420} INFO - Sync 1 DAGs
[2022-07-26 09:10:08,314] {logging_mixin.py:115} INFO - [2022-07-26 09:10:08,314] {dag.py:2972} INFO - Setting next_dagrun for final_dag_test to 2022-07-26T00:00:00+00:00, run_after=2022-07-27T00:00:00+00:00
[2022-07-26 09:10:08,330] {processor.py:161} INFO - Processing /opt/airflow/dags/final_dag.py took 0.342 seconds
[2022-07-26 09:10:39,313] {processor.py:153} INFO - Started process (PID=1129) to work on /opt/airflow/dags/final_dag.py
[2022-07-26 09:10:39,314] {processor.py:641} INFO - Processing file /opt/airflow/dags/final_dag.py for tasks to queue
[2022-07-26 09:10:39,316] {logging_mixin.py:115} INFO - [2022-07-26 09:10:39,316] {dagbag.py:508} INFO - Filling up the DagBag from /opt/airflow/dags/final_dag.py
[2022-07-26 09:10:39,595] {processor.py:651} INFO - DAG(s) dict_keys(['final_dag_test']) retrieved from /opt/airflow/dags/final_dag.py
[2022-07-26 09:10:39,629] {logging_mixin.py:115} INFO - [2022-07-26 09:10:39,628] {dag.py:2420} INFO - Sync 1 DAGs
[2022-07-26 09:10:39,651] {logging_mixin.py:115} INFO - [2022-07-26 09:10:39,651] {dag.py:2972} INFO - Setting next_dagrun for final_dag_test to 2022-07-26T00:00:00+00:00, run_after=2022-07-27T00:00:00+00:00
[2022-07-26 09:10:39,665] {processor.py:161} INFO - Processing /opt/airflow/dags/final_dag.py took 0.357 seconds
[2022-07-26 09:11:10,622] {processor.py:153} INFO - Started process (PID=1145) to work on /opt/airflow/dags/final_dag.py
[2022-07-26 09:11:10,623] {processor.py:641} INFO - Processing file /opt/airflow/dags/final_dag.py for tasks to queue
[2022-07-26 09:11:10,625] {logging_mixin.py:115} INFO - [2022-07-26 09:11:10,625] {dagbag.py:508} INFO - Filling up the DagBag from /opt/airflow/dags/final_dag.py
[2022-07-26 09:11:10,876] {processor.py:651} INFO - DAG(s) dict_keys(['final_dag_test']) retrieved from /opt/airflow/dags/final_dag.py
[2022-07-26 09:11:10,913] {logging_mixin.py:115} INFO - [2022-07-26 09:11:10,912] {dag.py:2420} INFO - Sync 1 DAGs
[2022-07-26 09:11:10,936] {logging_mixin.py:115} INFO - [2022-07-26 09:11:10,936] {dag.py:2972} INFO - Setting next_dagrun for final_dag_test to 2022-07-26T00:00:00+00:00, run_after=2022-07-27T00:00:00+00:00
[2022-07-26 09:11:10,951] {processor.py:161} INFO - Processing /opt/airflow/dags/final_dag.py took 0.333 seconds
[2022-07-26 09:11:41,007] {processor.py:153} INFO - Started process (PID=1161) to work on /opt/airflow/dags/final_dag.py
[2022-07-26 09:11:41,009] {processor.py:641} INFO - Processing file /opt/airflow/dags/final_dag.py for tasks to queue
[2022-07-26 09:11:41,010] {logging_mixin.py:115} INFO - [2022-07-26 09:11:41,010] {dagbag.py:508} INFO - Filling up the DagBag from /opt/airflow/dags/final_dag.py
[2022-07-26 09:11:41,330] {processor.py:651} INFO - DAG(s) dict_keys(['final_dag_test']) retrieved from /opt/airflow/dags/final_dag.py
[2022-07-26 09:11:41,370] {logging_mixin.py:115} INFO - [2022-07-26 09:11:41,370] {dag.py:2420} INFO - Sync 1 DAGs
[2022-07-26 09:11:41,395] {logging_mixin.py:115} INFO - [2022-07-26 09:11:41,395] {dag.py:2972} INFO - Setting next_dagrun for final_dag_test to 2022-07-26T00:00:00+00:00, run_after=2022-07-27T00:00:00+00:00
[2022-07-26 09:11:41,409] {processor.py:161} INFO - Processing /opt/airflow/dags/final_dag.py took 0.407 seconds
[2022-07-26 09:12:12,342] {processor.py:153} INFO - Started process (PID=1177) to work on /opt/airflow/dags/final_dag.py
[2022-07-26 09:12:12,344] {processor.py:641} INFO - Processing file /opt/airflow/dags/final_dag.py for tasks to queue
[2022-07-26 09:12:12,345] {logging_mixin.py:115} INFO - [2022-07-26 09:12:12,345] {dagbag.py:508} INFO - Filling up the DagBag from /opt/airflow/dags/final_dag.py
[2022-07-26 09:12:12,613] {processor.py:651} INFO - DAG(s) dict_keys(['final_dag_test']) retrieved from /opt/airflow/dags/final_dag.py
[2022-07-26 09:12:12,650] {logging_mixin.py:115} INFO - [2022-07-26 09:12:12,649] {dag.py:2420} INFO - Sync 1 DAGs
[2022-07-26 09:12:12,672] {logging_mixin.py:115} INFO - [2022-07-26 09:12:12,672] {dag.py:2972} INFO - Setting next_dagrun for final_dag_test to 2022-07-26T00:00:00+00:00, run_after=2022-07-27T00:00:00+00:00
[2022-07-26 09:12:12,686] {processor.py:161} INFO - Processing /opt/airflow/dags/final_dag.py took 0.348 seconds
[2022-07-26 09:12:43,649] {processor.py:153} INFO - Started process (PID=1193) to work on /opt/airflow/dags/final_dag.py
[2022-07-26 09:12:43,650] {processor.py:641} INFO - Processing file /opt/airflow/dags/final_dag.py for tasks to queue
[2022-07-26 09:12:43,651] {logging_mixin.py:115} INFO - [2022-07-26 09:12:43,651] {dagbag.py:508} INFO - Filling up the DagBag from /opt/airflow/dags/final_dag.py
[2022-07-26 09:12:43,899] {processor.py:651} INFO - DAG(s) dict_keys(['final_dag_test']) retrieved from /opt/airflow/dags/final_dag.py
[2022-07-26 09:12:43,934] {logging_mixin.py:115} INFO - [2022-07-26 09:12:43,933] {dag.py:2420} INFO - Sync 1 DAGs
[2022-07-26 09:12:43,957] {logging_mixin.py:115} INFO - [2022-07-26 09:12:43,957] {dag.py:2972} INFO - Setting next_dagrun for final_dag_test to 2022-07-26T00:00:00+00:00, run_after=2022-07-27T00:00:00+00:00
[2022-07-26 09:12:43,972] {processor.py:161} INFO - Processing /opt/airflow/dags/final_dag.py took 0.328 seconds
[2022-07-26 09:13:14,952] {processor.py:153} INFO - Started process (PID=1209) to work on /opt/airflow/dags/final_dag.py
[2022-07-26 09:13:14,954] {processor.py:641} INFO - Processing file /opt/airflow/dags/final_dag.py for tasks to queue
[2022-07-26 09:13:14,955] {logging_mixin.py:115} INFO - [2022-07-26 09:13:14,955] {dagbag.py:508} INFO - Filling up the DagBag from /opt/airflow/dags/final_dag.py
[2022-07-26 09:13:15,205] {processor.py:651} INFO - DAG(s) dict_keys(['final_dag_test']) retrieved from /opt/airflow/dags/final_dag.py
[2022-07-26 09:13:15,241] {logging_mixin.py:115} INFO - [2022-07-26 09:13:15,240] {dag.py:2420} INFO - Sync 1 DAGs
[2022-07-26 09:13:15,263] {logging_mixin.py:115} INFO - [2022-07-26 09:13:15,263] {dag.py:2972} INFO - Setting next_dagrun for final_dag_test to 2022-07-26T00:00:00+00:00, run_after=2022-07-27T00:00:00+00:00
[2022-07-26 09:13:15,277] {processor.py:161} INFO - Processing /opt/airflow/dags/final_dag.py took 0.330 seconds
[2022-07-26 09:13:45,354] {processor.py:153} INFO - Started process (PID=1225) to work on /opt/airflow/dags/final_dag.py
[2022-07-26 09:13:45,355] {processor.py:641} INFO - Processing file /opt/airflow/dags/final_dag.py for tasks to queue
[2022-07-26 09:13:45,356] {logging_mixin.py:115} INFO - [2022-07-26 09:13:45,356] {dagbag.py:508} INFO - Filling up the DagBag from /opt/airflow/dags/final_dag.py
[2022-07-26 09:13:45,613] {processor.py:651} INFO - DAG(s) dict_keys(['final_dag_test']) retrieved from /opt/airflow/dags/final_dag.py
[2022-07-26 09:13:45,648] {logging_mixin.py:115} INFO - [2022-07-26 09:13:45,647] {dag.py:2420} INFO - Sync 1 DAGs
[2022-07-26 09:13:45,671] {logging_mixin.py:115} INFO - [2022-07-26 09:13:45,671] {dag.py:2972} INFO - Setting next_dagrun for final_dag_test to 2022-07-26T00:00:00+00:00, run_after=2022-07-27T00:00:00+00:00
[2022-07-26 09:13:45,685] {processor.py:161} INFO - Processing /opt/airflow/dags/final_dag.py took 0.336 seconds
[2022-07-26 09:14:16,634] {processor.py:153} INFO - Started process (PID=1241) to work on /opt/airflow/dags/final_dag.py
[2022-07-26 09:14:16,635] {processor.py:641} INFO - Processing file /opt/airflow/dags/final_dag.py for tasks to queue
[2022-07-26 09:14:16,637] {logging_mixin.py:115} INFO - [2022-07-26 09:14:16,636] {dagbag.py:508} INFO - Filling up the DagBag from /opt/airflow/dags/final_dag.py
[2022-07-26 09:14:16,883] {processor.py:651} INFO - DAG(s) dict_keys(['final_dag_test']) retrieved from /opt/airflow/dags/final_dag.py
[2022-07-26 09:14:16,919] {logging_mixin.py:115} INFO - [2022-07-26 09:14:16,919] {dag.py:2420} INFO - Sync 1 DAGs
[2022-07-26 09:14:16,942] {logging_mixin.py:115} INFO - [2022-07-26 09:14:16,942] {dag.py:2972} INFO - Setting next_dagrun for final_dag_test to 2022-07-26T00:00:00+00:00, run_after=2022-07-27T00:00:00+00:00
[2022-07-26 09:14:16,957] {processor.py:161} INFO - Processing /opt/airflow/dags/final_dag.py took 0.328 seconds
[2022-07-26 09:14:47,972] {processor.py:153} INFO - Started process (PID=1257) to work on /opt/airflow/dags/final_dag.py
[2022-07-26 09:14:47,973] {processor.py:641} INFO - Processing file /opt/airflow/dags/final_dag.py for tasks to queue
[2022-07-26 09:14:47,975] {logging_mixin.py:115} INFO - [2022-07-26 09:14:47,974] {dagbag.py:508} INFO - Filling up the DagBag from /opt/airflow/dags/final_dag.py
[2022-07-26 09:14:48,232] {processor.py:651} INFO - DAG(s) dict_keys(['final_dag_test']) retrieved from /opt/airflow/dags/final_dag.py
[2022-07-26 09:14:48,268] {logging_mixin.py:115} INFO - [2022-07-26 09:14:48,267] {dag.py:2420} INFO - Sync 1 DAGs
[2022-07-26 09:14:48,293] {logging_mixin.py:115} INFO - [2022-07-26 09:14:48,293] {dag.py:2972} INFO - Setting next_dagrun for final_dag_test to 2022-07-26T00:00:00+00:00, run_after=2022-07-27T00:00:00+00:00
[2022-07-26 09:14:48,308] {processor.py:161} INFO - Processing /opt/airflow/dags/final_dag.py took 0.341 seconds
[2022-07-26 09:15:18,381] {processor.py:153} INFO - Started process (PID=1273) to work on /opt/airflow/dags/final_dag.py
[2022-07-26 09:15:18,385] {processor.py:641} INFO - Processing file /opt/airflow/dags/final_dag.py for tasks to queue
[2022-07-26 09:15:18,387] {logging_mixin.py:115} INFO - [2022-07-26 09:15:18,387] {dagbag.py:508} INFO - Filling up the DagBag from /opt/airflow/dags/final_dag.py
[2022-07-26 09:15:19,134] {processor.py:651} INFO - DAG(s) dict_keys(['final_dag_test']) retrieved from /opt/airflow/dags/final_dag.py
[2022-07-26 09:15:19,201] {logging_mixin.py:115} INFO - [2022-07-26 09:15:19,199] {dag.py:2420} INFO - Sync 1 DAGs
[2022-07-26 09:15:19,226] {logging_mixin.py:115} INFO - [2022-07-26 09:15:19,226] {dag.py:2972} INFO - Setting next_dagrun for final_dag_test to 2022-07-26T00:00:00+00:00, run_after=2022-07-27T00:00:00+00:00
[2022-07-26 09:15:19,241] {processor.py:161} INFO - Processing /opt/airflow/dags/final_dag.py took 0.865 seconds
[2022-07-26 09:19:32,677] {processor.py:153} INFO - Started process (PID=1285) to work on /opt/airflow/dags/final_dag.py
[2022-07-26 09:19:32,679] {processor.py:641} INFO - Processing file /opt/airflow/dags/final_dag.py for tasks to queue
[2022-07-26 09:19:32,681] {logging_mixin.py:115} INFO - [2022-07-26 09:19:32,681] {dagbag.py:508} INFO - Filling up the DagBag from /opt/airflow/dags/final_dag.py
[2022-07-26 09:19:33,349] {processor.py:651} INFO - DAG(s) dict_keys(['final_dag_test']) retrieved from /opt/airflow/dags/final_dag.py
[2022-07-26 09:19:33,398] {logging_mixin.py:115} INFO - [2022-07-26 09:19:33,396] {dag.py:2420} INFO - Sync 1 DAGs
[2022-07-26 09:19:33,423] {logging_mixin.py:115} INFO - [2022-07-26 09:19:33,423] {dag.py:2972} INFO - Setting next_dagrun for final_dag_test to 2022-07-26T00:00:00+00:00, run_after=2022-07-27T00:00:00+00:00
[2022-07-26 09:19:33,437] {processor.py:161} INFO - Processing /opt/airflow/dags/final_dag.py took 0.768 seconds
[2022-07-26 09:20:04,065] {processor.py:153} INFO - Started process (PID=1306) to work on /opt/airflow/dags/final_dag.py
[2022-07-26 09:20:04,068] {processor.py:641} INFO - Processing file /opt/airflow/dags/final_dag.py for tasks to queue
[2022-07-26 09:20:04,070] {logging_mixin.py:115} INFO - [2022-07-26 09:20:04,070] {dagbag.py:508} INFO - Filling up the DagBag from /opt/airflow/dags/final_dag.py
[2022-07-26 09:20:04,396] {processor.py:651} INFO - DAG(s) dict_keys(['final_dag_test']) retrieved from /opt/airflow/dags/final_dag.py
[2022-07-26 09:20:04,433] {logging_mixin.py:115} INFO - [2022-07-26 09:20:04,432] {dag.py:2420} INFO - Sync 1 DAGs
[2022-07-26 09:20:04,457] {logging_mixin.py:115} INFO - [2022-07-26 09:20:04,457] {dag.py:2972} INFO - Setting next_dagrun for final_dag_test to 2022-07-26T00:00:00+00:00, run_after=2022-07-27T00:00:00+00:00
[2022-07-26 09:20:04,470] {processor.py:161} INFO - Processing /opt/airflow/dags/final_dag.py took 0.410 seconds
[2022-07-26 09:20:34,543] {processor.py:153} INFO - Started process (PID=1325) to work on /opt/airflow/dags/final_dag.py
[2022-07-26 09:20:34,545] {processor.py:641} INFO - Processing file /opt/airflow/dags/final_dag.py for tasks to queue
[2022-07-26 09:20:34,547] {logging_mixin.py:115} INFO - [2022-07-26 09:20:34,546] {dagbag.py:508} INFO - Filling up the DagBag from /opt/airflow/dags/final_dag.py
[2022-07-26 09:20:34,876] {processor.py:651} INFO - DAG(s) dict_keys(['final_dag_test']) retrieved from /opt/airflow/dags/final_dag.py
[2022-07-26 09:20:34,914] {logging_mixin.py:115} INFO - [2022-07-26 09:20:34,912] {dag.py:2420} INFO - Sync 1 DAGs
[2022-07-26 09:20:34,938] {logging_mixin.py:115} INFO - [2022-07-26 09:20:34,938] {dag.py:2972} INFO - Setting next_dagrun for final_dag_test to 2022-07-26T00:00:00+00:00, run_after=2022-07-27T00:00:00+00:00
[2022-07-26 09:20:34,952] {processor.py:161} INFO - Processing /opt/airflow/dags/final_dag.py took 0.415 seconds
[2022-07-26 09:21:05,948] {processor.py:153} INFO - Started process (PID=1343) to work on /opt/airflow/dags/final_dag.py
[2022-07-26 09:21:05,950] {processor.py:641} INFO - Processing file /opt/airflow/dags/final_dag.py for tasks to queue
[2022-07-26 09:21:05,952] {logging_mixin.py:115} INFO - [2022-07-26 09:21:05,952] {dagbag.py:508} INFO - Filling up the DagBag from /opt/airflow/dags/final_dag.py
[2022-07-26 09:21:06,250] {processor.py:651} INFO - DAG(s) dict_keys(['final_dag_test']) retrieved from /opt/airflow/dags/final_dag.py
[2022-07-26 09:21:06,287] {logging_mixin.py:115} INFO - [2022-07-26 09:21:06,286] {dag.py:2420} INFO - Sync 1 DAGs
[2022-07-26 09:21:06,311] {logging_mixin.py:115} INFO - [2022-07-26 09:21:06,311] {dag.py:2972} INFO - Setting next_dagrun for final_dag_test to 2022-07-26T00:00:00+00:00, run_after=2022-07-27T00:00:00+00:00
[2022-07-26 09:21:06,325] {processor.py:161} INFO - Processing /opt/airflow/dags/final_dag.py took 0.382 seconds
[2022-07-26 11:21:24,112] {processor.py:153} INFO - Started process (PID=1351) to work on /opt/airflow/dags/final_dag.py
[2022-07-26 11:21:24,117] {processor.py:641} INFO - Processing file /opt/airflow/dags/final_dag.py for tasks to queue
[2022-07-26 11:21:24,122] {logging_mixin.py:115} INFO - [2022-07-26 11:21:24,122] {dagbag.py:508} INFO - Filling up the DagBag from /opt/airflow/dags/final_dag.py
[2022-07-26 11:21:25,142] {processor.py:651} INFO - DAG(s) dict_keys(['final_dag_test']) retrieved from /opt/airflow/dags/final_dag.py
[2022-07-26 11:21:25,224] {logging_mixin.py:115} INFO - [2022-07-26 11:21:25,222] {dag.py:2420} INFO - Sync 1 DAGs
[2022-07-26 11:21:25,264] {logging_mixin.py:115} INFO - [2022-07-26 11:21:25,264] {dag.py:2972} INFO - Setting next_dagrun for final_dag_test to 2022-07-26T00:00:00+00:00, run_after=2022-07-27T00:00:00+00:00
[2022-07-26 11:21:25,286] {processor.py:161} INFO - Processing /opt/airflow/dags/final_dag.py took 1.192 seconds
[2022-07-26 12:28:06,195] {processor.py:153} INFO - Started process (PID=1369) to work on /opt/airflow/dags/final_dag.py
[2022-07-26 12:28:06,212] {processor.py:641} INFO - Processing file /opt/airflow/dags/final_dag.py for tasks to queue
[2022-07-26 12:28:06,234] {logging_mixin.py:115} INFO - [2022-07-26 12:28:06,233] {dagbag.py:508} INFO - Filling up the DagBag from /opt/airflow/dags/final_dag.py
[2022-07-26 12:28:07,352] {processor.py:651} INFO - DAG(s) dict_keys(['final_dag_test']) retrieved from /opt/airflow/dags/final_dag.py
[2022-07-26 12:28:07,406] {logging_mixin.py:115} INFO - [2022-07-26 12:28:07,404] {dag.py:2420} INFO - Sync 1 DAGs
[2022-07-26 12:28:07,440] {logging_mixin.py:115} INFO - [2022-07-26 12:28:07,440] {dag.py:2972} INFO - Setting next_dagrun for final_dag_test to 2022-07-26T00:00:00+00:00, run_after=2022-07-27T00:00:00+00:00
[2022-07-26 12:28:07,456] {processor.py:161} INFO - Processing /opt/airflow/dags/final_dag.py took 1.268 seconds
[2022-07-26 12:28:38,148] {processor.py:153} INFO - Started process (PID=1385) to work on /opt/airflow/dags/final_dag.py
[2022-07-26 12:28:38,150] {processor.py:641} INFO - Processing file /opt/airflow/dags/final_dag.py for tasks to queue
[2022-07-26 12:28:38,152] {logging_mixin.py:115} INFO - [2022-07-26 12:28:38,152] {dagbag.py:508} INFO - Filling up the DagBag from /opt/airflow/dags/final_dag.py
[2022-07-26 12:28:38,607] {processor.py:651} INFO - DAG(s) dict_keys(['final_dag_test']) retrieved from /opt/airflow/dags/final_dag.py
[2022-07-26 12:28:38,658] {logging_mixin.py:115} INFO - [2022-07-26 12:28:38,656] {dag.py:2420} INFO - Sync 1 DAGs
[2022-07-26 12:28:38,681] {logging_mixin.py:115} INFO - [2022-07-26 12:28:38,681] {dag.py:2972} INFO - Setting next_dagrun for final_dag_test to 2022-07-26T00:00:00+00:00, run_after=2022-07-27T00:00:00+00:00
[2022-07-26 12:28:38,696] {processor.py:161} INFO - Processing /opt/airflow/dags/final_dag.py took 0.557 seconds
[2022-07-26 12:29:08,861] {processor.py:153} INFO - Started process (PID=1409) to work on /opt/airflow/dags/final_dag.py
[2022-07-26 12:29:08,863] {processor.py:641} INFO - Processing file /opt/airflow/dags/final_dag.py for tasks to queue
[2022-07-26 12:29:08,864] {logging_mixin.py:115} INFO - [2022-07-26 12:29:08,864] {dagbag.py:508} INFO - Filling up the DagBag from /opt/airflow/dags/final_dag.py
[2022-07-26 12:29:09,183] {processor.py:651} INFO - DAG(s) dict_keys(['final_dag_test']) retrieved from /opt/airflow/dags/final_dag.py
[2022-07-26 12:29:09,229] {logging_mixin.py:115} INFO - [2022-07-26 12:29:09,226] {dag.py:2420} INFO - Sync 1 DAGs
[2022-07-26 12:29:09,257] {logging_mixin.py:115} INFO - [2022-07-26 12:29:09,256] {dag.py:2972} INFO - Setting next_dagrun for final_dag_test to 2022-07-26T00:00:00+00:00, run_after=2022-07-27T00:00:00+00:00
[2022-07-26 12:29:09,271] {processor.py:161} INFO - Processing /opt/airflow/dags/final_dag.py took 0.414 seconds
[2022-07-26 12:29:40,194] {processor.py:153} INFO - Started process (PID=1427) to work on /opt/airflow/dags/final_dag.py
[2022-07-26 12:29:40,196] {processor.py:641} INFO - Processing file /opt/airflow/dags/final_dag.py for tasks to queue
[2022-07-26 12:29:40,198] {logging_mixin.py:115} INFO - [2022-07-26 12:29:40,197] {dagbag.py:508} INFO - Filling up the DagBag from /opt/airflow/dags/final_dag.py
[2022-07-26 12:29:40,530] {processor.py:651} INFO - DAG(s) dict_keys(['final_dag_test']) retrieved from /opt/airflow/dags/final_dag.py
[2022-07-26 12:29:40,567] {logging_mixin.py:115} INFO - [2022-07-26 12:29:40,566] {dag.py:2420} INFO - Sync 1 DAGs
[2022-07-26 12:29:40,592] {logging_mixin.py:115} INFO - [2022-07-26 12:29:40,592] {dag.py:2972} INFO - Setting next_dagrun for final_dag_test to 2022-07-26T00:00:00+00:00, run_after=2022-07-27T00:00:00+00:00
[2022-07-26 12:29:40,606] {processor.py:161} INFO - Processing /opt/airflow/dags/final_dag.py took 0.416 seconds
[2022-07-26 12:30:11,537] {processor.py:153} INFO - Started process (PID=1443) to work on /opt/airflow/dags/final_dag.py
[2022-07-26 12:30:11,538] {processor.py:641} INFO - Processing file /opt/airflow/dags/final_dag.py for tasks to queue
[2022-07-26 12:30:11,540] {logging_mixin.py:115} INFO - [2022-07-26 12:30:11,540] {dagbag.py:508} INFO - Filling up the DagBag from /opt/airflow/dags/final_dag.py
[2022-07-26 12:30:11,832] {processor.py:651} INFO - DAG(s) dict_keys(['final_dag_test']) retrieved from /opt/airflow/dags/final_dag.py
[2022-07-26 12:30:11,869] {logging_mixin.py:115} INFO - [2022-07-26 12:30:11,868] {dag.py:2420} INFO - Sync 1 DAGs
[2022-07-26 12:30:11,895] {logging_mixin.py:115} INFO - [2022-07-26 12:30:11,894] {dag.py:2972} INFO - Setting next_dagrun for final_dag_test to 2022-07-26T00:00:00+00:00, run_after=2022-07-27T00:00:00+00:00
[2022-07-26 12:30:11,910] {processor.py:161} INFO - Processing /opt/airflow/dags/final_dag.py took 0.377 seconds
[2022-07-26 14:23:24,290] {processor.py:153} INFO - Started process (PID=1450) to work on /opt/airflow/dags/final_dag.py
[2022-07-26 14:23:24,302] {processor.py:641} INFO - Processing file /opt/airflow/dags/final_dag.py for tasks to queue
[2022-07-26 14:23:24,305] {logging_mixin.py:115} INFO - [2022-07-26 14:23:24,305] {dagbag.py:508} INFO - Filling up the DagBag from /opt/airflow/dags/final_dag.py
[2022-07-26 14:23:25,116] {processor.py:651} INFO - DAG(s) dict_keys(['final_dag_test']) retrieved from /opt/airflow/dags/final_dag.py
[2022-07-26 14:23:25,339] {logging_mixin.py:115} INFO - [2022-07-26 14:23:25,320] {dag.py:2420} INFO - Sync 1 DAGs
[2022-07-26 14:23:25,654] {logging_mixin.py:115} INFO - [2022-07-26 14:23:25,654] {dag.py:2972} INFO - Setting next_dagrun for final_dag_test to 2022-07-26T00:00:00+00:00, run_after=2022-07-27T00:00:00+00:00
[2022-07-26 14:23:25,748] {processor.py:161} INFO - Processing /opt/airflow/dags/final_dag.py took 1.485 seconds
[2022-07-26 14:23:56,594] {processor.py:153} INFO - Started process (PID=1469) to work on /opt/airflow/dags/final_dag.py
[2022-07-26 14:23:56,596] {processor.py:641} INFO - Processing file /opt/airflow/dags/final_dag.py for tasks to queue
[2022-07-26 14:23:56,598] {logging_mixin.py:115} INFO - [2022-07-26 14:23:56,598] {dagbag.py:508} INFO - Filling up the DagBag from /opt/airflow/dags/final_dag.py
[2022-07-26 14:23:56,897] {processor.py:651} INFO - DAG(s) dict_keys(['final_dag_test']) retrieved from /opt/airflow/dags/final_dag.py
[2022-07-26 14:23:56,942] {logging_mixin.py:115} INFO - [2022-07-26 14:23:56,940] {dag.py:2420} INFO - Sync 1 DAGs
[2022-07-26 14:23:56,971] {logging_mixin.py:115} INFO - [2022-07-26 14:23:56,970] {dag.py:2972} INFO - Setting next_dagrun for final_dag_test to 2022-07-26T00:00:00+00:00, run_after=2022-07-27T00:00:00+00:00
[2022-07-26 14:23:56,985] {processor.py:161} INFO - Processing /opt/airflow/dags/final_dag.py took 0.395 seconds
[2022-07-26 14:24:21,555] {processor.py:153} INFO - Started process (PID=1488) to work on /opt/airflow/dags/final_dag.py
[2022-07-26 14:24:21,558] {processor.py:641} INFO - Processing file /opt/airflow/dags/final_dag.py for tasks to queue
[2022-07-26 14:24:21,560] {logging_mixin.py:115} INFO - [2022-07-26 14:24:21,560] {dagbag.py:508} INFO - Filling up the DagBag from /opt/airflow/dags/final_dag.py
[2022-07-26 14:24:21,869] {processor.py:651} INFO - DAG(s) dict_keys(['final_dag_test']) retrieved from /opt/airflow/dags/final_dag.py
[2022-07-26 14:24:21,919] {logging_mixin.py:115} INFO - [2022-07-26 14:24:21,918] {dag.py:2420} INFO - Sync 1 DAGs
[2022-07-26 14:24:21,953] {logging_mixin.py:115} INFO - [2022-07-26 14:24:21,953] {dag.py:2972} INFO - Setting next_dagrun for final_dag_test to 2022-07-26T00:00:00+00:00, run_after=2022-07-27T00:00:00+00:00
[2022-07-26 14:24:21,968] {processor.py:161} INFO - Processing /opt/airflow/dags/final_dag.py took 0.424 seconds
[2022-07-26 14:24:52,230] {processor.py:153} INFO - Started process (PID=1512) to work on /opt/airflow/dags/final_dag.py
[2022-07-26 14:24:52,232] {processor.py:641} INFO - Processing file /opt/airflow/dags/final_dag.py for tasks to queue
[2022-07-26 14:24:52,233] {logging_mixin.py:115} INFO - [2022-07-26 14:24:52,233] {dagbag.py:508} INFO - Filling up the DagBag from /opt/airflow/dags/final_dag.py
[2022-07-26 14:24:52,564] {processor.py:651} INFO - DAG(s) dict_keys(['final_dag_test']) retrieved from /opt/airflow/dags/final_dag.py
[2022-07-26 14:24:52,626] {logging_mixin.py:115} INFO - [2022-07-26 14:24:52,624] {dag.py:2420} INFO - Sync 1 DAGs
[2022-07-26 14:24:52,656] {logging_mixin.py:115} INFO - [2022-07-26 14:24:52,656] {dag.py:2972} INFO - Setting next_dagrun for final_dag_test to 2022-07-26T00:00:00+00:00, run_after=2022-07-27T00:00:00+00:00
[2022-07-26 14:24:52,675] {processor.py:161} INFO - Processing /opt/airflow/dags/final_dag.py took 0.450 seconds
[2022-07-26 14:25:23,538] {processor.py:153} INFO - Started process (PID=1530) to work on /opt/airflow/dags/final_dag.py
[2022-07-26 14:25:23,539] {processor.py:641} INFO - Processing file /opt/airflow/dags/final_dag.py for tasks to queue
[2022-07-26 14:25:23,541] {logging_mixin.py:115} INFO - [2022-07-26 14:25:23,541] {dagbag.py:508} INFO - Filling up the DagBag from /opt/airflow/dags/final_dag.py
[2022-07-26 14:25:23,871] {processor.py:651} INFO - DAG(s) dict_keys(['final_dag_test']) retrieved from /opt/airflow/dags/final_dag.py
[2022-07-26 14:25:23,908] {logging_mixin.py:115} INFO - [2022-07-26 14:25:23,907] {dag.py:2420} INFO - Sync 1 DAGs
[2022-07-26 14:25:23,932] {logging_mixin.py:115} INFO - [2022-07-26 14:25:23,932] {dag.py:2972} INFO - Setting next_dagrun for final_dag_test to 2022-07-26T00:00:00+00:00, run_after=2022-07-27T00:00:00+00:00
[2022-07-26 14:25:23,946] {processor.py:161} INFO - Processing /opt/airflow/dags/final_dag.py took 0.413 seconds
[2022-07-26 14:25:54,870] {processor.py:153} INFO - Started process (PID=1546) to work on /opt/airflow/dags/final_dag.py
[2022-07-26 14:25:54,872] {processor.py:641} INFO - Processing file /opt/airflow/dags/final_dag.py for tasks to queue
[2022-07-26 14:25:54,874] {logging_mixin.py:115} INFO - [2022-07-26 14:25:54,874] {dagbag.py:508} INFO - Filling up the DagBag from /opt/airflow/dags/final_dag.py
[2022-07-26 14:25:55,132] {processor.py:651} INFO - DAG(s) dict_keys(['final_dag_test']) retrieved from /opt/airflow/dags/final_dag.py
[2022-07-26 14:25:55,169] {logging_mixin.py:115} INFO - [2022-07-26 14:25:55,168] {dag.py:2420} INFO - Sync 1 DAGs
[2022-07-26 14:25:55,194] {logging_mixin.py:115} INFO - [2022-07-26 14:25:55,193] {dag.py:2972} INFO - Setting next_dagrun for final_dag_test to 2022-07-26T00:00:00+00:00, run_after=2022-07-27T00:00:00+00:00
[2022-07-26 14:25:55,217] {processor.py:161} INFO - Processing /opt/airflow/dags/final_dag.py took 0.352 seconds
[2022-07-26 14:26:26,229] {processor.py:153} INFO - Started process (PID=1562) to work on /opt/airflow/dags/final_dag.py
[2022-07-26 14:26:26,231] {processor.py:641} INFO - Processing file /opt/airflow/dags/final_dag.py for tasks to queue
[2022-07-26 14:26:26,233] {logging_mixin.py:115} INFO - [2022-07-26 14:26:26,233] {dagbag.py:508} INFO - Filling up the DagBag from /opt/airflow/dags/final_dag.py
[2022-07-26 14:26:26,513] {processor.py:651} INFO - DAG(s) dict_keys(['final_dag_test']) retrieved from /opt/airflow/dags/final_dag.py
[2022-07-26 14:26:26,553] {logging_mixin.py:115} INFO - [2022-07-26 14:26:26,552] {dag.py:2420} INFO - Sync 1 DAGs
[2022-07-26 14:26:26,580] {logging_mixin.py:115} INFO - [2022-07-26 14:26:26,580] {dag.py:2972} INFO - Setting next_dagrun for final_dag_test to 2022-07-26T00:00:00+00:00, run_after=2022-07-27T00:00:00+00:00
[2022-07-26 14:26:26,595] {processor.py:161} INFO - Processing /opt/airflow/dags/final_dag.py took 0.370 seconds
[2022-07-26 14:26:56,904] {processor.py:153} INFO - Started process (PID=1578) to work on /opt/airflow/dags/final_dag.py
[2022-07-26 14:26:56,910] {processor.py:641} INFO - Processing file /opt/airflow/dags/final_dag.py for tasks to queue
[2022-07-26 14:26:56,916] {logging_mixin.py:115} INFO - [2022-07-26 14:26:56,915] {dagbag.py:508} INFO - Filling up the DagBag from /opt/airflow/dags/final_dag.py
[2022-07-26 14:26:58,949] {processor.py:651} INFO - DAG(s) dict_keys(['final_dag_test']) retrieved from /opt/airflow/dags/final_dag.py
[2022-07-26 14:26:59,252] {logging_mixin.py:115} INFO - [2022-07-26 14:26:59,246] {dag.py:2420} INFO - Sync 1 DAGs
[2022-07-26 14:26:59,345] {logging_mixin.py:115} INFO - [2022-07-26 14:26:59,344] {dag.py:2972} INFO - Setting next_dagrun for final_dag_test to 2022-07-26T00:00:00+00:00, run_after=2022-07-27T00:00:00+00:00
[2022-07-26 14:26:59,379] {processor.py:161} INFO - Processing /opt/airflow/dags/final_dag.py took 2.492 seconds
[2022-07-26 18:17:22,366] {processor.py:153} INFO - Started process (PID=178) to work on /opt/airflow/dags/final_dag.py
[2022-07-26 18:17:22,369] {processor.py:641} INFO - Processing file /opt/airflow/dags/final_dag.py for tasks to queue
[2022-07-26 18:17:22,379] {logging_mixin.py:115} INFO - [2022-07-26 18:17:22,379] {dagbag.py:508} INFO - Filling up the DagBag from /opt/airflow/dags/final_dag.py
[2022-07-26 18:17:25,238] {processor.py:651} INFO - DAG(s) dict_keys(['final_dag_test']) retrieved from /opt/airflow/dags/final_dag.py
[2022-07-26 18:17:25,275] {logging_mixin.py:115} INFO - [2022-07-26 18:17:25,274] {dag.py:2420} INFO - Sync 1 DAGs
[2022-07-26 18:17:25,309] {logging_mixin.py:115} INFO - [2022-07-26 18:17:25,309] {dag.py:2972} INFO - Setting next_dagrun for final_dag_test to 2022-07-26T00:00:00+00:00, run_after=2022-07-27T00:00:00+00:00
[2022-07-26 18:17:25,326] {processor.py:161} INFO - Processing /opt/airflow/dags/final_dag.py took 2.973 seconds
[2022-07-26 18:17:55,542] {processor.py:153} INFO - Started process (PID=212) to work on /opt/airflow/dags/final_dag.py
[2022-07-26 18:17:55,544] {processor.py:641} INFO - Processing file /opt/airflow/dags/final_dag.py for tasks to queue
[2022-07-26 18:17:55,581] {logging_mixin.py:115} INFO - [2022-07-26 18:17:55,580] {dagbag.py:508} INFO - Filling up the DagBag from /opt/airflow/dags/final_dag.py
[2022-07-26 18:18:00,960] {processor.py:651} INFO - DAG(s) dict_keys(['final_dag_test']) retrieved from /opt/airflow/dags/final_dag.py
[2022-07-26 18:18:01,340] {logging_mixin.py:115} INFO - [2022-07-26 18:18:01,338] {dag.py:2420} INFO - Sync 1 DAGs
[2022-07-26 18:18:01,533] {logging_mixin.py:115} INFO - [2022-07-26 18:18:01,531] {dag.py:2972} INFO - Setting next_dagrun for final_dag_test to 2022-07-26T00:00:00+00:00, run_after=2022-07-27T00:00:00+00:00
[2022-07-26 18:18:01,738] {processor.py:161} INFO - Processing /opt/airflow/dags/final_dag.py took 6.200 seconds
[2022-07-26 18:18:34,570] {processor.py:153} INFO - Started process (PID=228) to work on /opt/airflow/dags/final_dag.py
[2022-07-26 18:18:34,573] {processor.py:641} INFO - Processing file /opt/airflow/dags/final_dag.py for tasks to queue
[2022-07-26 18:18:34,575] {logging_mixin.py:115} INFO - [2022-07-26 18:18:34,575] {dagbag.py:508} INFO - Filling up the DagBag from /opt/airflow/dags/final_dag.py
[2022-07-26 18:18:35,450] {processor.py:651} INFO - DAG(s) dict_keys(['final_dag_test']) retrieved from /opt/airflow/dags/final_dag.py
[2022-07-26 18:18:35,518] {logging_mixin.py:115} INFO - [2022-07-26 18:18:35,504] {dag.py:2420} INFO - Sync 1 DAGs
[2022-07-26 18:18:35,554] {logging_mixin.py:115} INFO - [2022-07-26 18:18:35,554] {dag.py:2972} INFO - Setting next_dagrun for final_dag_test to 2022-07-26T00:00:00+00:00, run_after=2022-07-27T00:00:00+00:00
[2022-07-26 18:18:35,577] {processor.py:161} INFO - Processing /opt/airflow/dags/final_dag.py took 1.012 seconds
[2022-07-26 18:19:05,983] {processor.py:153} INFO - Started process (PID=244) to work on /opt/airflow/dags/final_dag.py
[2022-07-26 18:19:05,986] {processor.py:641} INFO - Processing file /opt/airflow/dags/final_dag.py for tasks to queue
[2022-07-26 18:19:05,988] {logging_mixin.py:115} INFO - [2022-07-26 18:19:05,987] {dagbag.py:508} INFO - Filling up the DagBag from /opt/airflow/dags/final_dag.py
[2022-07-26 18:19:06,515] {processor.py:651} INFO - DAG(s) dict_keys(['final_dag_test']) retrieved from /opt/airflow/dags/final_dag.py
[2022-07-26 18:19:06,557] {logging_mixin.py:115} INFO - [2022-07-26 18:19:06,556] {dag.py:2420} INFO - Sync 1 DAGs
[2022-07-26 18:19:06,587] {logging_mixin.py:115} INFO - [2022-07-26 18:19:06,587] {dag.py:2972} INFO - Setting next_dagrun for final_dag_test to 2022-07-26T00:00:00+00:00, run_after=2022-07-27T00:00:00+00:00
[2022-07-26 18:19:06,602] {processor.py:161} INFO - Processing /opt/airflow/dags/final_dag.py took 0.623 seconds
[2022-07-26 18:19:37,290] {processor.py:153} INFO - Started process (PID=260) to work on /opt/airflow/dags/final_dag.py
[2022-07-26 18:19:37,299] {processor.py:641} INFO - Processing file /opt/airflow/dags/final_dag.py for tasks to queue
[2022-07-26 18:19:37,301] {logging_mixin.py:115} INFO - [2022-07-26 18:19:37,301] {dagbag.py:508} INFO - Filling up the DagBag from /opt/airflow/dags/final_dag.py
[2022-07-26 18:19:37,708] {processor.py:651} INFO - DAG(s) dict_keys(['final_dag_test']) retrieved from /opt/airflow/dags/final_dag.py
[2022-07-26 18:19:37,736] {logging_mixin.py:115} INFO - [2022-07-26 18:19:37,736] {dag.py:2420} INFO - Sync 1 DAGs
[2022-07-26 18:19:37,766] {logging_mixin.py:115} INFO - [2022-07-26 18:19:37,766] {dag.py:2972} INFO - Setting next_dagrun for final_dag_test to 2022-07-26T00:00:00+00:00, run_after=2022-07-27T00:00:00+00:00
[2022-07-26 18:19:37,781] {processor.py:161} INFO - Processing /opt/airflow/dags/final_dag.py took 0.495 seconds
[2022-07-26 18:20:08,647] {processor.py:153} INFO - Started process (PID=276) to work on /opt/airflow/dags/final_dag.py
[2022-07-26 18:20:08,650] {processor.py:641} INFO - Processing file /opt/airflow/dags/final_dag.py for tasks to queue
[2022-07-26 18:20:08,652] {logging_mixin.py:115} INFO - [2022-07-26 18:20:08,652] {dagbag.py:508} INFO - Filling up the DagBag from /opt/airflow/dags/final_dag.py
[2022-07-26 18:20:09,060] {processor.py:651} INFO - DAG(s) dict_keys(['final_dag_test']) retrieved from /opt/airflow/dags/final_dag.py
[2022-07-26 18:20:09,096] {logging_mixin.py:115} INFO - [2022-07-26 18:20:09,096] {dag.py:2420} INFO - Sync 1 DAGs
[2022-07-26 18:20:09,137] {logging_mixin.py:115} INFO - [2022-07-26 18:20:09,137] {dag.py:2972} INFO - Setting next_dagrun for final_dag_test to 2022-07-26T00:00:00+00:00, run_after=2022-07-27T00:00:00+00:00
[2022-07-26 18:20:09,149] {processor.py:161} INFO - Processing /opt/airflow/dags/final_dag.py took 0.506 seconds
[2022-07-26 18:20:39,344] {processor.py:153} INFO - Started process (PID=292) to work on /opt/airflow/dags/final_dag.py
[2022-07-26 18:20:39,349] {processor.py:641} INFO - Processing file /opt/airflow/dags/final_dag.py for tasks to queue
[2022-07-26 18:20:39,352] {logging_mixin.py:115} INFO - [2022-07-26 18:20:39,352] {dagbag.py:508} INFO - Filling up the DagBag from /opt/airflow/dags/final_dag.py
[2022-07-26 18:20:40,401] {processor.py:651} INFO - DAG(s) dict_keys(['final_dag_test']) retrieved from /opt/airflow/dags/final_dag.py
[2022-07-26 18:20:40,457] {logging_mixin.py:115} INFO - [2022-07-26 18:20:40,456] {dag.py:2420} INFO - Sync 1 DAGs
[2022-07-26 18:20:40,490] {logging_mixin.py:115} INFO - [2022-07-26 18:20:40,489] {dag.py:2972} INFO - Setting next_dagrun for final_dag_test to 2022-07-26T00:00:00+00:00, run_after=2022-07-27T00:00:00+00:00
[2022-07-26 18:20:40,505] {processor.py:161} INFO - Processing /opt/airflow/dags/final_dag.py took 1.177 seconds
[2022-07-26 18:21:10,733] {processor.py:153} INFO - Started process (PID=308) to work on /opt/airflow/dags/final_dag.py
[2022-07-26 18:21:10,735] {processor.py:641} INFO - Processing file /opt/airflow/dags/final_dag.py for tasks to queue
[2022-07-26 18:21:10,738] {logging_mixin.py:115} INFO - [2022-07-26 18:21:10,737] {dagbag.py:508} INFO - Filling up the DagBag from /opt/airflow/dags/final_dag.py
[2022-07-26 18:21:11,370] {processor.py:651} INFO - DAG(s) dict_keys(['final_dag_test']) retrieved from /opt/airflow/dags/final_dag.py
[2022-07-26 18:21:11,405] {logging_mixin.py:115} INFO - [2022-07-26 18:21:11,405] {dag.py:2420} INFO - Sync 1 DAGs
[2022-07-26 18:21:11,435] {logging_mixin.py:115} INFO - [2022-07-26 18:21:11,435] {dag.py:2972} INFO - Setting next_dagrun for final_dag_test to 2022-07-26T00:00:00+00:00, run_after=2022-07-27T00:00:00+00:00
[2022-07-26 18:21:11,452] {processor.py:161} INFO - Processing /opt/airflow/dags/final_dag.py took 0.729 seconds
[2022-07-26 18:36:15,823] {processor.py:153} INFO - Started process (PID=179) to work on /opt/airflow/dags/final_dag.py
[2022-07-26 18:36:15,830] {processor.py:641} INFO - Processing file /opt/airflow/dags/final_dag.py for tasks to queue
[2022-07-26 18:36:15,833] {logging_mixin.py:115} INFO - [2022-07-26 18:36:15,832] {dagbag.py:508} INFO - Filling up the DagBag from /opt/airflow/dags/final_dag.py
[2022-07-26 18:36:20,363] {processor.py:651} INFO - DAG(s) dict_keys(['final_dag_test']) retrieved from /opt/airflow/dags/final_dag.py
[2022-07-26 18:36:20,489] {logging_mixin.py:115} INFO - [2022-07-26 18:36:20,489] {manager.py:508} INFO - Created Permission View: can delete on DAG:final_dag_test
[2022-07-26 18:36:20,502] {logging_mixin.py:115} INFO - [2022-07-26 18:36:20,502] {manager.py:508} INFO - Created Permission View: can read on DAG:final_dag_test
[2022-07-26 18:36:20,541] {logging_mixin.py:115} INFO - [2022-07-26 18:36:20,541] {manager.py:508} INFO - Created Permission View: can edit on DAG:final_dag_test
[2022-07-26 18:36:20,543] {logging_mixin.py:115} INFO - [2022-07-26 18:36:20,542] {dag.py:2420} INFO - Sync 1 DAGs
[2022-07-26 18:36:20,557] {logging_mixin.py:115} INFO - [2022-07-26 18:36:20,556] {dag.py:2439} INFO - Creating ORM DAG for final_dag_test
[2022-07-26 18:36:20,616] {logging_mixin.py:115} INFO - [2022-07-26 18:36:20,616] {dag.py:2972} INFO - Setting next_dagrun for final_dag_test to 2022-06-01T00:00:00+00:00, run_after=2022-06-02T00:00:00+00:00
[2022-07-26 18:36:20,823] {processor.py:161} INFO - Processing /opt/airflow/dags/final_dag.py took 5.030 seconds
[2022-07-26 18:36:51,592] {processor.py:153} INFO - Started process (PID=213) to work on /opt/airflow/dags/final_dag.py
[2022-07-26 18:36:51,594] {processor.py:641} INFO - Processing file /opt/airflow/dags/final_dag.py for tasks to queue
[2022-07-26 18:36:51,598] {logging_mixin.py:115} INFO - [2022-07-26 18:36:51,597] {dagbag.py:508} INFO - Filling up the DagBag from /opt/airflow/dags/final_dag.py
[2022-07-26 18:36:53,670] {processor.py:651} INFO - DAG(s) dict_keys(['final_dag_test']) retrieved from /opt/airflow/dags/final_dag.py
[2022-07-26 18:36:53,787] {logging_mixin.py:115} INFO - [2022-07-26 18:36:53,786] {dag.py:2420} INFO - Sync 1 DAGs
[2022-07-26 18:36:53,861] {logging_mixin.py:115} INFO - [2022-07-26 18:36:53,860] {dag.py:2972} INFO - Setting next_dagrun for final_dag_test to 2022-06-01T00:00:00+00:00, run_after=2022-06-02T00:00:00+00:00
[2022-07-26 18:36:53,881] {processor.py:161} INFO - Processing /opt/airflow/dags/final_dag.py took 2.296 seconds
[2022-07-26 18:37:24,354] {processor.py:153} INFO - Started process (PID=229) to work on /opt/airflow/dags/final_dag.py
[2022-07-26 18:37:24,355] {processor.py:641} INFO - Processing file /opt/airflow/dags/final_dag.py for tasks to queue
[2022-07-26 18:37:24,357] {logging_mixin.py:115} INFO - [2022-07-26 18:37:24,357] {dagbag.py:508} INFO - Filling up the DagBag from /opt/airflow/dags/final_dag.py
[2022-07-26 18:37:25,184] {processor.py:651} INFO - DAG(s) dict_keys(['final_dag_test']) retrieved from /opt/airflow/dags/final_dag.py
[2022-07-26 18:37:25,249] {logging_mixin.py:115} INFO - [2022-07-26 18:37:25,248] {dag.py:2420} INFO - Sync 1 DAGs
[2022-07-26 18:37:25,273] {logging_mixin.py:115} INFO - [2022-07-26 18:37:25,273] {dag.py:2972} INFO - Setting next_dagrun for final_dag_test to 2022-06-01T00:00:00+00:00, run_after=2022-06-02T00:00:00+00:00
[2022-07-26 18:37:25,286] {processor.py:161} INFO - Processing /opt/airflow/dags/final_dag.py took 0.938 seconds
[2022-07-26 18:37:55,654] {processor.py:153} INFO - Started process (PID=245) to work on /opt/airflow/dags/final_dag.py
[2022-07-26 18:37:55,656] {processor.py:641} INFO - Processing file /opt/airflow/dags/final_dag.py for tasks to queue
[2022-07-26 18:37:55,657] {logging_mixin.py:115} INFO - [2022-07-26 18:37:55,657] {dagbag.py:508} INFO - Filling up the DagBag from /opt/airflow/dags/final_dag.py
[2022-07-26 18:37:56,442] {processor.py:651} INFO - DAG(s) dict_keys(['final_dag_test']) retrieved from /opt/airflow/dags/final_dag.py
[2022-07-26 18:37:56,492] {logging_mixin.py:115} INFO - [2022-07-26 18:37:56,491] {dag.py:2420} INFO - Sync 1 DAGs
[2022-07-26 18:37:56,576] {logging_mixin.py:115} INFO - [2022-07-26 18:37:56,575] {dag.py:2972} INFO - Setting next_dagrun for final_dag_test to 2022-06-01T00:00:00+00:00, run_after=2022-06-02T00:00:00+00:00
[2022-07-26 18:37:56,595] {processor.py:161} INFO - Processing /opt/airflow/dags/final_dag.py took 0.945 seconds
[2022-07-26 18:38:26,965] {processor.py:153} INFO - Started process (PID=261) to work on /opt/airflow/dags/final_dag.py
[2022-07-26 18:38:26,967] {processor.py:641} INFO - Processing file /opt/airflow/dags/final_dag.py for tasks to queue
[2022-07-26 18:38:26,969] {logging_mixin.py:115} INFO - [2022-07-26 18:38:26,969] {dagbag.py:508} INFO - Filling up the DagBag from /opt/airflow/dags/final_dag.py
[2022-07-26 18:38:27,547] {processor.py:651} INFO - DAG(s) dict_keys(['final_dag_test']) retrieved from /opt/airflow/dags/final_dag.py
[2022-07-26 18:38:27,580] {logging_mixin.py:115} INFO - [2022-07-26 18:38:27,579] {dag.py:2420} INFO - Sync 1 DAGs
[2022-07-26 18:38:27,631] {logging_mixin.py:115} INFO - [2022-07-26 18:38:27,631] {dag.py:2972} INFO - Setting next_dagrun for final_dag_test to 2022-06-01T00:00:00+00:00, run_after=2022-06-02T00:00:00+00:00
[2022-07-26 18:38:27,646] {processor.py:161} INFO - Processing /opt/airflow/dags/final_dag.py took 0.694 seconds
[2022-07-26 18:38:58,224] {processor.py:153} INFO - Started process (PID=277) to work on /opt/airflow/dags/final_dag.py
[2022-07-26 18:38:58,225] {processor.py:641} INFO - Processing file /opt/airflow/dags/final_dag.py for tasks to queue
[2022-07-26 18:38:58,227] {logging_mixin.py:115} INFO - [2022-07-26 18:38:58,227] {dagbag.py:508} INFO - Filling up the DagBag from /opt/airflow/dags/final_dag.py
[2022-07-26 18:38:58,643] {processor.py:651} INFO - DAG(s) dict_keys(['final_dag_test']) retrieved from /opt/airflow/dags/final_dag.py
[2022-07-26 18:38:58,673] {logging_mixin.py:115} INFO - [2022-07-26 18:38:58,672] {dag.py:2420} INFO - Sync 1 DAGs
[2022-07-26 18:38:58,696] {logging_mixin.py:115} INFO - [2022-07-26 18:38:58,696] {dag.py:2972} INFO - Setting next_dagrun for final_dag_test to 2022-06-01T00:00:00+00:00, run_after=2022-06-02T00:00:00+00:00
[2022-07-26 18:38:58,712] {processor.py:161} INFO - Processing /opt/airflow/dags/final_dag.py took 0.493 seconds
[2022-07-26 18:39:28,775] {processor.py:153} INFO - Started process (PID=293) to work on /opt/airflow/dags/final_dag.py
[2022-07-26 18:39:28,777] {processor.py:641} INFO - Processing file /opt/airflow/dags/final_dag.py for tasks to queue
[2022-07-26 18:39:28,779] {logging_mixin.py:115} INFO - [2022-07-26 18:39:28,779] {dagbag.py:508} INFO - Filling up the DagBag from /opt/airflow/dags/final_dag.py
[2022-07-26 18:39:29,218] {processor.py:651} INFO - DAG(s) dict_keys(['final_dag_test']) retrieved from /opt/airflow/dags/final_dag.py
[2022-07-26 18:39:29,249] {logging_mixin.py:115} INFO - [2022-07-26 18:39:29,249] {dag.py:2420} INFO - Sync 1 DAGs
[2022-07-26 18:39:29,273] {logging_mixin.py:115} INFO - [2022-07-26 18:39:29,273] {dag.py:2972} INFO - Setting next_dagrun for final_dag_test to 2022-06-01T00:00:00+00:00, run_after=2022-06-02T00:00:00+00:00
[2022-07-26 18:39:29,291] {processor.py:161} INFO - Processing /opt/airflow/dags/final_dag.py took 0.520 seconds
[2022-07-26 18:40:00,081] {processor.py:153} INFO - Started process (PID=309) to work on /opt/airflow/dags/final_dag.py
[2022-07-26 18:40:00,084] {processor.py:641} INFO - Processing file /opt/airflow/dags/final_dag.py for tasks to queue
[2022-07-26 18:40:00,086] {logging_mixin.py:115} INFO - [2022-07-26 18:40:00,086] {dagbag.py:508} INFO - Filling up the DagBag from /opt/airflow/dags/final_dag.py
[2022-07-26 18:40:00,578] {processor.py:651} INFO - DAG(s) dict_keys(['final_dag_test']) retrieved from /opt/airflow/dags/final_dag.py
[2022-07-26 18:40:00,607] {logging_mixin.py:115} INFO - [2022-07-26 18:40:00,607] {dag.py:2420} INFO - Sync 1 DAGs
[2022-07-26 18:40:00,632] {logging_mixin.py:115} INFO - [2022-07-26 18:40:00,632] {dag.py:2972} INFO - Setting next_dagrun for final_dag_test to 2022-06-01T00:00:00+00:00, run_after=2022-06-02T00:00:00+00:00
[2022-07-26 18:40:00,653] {processor.py:161} INFO - Processing /opt/airflow/dags/final_dag.py took 0.578 seconds
[2022-07-26 18:40:31,404] {processor.py:153} INFO - Started process (PID=325) to work on /opt/airflow/dags/final_dag.py
[2022-07-26 18:40:31,410] {processor.py:641} INFO - Processing file /opt/airflow/dags/final_dag.py for tasks to queue
[2022-07-26 18:40:31,413] {logging_mixin.py:115} INFO - [2022-07-26 18:40:31,412] {dagbag.py:508} INFO - Filling up the DagBag from /opt/airflow/dags/final_dag.py
[2022-07-26 18:40:31,860] {processor.py:651} INFO - DAG(s) dict_keys(['final_dag_test']) retrieved from /opt/airflow/dags/final_dag.py
[2022-07-26 18:40:31,891] {logging_mixin.py:115} INFO - [2022-07-26 18:40:31,891] {dag.py:2420} INFO - Sync 1 DAGs
[2022-07-26 18:40:31,915] {logging_mixin.py:115} INFO - [2022-07-26 18:40:31,915] {dag.py:2972} INFO - Setting next_dagrun for final_dag_test to 2022-06-01T00:00:00+00:00, run_after=2022-06-02T00:00:00+00:00
[2022-07-26 18:40:31,930] {processor.py:161} INFO - Processing /opt/airflow/dags/final_dag.py took 0.530 seconds
[2022-07-26 18:41:02,857] {processor.py:153} INFO - Started process (PID=341) to work on /opt/airflow/dags/final_dag.py
[2022-07-26 18:41:02,858] {processor.py:641} INFO - Processing file /opt/airflow/dags/final_dag.py for tasks to queue
[2022-07-26 18:41:02,860] {logging_mixin.py:115} INFO - [2022-07-26 18:41:02,860] {dagbag.py:508} INFO - Filling up the DagBag from /opt/airflow/dags/final_dag.py
[2022-07-26 18:41:03,293] {processor.py:651} INFO - DAG(s) dict_keys(['final_dag_test']) retrieved from /opt/airflow/dags/final_dag.py
[2022-07-26 18:41:03,322] {logging_mixin.py:115} INFO - [2022-07-26 18:41:03,321] {dag.py:2420} INFO - Sync 1 DAGs
[2022-07-26 18:41:03,346] {logging_mixin.py:115} INFO - [2022-07-26 18:41:03,346] {dag.py:2972} INFO - Setting next_dagrun for final_dag_test to 2022-06-01T00:00:00+00:00, run_after=2022-06-02T00:00:00+00:00
[2022-07-26 18:41:03,359] {processor.py:161} INFO - Processing /opt/airflow/dags/final_dag.py took 0.507 seconds
[2022-07-26 18:41:34,252] {processor.py:153} INFO - Started process (PID=357) to work on /opt/airflow/dags/final_dag.py
[2022-07-26 18:41:34,254] {processor.py:641} INFO - Processing file /opt/airflow/dags/final_dag.py for tasks to queue
[2022-07-26 18:41:34,256] {logging_mixin.py:115} INFO - [2022-07-26 18:41:34,256] {dagbag.py:508} INFO - Filling up the DagBag from /opt/airflow/dags/final_dag.py
[2022-07-26 18:41:34,716] {processor.py:651} INFO - DAG(s) dict_keys(['final_dag_test']) retrieved from /opt/airflow/dags/final_dag.py
[2022-07-26 18:41:34,746] {logging_mixin.py:115} INFO - [2022-07-26 18:41:34,745] {dag.py:2420} INFO - Sync 1 DAGs
[2022-07-26 18:41:34,771] {logging_mixin.py:115} INFO - [2022-07-26 18:41:34,771] {dag.py:2972} INFO - Setting next_dagrun for final_dag_test to 2022-06-01T00:00:00+00:00, run_after=2022-06-02T00:00:00+00:00
[2022-07-26 18:41:34,785] {processor.py:161} INFO - Processing /opt/airflow/dags/final_dag.py took 0.538 seconds
[2022-07-26 18:42:05,606] {processor.py:153} INFO - Started process (PID=373) to work on /opt/airflow/dags/final_dag.py
[2022-07-26 18:42:05,609] {processor.py:641} INFO - Processing file /opt/airflow/dags/final_dag.py for tasks to queue
[2022-07-26 18:42:05,611] {logging_mixin.py:115} INFO - [2022-07-26 18:42:05,611] {dagbag.py:508} INFO - Filling up the DagBag from /opt/airflow/dags/final_dag.py
[2022-07-26 18:42:06,023] {processor.py:651} INFO - DAG(s) dict_keys(['final_dag_test']) retrieved from /opt/airflow/dags/final_dag.py
[2022-07-26 18:42:06,064] {logging_mixin.py:115} INFO - [2022-07-26 18:42:06,064] {dag.py:2420} INFO - Sync 1 DAGs
[2022-07-26 18:42:06,094] {logging_mixin.py:115} INFO - [2022-07-26 18:42:06,094] {dag.py:2972} INFO - Setting next_dagrun for final_dag_test to 2022-06-01T00:00:00+00:00, run_after=2022-06-02T00:00:00+00:00
[2022-07-26 18:42:06,111] {processor.py:161} INFO - Processing /opt/airflow/dags/final_dag.py took 0.509 seconds
[2022-07-26 18:42:36,922] {processor.py:153} INFO - Started process (PID=389) to work on /opt/airflow/dags/final_dag.py
[2022-07-26 18:42:36,924] {processor.py:641} INFO - Processing file /opt/airflow/dags/final_dag.py for tasks to queue
[2022-07-26 18:42:36,926] {logging_mixin.py:115} INFO - [2022-07-26 18:42:36,925] {dagbag.py:508} INFO - Filling up the DagBag from /opt/airflow/dags/final_dag.py
[2022-07-26 18:42:37,366] {processor.py:651} INFO - DAG(s) dict_keys(['final_dag_test']) retrieved from /opt/airflow/dags/final_dag.py
[2022-07-26 18:42:37,395] {logging_mixin.py:115} INFO - [2022-07-26 18:42:37,395] {dag.py:2420} INFO - Sync 1 DAGs
[2022-07-26 18:42:37,418] {logging_mixin.py:115} INFO - [2022-07-26 18:42:37,418] {dag.py:2972} INFO - Setting next_dagrun for final_dag_test to 2022-06-01T00:00:00+00:00, run_after=2022-06-02T00:00:00+00:00
[2022-07-26 18:42:37,432] {processor.py:161} INFO - Processing /opt/airflow/dags/final_dag.py took 0.516 seconds
[2022-07-26 18:43:08,254] {processor.py:153} INFO - Started process (PID=405) to work on /opt/airflow/dags/final_dag.py
[2022-07-26 18:43:08,255] {processor.py:641} INFO - Processing file /opt/airflow/dags/final_dag.py for tasks to queue
[2022-07-26 18:43:08,257] {logging_mixin.py:115} INFO - [2022-07-26 18:43:08,256] {dagbag.py:508} INFO - Filling up the DagBag from /opt/airflow/dags/final_dag.py
[2022-07-26 18:43:08,776] {processor.py:651} INFO - DAG(s) dict_keys(['final_dag_test']) retrieved from /opt/airflow/dags/final_dag.py
[2022-07-26 18:43:08,813] {logging_mixin.py:115} INFO - [2022-07-26 18:43:08,812] {dag.py:2420} INFO - Sync 1 DAGs
[2022-07-26 18:43:08,843] {logging_mixin.py:115} INFO - [2022-07-26 18:43:08,843] {dag.py:2972} INFO - Setting next_dagrun for final_dag_test to 2022-06-01T00:00:00+00:00, run_after=2022-06-02T00:00:00+00:00
[2022-07-26 18:43:08,860] {processor.py:161} INFO - Processing /opt/airflow/dags/final_dag.py took 0.613 seconds
[2022-07-26 18:43:39,550] {processor.py:153} INFO - Started process (PID=421) to work on /opt/airflow/dags/final_dag.py
[2022-07-26 18:43:39,552] {processor.py:641} INFO - Processing file /opt/airflow/dags/final_dag.py for tasks to queue
[2022-07-26 18:43:39,553] {logging_mixin.py:115} INFO - [2022-07-26 18:43:39,553] {dagbag.py:508} INFO - Filling up the DagBag from /opt/airflow/dags/final_dag.py
[2022-07-26 18:43:40,074] {processor.py:651} INFO - DAG(s) dict_keys(['final_dag_test']) retrieved from /opt/airflow/dags/final_dag.py
[2022-07-26 18:43:40,102] {logging_mixin.py:115} INFO - [2022-07-26 18:43:40,102] {dag.py:2420} INFO - Sync 1 DAGs
[2022-07-26 18:43:40,124] {logging_mixin.py:115} INFO - [2022-07-26 18:43:40,124] {dag.py:2972} INFO - Setting next_dagrun for final_dag_test to 2022-06-01T00:00:00+00:00, run_after=2022-06-02T00:00:00+00:00
[2022-07-26 18:43:40,141] {processor.py:161} INFO - Processing /opt/airflow/dags/final_dag.py took 0.596 seconds
[2022-07-26 18:44:10,878] {processor.py:153} INFO - Started process (PID=437) to work on /opt/airflow/dags/final_dag.py
[2022-07-26 18:44:10,881] {processor.py:641} INFO - Processing file /opt/airflow/dags/final_dag.py for tasks to queue
[2022-07-26 18:44:10,883] {logging_mixin.py:115} INFO - [2022-07-26 18:44:10,883] {dagbag.py:508} INFO - Filling up the DagBag from /opt/airflow/dags/final_dag.py
[2022-07-26 18:44:11,308] {processor.py:651} INFO - DAG(s) dict_keys(['final_dag_test']) retrieved from /opt/airflow/dags/final_dag.py
[2022-07-26 18:44:11,337] {logging_mixin.py:115} INFO - [2022-07-26 18:44:11,336] {dag.py:2420} INFO - Sync 1 DAGs
[2022-07-26 18:44:11,359] {logging_mixin.py:115} INFO - [2022-07-26 18:44:11,359] {dag.py:2972} INFO - Setting next_dagrun for final_dag_test to 2022-06-01T00:00:00+00:00, run_after=2022-06-02T00:00:00+00:00
[2022-07-26 18:44:11,372] {processor.py:161} INFO - Processing /opt/airflow/dags/final_dag.py took 0.505 seconds
[2022-07-26 18:44:42,285] {processor.py:153} INFO - Started process (PID=453) to work on /opt/airflow/dags/final_dag.py
[2022-07-26 18:44:42,286] {processor.py:641} INFO - Processing file /opt/airflow/dags/final_dag.py for tasks to queue
[2022-07-26 18:44:42,288] {logging_mixin.py:115} INFO - [2022-07-26 18:44:42,287] {dagbag.py:508} INFO - Filling up the DagBag from /opt/airflow/dags/final_dag.py
[2022-07-26 18:44:42,699] {processor.py:651} INFO - DAG(s) dict_keys(['final_dag_test']) retrieved from /opt/airflow/dags/final_dag.py
[2022-07-26 18:44:42,730] {logging_mixin.py:115} INFO - [2022-07-26 18:44:42,729] {dag.py:2420} INFO - Sync 1 DAGs
[2022-07-26 18:44:42,753] {logging_mixin.py:115} INFO - [2022-07-26 18:44:42,753] {dag.py:2972} INFO - Setting next_dagrun for final_dag_test to 2022-06-01T00:00:00+00:00, run_after=2022-06-02T00:00:00+00:00
[2022-07-26 18:44:42,767] {processor.py:161} INFO - Processing /opt/airflow/dags/final_dag.py took 0.487 seconds
[2022-07-26 18:45:13,696] {processor.py:153} INFO - Started process (PID=469) to work on /opt/airflow/dags/final_dag.py
[2022-07-26 18:45:13,701] {processor.py:641} INFO - Processing file /opt/airflow/dags/final_dag.py for tasks to queue
[2022-07-26 18:45:13,702] {logging_mixin.py:115} INFO - [2022-07-26 18:45:13,702] {dagbag.py:508} INFO - Filling up the DagBag from /opt/airflow/dags/final_dag.py
[2022-07-26 18:45:14,093] {processor.py:651} INFO - DAG(s) dict_keys(['final_dag_test']) retrieved from /opt/airflow/dags/final_dag.py
[2022-07-26 18:45:14,123] {logging_mixin.py:115} INFO - [2022-07-26 18:45:14,122] {dag.py:2420} INFO - Sync 1 DAGs
[2022-07-26 18:45:14,146] {logging_mixin.py:115} INFO - [2022-07-26 18:45:14,146] {dag.py:2972} INFO - Setting next_dagrun for final_dag_test to 2022-06-01T00:00:00+00:00, run_after=2022-06-02T00:00:00+00:00
[2022-07-26 18:45:14,162] {processor.py:161} INFO - Processing /opt/airflow/dags/final_dag.py took 0.483 seconds
[2022-07-26 18:45:45,019] {processor.py:153} INFO - Started process (PID=485) to work on /opt/airflow/dags/final_dag.py
[2022-07-26 18:45:45,021] {processor.py:641} INFO - Processing file /opt/airflow/dags/final_dag.py for tasks to queue
[2022-07-26 18:45:45,022] {logging_mixin.py:115} INFO - [2022-07-26 18:45:45,022] {dagbag.py:508} INFO - Filling up the DagBag from /opt/airflow/dags/final_dag.py
[2022-07-26 18:45:45,415] {processor.py:651} INFO - DAG(s) dict_keys(['final_dag_test']) retrieved from /opt/airflow/dags/final_dag.py
[2022-07-26 18:45:45,445] {logging_mixin.py:115} INFO - [2022-07-26 18:45:45,445] {dag.py:2420} INFO - Sync 1 DAGs
[2022-07-26 18:45:45,469] {logging_mixin.py:115} INFO - [2022-07-26 18:45:45,469] {dag.py:2972} INFO - Setting next_dagrun for final_dag_test to 2022-06-01T00:00:00+00:00, run_after=2022-06-02T00:00:00+00:00
[2022-07-26 18:45:45,485] {processor.py:161} INFO - Processing /opt/airflow/dags/final_dag.py took 0.470 seconds
[2022-07-26 18:46:16,945] {processor.py:153} INFO - Started process (PID=501) to work on /opt/airflow/dags/final_dag.py
[2022-07-26 18:46:16,948] {processor.py:641} INFO - Processing file /opt/airflow/dags/final_dag.py for tasks to queue
[2022-07-26 18:46:16,950] {logging_mixin.py:115} INFO - [2022-07-26 18:46:16,950] {dagbag.py:508} INFO - Filling up the DagBag from /opt/airflow/dags/final_dag.py
[2022-07-26 18:46:18,427] {processor.py:651} INFO - DAG(s) dict_keys(['final_dag_test']) retrieved from /opt/airflow/dags/final_dag.py
[2022-07-26 18:46:18,580] {logging_mixin.py:115} INFO - [2022-07-26 18:46:18,578] {dag.py:2420} INFO - Sync 1 DAGs
[2022-07-26 18:46:18,620] {logging_mixin.py:115} INFO - [2022-07-26 18:46:18,620] {dag.py:2972} INFO - Setting next_dagrun for final_dag_test to 2022-06-01T00:00:00+00:00, run_after=2022-06-02T00:00:00+00:00
[2022-07-26 18:46:18,645] {processor.py:161} INFO - Processing /opt/airflow/dags/final_dag.py took 1.709 seconds
[2022-07-26 18:46:49,011] {processor.py:153} INFO - Started process (PID=517) to work on /opt/airflow/dags/final_dag.py
[2022-07-26 18:46:49,012] {processor.py:641} INFO - Processing file /opt/airflow/dags/final_dag.py for tasks to queue
[2022-07-26 18:46:49,013] {logging_mixin.py:115} INFO - [2022-07-26 18:46:49,013] {dagbag.py:508} INFO - Filling up the DagBag from /opt/airflow/dags/final_dag.py
[2022-07-26 18:46:49,436] {processor.py:651} INFO - DAG(s) dict_keys(['final_dag_test']) retrieved from /opt/airflow/dags/final_dag.py
[2022-07-26 18:46:49,466] {logging_mixin.py:115} INFO - [2022-07-26 18:46:49,465] {dag.py:2420} INFO - Sync 1 DAGs
[2022-07-26 18:46:49,490] {logging_mixin.py:115} INFO - [2022-07-26 18:46:49,489] {dag.py:2972} INFO - Setting next_dagrun for final_dag_test to 2022-06-01T00:00:00+00:00, run_after=2022-06-02T00:00:00+00:00
[2022-07-26 18:46:49,506] {processor.py:161} INFO - Processing /opt/airflow/dags/final_dag.py took 0.499 seconds
[2022-07-26 18:47:20,357] {processor.py:153} INFO - Started process (PID=533) to work on /opt/airflow/dags/final_dag.py
[2022-07-26 18:47:20,358] {processor.py:641} INFO - Processing file /opt/airflow/dags/final_dag.py for tasks to queue
[2022-07-26 18:47:20,360] {logging_mixin.py:115} INFO - [2022-07-26 18:47:20,360] {dagbag.py:508} INFO - Filling up the DagBag from /opt/airflow/dags/final_dag.py
[2022-07-26 18:47:20,785] {processor.py:651} INFO - DAG(s) dict_keys(['final_dag_test']) retrieved from /opt/airflow/dags/final_dag.py
[2022-07-26 18:47:20,816] {logging_mixin.py:115} INFO - [2022-07-26 18:47:20,815] {dag.py:2420} INFO - Sync 1 DAGs
[2022-07-26 18:47:20,842] {logging_mixin.py:115} INFO - [2022-07-26 18:47:20,842] {dag.py:2972} INFO - Setting next_dagrun for final_dag_test to 2022-06-01T00:00:00+00:00, run_after=2022-06-02T00:00:00+00:00
[2022-07-26 18:47:20,857] {processor.py:161} INFO - Processing /opt/airflow/dags/final_dag.py took 0.508 seconds
[2022-07-26 18:47:51,705] {processor.py:153} INFO - Started process (PID=549) to work on /opt/airflow/dags/final_dag.py
[2022-07-26 18:47:51,707] {processor.py:641} INFO - Processing file /opt/airflow/dags/final_dag.py for tasks to queue
[2022-07-26 18:47:51,709] {logging_mixin.py:115} INFO - [2022-07-26 18:47:51,709] {dagbag.py:508} INFO - Filling up the DagBag from /opt/airflow/dags/final_dag.py
[2022-07-26 18:47:52,120] {processor.py:651} INFO - DAG(s) dict_keys(['final_dag_test']) retrieved from /opt/airflow/dags/final_dag.py
[2022-07-26 18:47:52,149] {logging_mixin.py:115} INFO - [2022-07-26 18:47:52,149] {dag.py:2420} INFO - Sync 1 DAGs
[2022-07-26 18:47:52,176] {logging_mixin.py:115} INFO - [2022-07-26 18:47:52,175] {dag.py:2972} INFO - Setting next_dagrun for final_dag_test to 2022-06-01T00:00:00+00:00, run_after=2022-06-02T00:00:00+00:00
[2022-07-26 18:47:52,188] {processor.py:161} INFO - Processing /opt/airflow/dags/final_dag.py took 0.489 seconds
[2022-07-26 18:48:23,081] {processor.py:153} INFO - Started process (PID=565) to work on /opt/airflow/dags/final_dag.py
[2022-07-26 18:48:23,083] {processor.py:641} INFO - Processing file /opt/airflow/dags/final_dag.py for tasks to queue
[2022-07-26 18:48:23,084] {logging_mixin.py:115} INFO - [2022-07-26 18:48:23,084] {dagbag.py:508} INFO - Filling up the DagBag from /opt/airflow/dags/final_dag.py
[2022-07-26 18:48:23,483] {processor.py:651} INFO - DAG(s) dict_keys(['final_dag_test']) retrieved from /opt/airflow/dags/final_dag.py
[2022-07-26 18:48:23,514] {logging_mixin.py:115} INFO - [2022-07-26 18:48:23,514] {dag.py:2420} INFO - Sync 1 DAGs
[2022-07-26 18:48:23,539] {logging_mixin.py:115} INFO - [2022-07-26 18:48:23,539] {dag.py:2972} INFO - Setting next_dagrun for final_dag_test to 2022-06-01T00:00:00+00:00, run_after=2022-06-02T00:00:00+00:00
[2022-07-26 18:48:23,553] {processor.py:161} INFO - Processing /opt/airflow/dags/final_dag.py took 0.476 seconds
[2022-07-26 18:48:54,452] {processor.py:153} INFO - Started process (PID=581) to work on /opt/airflow/dags/final_dag.py
[2022-07-26 18:48:54,454] {processor.py:641} INFO - Processing file /opt/airflow/dags/final_dag.py for tasks to queue
[2022-07-26 18:48:54,455] {logging_mixin.py:115} INFO - [2022-07-26 18:48:54,455] {dagbag.py:508} INFO - Filling up the DagBag from /opt/airflow/dags/final_dag.py
[2022-07-26 18:48:54,954] {processor.py:651} INFO - DAG(s) dict_keys(['final_dag_test']) retrieved from /opt/airflow/dags/final_dag.py
[2022-07-26 18:48:54,981] {logging_mixin.py:115} INFO - [2022-07-26 18:48:54,981] {dag.py:2420} INFO - Sync 1 DAGs
[2022-07-26 18:48:55,008] {logging_mixin.py:115} INFO - [2022-07-26 18:48:55,007] {dag.py:2972} INFO - Setting next_dagrun for final_dag_test to 2022-06-01T00:00:00+00:00, run_after=2022-06-02T00:00:00+00:00
[2022-07-26 18:48:55,021] {processor.py:161} INFO - Processing /opt/airflow/dags/final_dag.py took 0.577 seconds
[2022-07-26 18:49:25,745] {processor.py:153} INFO - Started process (PID=597) to work on /opt/airflow/dags/final_dag.py
[2022-07-26 18:49:25,747] {processor.py:641} INFO - Processing file /opt/airflow/dags/final_dag.py for tasks to queue
[2022-07-26 18:49:25,748] {logging_mixin.py:115} INFO - [2022-07-26 18:49:25,748] {dagbag.py:508} INFO - Filling up the DagBag from /opt/airflow/dags/final_dag.py
[2022-07-26 18:49:26,206] {processor.py:651} INFO - DAG(s) dict_keys(['final_dag_test']) retrieved from /opt/airflow/dags/final_dag.py
[2022-07-26 18:49:26,234] {logging_mixin.py:115} INFO - [2022-07-26 18:49:26,233] {dag.py:2420} INFO - Sync 1 DAGs
[2022-07-26 18:49:26,259] {logging_mixin.py:115} INFO - [2022-07-26 18:49:26,259] {dag.py:2972} INFO - Setting next_dagrun for final_dag_test to 2022-06-01T00:00:00+00:00, run_after=2022-06-02T00:00:00+00:00
[2022-07-26 18:49:26,274] {processor.py:161} INFO - Processing /opt/airflow/dags/final_dag.py took 0.534 seconds
[2022-07-26 18:49:57,032] {processor.py:153} INFO - Started process (PID=613) to work on /opt/airflow/dags/final_dag.py
[2022-07-26 18:49:57,041] {processor.py:641} INFO - Processing file /opt/airflow/dags/final_dag.py for tasks to queue
[2022-07-26 18:49:57,044] {logging_mixin.py:115} INFO - [2022-07-26 18:49:57,044] {dagbag.py:508} INFO - Filling up the DagBag from /opt/airflow/dags/final_dag.py
[2022-07-26 18:49:57,563] {processor.py:651} INFO - DAG(s) dict_keys(['final_dag_test']) retrieved from /opt/airflow/dags/final_dag.py
[2022-07-26 18:49:57,607] {logging_mixin.py:115} INFO - [2022-07-26 18:49:57,606] {dag.py:2420} INFO - Sync 1 DAGs
[2022-07-26 18:49:57,632] {logging_mixin.py:115} INFO - [2022-07-26 18:49:57,632] {dag.py:2972} INFO - Setting next_dagrun for final_dag_test to 2022-06-01T00:00:00+00:00, run_after=2022-06-02T00:00:00+00:00
[2022-07-26 18:49:57,646] {processor.py:161} INFO - Processing /opt/airflow/dags/final_dag.py took 0.622 seconds
[2022-07-26 18:50:28,475] {processor.py:153} INFO - Started process (PID=629) to work on /opt/airflow/dags/final_dag.py
[2022-07-26 18:50:28,477] {processor.py:641} INFO - Processing file /opt/airflow/dags/final_dag.py for tasks to queue
[2022-07-26 18:50:28,479] {logging_mixin.py:115} INFO - [2022-07-26 18:50:28,479] {dagbag.py:508} INFO - Filling up the DagBag from /opt/airflow/dags/final_dag.py
[2022-07-26 18:50:28,929] {processor.py:651} INFO - DAG(s) dict_keys(['final_dag_test']) retrieved from /opt/airflow/dags/final_dag.py
[2022-07-26 18:50:28,961] {logging_mixin.py:115} INFO - [2022-07-26 18:50:28,960] {dag.py:2420} INFO - Sync 1 DAGs
[2022-07-26 18:50:28,985] {logging_mixin.py:115} INFO - [2022-07-26 18:50:28,985] {dag.py:2972} INFO - Setting next_dagrun for final_dag_test to 2022-06-01T00:00:00+00:00, run_after=2022-06-02T00:00:00+00:00
[2022-07-26 18:50:28,999] {processor.py:161} INFO - Processing /opt/airflow/dags/final_dag.py took 0.528 seconds
[2022-07-26 18:50:59,797] {processor.py:153} INFO - Started process (PID=645) to work on /opt/airflow/dags/final_dag.py
[2022-07-26 18:50:59,799] {processor.py:641} INFO - Processing file /opt/airflow/dags/final_dag.py for tasks to queue
[2022-07-26 18:50:59,801] {logging_mixin.py:115} INFO - [2022-07-26 18:50:59,800] {dagbag.py:508} INFO - Filling up the DagBag from /opt/airflow/dags/final_dag.py
[2022-07-26 18:51:00,206] {processor.py:651} INFO - DAG(s) dict_keys(['final_dag_test']) retrieved from /opt/airflow/dags/final_dag.py
[2022-07-26 18:51:00,236] {logging_mixin.py:115} INFO - [2022-07-26 18:51:00,236] {dag.py:2420} INFO - Sync 1 DAGs
[2022-07-26 18:51:00,264] {logging_mixin.py:115} INFO - [2022-07-26 18:51:00,264] {dag.py:2972} INFO - Setting next_dagrun for final_dag_test to 2022-06-01T00:00:00+00:00, run_after=2022-06-02T00:00:00+00:00
[2022-07-26 18:51:00,281] {processor.py:161} INFO - Processing /opt/airflow/dags/final_dag.py took 0.489 seconds
