[2022-07-26 01:07:28,210] {processor.py:153} INFO - Started process (PID=580) to work on /opt/airflow/dags/nickdag.py
[2022-07-26 01:07:28,212] {processor.py:641} INFO - Processing file /opt/airflow/dags/nickdag.py for tasks to queue
[2022-07-26 01:07:28,214] {logging_mixin.py:115} INFO - [2022-07-26 01:07:28,214] {dagbag.py:508} INFO - Filling up the DagBag from /opt/airflow/dags/nickdag.py
[2022-07-26 01:07:28,256] {processor.py:651} INFO - DAG(s) dict_keys(['tutorial']) retrieved from /opt/airflow/dags/nickdag.py
[2022-07-26 01:07:28,424] {logging_mixin.py:115} INFO - [2022-07-26 01:07:28,423] {dag.py:2420} INFO - Sync 1 DAGs
[2022-07-26 01:07:28,499] {logging_mixin.py:115} INFO - [2022-07-26 01:07:28,499] {dag.py:2972} INFO - Setting next_dagrun for tutorial to 2022-07-25T00:00:00+00:00, run_after=2022-07-26T00:00:00+00:00
[2022-07-26 01:07:28,570] {processor.py:161} INFO - Processing /opt/airflow/dags/nickdag.py took 0.380 seconds
[2022-07-26 03:24:54,807] {processor.py:153} INFO - Started process (PID=608) to work on /opt/airflow/dags/nickdag.py
[2022-07-26 03:24:54,811] {processor.py:641} INFO - Processing file /opt/airflow/dags/nickdag.py for tasks to queue
[2022-07-26 03:24:54,817] {logging_mixin.py:115} INFO - [2022-07-26 03:24:54,815] {dagbag.py:508} INFO - Filling up the DagBag from /opt/airflow/dags/nickdag.py
[2022-07-26 03:24:54,935] {processor.py:651} INFO - DAG(s) dict_keys(['tutorial']) retrieved from /opt/airflow/dags/nickdag.py
[2022-07-26 03:24:55,199] {logging_mixin.py:115} INFO - [2022-07-26 03:24:55,199] {dag.py:2420} INFO - Sync 1 DAGs
[2022-07-26 03:24:55,288] {logging_mixin.py:115} INFO - [2022-07-26 03:24:55,288] {dag.py:2972} INFO - Setting next_dagrun for tutorial to 2022-07-25T00:00:00+00:00, run_after=2022-07-26T00:00:00+00:00
[2022-07-26 03:24:55,324] {processor.py:161} INFO - Processing /opt/airflow/dags/nickdag.py took 0.524 seconds
[2022-07-26 07:37:00,876] {processor.py:153} INFO - Started process (PID=641) to work on /opt/airflow/dags/nickdag.py
[2022-07-26 07:37:00,879] {processor.py:641} INFO - Processing file /opt/airflow/dags/nickdag.py for tasks to queue
[2022-07-26 07:37:00,885] {logging_mixin.py:115} INFO - [2022-07-26 07:37:00,885] {dagbag.py:508} INFO - Filling up the DagBag from /opt/airflow/dags/nickdag.py
[2022-07-26 07:37:01,244] {processor.py:651} INFO - DAG(s) dict_keys(['tutorial']) retrieved from /opt/airflow/dags/nickdag.py
[2022-07-26 07:37:01,536] {logging_mixin.py:115} INFO - [2022-07-26 07:37:01,490] {dag.py:2420} INFO - Sync 1 DAGs
[2022-07-26 07:37:01,607] {logging_mixin.py:115} INFO - [2022-07-26 07:37:01,607] {dag.py:2972} INFO - Setting next_dagrun for tutorial to 2022-07-25T00:00:00+00:00, run_after=2022-07-26T00:00:00+00:00
[2022-07-26 07:37:01,646] {processor.py:161} INFO - Processing /opt/airflow/dags/nickdag.py took 0.778 seconds
[2022-07-26 08:44:43,253] {processor.py:153} INFO - Started process (PID=658) to work on /opt/airflow/dags/nickdag.py
[2022-07-26 08:44:43,256] {processor.py:641} INFO - Processing file /opt/airflow/dags/nickdag.py for tasks to queue
[2022-07-26 08:44:43,259] {logging_mixin.py:115} INFO - [2022-07-26 08:44:43,259] {dagbag.py:508} INFO - Filling up the DagBag from /opt/airflow/dags/nickdag.py
[2022-07-26 08:44:43,293] {processor.py:651} INFO - DAG(s) dict_keys(['tutorial']) retrieved from /opt/airflow/dags/nickdag.py
[2022-07-26 08:44:43,352] {logging_mixin.py:115} INFO - [2022-07-26 08:44:43,352] {dag.py:2420} INFO - Sync 1 DAGs
[2022-07-26 08:44:43,398] {logging_mixin.py:115} INFO - [2022-07-26 08:44:43,398] {dag.py:2972} INFO - Setting next_dagrun for tutorial to 2022-07-25T00:00:00+00:00, run_after=2022-07-26T00:00:00+00:00
[2022-07-26 08:44:43,419] {processor.py:161} INFO - Processing /opt/airflow/dags/nickdag.py took 0.174 seconds
[2022-07-26 08:45:13,977] {processor.py:153} INFO - Started process (PID=676) to work on /opt/airflow/dags/nickdag.py
[2022-07-26 08:45:13,979] {processor.py:641} INFO - Processing file /opt/airflow/dags/nickdag.py for tasks to queue
[2022-07-26 08:45:13,981] {logging_mixin.py:115} INFO - [2022-07-26 08:45:13,981] {dagbag.py:508} INFO - Filling up the DagBag from /opt/airflow/dags/nickdag.py
[2022-07-26 08:45:14,000] {processor.py:651} INFO - DAG(s) dict_keys(['tutorial']) retrieved from /opt/airflow/dags/nickdag.py
[2022-07-26 08:45:14,039] {logging_mixin.py:115} INFO - [2022-07-26 08:45:14,039] {dag.py:2420} INFO - Sync 1 DAGs
[2022-07-26 08:45:14,066] {logging_mixin.py:115} INFO - [2022-07-26 08:45:14,065] {dag.py:2972} INFO - Setting next_dagrun for tutorial to 2022-07-25T00:00:00+00:00, run_after=2022-07-26T00:00:00+00:00
[2022-07-26 08:45:14,082] {processor.py:161} INFO - Processing /opt/airflow/dags/nickdag.py took 0.113 seconds
[2022-07-26 08:45:44,396] {processor.py:153} INFO - Started process (PID=692) to work on /opt/airflow/dags/nickdag.py
[2022-07-26 08:45:44,399] {processor.py:641} INFO - Processing file /opt/airflow/dags/nickdag.py for tasks to queue
[2022-07-26 08:45:44,404] {logging_mixin.py:115} INFO - [2022-07-26 08:45:44,402] {dagbag.py:508} INFO - Filling up the DagBag from /opt/airflow/dags/nickdag.py
[2022-07-26 08:45:44,424] {processor.py:651} INFO - DAG(s) dict_keys(['tutorial']) retrieved from /opt/airflow/dags/nickdag.py
[2022-07-26 08:45:44,473] {logging_mixin.py:115} INFO - [2022-07-26 08:45:44,473] {dag.py:2420} INFO - Sync 1 DAGs
[2022-07-26 08:45:44,511] {logging_mixin.py:115} INFO - [2022-07-26 08:45:44,511] {dag.py:2972} INFO - Setting next_dagrun for tutorial to 2022-07-25T00:00:00+00:00, run_after=2022-07-26T00:00:00+00:00
[2022-07-26 08:45:44,526] {processor.py:161} INFO - Processing /opt/airflow/dags/nickdag.py took 0.137 seconds
[2022-07-26 08:46:14,804] {processor.py:153} INFO - Started process (PID=708) to work on /opt/airflow/dags/nickdag.py
[2022-07-26 08:46:14,808] {processor.py:641} INFO - Processing file /opt/airflow/dags/nickdag.py for tasks to queue
[2022-07-26 08:46:14,812] {logging_mixin.py:115} INFO - [2022-07-26 08:46:14,812] {dagbag.py:508} INFO - Filling up the DagBag from /opt/airflow/dags/nickdag.py
[2022-07-26 08:46:14,842] {processor.py:651} INFO - DAG(s) dict_keys(['tutorial']) retrieved from /opt/airflow/dags/nickdag.py
[2022-07-26 08:46:14,921] {logging_mixin.py:115} INFO - [2022-07-26 08:46:14,921] {dag.py:2420} INFO - Sync 1 DAGs
[2022-07-26 08:46:14,961] {logging_mixin.py:115} INFO - [2022-07-26 08:46:14,961] {dag.py:2972} INFO - Setting next_dagrun for tutorial to 2022-07-25T00:00:00+00:00, run_after=2022-07-26T00:00:00+00:00
[2022-07-26 08:46:14,997] {processor.py:161} INFO - Processing /opt/airflow/dags/nickdag.py took 0.199 seconds
[2022-07-26 08:46:45,194] {processor.py:153} INFO - Started process (PID=724) to work on /opt/airflow/dags/nickdag.py
[2022-07-26 08:46:45,196] {processor.py:641} INFO - Processing file /opt/airflow/dags/nickdag.py for tasks to queue
[2022-07-26 08:46:45,198] {logging_mixin.py:115} INFO - [2022-07-26 08:46:45,198] {dagbag.py:508} INFO - Filling up the DagBag from /opt/airflow/dags/nickdag.py
[2022-07-26 08:46:45,220] {processor.py:651} INFO - DAG(s) dict_keys(['tutorial']) retrieved from /opt/airflow/dags/nickdag.py
[2022-07-26 08:46:45,282] {logging_mixin.py:115} INFO - [2022-07-26 08:46:45,282] {dag.py:2420} INFO - Sync 1 DAGs
[2022-07-26 08:46:45,330] {logging_mixin.py:115} INFO - [2022-07-26 08:46:45,330] {dag.py:2972} INFO - Setting next_dagrun for tutorial to 2022-07-25T00:00:00+00:00, run_after=2022-07-26T00:00:00+00:00
[2022-07-26 08:46:45,350] {processor.py:161} INFO - Processing /opt/airflow/dags/nickdag.py took 0.165 seconds
[2022-07-26 08:47:15,556] {processor.py:153} INFO - Started process (PID=740) to work on /opt/airflow/dags/nickdag.py
[2022-07-26 08:47:15,559] {processor.py:641} INFO - Processing file /opt/airflow/dags/nickdag.py for tasks to queue
[2022-07-26 08:47:15,560] {logging_mixin.py:115} INFO - [2022-07-26 08:47:15,560] {dagbag.py:508} INFO - Filling up the DagBag from /opt/airflow/dags/nickdag.py
[2022-07-26 08:47:15,577] {processor.py:651} INFO - DAG(s) dict_keys(['tutorial']) retrieved from /opt/airflow/dags/nickdag.py
[2022-07-26 08:47:15,618] {logging_mixin.py:115} INFO - [2022-07-26 08:47:15,618] {dag.py:2420} INFO - Sync 1 DAGs
[2022-07-26 08:47:15,657] {logging_mixin.py:115} INFO - [2022-07-26 08:47:15,657] {dag.py:2972} INFO - Setting next_dagrun for tutorial to 2022-07-25T00:00:00+00:00, run_after=2022-07-26T00:00:00+00:00
[2022-07-26 08:47:15,675] {processor.py:161} INFO - Processing /opt/airflow/dags/nickdag.py took 0.124 seconds
[2022-07-26 08:47:45,897] {processor.py:153} INFO - Started process (PID=756) to work on /opt/airflow/dags/nickdag.py
[2022-07-26 08:47:45,899] {processor.py:641} INFO - Processing file /opt/airflow/dags/nickdag.py for tasks to queue
[2022-07-26 08:47:45,900] {logging_mixin.py:115} INFO - [2022-07-26 08:47:45,900] {dagbag.py:508} INFO - Filling up the DagBag from /opt/airflow/dags/nickdag.py
[2022-07-26 08:47:45,919] {processor.py:651} INFO - DAG(s) dict_keys(['tutorial']) retrieved from /opt/airflow/dags/nickdag.py
[2022-07-26 08:47:45,960] {logging_mixin.py:115} INFO - [2022-07-26 08:47:45,960] {dag.py:2420} INFO - Sync 1 DAGs
[2022-07-26 08:47:45,988] {logging_mixin.py:115} INFO - [2022-07-26 08:47:45,988] {dag.py:2972} INFO - Setting next_dagrun for tutorial to 2022-07-25T00:00:00+00:00, run_after=2022-07-26T00:00:00+00:00
[2022-07-26 08:47:46,006] {processor.py:161} INFO - Processing /opt/airflow/dags/nickdag.py took 0.113 seconds
[2022-07-26 08:48:16,239] {processor.py:153} INFO - Started process (PID=772) to work on /opt/airflow/dags/nickdag.py
[2022-07-26 08:48:16,242] {processor.py:641} INFO - Processing file /opt/airflow/dags/nickdag.py for tasks to queue
[2022-07-26 08:48:16,245] {logging_mixin.py:115} INFO - [2022-07-26 08:48:16,244] {dagbag.py:508} INFO - Filling up the DagBag from /opt/airflow/dags/nickdag.py
[2022-07-26 08:48:16,261] {processor.py:651} INFO - DAG(s) dict_keys(['tutorial']) retrieved from /opt/airflow/dags/nickdag.py
[2022-07-26 08:48:16,326] {logging_mixin.py:115} INFO - [2022-07-26 08:48:16,326] {dag.py:2420} INFO - Sync 1 DAGs
[2022-07-26 08:48:16,351] {logging_mixin.py:115} INFO - [2022-07-26 08:48:16,351] {dag.py:2972} INFO - Setting next_dagrun for tutorial to 2022-07-25T00:00:00+00:00, run_after=2022-07-26T00:00:00+00:00
[2022-07-26 08:48:16,367] {processor.py:161} INFO - Processing /opt/airflow/dags/nickdag.py took 0.133 seconds
[2022-07-26 08:48:46,586] {processor.py:153} INFO - Started process (PID=788) to work on /opt/airflow/dags/nickdag.py
[2022-07-26 08:48:46,589] {processor.py:641} INFO - Processing file /opt/airflow/dags/nickdag.py for tasks to queue
[2022-07-26 08:48:46,593] {logging_mixin.py:115} INFO - [2022-07-26 08:48:46,592] {dagbag.py:508} INFO - Filling up the DagBag from /opt/airflow/dags/nickdag.py
[2022-07-26 08:48:46,610] {processor.py:651} INFO - DAG(s) dict_keys(['tutorial']) retrieved from /opt/airflow/dags/nickdag.py
[2022-07-26 08:48:46,655] {logging_mixin.py:115} INFO - [2022-07-26 08:48:46,655] {dag.py:2420} INFO - Sync 1 DAGs
[2022-07-26 08:48:46,681] {logging_mixin.py:115} INFO - [2022-07-26 08:48:46,681] {dag.py:2972} INFO - Setting next_dagrun for tutorial to 2022-07-25T00:00:00+00:00, run_after=2022-07-26T00:00:00+00:00
[2022-07-26 08:48:46,696] {processor.py:161} INFO - Processing /opt/airflow/dags/nickdag.py took 0.119 seconds
[2022-07-26 08:49:16,965] {processor.py:153} INFO - Started process (PID=804) to work on /opt/airflow/dags/nickdag.py
[2022-07-26 08:49:16,968] {processor.py:641} INFO - Processing file /opt/airflow/dags/nickdag.py for tasks to queue
[2022-07-26 08:49:16,969] {logging_mixin.py:115} INFO - [2022-07-26 08:49:16,969] {dagbag.py:508} INFO - Filling up the DagBag from /opt/airflow/dags/nickdag.py
[2022-07-26 08:49:16,988] {processor.py:651} INFO - DAG(s) dict_keys(['tutorial']) retrieved from /opt/airflow/dags/nickdag.py
[2022-07-26 08:49:17,031] {logging_mixin.py:115} INFO - [2022-07-26 08:49:17,030] {dag.py:2420} INFO - Sync 1 DAGs
[2022-07-26 08:49:17,055] {logging_mixin.py:115} INFO - [2022-07-26 08:49:17,055] {dag.py:2972} INFO - Setting next_dagrun for tutorial to 2022-07-25T00:00:00+00:00, run_after=2022-07-26T00:00:00+00:00
[2022-07-26 08:49:17,069] {processor.py:161} INFO - Processing /opt/airflow/dags/nickdag.py took 0.109 seconds
[2022-07-26 08:49:47,882] {processor.py:153} INFO - Started process (PID=820) to work on /opt/airflow/dags/nickdag.py
[2022-07-26 08:49:47,884] {processor.py:641} INFO - Processing file /opt/airflow/dags/nickdag.py for tasks to queue
[2022-07-26 08:49:47,885] {logging_mixin.py:115} INFO - [2022-07-26 08:49:47,885] {dagbag.py:508} INFO - Filling up the DagBag from /opt/airflow/dags/nickdag.py
[2022-07-26 08:49:47,903] {processor.py:651} INFO - DAG(s) dict_keys(['tutorial']) retrieved from /opt/airflow/dags/nickdag.py
[2022-07-26 08:49:47,956] {logging_mixin.py:115} INFO - [2022-07-26 08:49:47,956] {dag.py:2420} INFO - Sync 1 DAGs
[2022-07-26 09:01:21,361] {logging_mixin.py:115} INFO - [2022-07-26 09:01:21,346] {dag.py:2972} INFO - Setting next_dagrun for tutorial to 2022-07-25T00:00:00+00:00, run_after=2022-07-26T00:00:00+00:00
[2022-07-26 09:01:21,897] {processor.py:153} INFO - Started process (PID=829) to work on /opt/airflow/dags/nickdag.py
[2022-07-26 09:01:21,899] {processor.py:641} INFO - Processing file /opt/airflow/dags/nickdag.py for tasks to queue
[2022-07-26 09:01:21,902] {logging_mixin.py:115} INFO - [2022-07-26 09:01:21,902] {dagbag.py:508} INFO - Filling up the DagBag from /opt/airflow/dags/nickdag.py
[2022-07-26 09:01:21,931] {processor.py:651} INFO - DAG(s) dict_keys(['tutorial']) retrieved from /opt/airflow/dags/nickdag.py
[2022-07-26 09:01:22,014] {logging_mixin.py:115} INFO - [2022-07-26 09:01:22,014] {dag.py:2420} INFO - Sync 1 DAGs
[2022-07-26 09:01:22,064] {logging_mixin.py:115} INFO - [2022-07-26 09:01:22,063] {dag.py:2972} INFO - Setting next_dagrun for tutorial to 2022-07-25T00:00:00+00:00, run_after=2022-07-26T00:00:00+00:00
[2022-07-26 09:01:22,086] {processor.py:161} INFO - Processing /opt/airflow/dags/nickdag.py took 0.193 seconds
[2022-07-26 09:01:52,833] {processor.py:153} INFO - Started process (PID=846) to work on /opt/airflow/dags/nickdag.py
[2022-07-26 09:01:52,835] {processor.py:641} INFO - Processing file /opt/airflow/dags/nickdag.py for tasks to queue
[2022-07-26 09:01:52,837] {logging_mixin.py:115} INFO - [2022-07-26 09:01:52,837] {dagbag.py:508} INFO - Filling up the DagBag from /opt/airflow/dags/nickdag.py
[2022-07-26 09:01:52,862] {processor.py:651} INFO - DAG(s) dict_keys(['tutorial']) retrieved from /opt/airflow/dags/nickdag.py
[2022-07-26 09:01:52,902] {logging_mixin.py:115} INFO - [2022-07-26 09:01:52,901] {dag.py:2420} INFO - Sync 1 DAGs
[2022-07-26 09:01:52,928] {logging_mixin.py:115} INFO - [2022-07-26 09:01:52,927] {dag.py:2972} INFO - Setting next_dagrun for tutorial to 2022-07-25T00:00:00+00:00, run_after=2022-07-26T00:00:00+00:00
[2022-07-26 09:01:52,943] {processor.py:161} INFO - Processing /opt/airflow/dags/nickdag.py took 0.116 seconds
[2022-07-26 09:02:23,339] {processor.py:153} INFO - Started process (PID=862) to work on /opt/airflow/dags/nickdag.py
[2022-07-26 09:02:23,341] {processor.py:641} INFO - Processing file /opt/airflow/dags/nickdag.py for tasks to queue
[2022-07-26 09:02:23,342] {logging_mixin.py:115} INFO - [2022-07-26 09:02:23,342] {dagbag.py:508} INFO - Filling up the DagBag from /opt/airflow/dags/nickdag.py
[2022-07-26 09:02:23,363] {processor.py:651} INFO - DAG(s) dict_keys(['tutorial']) retrieved from /opt/airflow/dags/nickdag.py
[2022-07-26 09:02:23,402] {logging_mixin.py:115} INFO - [2022-07-26 09:02:23,402] {dag.py:2420} INFO - Sync 1 DAGs
[2022-07-26 09:02:23,434] {logging_mixin.py:115} INFO - [2022-07-26 09:02:23,434] {dag.py:2972} INFO - Setting next_dagrun for tutorial to 2022-07-25T00:00:00+00:00, run_after=2022-07-26T00:00:00+00:00
[2022-07-26 09:02:23,455] {processor.py:161} INFO - Processing /opt/airflow/dags/nickdag.py took 0.124 seconds
[2022-07-26 09:02:53,896] {processor.py:153} INFO - Started process (PID=878) to work on /opt/airflow/dags/nickdag.py
[2022-07-26 09:02:53,898] {processor.py:641} INFO - Processing file /opt/airflow/dags/nickdag.py for tasks to queue
[2022-07-26 09:02:53,899] {logging_mixin.py:115} INFO - [2022-07-26 09:02:53,899] {dagbag.py:508} INFO - Filling up the DagBag from /opt/airflow/dags/nickdag.py
[2022-07-26 09:02:53,914] {processor.py:651} INFO - DAG(s) dict_keys(['tutorial']) retrieved from /opt/airflow/dags/nickdag.py
[2022-07-26 09:02:53,951] {logging_mixin.py:115} INFO - [2022-07-26 09:02:53,951] {dag.py:2420} INFO - Sync 1 DAGs
[2022-07-26 09:02:53,976] {logging_mixin.py:115} INFO - [2022-07-26 09:02:53,976] {dag.py:2972} INFO - Setting next_dagrun for tutorial to 2022-07-25T00:00:00+00:00, run_after=2022-07-26T00:00:00+00:00
[2022-07-26 09:02:53,991] {processor.py:161} INFO - Processing /opt/airflow/dags/nickdag.py took 0.101 seconds
[2022-07-26 09:03:24,336] {processor.py:153} INFO - Started process (PID=891) to work on /opt/airflow/dags/nickdag.py
[2022-07-26 09:03:24,338] {processor.py:641} INFO - Processing file /opt/airflow/dags/nickdag.py for tasks to queue
[2022-07-26 09:03:24,339] {logging_mixin.py:115} INFO - [2022-07-26 09:03:24,339] {dagbag.py:508} INFO - Filling up the DagBag from /opt/airflow/dags/nickdag.py
[2022-07-26 09:03:24,355] {processor.py:651} INFO - DAG(s) dict_keys(['tutorial']) retrieved from /opt/airflow/dags/nickdag.py
[2022-07-26 09:03:24,394] {logging_mixin.py:115} INFO - [2022-07-26 09:03:24,394] {dag.py:2420} INFO - Sync 1 DAGs
[2022-07-26 09:03:24,421] {logging_mixin.py:115} INFO - [2022-07-26 09:03:24,421] {dag.py:2972} INFO - Setting next_dagrun for tutorial to 2022-07-25T00:00:00+00:00, run_after=2022-07-26T00:00:00+00:00
[2022-07-26 09:03:24,440] {processor.py:161} INFO - Processing /opt/airflow/dags/nickdag.py took 0.110 seconds
[2022-07-26 09:03:54,672] {processor.py:153} INFO - Started process (PID=907) to work on /opt/airflow/dags/nickdag.py
[2022-07-26 09:03:54,674] {processor.py:641} INFO - Processing file /opt/airflow/dags/nickdag.py for tasks to queue
[2022-07-26 09:03:54,675] {logging_mixin.py:115} INFO - [2022-07-26 09:03:54,675] {dagbag.py:508} INFO - Filling up the DagBag from /opt/airflow/dags/nickdag.py
[2022-07-26 09:03:54,690] {processor.py:651} INFO - DAG(s) dict_keys(['tutorial']) retrieved from /opt/airflow/dags/nickdag.py
[2022-07-26 09:03:54,730] {logging_mixin.py:115} INFO - [2022-07-26 09:03:54,729] {dag.py:2420} INFO - Sync 1 DAGs
[2022-07-26 09:03:54,760] {logging_mixin.py:115} INFO - [2022-07-26 09:03:54,760] {dag.py:2972} INFO - Setting next_dagrun for tutorial to 2022-07-25T00:00:00+00:00, run_after=2022-07-26T00:00:00+00:00
[2022-07-26 09:03:54,780] {processor.py:161} INFO - Processing /opt/airflow/dags/nickdag.py took 0.112 seconds
[2022-07-26 09:04:24,999] {processor.py:153} INFO - Started process (PID=923) to work on /opt/airflow/dags/nickdag.py
[2022-07-26 09:04:25,000] {processor.py:641} INFO - Processing file /opt/airflow/dags/nickdag.py for tasks to queue
[2022-07-26 09:04:25,002] {logging_mixin.py:115} INFO - [2022-07-26 09:04:25,001] {dagbag.py:508} INFO - Filling up the DagBag from /opt/airflow/dags/nickdag.py
[2022-07-26 09:04:25,016] {processor.py:651} INFO - DAG(s) dict_keys(['tutorial']) retrieved from /opt/airflow/dags/nickdag.py
[2022-07-26 09:04:25,052] {logging_mixin.py:115} INFO - [2022-07-26 09:04:25,052] {dag.py:2420} INFO - Sync 1 DAGs
[2022-07-26 09:04:25,077] {logging_mixin.py:115} INFO - [2022-07-26 09:04:25,076] {dag.py:2972} INFO - Setting next_dagrun for tutorial to 2022-07-25T00:00:00+00:00, run_after=2022-07-26T00:00:00+00:00
[2022-07-26 09:04:25,089] {processor.py:161} INFO - Processing /opt/airflow/dags/nickdag.py took 0.095 seconds
[2022-07-26 09:04:55,300] {processor.py:153} INFO - Started process (PID=939) to work on /opt/airflow/dags/nickdag.py
[2022-07-26 09:04:55,302] {processor.py:641} INFO - Processing file /opt/airflow/dags/nickdag.py for tasks to queue
[2022-07-26 09:04:55,303] {logging_mixin.py:115} INFO - [2022-07-26 09:04:55,303] {dagbag.py:508} INFO - Filling up the DagBag from /opt/airflow/dags/nickdag.py
[2022-07-26 09:04:55,317] {processor.py:651} INFO - DAG(s) dict_keys(['tutorial']) retrieved from /opt/airflow/dags/nickdag.py
[2022-07-26 09:04:55,362] {logging_mixin.py:115} INFO - [2022-07-26 09:04:55,362] {dag.py:2420} INFO - Sync 1 DAGs
[2022-07-26 09:04:55,394] {logging_mixin.py:115} INFO - [2022-07-26 09:04:55,394] {dag.py:2972} INFO - Setting next_dagrun for tutorial to 2022-07-25T00:00:00+00:00, run_after=2022-07-26T00:00:00+00:00
[2022-07-26 09:04:55,414] {processor.py:161} INFO - Processing /opt/airflow/dags/nickdag.py took 0.121 seconds
[2022-07-26 09:05:25,612] {processor.py:153} INFO - Started process (PID=955) to work on /opt/airflow/dags/nickdag.py
[2022-07-26 09:05:25,614] {processor.py:641} INFO - Processing file /opt/airflow/dags/nickdag.py for tasks to queue
[2022-07-26 09:05:25,616] {logging_mixin.py:115} INFO - [2022-07-26 09:05:25,615] {dagbag.py:508} INFO - Filling up the DagBag from /opt/airflow/dags/nickdag.py
[2022-07-26 09:05:25,634] {processor.py:651} INFO - DAG(s) dict_keys(['tutorial']) retrieved from /opt/airflow/dags/nickdag.py
[2022-07-26 09:05:25,678] {logging_mixin.py:115} INFO - [2022-07-26 09:05:25,678] {dag.py:2420} INFO - Sync 1 DAGs
[2022-07-26 09:05:25,708] {logging_mixin.py:115} INFO - [2022-07-26 09:05:25,708] {dag.py:2972} INFO - Setting next_dagrun for tutorial to 2022-07-25T00:00:00+00:00, run_after=2022-07-26T00:00:00+00:00
[2022-07-26 09:05:25,724] {processor.py:161} INFO - Processing /opt/airflow/dags/nickdag.py took 0.117 seconds
[2022-07-26 09:05:55,930] {processor.py:153} INFO - Started process (PID=971) to work on /opt/airflow/dags/nickdag.py
[2022-07-26 09:05:55,932] {processor.py:641} INFO - Processing file /opt/airflow/dags/nickdag.py for tasks to queue
[2022-07-26 09:05:55,935] {logging_mixin.py:115} INFO - [2022-07-26 09:05:55,935] {dagbag.py:508} INFO - Filling up the DagBag from /opt/airflow/dags/nickdag.py
[2022-07-26 09:05:55,952] {processor.py:651} INFO - DAG(s) dict_keys(['tutorial']) retrieved from /opt/airflow/dags/nickdag.py
[2022-07-26 09:05:55,993] {logging_mixin.py:115} INFO - [2022-07-26 09:05:55,992] {dag.py:2420} INFO - Sync 1 DAGs
[2022-07-26 09:05:56,018] {logging_mixin.py:115} INFO - [2022-07-26 09:05:56,018] {dag.py:2972} INFO - Setting next_dagrun for tutorial to 2022-07-25T00:00:00+00:00, run_after=2022-07-26T00:00:00+00:00
[2022-07-26 09:05:56,033] {processor.py:161} INFO - Processing /opt/airflow/dags/nickdag.py took 0.108 seconds
[2022-07-26 09:06:26,260] {processor.py:153} INFO - Started process (PID=987) to work on /opt/airflow/dags/nickdag.py
[2022-07-26 09:06:26,262] {processor.py:641} INFO - Processing file /opt/airflow/dags/nickdag.py for tasks to queue
[2022-07-26 09:06:26,264] {logging_mixin.py:115} INFO - [2022-07-26 09:06:26,263] {dagbag.py:508} INFO - Filling up the DagBag from /opt/airflow/dags/nickdag.py
[2022-07-26 09:06:26,286] {processor.py:651} INFO - DAG(s) dict_keys(['tutorial']) retrieved from /opt/airflow/dags/nickdag.py
[2022-07-26 09:06:26,326] {logging_mixin.py:115} INFO - [2022-07-26 09:06:26,326] {dag.py:2420} INFO - Sync 1 DAGs
[2022-07-26 09:06:26,351] {logging_mixin.py:115} INFO - [2022-07-26 09:06:26,351] {dag.py:2972} INFO - Setting next_dagrun for tutorial to 2022-07-25T00:00:00+00:00, run_after=2022-07-26T00:00:00+00:00
[2022-07-26 09:06:26,367] {processor.py:161} INFO - Processing /opt/airflow/dags/nickdag.py took 0.112 seconds
[2022-07-26 09:06:56,571] {processor.py:153} INFO - Started process (PID=1003) to work on /opt/airflow/dags/nickdag.py
[2022-07-26 09:06:56,573] {processor.py:641} INFO - Processing file /opt/airflow/dags/nickdag.py for tasks to queue
[2022-07-26 09:06:56,574] {logging_mixin.py:115} INFO - [2022-07-26 09:06:56,574] {dagbag.py:508} INFO - Filling up the DagBag from /opt/airflow/dags/nickdag.py
[2022-07-26 09:06:56,591] {processor.py:651} INFO - DAG(s) dict_keys(['tutorial']) retrieved from /opt/airflow/dags/nickdag.py
[2022-07-26 09:06:56,630] {logging_mixin.py:115} INFO - [2022-07-26 09:06:56,629] {dag.py:2420} INFO - Sync 1 DAGs
[2022-07-26 09:06:56,656] {logging_mixin.py:115} INFO - [2022-07-26 09:06:56,656] {dag.py:2972} INFO - Setting next_dagrun for tutorial to 2022-07-25T00:00:00+00:00, run_after=2022-07-26T00:00:00+00:00
[2022-07-26 09:06:56,671] {processor.py:161} INFO - Processing /opt/airflow/dags/nickdag.py took 0.105 seconds
[2022-07-26 09:07:26,884] {processor.py:153} INFO - Started process (PID=1019) to work on /opt/airflow/dags/nickdag.py
[2022-07-26 09:07:26,887] {processor.py:641} INFO - Processing file /opt/airflow/dags/nickdag.py for tasks to queue
[2022-07-26 09:07:26,889] {logging_mixin.py:115} INFO - [2022-07-26 09:07:26,889] {dagbag.py:508} INFO - Filling up the DagBag from /opt/airflow/dags/nickdag.py
[2022-07-26 09:07:26,906] {processor.py:651} INFO - DAG(s) dict_keys(['tutorial']) retrieved from /opt/airflow/dags/nickdag.py
[2022-07-26 09:07:26,958] {logging_mixin.py:115} INFO - [2022-07-26 09:07:26,958] {dag.py:2420} INFO - Sync 1 DAGs
[2022-07-26 09:07:26,985] {logging_mixin.py:115} INFO - [2022-07-26 09:07:26,984] {dag.py:2972} INFO - Setting next_dagrun for tutorial to 2022-07-25T00:00:00+00:00, run_after=2022-07-26T00:00:00+00:00
[2022-07-26 09:07:27,016] {processor.py:161} INFO - Processing /opt/airflow/dags/nickdag.py took 0.142 seconds
[2022-07-26 09:07:57,440] {processor.py:153} INFO - Started process (PID=1036) to work on /opt/airflow/dags/nickdag.py
[2022-07-26 09:07:57,442] {processor.py:641} INFO - Processing file /opt/airflow/dags/nickdag.py for tasks to queue
[2022-07-26 09:07:57,443] {logging_mixin.py:115} INFO - [2022-07-26 09:07:57,443] {dagbag.py:508} INFO - Filling up the DagBag from /opt/airflow/dags/nickdag.py
[2022-07-26 09:07:57,468] {processor.py:651} INFO - DAG(s) dict_keys(['tutorial']) retrieved from /opt/airflow/dags/nickdag.py
[2022-07-26 09:07:57,552] {logging_mixin.py:115} INFO - [2022-07-26 09:07:57,552] {dag.py:2420} INFO - Sync 1 DAGs
[2022-07-26 09:07:57,593] {logging_mixin.py:115} INFO - [2022-07-26 09:07:57,593] {dag.py:2972} INFO - Setting next_dagrun for tutorial to 2022-07-26T00:00:00+00:00, run_after=2022-07-27T00:00:00+00:00
[2022-07-26 09:07:57,613] {processor.py:161} INFO - Processing /opt/airflow/dags/nickdag.py took 0.179 seconds
[2022-07-26 09:08:27,817] {processor.py:153} INFO - Started process (PID=1055) to work on /opt/airflow/dags/nickdag.py
[2022-07-26 09:08:27,821] {processor.py:641} INFO - Processing file /opt/airflow/dags/nickdag.py for tasks to queue
[2022-07-26 09:08:27,823] {logging_mixin.py:115} INFO - [2022-07-26 09:08:27,823] {dagbag.py:508} INFO - Filling up the DagBag from /opt/airflow/dags/nickdag.py
[2022-07-26 09:08:27,852] {processor.py:651} INFO - DAG(s) dict_keys(['tutorial']) retrieved from /opt/airflow/dags/nickdag.py
[2022-07-26 09:08:27,903] {logging_mixin.py:115} INFO - [2022-07-26 09:08:27,902] {dag.py:2420} INFO - Sync 1 DAGs
[2022-07-26 09:08:27,930] {logging_mixin.py:115} INFO - [2022-07-26 09:08:27,930] {dag.py:2972} INFO - Setting next_dagrun for tutorial to 2022-07-26T00:00:00+00:00, run_after=2022-07-27T00:00:00+00:00
[2022-07-26 09:08:27,945] {processor.py:161} INFO - Processing /opt/airflow/dags/nickdag.py took 0.138 seconds
[2022-07-26 09:08:58,141] {processor.py:153} INFO - Started process (PID=1071) to work on /opt/airflow/dags/nickdag.py
[2022-07-26 09:08:58,144] {processor.py:641} INFO - Processing file /opt/airflow/dags/nickdag.py for tasks to queue
[2022-07-26 09:08:58,147] {logging_mixin.py:115} INFO - [2022-07-26 09:08:58,147] {dagbag.py:508} INFO - Filling up the DagBag from /opt/airflow/dags/nickdag.py
[2022-07-26 09:08:58,165] {processor.py:651} INFO - DAG(s) dict_keys(['tutorial']) retrieved from /opt/airflow/dags/nickdag.py
[2022-07-26 09:08:58,217] {logging_mixin.py:115} INFO - [2022-07-26 09:08:58,216] {dag.py:2420} INFO - Sync 1 DAGs
[2022-07-26 09:08:58,247] {logging_mixin.py:115} INFO - [2022-07-26 09:08:58,247] {dag.py:2972} INFO - Setting next_dagrun for tutorial to 2022-07-26T00:00:00+00:00, run_after=2022-07-27T00:00:00+00:00
[2022-07-26 09:08:58,263] {processor.py:161} INFO - Processing /opt/airflow/dags/nickdag.py took 0.126 seconds
[2022-07-26 09:09:28,465] {processor.py:153} INFO - Started process (PID=1087) to work on /opt/airflow/dags/nickdag.py
[2022-07-26 09:09:28,467] {processor.py:641} INFO - Processing file /opt/airflow/dags/nickdag.py for tasks to queue
[2022-07-26 09:09:28,470] {logging_mixin.py:115} INFO - [2022-07-26 09:09:28,469] {dagbag.py:508} INFO - Filling up the DagBag from /opt/airflow/dags/nickdag.py
[2022-07-26 09:09:28,508] {processor.py:651} INFO - DAG(s) dict_keys(['tutorial']) retrieved from /opt/airflow/dags/nickdag.py
[2022-07-26 09:09:28,548] {logging_mixin.py:115} INFO - [2022-07-26 09:09:28,548] {dag.py:2420} INFO - Sync 1 DAGs
[2022-07-26 09:09:28,574] {logging_mixin.py:115} INFO - [2022-07-26 09:09:28,574] {dag.py:2972} INFO - Setting next_dagrun for tutorial to 2022-07-26T00:00:00+00:00, run_after=2022-07-27T00:00:00+00:00
[2022-07-26 09:09:28,588] {processor.py:161} INFO - Processing /opt/airflow/dags/nickdag.py took 0.129 seconds
[2022-07-26 09:09:58,801] {processor.py:153} INFO - Started process (PID=1103) to work on /opt/airflow/dags/nickdag.py
[2022-07-26 09:09:58,802] {processor.py:641} INFO - Processing file /opt/airflow/dags/nickdag.py for tasks to queue
[2022-07-26 09:09:58,805] {logging_mixin.py:115} INFO - [2022-07-26 09:09:58,804] {dagbag.py:508} INFO - Filling up the DagBag from /opt/airflow/dags/nickdag.py
[2022-07-26 09:09:58,821] {processor.py:651} INFO - DAG(s) dict_keys(['tutorial']) retrieved from /opt/airflow/dags/nickdag.py
[2022-07-26 09:09:58,866] {logging_mixin.py:115} INFO - [2022-07-26 09:09:58,866] {dag.py:2420} INFO - Sync 1 DAGs
[2022-07-26 09:09:58,896] {logging_mixin.py:115} INFO - [2022-07-26 09:09:58,896] {dag.py:2972} INFO - Setting next_dagrun for tutorial to 2022-07-26T00:00:00+00:00, run_after=2022-07-27T00:00:00+00:00
[2022-07-26 09:09:58,912] {processor.py:161} INFO - Processing /opt/airflow/dags/nickdag.py took 0.117 seconds
[2022-07-26 09:10:29,118] {processor.py:153} INFO - Started process (PID=1119) to work on /opt/airflow/dags/nickdag.py
[2022-07-26 09:10:29,119] {processor.py:641} INFO - Processing file /opt/airflow/dags/nickdag.py for tasks to queue
[2022-07-26 09:10:29,121] {logging_mixin.py:115} INFO - [2022-07-26 09:10:29,121] {dagbag.py:508} INFO - Filling up the DagBag from /opt/airflow/dags/nickdag.py
[2022-07-26 09:10:29,139] {processor.py:651} INFO - DAG(s) dict_keys(['tutorial']) retrieved from /opt/airflow/dags/nickdag.py
[2022-07-26 09:10:29,178] {logging_mixin.py:115} INFO - [2022-07-26 09:10:29,178] {dag.py:2420} INFO - Sync 1 DAGs
[2022-07-26 09:10:29,203] {logging_mixin.py:115} INFO - [2022-07-26 09:10:29,203] {dag.py:2972} INFO - Setting next_dagrun for tutorial to 2022-07-26T00:00:00+00:00, run_after=2022-07-27T00:00:00+00:00
[2022-07-26 09:10:29,221] {processor.py:161} INFO - Processing /opt/airflow/dags/nickdag.py took 0.108 seconds
[2022-07-26 09:10:59,445] {processor.py:153} INFO - Started process (PID=1135) to work on /opt/airflow/dags/nickdag.py
[2022-07-26 09:10:59,446] {processor.py:641} INFO - Processing file /opt/airflow/dags/nickdag.py for tasks to queue
[2022-07-26 09:10:59,448] {logging_mixin.py:115} INFO - [2022-07-26 09:10:59,448] {dagbag.py:508} INFO - Filling up the DagBag from /opt/airflow/dags/nickdag.py
[2022-07-26 09:10:59,463] {processor.py:651} INFO - DAG(s) dict_keys(['tutorial']) retrieved from /opt/airflow/dags/nickdag.py
[2022-07-26 09:10:59,502] {logging_mixin.py:115} INFO - [2022-07-26 09:10:59,502] {dag.py:2420} INFO - Sync 1 DAGs
[2022-07-26 09:10:59,527] {logging_mixin.py:115} INFO - [2022-07-26 09:10:59,527] {dag.py:2972} INFO - Setting next_dagrun for tutorial to 2022-07-26T00:00:00+00:00, run_after=2022-07-27T00:00:00+00:00
[2022-07-26 09:10:59,542] {processor.py:161} INFO - Processing /opt/airflow/dags/nickdag.py took 0.103 seconds
[2022-07-26 09:11:29,816] {processor.py:153} INFO - Started process (PID=1151) to work on /opt/airflow/dags/nickdag.py
[2022-07-26 09:11:29,817] {processor.py:641} INFO - Processing file /opt/airflow/dags/nickdag.py for tasks to queue
[2022-07-26 09:11:29,819] {logging_mixin.py:115} INFO - [2022-07-26 09:11:29,819] {dagbag.py:508} INFO - Filling up the DagBag from /opt/airflow/dags/nickdag.py
[2022-07-26 09:11:29,836] {processor.py:651} INFO - DAG(s) dict_keys(['tutorial']) retrieved from /opt/airflow/dags/nickdag.py
[2022-07-26 09:11:29,875] {logging_mixin.py:115} INFO - [2022-07-26 09:11:29,875] {dag.py:2420} INFO - Sync 1 DAGs
[2022-07-26 09:11:29,902] {logging_mixin.py:115} INFO - [2022-07-26 09:11:29,902] {dag.py:2972} INFO - Setting next_dagrun for tutorial to 2022-07-26T00:00:00+00:00, run_after=2022-07-27T00:00:00+00:00
[2022-07-26 09:11:29,919] {processor.py:161} INFO - Processing /opt/airflow/dags/nickdag.py took 0.108 seconds
[2022-07-26 09:12:00,139] {processor.py:153} INFO - Started process (PID=1167) to work on /opt/airflow/dags/nickdag.py
[2022-07-26 09:12:00,141] {processor.py:641} INFO - Processing file /opt/airflow/dags/nickdag.py for tasks to queue
[2022-07-26 09:12:00,143] {logging_mixin.py:115} INFO - [2022-07-26 09:12:00,143] {dagbag.py:508} INFO - Filling up the DagBag from /opt/airflow/dags/nickdag.py
[2022-07-26 09:12:00,159] {processor.py:651} INFO - DAG(s) dict_keys(['tutorial']) retrieved from /opt/airflow/dags/nickdag.py
[2022-07-26 09:12:00,198] {logging_mixin.py:115} INFO - [2022-07-26 09:12:00,198] {dag.py:2420} INFO - Sync 1 DAGs
[2022-07-26 09:12:00,225] {logging_mixin.py:115} INFO - [2022-07-26 09:12:00,225] {dag.py:2972} INFO - Setting next_dagrun for tutorial to 2022-07-26T00:00:00+00:00, run_after=2022-07-27T00:00:00+00:00
[2022-07-26 09:12:00,241] {processor.py:161} INFO - Processing /opt/airflow/dags/nickdag.py took 0.107 seconds
[2022-07-26 09:12:30,453] {processor.py:153} INFO - Started process (PID=1183) to work on /opt/airflow/dags/nickdag.py
[2022-07-26 09:12:30,455] {processor.py:641} INFO - Processing file /opt/airflow/dags/nickdag.py for tasks to queue
[2022-07-26 09:12:30,456] {logging_mixin.py:115} INFO - [2022-07-26 09:12:30,456] {dagbag.py:508} INFO - Filling up the DagBag from /opt/airflow/dags/nickdag.py
[2022-07-26 09:12:30,473] {processor.py:651} INFO - DAG(s) dict_keys(['tutorial']) retrieved from /opt/airflow/dags/nickdag.py
[2022-07-26 09:12:30,513] {logging_mixin.py:115} INFO - [2022-07-26 09:12:30,512] {dag.py:2420} INFO - Sync 1 DAGs
[2022-07-26 09:12:30,538] {logging_mixin.py:115} INFO - [2022-07-26 09:12:30,538] {dag.py:2972} INFO - Setting next_dagrun for tutorial to 2022-07-26T00:00:00+00:00, run_after=2022-07-27T00:00:00+00:00
[2022-07-26 09:12:30,553] {processor.py:161} INFO - Processing /opt/airflow/dags/nickdag.py took 0.106 seconds
[2022-07-26 09:13:00,745] {processor.py:153} INFO - Started process (PID=1199) to work on /opt/airflow/dags/nickdag.py
[2022-07-26 09:13:00,747] {processor.py:641} INFO - Processing file /opt/airflow/dags/nickdag.py for tasks to queue
[2022-07-26 09:13:00,749] {logging_mixin.py:115} INFO - [2022-07-26 09:13:00,749] {dagbag.py:508} INFO - Filling up the DagBag from /opt/airflow/dags/nickdag.py
[2022-07-26 09:13:00,766] {processor.py:651} INFO - DAG(s) dict_keys(['tutorial']) retrieved from /opt/airflow/dags/nickdag.py
[2022-07-26 09:13:00,804] {logging_mixin.py:115} INFO - [2022-07-26 09:13:00,804] {dag.py:2420} INFO - Sync 1 DAGs
[2022-07-26 09:13:00,830] {logging_mixin.py:115} INFO - [2022-07-26 09:13:00,829] {dag.py:2972} INFO - Setting next_dagrun for tutorial to 2022-07-26T00:00:00+00:00, run_after=2022-07-27T00:00:00+00:00
[2022-07-26 09:13:00,843] {processor.py:161} INFO - Processing /opt/airflow/dags/nickdag.py took 0.103 seconds
[2022-07-26 09:13:31,089] {processor.py:153} INFO - Started process (PID=1215) to work on /opt/airflow/dags/nickdag.py
[2022-07-26 09:13:31,091] {processor.py:641} INFO - Processing file /opt/airflow/dags/nickdag.py for tasks to queue
[2022-07-26 09:13:31,092] {logging_mixin.py:115} INFO - [2022-07-26 09:13:31,092] {dagbag.py:508} INFO - Filling up the DagBag from /opt/airflow/dags/nickdag.py
[2022-07-26 09:13:31,108] {processor.py:651} INFO - DAG(s) dict_keys(['tutorial']) retrieved from /opt/airflow/dags/nickdag.py
[2022-07-26 09:13:31,144] {logging_mixin.py:115} INFO - [2022-07-26 09:13:31,144] {dag.py:2420} INFO - Sync 1 DAGs
[2022-07-26 09:13:31,171] {logging_mixin.py:115} INFO - [2022-07-26 09:13:31,171] {dag.py:2972} INFO - Setting next_dagrun for tutorial to 2022-07-26T00:00:00+00:00, run_after=2022-07-27T00:00:00+00:00
[2022-07-26 09:13:31,186] {processor.py:161} INFO - Processing /opt/airflow/dags/nickdag.py took 0.101 seconds
[2022-07-26 09:14:01,412] {processor.py:153} INFO - Started process (PID=1231) to work on /opt/airflow/dags/nickdag.py
[2022-07-26 09:14:01,414] {processor.py:641} INFO - Processing file /opt/airflow/dags/nickdag.py for tasks to queue
[2022-07-26 09:14:01,417] {logging_mixin.py:115} INFO - [2022-07-26 09:14:01,417] {dagbag.py:508} INFO - Filling up the DagBag from /opt/airflow/dags/nickdag.py
[2022-07-26 09:14:01,434] {processor.py:651} INFO - DAG(s) dict_keys(['tutorial']) retrieved from /opt/airflow/dags/nickdag.py
[2022-07-26 09:14:01,473] {logging_mixin.py:115} INFO - [2022-07-26 09:14:01,473] {dag.py:2420} INFO - Sync 1 DAGs
[2022-07-26 09:14:01,499] {logging_mixin.py:115} INFO - [2022-07-26 09:14:01,499] {dag.py:2972} INFO - Setting next_dagrun for tutorial to 2022-07-26T00:00:00+00:00, run_after=2022-07-27T00:00:00+00:00
[2022-07-26 09:14:01,514] {processor.py:161} INFO - Processing /opt/airflow/dags/nickdag.py took 0.107 seconds
[2022-07-26 09:14:31,738] {processor.py:153} INFO - Started process (PID=1247) to work on /opt/airflow/dags/nickdag.py
[2022-07-26 09:14:31,740] {processor.py:641} INFO - Processing file /opt/airflow/dags/nickdag.py for tasks to queue
[2022-07-26 09:14:31,741] {logging_mixin.py:115} INFO - [2022-07-26 09:14:31,741] {dagbag.py:508} INFO - Filling up the DagBag from /opt/airflow/dags/nickdag.py
[2022-07-26 09:14:31,757] {processor.py:651} INFO - DAG(s) dict_keys(['tutorial']) retrieved from /opt/airflow/dags/nickdag.py
[2022-07-26 09:14:31,793] {logging_mixin.py:115} INFO - [2022-07-26 09:14:31,793] {dag.py:2420} INFO - Sync 1 DAGs
[2022-07-26 09:14:31,819] {logging_mixin.py:115} INFO - [2022-07-26 09:14:31,819] {dag.py:2972} INFO - Setting next_dagrun for tutorial to 2022-07-26T00:00:00+00:00, run_after=2022-07-27T00:00:00+00:00
[2022-07-26 09:14:31,833] {processor.py:161} INFO - Processing /opt/airflow/dags/nickdag.py took 0.101 seconds
[2022-07-26 09:15:02,068] {processor.py:153} INFO - Started process (PID=1263) to work on /opt/airflow/dags/nickdag.py
[2022-07-26 09:15:02,082] {processor.py:641} INFO - Processing file /opt/airflow/dags/nickdag.py for tasks to queue
[2022-07-26 09:15:02,083] {logging_mixin.py:115} INFO - [2022-07-26 09:15:02,083] {dagbag.py:508} INFO - Filling up the DagBag from /opt/airflow/dags/nickdag.py
[2022-07-26 09:15:02,110] {processor.py:651} INFO - DAG(s) dict_keys(['tutorial']) retrieved from /opt/airflow/dags/nickdag.py
[2022-07-26 09:15:02,177] {logging_mixin.py:115} INFO - [2022-07-26 09:15:02,177] {dag.py:2420} INFO - Sync 1 DAGs
[2022-07-26 09:15:02,202] {logging_mixin.py:115} INFO - [2022-07-26 09:15:02,202] {dag.py:2972} INFO - Setting next_dagrun for tutorial to 2022-07-26T00:00:00+00:00, run_after=2022-07-27T00:00:00+00:00
[2022-07-26 09:15:02,215] {processor.py:161} INFO - Processing /opt/airflow/dags/nickdag.py took 0.153 seconds
[2022-07-26 09:19:32,683] {processor.py:153} INFO - Started process (PID=1288) to work on /opt/airflow/dags/nickdag.py
[2022-07-26 09:19:32,686] {processor.py:641} INFO - Processing file /opt/airflow/dags/nickdag.py for tasks to queue
[2022-07-26 09:19:32,689] {logging_mixin.py:115} INFO - [2022-07-26 09:19:32,689] {dagbag.py:508} INFO - Filling up the DagBag from /opt/airflow/dags/nickdag.py
[2022-07-26 09:19:32,715] {processor.py:651} INFO - DAG(s) dict_keys(['tutorial']) retrieved from /opt/airflow/dags/nickdag.py
[2022-07-26 09:19:32,779] {logging_mixin.py:115} INFO - [2022-07-26 09:19:32,778] {dag.py:2420} INFO - Sync 1 DAGs
[2022-07-26 09:19:32,830] {logging_mixin.py:115} INFO - [2022-07-26 09:19:32,830] {dag.py:2972} INFO - Setting next_dagrun for tutorial to 2022-07-26T00:00:00+00:00, run_after=2022-07-27T00:00:00+00:00
[2022-07-26 09:19:32,851] {processor.py:161} INFO - Processing /opt/airflow/dags/nickdag.py took 0.175 seconds
[2022-07-26 09:20:03,048] {processor.py:153} INFO - Started process (PID=1301) to work on /opt/airflow/dags/nickdag.py
[2022-07-26 09:20:03,049] {processor.py:641} INFO - Processing file /opt/airflow/dags/nickdag.py for tasks to queue
[2022-07-26 09:20:03,051] {logging_mixin.py:115} INFO - [2022-07-26 09:20:03,051] {dagbag.py:508} INFO - Filling up the DagBag from /opt/airflow/dags/nickdag.py
[2022-07-26 09:20:03,064] {processor.py:651} INFO - DAG(s) dict_keys(['tutorial']) retrieved from /opt/airflow/dags/nickdag.py
[2022-07-26 09:20:03,099] {logging_mixin.py:115} INFO - [2022-07-26 09:20:03,099] {dag.py:2420} INFO - Sync 1 DAGs
[2022-07-26 09:20:03,124] {logging_mixin.py:115} INFO - [2022-07-26 09:20:03,124] {dag.py:2972} INFO - Setting next_dagrun for tutorial to 2022-07-26T00:00:00+00:00, run_after=2022-07-27T00:00:00+00:00
[2022-07-26 09:20:03,138] {processor.py:161} INFO - Processing /opt/airflow/dags/nickdag.py took 0.095 seconds
[2022-07-26 09:20:33,409] {processor.py:153} INFO - Started process (PID=1317) to work on /opt/airflow/dags/nickdag.py
[2022-07-26 09:20:33,411] {processor.py:641} INFO - Processing file /opt/airflow/dags/nickdag.py for tasks to queue
[2022-07-26 09:20:33,413] {logging_mixin.py:115} INFO - [2022-07-26 09:20:33,412] {dagbag.py:508} INFO - Filling up the DagBag from /opt/airflow/dags/nickdag.py
[2022-07-26 09:20:33,426] {processor.py:651} INFO - DAG(s) dict_keys(['tutorial']) retrieved from /opt/airflow/dags/nickdag.py
[2022-07-26 09:20:33,462] {logging_mixin.py:115} INFO - [2022-07-26 09:20:33,462] {dag.py:2420} INFO - Sync 1 DAGs
[2022-07-26 09:20:33,485] {logging_mixin.py:115} INFO - [2022-07-26 09:20:33,485] {dag.py:2972} INFO - Setting next_dagrun for tutorial to 2022-07-26T00:00:00+00:00, run_after=2022-07-27T00:00:00+00:00
[2022-07-26 09:20:33,498] {processor.py:161} INFO - Processing /opt/airflow/dags/nickdag.py took 0.093 seconds
[2022-07-26 09:21:03,726] {processor.py:153} INFO - Started process (PID=1333) to work on /opt/airflow/dags/nickdag.py
[2022-07-26 09:21:03,728] {processor.py:641} INFO - Processing file /opt/airflow/dags/nickdag.py for tasks to queue
[2022-07-26 09:21:03,766] {logging_mixin.py:115} INFO - [2022-07-26 09:21:03,766] {dagbag.py:508} INFO - Filling up the DagBag from /opt/airflow/dags/nickdag.py
[2022-07-26 09:21:03,807] {processor.py:651} INFO - DAG(s) dict_keys(['tutorial']) retrieved from /opt/airflow/dags/nickdag.py
[2022-07-26 09:21:03,859] {logging_mixin.py:115} INFO - [2022-07-26 09:21:03,858] {dag.py:2420} INFO - Sync 1 DAGs
[2022-07-26 09:21:03,888] {logging_mixin.py:115} INFO - [2022-07-26 09:21:03,888] {dag.py:2972} INFO - Setting next_dagrun for tutorial to 2022-07-26T00:00:00+00:00, run_after=2022-07-27T00:00:00+00:00
[2022-07-26 09:21:03,901] {processor.py:161} INFO - Processing /opt/airflow/dags/nickdag.py took 0.179 seconds
[2022-07-26 11:21:24,106] {processor.py:153} INFO - Started process (PID=1352) to work on /opt/airflow/dags/nickdag.py
[2022-07-26 11:21:24,112] {processor.py:641} INFO - Processing file /opt/airflow/dags/nickdag.py for tasks to queue
[2022-07-26 11:21:24,116] {logging_mixin.py:115} INFO - [2022-07-26 11:21:24,116] {dagbag.py:508} INFO - Filling up the DagBag from /opt/airflow/dags/nickdag.py
[2022-07-26 11:21:24,178] {processor.py:651} INFO - DAG(s) dict_keys(['tutorial']) retrieved from /opt/airflow/dags/nickdag.py
[2022-07-26 11:21:24,355] {logging_mixin.py:115} INFO - [2022-07-26 11:21:24,355] {dag.py:2420} INFO - Sync 1 DAGs
[2022-07-26 11:21:24,511] {logging_mixin.py:115} INFO - [2022-07-26 11:21:24,511] {dag.py:2972} INFO - Setting next_dagrun for tutorial to 2022-07-26T00:00:00+00:00, run_after=2022-07-27T00:00:00+00:00
[2022-07-26 11:21:24,535] {processor.py:161} INFO - Processing /opt/airflow/dags/nickdag.py took 0.441 seconds
[2022-07-26 12:28:06,227] {processor.py:153} INFO - Started process (PID=1372) to work on /opt/airflow/dags/nickdag.py
[2022-07-26 12:28:06,267] {processor.py:641} INFO - Processing file /opt/airflow/dags/nickdag.py for tasks to queue
[2022-07-26 12:28:06,280] {logging_mixin.py:115} INFO - [2022-07-26 12:28:06,279] {dagbag.py:508} INFO - Filling up the DagBag from /opt/airflow/dags/nickdag.py
[2022-07-26 12:28:06,315] {processor.py:651} INFO - DAG(s) dict_keys(['tutorial']) retrieved from /opt/airflow/dags/nickdag.py
[2022-07-26 12:28:06,393] {logging_mixin.py:115} INFO - [2022-07-26 12:28:06,393] {dag.py:2420} INFO - Sync 1 DAGs
[2022-07-26 12:28:06,599] {logging_mixin.py:115} INFO - [2022-07-26 12:28:06,599] {dag.py:2972} INFO - Setting next_dagrun for tutorial to 2022-07-26T00:00:00+00:00, run_after=2022-07-27T00:00:00+00:00
[2022-07-26 12:28:06,876] {processor.py:161} INFO - Processing /opt/airflow/dags/nickdag.py took 0.667 seconds
[2022-07-26 12:28:38,148] {processor.py:153} INFO - Started process (PID=1386) to work on /opt/airflow/dags/nickdag.py
[2022-07-26 12:28:38,150] {processor.py:641} INFO - Processing file /opt/airflow/dags/nickdag.py for tasks to queue
[2022-07-26 12:28:38,152] {logging_mixin.py:115} INFO - [2022-07-26 12:28:38,152] {dagbag.py:508} INFO - Filling up the DagBag from /opt/airflow/dags/nickdag.py
[2022-07-26 12:28:38,183] {processor.py:651} INFO - DAG(s) dict_keys(['tutorial']) retrieved from /opt/airflow/dags/nickdag.py
[2022-07-26 12:28:38,245] {logging_mixin.py:115} INFO - [2022-07-26 12:28:38,245] {dag.py:2420} INFO - Sync 1 DAGs
[2022-07-26 12:28:38,289] {logging_mixin.py:115} INFO - [2022-07-26 12:28:38,289] {dag.py:2972} INFO - Setting next_dagrun for tutorial to 2022-07-26T00:00:00+00:00, run_after=2022-07-27T00:00:00+00:00
[2022-07-26 12:28:38,318] {processor.py:161} INFO - Processing /opt/airflow/dags/nickdag.py took 0.178 seconds
[2022-07-26 12:29:08,698] {processor.py:153} INFO - Started process (PID=1401) to work on /opt/airflow/dags/nickdag.py
[2022-07-26 12:29:08,700] {processor.py:641} INFO - Processing file /opt/airflow/dags/nickdag.py for tasks to queue
[2022-07-26 12:29:08,702] {logging_mixin.py:115} INFO - [2022-07-26 12:29:08,702] {dagbag.py:508} INFO - Filling up the DagBag from /opt/airflow/dags/nickdag.py
[2022-07-26 12:29:08,723] {processor.py:651} INFO - DAG(s) dict_keys(['tutorial']) retrieved from /opt/airflow/dags/nickdag.py
[2022-07-26 12:29:08,784] {logging_mixin.py:115} INFO - [2022-07-26 12:29:08,784] {dag.py:2420} INFO - Sync 1 DAGs
[2022-07-26 12:29:08,813] {logging_mixin.py:115} INFO - [2022-07-26 12:29:08,812] {dag.py:2972} INFO - Setting next_dagrun for tutorial to 2022-07-26T00:00:00+00:00, run_after=2022-07-27T00:00:00+00:00
[2022-07-26 12:29:08,826] {processor.py:161} INFO - Processing /opt/airflow/dags/nickdag.py took 0.134 seconds
[2022-07-26 12:29:39,029] {processor.py:153} INFO - Started process (PID=1417) to work on /opt/airflow/dags/nickdag.py
[2022-07-26 12:29:39,031] {processor.py:641} INFO - Processing file /opt/airflow/dags/nickdag.py for tasks to queue
[2022-07-26 12:29:39,032] {logging_mixin.py:115} INFO - [2022-07-26 12:29:39,032] {dagbag.py:508} INFO - Filling up the DagBag from /opt/airflow/dags/nickdag.py
[2022-07-26 12:29:39,054] {processor.py:651} INFO - DAG(s) dict_keys(['tutorial']) retrieved from /opt/airflow/dags/nickdag.py
[2022-07-26 12:29:39,094] {logging_mixin.py:115} INFO - [2022-07-26 12:29:39,094] {dag.py:2420} INFO - Sync 1 DAGs
[2022-07-26 12:29:39,120] {logging_mixin.py:115} INFO - [2022-07-26 12:29:39,120] {dag.py:2972} INFO - Setting next_dagrun for tutorial to 2022-07-26T00:00:00+00:00, run_after=2022-07-27T00:00:00+00:00
[2022-07-26 12:29:39,138] {processor.py:161} INFO - Processing /opt/airflow/dags/nickdag.py took 0.118 seconds
[2022-07-26 12:30:09,367] {processor.py:153} INFO - Started process (PID=1433) to work on /opt/airflow/dags/nickdag.py
[2022-07-26 12:30:09,370] {processor.py:641} INFO - Processing file /opt/airflow/dags/nickdag.py for tasks to queue
[2022-07-26 12:30:09,371] {logging_mixin.py:115} INFO - [2022-07-26 12:30:09,371] {dagbag.py:508} INFO - Filling up the DagBag from /opt/airflow/dags/nickdag.py
[2022-07-26 12:30:09,389] {processor.py:651} INFO - DAG(s) dict_keys(['tutorial']) retrieved from /opt/airflow/dags/nickdag.py
[2022-07-26 12:30:09,437] {logging_mixin.py:115} INFO - [2022-07-26 12:30:09,437] {dag.py:2420} INFO - Sync 1 DAGs
[2022-07-26 12:30:09,473] {logging_mixin.py:115} INFO - [2022-07-26 12:30:09,473] {dag.py:2972} INFO - Setting next_dagrun for tutorial to 2022-07-26T00:00:00+00:00, run_after=2022-07-27T00:00:00+00:00
[2022-07-26 12:30:09,490] {processor.py:161} INFO - Processing /opt/airflow/dags/nickdag.py took 0.127 seconds
[2022-07-26 14:23:25,723] {processor.py:153} INFO - Started process (PID=1457) to work on /opt/airflow/dags/nickdag.py
[2022-07-26 14:23:25,730] {processor.py:641} INFO - Processing file /opt/airflow/dags/nickdag.py for tasks to queue
[2022-07-26 14:23:25,742] {logging_mixin.py:115} INFO - [2022-07-26 14:23:25,742] {dagbag.py:508} INFO - Filling up the DagBag from /opt/airflow/dags/nickdag.py
[2022-07-26 14:23:25,888] {processor.py:651} INFO - DAG(s) dict_keys(['tutorial']) retrieved from /opt/airflow/dags/nickdag.py
[2022-07-26 14:23:25,984] {logging_mixin.py:115} INFO - [2022-07-26 14:23:25,983] {dag.py:2420} INFO - Sync 1 DAGs
[2022-07-26 14:23:26,094] {logging_mixin.py:115} INFO - [2022-07-26 14:23:26,094] {dag.py:2972} INFO - Setting next_dagrun for tutorial to 2022-07-26T00:00:00+00:00, run_after=2022-07-27T00:00:00+00:00
[2022-07-26 14:23:26,124] {processor.py:161} INFO - Processing /opt/airflow/dags/nickdag.py took 0.429 seconds
[2022-07-26 14:23:56,610] {processor.py:153} INFO - Started process (PID=1472) to work on /opt/airflow/dags/nickdag.py
[2022-07-26 14:23:56,611] {processor.py:641} INFO - Processing file /opt/airflow/dags/nickdag.py for tasks to queue
[2022-07-26 14:23:56,612] {logging_mixin.py:115} INFO - [2022-07-26 14:23:56,612] {dagbag.py:508} INFO - Filling up the DagBag from /opt/airflow/dags/nickdag.py
[2022-07-26 14:23:56,627] {processor.py:651} INFO - DAG(s) dict_keys(['tutorial']) retrieved from /opt/airflow/dags/nickdag.py
[2022-07-26 14:23:56,664] {logging_mixin.py:115} INFO - [2022-07-26 14:23:56,664] {dag.py:2420} INFO - Sync 1 DAGs
[2022-07-26 14:23:56,688] {logging_mixin.py:115} INFO - [2022-07-26 14:23:56,688] {dag.py:2972} INFO - Setting next_dagrun for tutorial to 2022-07-26T00:00:00+00:00, run_after=2022-07-27T00:00:00+00:00
[2022-07-26 14:23:56,701] {processor.py:161} INFO - Processing /opt/airflow/dags/nickdag.py took 0.096 seconds
[2022-07-26 14:24:21,564] {processor.py:153} INFO - Started process (PID=1491) to work on /opt/airflow/dags/nickdag.py
[2022-07-26 14:24:21,567] {processor.py:641} INFO - Processing file /opt/airflow/dags/nickdag.py for tasks to queue
[2022-07-26 14:24:21,568] {logging_mixin.py:115} INFO - [2022-07-26 14:24:21,568] {dagbag.py:508} INFO - Filling up the DagBag from /opt/airflow/dags/nickdag.py
[2022-07-26 14:24:21,582] {processor.py:651} INFO - DAG(s) dict_keys(['tutorial']) retrieved from /opt/airflow/dags/nickdag.py
[2022-07-26 14:24:21,621] {logging_mixin.py:115} INFO - [2022-07-26 14:24:21,621] {dag.py:2420} INFO - Sync 1 DAGs
[2022-07-26 14:24:21,647] {logging_mixin.py:115} INFO - [2022-07-26 14:24:21,647] {dag.py:2972} INFO - Setting next_dagrun for tutorial to 2022-07-26T00:00:00+00:00, run_after=2022-07-27T00:00:00+00:00
[2022-07-26 14:24:21,662] {processor.py:161} INFO - Processing /opt/airflow/dags/nickdag.py took 0.106 seconds
[2022-07-26 14:24:52,052] {processor.py:153} INFO - Started process (PID=1504) to work on /opt/airflow/dags/nickdag.py
[2022-07-26 14:24:52,055] {processor.py:641} INFO - Processing file /opt/airflow/dags/nickdag.py for tasks to queue
[2022-07-26 14:24:52,057] {logging_mixin.py:115} INFO - [2022-07-26 14:24:52,056] {dagbag.py:508} INFO - Filling up the DagBag from /opt/airflow/dags/nickdag.py
[2022-07-26 14:24:52,079] {processor.py:651} INFO - DAG(s) dict_keys(['tutorial']) retrieved from /opt/airflow/dags/nickdag.py
[2022-07-26 14:24:52,134] {logging_mixin.py:115} INFO - [2022-07-26 14:24:52,134] {dag.py:2420} INFO - Sync 1 DAGs
[2022-07-26 14:24:52,167] {logging_mixin.py:115} INFO - [2022-07-26 14:24:52,167] {dag.py:2972} INFO - Setting next_dagrun for tutorial to 2022-07-26T00:00:00+00:00, run_after=2022-07-27T00:00:00+00:00
[2022-07-26 14:24:52,185] {processor.py:161} INFO - Processing /opt/airflow/dags/nickdag.py took 0.142 seconds
[2022-07-26 14:25:22,387] {processor.py:153} INFO - Started process (PID=1520) to work on /opt/airflow/dags/nickdag.py
[2022-07-26 14:25:22,389] {processor.py:641} INFO - Processing file /opt/airflow/dags/nickdag.py for tasks to queue
[2022-07-26 14:25:22,392] {logging_mixin.py:115} INFO - [2022-07-26 14:25:22,391] {dagbag.py:508} INFO - Filling up the DagBag from /opt/airflow/dags/nickdag.py
[2022-07-26 14:25:22,407] {processor.py:651} INFO - DAG(s) dict_keys(['tutorial']) retrieved from /opt/airflow/dags/nickdag.py
[2022-07-26 14:25:22,445] {logging_mixin.py:115} INFO - [2022-07-26 14:25:22,445] {dag.py:2420} INFO - Sync 1 DAGs
[2022-07-26 14:25:22,471] {logging_mixin.py:115} INFO - [2022-07-26 14:25:22,470] {dag.py:2972} INFO - Setting next_dagrun for tutorial to 2022-07-26T00:00:00+00:00, run_after=2022-07-27T00:00:00+00:00
[2022-07-26 14:25:22,485] {processor.py:161} INFO - Processing /opt/airflow/dags/nickdag.py took 0.107 seconds
[2022-07-26 14:25:52,673] {processor.py:153} INFO - Started process (PID=1536) to work on /opt/airflow/dags/nickdag.py
[2022-07-26 14:25:52,676] {processor.py:641} INFO - Processing file /opt/airflow/dags/nickdag.py for tasks to queue
[2022-07-26 14:25:52,678] {logging_mixin.py:115} INFO - [2022-07-26 14:25:52,677] {dagbag.py:508} INFO - Filling up the DagBag from /opt/airflow/dags/nickdag.py
[2022-07-26 14:25:52,695] {processor.py:651} INFO - DAG(s) dict_keys(['tutorial']) retrieved from /opt/airflow/dags/nickdag.py
[2022-07-26 14:25:52,740] {logging_mixin.py:115} INFO - [2022-07-26 14:25:52,738] {dag.py:2420} INFO - Sync 1 DAGs
[2022-07-26 14:25:52,775] {logging_mixin.py:115} INFO - [2022-07-26 14:25:52,775] {dag.py:2972} INFO - Setting next_dagrun for tutorial to 2022-07-26T00:00:00+00:00, run_after=2022-07-27T00:00:00+00:00
[2022-07-26 14:25:52,799] {processor.py:161} INFO - Processing /opt/airflow/dags/nickdag.py took 0.131 seconds
[2022-07-26 14:26:23,038] {processor.py:153} INFO - Started process (PID=1552) to work on /opt/airflow/dags/nickdag.py
[2022-07-26 14:26:23,043] {processor.py:641} INFO - Processing file /opt/airflow/dags/nickdag.py for tasks to queue
[2022-07-26 14:26:23,044] {logging_mixin.py:115} INFO - [2022-07-26 14:26:23,044] {dagbag.py:508} INFO - Filling up the DagBag from /opt/airflow/dags/nickdag.py
[2022-07-26 14:26:23,064] {processor.py:651} INFO - DAG(s) dict_keys(['tutorial']) retrieved from /opt/airflow/dags/nickdag.py
[2022-07-26 14:26:23,116] {logging_mixin.py:115} INFO - [2022-07-26 14:26:23,116] {dag.py:2420} INFO - Sync 1 DAGs
[2022-07-26 14:26:23,149] {logging_mixin.py:115} INFO - [2022-07-26 14:26:23,149] {dag.py:2972} INFO - Setting next_dagrun for tutorial to 2022-07-26T00:00:00+00:00, run_after=2022-07-27T00:00:00+00:00
[2022-07-26 14:26:23,166] {processor.py:161} INFO - Processing /opt/airflow/dags/nickdag.py took 0.135 seconds
[2022-07-26 14:26:53,368] {processor.py:153} INFO - Started process (PID=1568) to work on /opt/airflow/dags/nickdag.py
[2022-07-26 14:26:53,376] {processor.py:641} INFO - Processing file /opt/airflow/dags/nickdag.py for tasks to queue
[2022-07-26 14:26:53,381] {logging_mixin.py:115} INFO - [2022-07-26 14:26:53,380] {dagbag.py:508} INFO - Filling up the DagBag from /opt/airflow/dags/nickdag.py
[2022-07-26 14:26:53,445] {processor.py:651} INFO - DAG(s) dict_keys(['tutorial']) retrieved from /opt/airflow/dags/nickdag.py
[2022-07-26 14:26:53,553] {logging_mixin.py:115} INFO - [2022-07-26 14:26:53,553] {dag.py:2420} INFO - Sync 1 DAGs
[2022-07-26 14:26:53,642] {logging_mixin.py:115} INFO - [2022-07-26 14:26:53,642] {dag.py:2972} INFO - Setting next_dagrun for tutorial to 2022-07-26T00:00:00+00:00, run_after=2022-07-27T00:00:00+00:00
[2022-07-26 14:26:53,695] {processor.py:161} INFO - Processing /opt/airflow/dags/nickdag.py took 0.338 seconds
[2022-07-26 14:27:24,265] {processor.py:153} INFO - Started process (PID=1584) to work on /opt/airflow/dags/nickdag.py
[2022-07-26 14:27:24,269] {processor.py:641} INFO - Processing file /opt/airflow/dags/nickdag.py for tasks to queue
[2022-07-26 14:27:24,271] {logging_mixin.py:115} INFO - [2022-07-26 14:27:24,271] {dagbag.py:508} INFO - Filling up the DagBag from /opt/airflow/dags/nickdag.py
[2022-07-26 14:27:24,307] {processor.py:651} INFO - DAG(s) dict_keys(['tutorial']) retrieved from /opt/airflow/dags/nickdag.py
[2022-07-26 14:27:24,398] {logging_mixin.py:115} INFO - [2022-07-26 14:27:24,398] {dag.py:2420} INFO - Sync 1 DAGs
[2022-07-26 14:27:24,431] {logging_mixin.py:115} INFO - [2022-07-26 14:27:24,431] {dag.py:2972} INFO - Setting next_dagrun for tutorial to 2022-07-26T00:00:00+00:00, run_after=2022-07-27T00:00:00+00:00
[2022-07-26 14:27:24,451] {processor.py:161} INFO - Processing /opt/airflow/dags/nickdag.py took 0.200 seconds
[2022-07-26 18:17:22,475] {processor.py:153} INFO - Started process (PID=181) to work on /opt/airflow/dags/nickdag.py
[2022-07-26 18:17:22,483] {processor.py:641} INFO - Processing file /opt/airflow/dags/nickdag.py for tasks to queue
[2022-07-26 18:17:22,487] {logging_mixin.py:115} INFO - [2022-07-26 18:17:22,486] {dagbag.py:508} INFO - Filling up the DagBag from /opt/airflow/dags/nickdag.py
[2022-07-26 18:17:22,675] {processor.py:651} INFO - DAG(s) dict_keys(['tutorial']) retrieved from /opt/airflow/dags/nickdag.py
[2022-07-26 18:17:22,851] {logging_mixin.py:115} INFO - [2022-07-26 18:17:22,850] {dag.py:2420} INFO - Sync 1 DAGs
[2022-07-26 18:17:22,949] {logging_mixin.py:115} INFO - [2022-07-26 18:17:22,949] {dag.py:2972} INFO - Setting next_dagrun for tutorial to 2022-07-26T00:00:00+00:00, run_after=2022-07-27T00:00:00+00:00
[2022-07-26 18:17:22,992] {processor.py:161} INFO - Processing /opt/airflow/dags/nickdag.py took 0.548 seconds
[2022-07-26 18:17:54,113] {processor.py:153} INFO - Started process (PID=202) to work on /opt/airflow/dags/nickdag.py
[2022-07-26 18:17:54,117] {processor.py:641} INFO - Processing file /opt/airflow/dags/nickdag.py for tasks to queue
[2022-07-26 18:17:54,120] {logging_mixin.py:115} INFO - [2022-07-26 18:17:54,120] {dagbag.py:508} INFO - Filling up the DagBag from /opt/airflow/dags/nickdag.py
[2022-07-26 18:17:54,181] {processor.py:651} INFO - DAG(s) dict_keys(['tutorial']) retrieved from /opt/airflow/dags/nickdag.py
[2022-07-26 18:17:54,328] {logging_mixin.py:115} INFO - [2022-07-26 18:17:54,328] {dag.py:2420} INFO - Sync 1 DAGs
[2022-07-26 18:17:54,436] {logging_mixin.py:115} INFO - [2022-07-26 18:17:54,436] {dag.py:2972} INFO - Setting next_dagrun for tutorial to 2022-07-26T00:00:00+00:00, run_after=2022-07-27T00:00:00+00:00
[2022-07-26 18:17:54,471] {processor.py:161} INFO - Processing /opt/airflow/dags/nickdag.py took 0.376 seconds
[2022-07-26 18:18:25,771] {processor.py:153} INFO - Started process (PID=218) to work on /opt/airflow/dags/nickdag.py
[2022-07-26 18:18:25,817] {processor.py:641} INFO - Processing file /opt/airflow/dags/nickdag.py for tasks to queue
[2022-07-26 18:18:25,824] {logging_mixin.py:115} INFO - [2022-07-26 18:18:25,823] {dagbag.py:508} INFO - Filling up the DagBag from /opt/airflow/dags/nickdag.py
[2022-07-26 18:18:26,089] {processor.py:651} INFO - DAG(s) dict_keys(['tutorial']) retrieved from /opt/airflow/dags/nickdag.py
[2022-07-26 18:18:26,309] {logging_mixin.py:115} INFO - [2022-07-26 18:18:26,308] {dag.py:2420} INFO - Sync 1 DAGs
[2022-07-26 18:18:26,444] {logging_mixin.py:115} INFO - [2022-07-26 18:18:26,444] {dag.py:2972} INFO - Setting next_dagrun for tutorial to 2022-07-26T00:00:00+00:00, run_after=2022-07-27T00:00:00+00:00
[2022-07-26 18:18:26,487] {processor.py:161} INFO - Processing /opt/airflow/dags/nickdag.py took 0.762 seconds
[2022-07-26 18:18:56,747] {processor.py:153} INFO - Started process (PID=234) to work on /opt/airflow/dags/nickdag.py
[2022-07-26 18:18:56,749] {processor.py:641} INFO - Processing file /opt/airflow/dags/nickdag.py for tasks to queue
[2022-07-26 18:18:56,752] {logging_mixin.py:115} INFO - [2022-07-26 18:18:56,751] {dagbag.py:508} INFO - Filling up the DagBag from /opt/airflow/dags/nickdag.py
[2022-07-26 18:18:56,772] {processor.py:651} INFO - DAG(s) dict_keys(['tutorial']) retrieved from /opt/airflow/dags/nickdag.py
[2022-07-26 18:18:56,819] {logging_mixin.py:115} INFO - [2022-07-26 18:18:56,819] {dag.py:2420} INFO - Sync 1 DAGs
[2022-07-26 18:18:56,858] {logging_mixin.py:115} INFO - [2022-07-26 18:18:56,858] {dag.py:2972} INFO - Setting next_dagrun for tutorial to 2022-07-26T00:00:00+00:00, run_after=2022-07-27T00:00:00+00:00
[2022-07-26 18:18:56,873] {processor.py:161} INFO - Processing /opt/airflow/dags/nickdag.py took 0.130 seconds
[2022-07-26 18:19:27,066] {processor.py:153} INFO - Started process (PID=250) to work on /opt/airflow/dags/nickdag.py
[2022-07-26 18:19:27,068] {processor.py:641} INFO - Processing file /opt/airflow/dags/nickdag.py for tasks to queue
[2022-07-26 18:19:27,070] {logging_mixin.py:115} INFO - [2022-07-26 18:19:27,070] {dagbag.py:508} INFO - Filling up the DagBag from /opt/airflow/dags/nickdag.py
[2022-07-26 18:19:27,089] {processor.py:651} INFO - DAG(s) dict_keys(['tutorial']) retrieved from /opt/airflow/dags/nickdag.py
[2022-07-26 18:19:27,136] {logging_mixin.py:115} INFO - [2022-07-26 18:19:27,136] {dag.py:2420} INFO - Sync 1 DAGs
[2022-07-26 18:19:27,173] {logging_mixin.py:115} INFO - [2022-07-26 18:19:27,173] {dag.py:2972} INFO - Setting next_dagrun for tutorial to 2022-07-26T00:00:00+00:00, run_after=2022-07-27T00:00:00+00:00
[2022-07-26 18:19:27,190] {processor.py:161} INFO - Processing /opt/airflow/dags/nickdag.py took 0.129 seconds
[2022-07-26 18:19:57,426] {processor.py:153} INFO - Started process (PID=266) to work on /opt/airflow/dags/nickdag.py
[2022-07-26 18:19:57,428] {processor.py:641} INFO - Processing file /opt/airflow/dags/nickdag.py for tasks to queue
[2022-07-26 18:19:57,430] {logging_mixin.py:115} INFO - [2022-07-26 18:19:57,430] {dagbag.py:508} INFO - Filling up the DagBag from /opt/airflow/dags/nickdag.py
[2022-07-26 18:19:57,447] {processor.py:651} INFO - DAG(s) dict_keys(['tutorial']) retrieved from /opt/airflow/dags/nickdag.py
[2022-07-26 18:19:57,488] {logging_mixin.py:115} INFO - [2022-07-26 18:19:57,488] {dag.py:2420} INFO - Sync 1 DAGs
[2022-07-26 18:19:57,517] {logging_mixin.py:115} INFO - [2022-07-26 18:19:57,517] {dag.py:2972} INFO - Setting next_dagrun for tutorial to 2022-07-26T00:00:00+00:00, run_after=2022-07-27T00:00:00+00:00
[2022-07-26 18:19:57,538] {processor.py:161} INFO - Processing /opt/airflow/dags/nickdag.py took 0.117 seconds
[2022-07-26 18:20:27,778] {processor.py:153} INFO - Started process (PID=282) to work on /opt/airflow/dags/nickdag.py
[2022-07-26 18:20:27,780] {processor.py:641} INFO - Processing file /opt/airflow/dags/nickdag.py for tasks to queue
[2022-07-26 18:20:27,783] {logging_mixin.py:115} INFO - [2022-07-26 18:20:27,782] {dagbag.py:508} INFO - Filling up the DagBag from /opt/airflow/dags/nickdag.py
[2022-07-26 18:20:27,814] {processor.py:651} INFO - DAG(s) dict_keys(['tutorial']) retrieved from /opt/airflow/dags/nickdag.py
[2022-07-26 18:20:27,926] {logging_mixin.py:115} INFO - [2022-07-26 18:20:27,926] {dag.py:2420} INFO - Sync 1 DAGs
[2022-07-26 18:20:28,011] {logging_mixin.py:115} INFO - [2022-07-26 18:20:28,011] {dag.py:2972} INFO - Setting next_dagrun for tutorial to 2022-07-26T00:00:00+00:00, run_after=2022-07-27T00:00:00+00:00
[2022-07-26 18:20:28,042] {processor.py:161} INFO - Processing /opt/airflow/dags/nickdag.py took 0.271 seconds
[2022-07-26 18:20:58,434] {processor.py:153} INFO - Started process (PID=298) to work on /opt/airflow/dags/nickdag.py
[2022-07-26 18:20:58,435] {processor.py:641} INFO - Processing file /opt/airflow/dags/nickdag.py for tasks to queue
[2022-07-26 18:20:58,437] {logging_mixin.py:115} INFO - [2022-07-26 18:20:58,437] {dagbag.py:508} INFO - Filling up the DagBag from /opt/airflow/dags/nickdag.py
[2022-07-26 18:20:58,465] {processor.py:651} INFO - DAG(s) dict_keys(['tutorial']) retrieved from /opt/airflow/dags/nickdag.py
[2022-07-26 18:20:58,512] {logging_mixin.py:115} INFO - [2022-07-26 18:20:58,512] {dag.py:2420} INFO - Sync 1 DAGs
[2022-07-26 18:20:58,549] {logging_mixin.py:115} INFO - [2022-07-26 18:20:58,549] {dag.py:2972} INFO - Setting next_dagrun for tutorial to 2022-07-26T00:00:00+00:00, run_after=2022-07-27T00:00:00+00:00
[2022-07-26 18:20:58,562] {processor.py:161} INFO - Processing /opt/airflow/dags/nickdag.py took 0.135 seconds
[2022-07-26 18:21:28,780] {processor.py:153} INFO - Started process (PID=314) to work on /opt/airflow/dags/nickdag.py
[2022-07-26 18:21:28,782] {processor.py:641} INFO - Processing file /opt/airflow/dags/nickdag.py for tasks to queue
[2022-07-26 18:21:28,785] {logging_mixin.py:115} INFO - [2022-07-26 18:21:28,785] {dagbag.py:508} INFO - Filling up the DagBag from /opt/airflow/dags/nickdag.py
[2022-07-26 18:21:28,802] {processor.py:651} INFO - DAG(s) dict_keys(['tutorial']) retrieved from /opt/airflow/dags/nickdag.py
[2022-07-26 18:21:28,842] {logging_mixin.py:115} INFO - [2022-07-26 18:21:28,842] {dag.py:2420} INFO - Sync 1 DAGs
[2022-07-26 18:21:28,870] {logging_mixin.py:115} INFO - [2022-07-26 18:21:28,870] {dag.py:2972} INFO - Setting next_dagrun for tutorial to 2022-07-26T00:00:00+00:00, run_after=2022-07-27T00:00:00+00:00
[2022-07-26 18:21:28,884] {processor.py:161} INFO - Processing /opt/airflow/dags/nickdag.py took 0.109 seconds
[2022-07-26 18:36:15,920] {processor.py:153} INFO - Started process (PID=182) to work on /opt/airflow/dags/nickdag.py
[2022-07-26 18:36:15,925] {processor.py:641} INFO - Processing file /opt/airflow/dags/nickdag.py for tasks to queue
[2022-07-26 18:36:15,929] {logging_mixin.py:115} INFO - [2022-07-26 18:36:15,929] {dagbag.py:508} INFO - Filling up the DagBag from /opt/airflow/dags/nickdag.py
[2022-07-26 18:36:16,009] {processor.py:651} INFO - DAG(s) dict_keys(['tutorial']) retrieved from /opt/airflow/dags/nickdag.py
[2022-07-26 18:36:18,637] {logging_mixin.py:115} INFO - [2022-07-26 18:36:18,607] {manager.py:508} INFO - Created Permission View: can delete on DAG:tutorial
[2022-07-26 18:36:18,684] {logging_mixin.py:115} INFO - [2022-07-26 18:36:18,684] {manager.py:508} INFO - Created Permission View: can read on DAG:tutorial
[2022-07-26 18:36:18,726] {logging_mixin.py:115} INFO - [2022-07-26 18:36:18,726] {manager.py:508} INFO - Created Permission View: can edit on DAG:tutorial
[2022-07-26 18:36:18,729] {logging_mixin.py:115} INFO - [2022-07-26 18:36:18,729] {dag.py:2420} INFO - Sync 1 DAGs
[2022-07-26 18:36:18,798] {logging_mixin.py:115} INFO - [2022-07-26 18:36:18,797] {dag.py:2439} INFO - Creating ORM DAG for tutorial
[2022-07-26 18:36:18,876] {logging_mixin.py:115} INFO - [2022-07-26 18:36:18,876] {dag.py:2972} INFO - Setting next_dagrun for tutorial to 2022-06-01T00:00:00+00:00, run_after=2022-06-02T00:00:00+00:00
[2022-07-26 18:36:18,961] {processor.py:161} INFO - Processing /opt/airflow/dags/nickdag.py took 3.117 seconds
[2022-07-26 18:36:50,289] {processor.py:153} INFO - Started process (PID=203) to work on /opt/airflow/dags/nickdag.py
[2022-07-26 18:36:50,297] {processor.py:641} INFO - Processing file /opt/airflow/dags/nickdag.py for tasks to queue
[2022-07-26 18:36:50,300] {logging_mixin.py:115} INFO - [2022-07-26 18:36:50,300] {dagbag.py:508} INFO - Filling up the DagBag from /opt/airflow/dags/nickdag.py
[2022-07-26 18:36:50,387] {processor.py:651} INFO - DAG(s) dict_keys(['tutorial']) retrieved from /opt/airflow/dags/nickdag.py
[2022-07-26 18:36:50,536] {logging_mixin.py:115} INFO - [2022-07-26 18:36:50,536] {dag.py:2420} INFO - Sync 1 DAGs
[2022-07-26 18:36:50,775] {logging_mixin.py:115} INFO - [2022-07-26 18:36:50,774] {dag.py:2972} INFO - Setting next_dagrun for tutorial to 2022-06-01T00:00:00+00:00, run_after=2022-06-02T00:00:00+00:00
[2022-07-26 18:36:50,806] {processor.py:161} INFO - Processing /opt/airflow/dags/nickdag.py took 0.550 seconds
[2022-07-26 18:37:21,135] {processor.py:153} INFO - Started process (PID=219) to work on /opt/airflow/dags/nickdag.py
[2022-07-26 18:37:21,141] {processor.py:641} INFO - Processing file /opt/airflow/dags/nickdag.py for tasks to queue
[2022-07-26 18:37:21,144] {logging_mixin.py:115} INFO - [2022-07-26 18:37:21,144] {dagbag.py:508} INFO - Filling up the DagBag from /opt/airflow/dags/nickdag.py
[2022-07-26 18:37:21,209] {processor.py:651} INFO - DAG(s) dict_keys(['tutorial']) retrieved from /opt/airflow/dags/nickdag.py
[2022-07-26 18:37:21,289] {logging_mixin.py:115} INFO - [2022-07-26 18:37:21,289] {dag.py:2420} INFO - Sync 1 DAGs
[2022-07-26 18:37:21,331] {logging_mixin.py:115} INFO - [2022-07-26 18:37:21,331] {dag.py:2972} INFO - Setting next_dagrun for tutorial to 2022-06-01T00:00:00+00:00, run_after=2022-06-02T00:00:00+00:00
[2022-07-26 18:37:21,347] {processor.py:161} INFO - Processing /opt/airflow/dags/nickdag.py took 0.230 seconds
[2022-07-26 18:37:51,446] {processor.py:153} INFO - Started process (PID=235) to work on /opt/airflow/dags/nickdag.py
[2022-07-26 18:37:51,449] {processor.py:641} INFO - Processing file /opt/airflow/dags/nickdag.py for tasks to queue
[2022-07-26 18:37:51,451] {logging_mixin.py:115} INFO - [2022-07-26 18:37:51,451] {dagbag.py:508} INFO - Filling up the DagBag from /opt/airflow/dags/nickdag.py
[2022-07-26 18:37:51,478] {processor.py:651} INFO - DAG(s) dict_keys(['tutorial']) retrieved from /opt/airflow/dags/nickdag.py
[2022-07-26 18:37:51,550] {logging_mixin.py:115} INFO - [2022-07-26 18:37:51,550] {dag.py:2420} INFO - Sync 1 DAGs
[2022-07-26 18:37:51,619] {logging_mixin.py:115} INFO - [2022-07-26 18:37:51,618] {dag.py:2972} INFO - Setting next_dagrun for tutorial to 2022-06-01T00:00:00+00:00, run_after=2022-06-02T00:00:00+00:00
[2022-07-26 18:37:51,635] {processor.py:161} INFO - Processing /opt/airflow/dags/nickdag.py took 0.197 seconds
[2022-07-26 18:38:21,777] {processor.py:153} INFO - Started process (PID=251) to work on /opt/airflow/dags/nickdag.py
[2022-07-26 18:38:21,778] {processor.py:641} INFO - Processing file /opt/airflow/dags/nickdag.py for tasks to queue
[2022-07-26 18:38:21,779] {logging_mixin.py:115} INFO - [2022-07-26 18:38:21,779] {dagbag.py:508} INFO - Filling up the DagBag from /opt/airflow/dags/nickdag.py
[2022-07-26 18:38:21,797] {processor.py:651} INFO - DAG(s) dict_keys(['tutorial']) retrieved from /opt/airflow/dags/nickdag.py
[2022-07-26 18:38:21,839] {logging_mixin.py:115} INFO - [2022-07-26 18:38:21,838] {dag.py:2420} INFO - Sync 1 DAGs
[2022-07-26 18:38:21,874] {logging_mixin.py:115} INFO - [2022-07-26 18:38:21,874] {dag.py:2972} INFO - Setting next_dagrun for tutorial to 2022-06-01T00:00:00+00:00, run_after=2022-06-02T00:00:00+00:00
[2022-07-26 18:38:21,891] {processor.py:161} INFO - Processing /opt/airflow/dags/nickdag.py took 0.119 seconds
[2022-07-26 18:38:52,024] {processor.py:153} INFO - Started process (PID=267) to work on /opt/airflow/dags/nickdag.py
[2022-07-26 18:38:52,026] {processor.py:641} INFO - Processing file /opt/airflow/dags/nickdag.py for tasks to queue
[2022-07-26 18:38:52,027] {logging_mixin.py:115} INFO - [2022-07-26 18:38:52,027] {dagbag.py:508} INFO - Filling up the DagBag from /opt/airflow/dags/nickdag.py
[2022-07-26 18:38:52,048] {processor.py:651} INFO - DAG(s) dict_keys(['tutorial']) retrieved from /opt/airflow/dags/nickdag.py
[2022-07-26 18:38:52,107] {logging_mixin.py:115} INFO - [2022-07-26 18:38:52,107] {dag.py:2420} INFO - Sync 1 DAGs
[2022-07-26 18:38:52,133] {logging_mixin.py:115} INFO - [2022-07-26 18:38:52,133] {dag.py:2972} INFO - Setting next_dagrun for tutorial to 2022-06-01T00:00:00+00:00, run_after=2022-06-02T00:00:00+00:00
[2022-07-26 18:38:52,147] {processor.py:161} INFO - Processing /opt/airflow/dags/nickdag.py took 0.128 seconds
[2022-07-26 18:39:22,484] {processor.py:153} INFO - Started process (PID=283) to work on /opt/airflow/dags/nickdag.py
[2022-07-26 18:39:22,487] {processor.py:641} INFO - Processing file /opt/airflow/dags/nickdag.py for tasks to queue
[2022-07-26 18:39:22,489] {logging_mixin.py:115} INFO - [2022-07-26 18:39:22,489] {dagbag.py:508} INFO - Filling up the DagBag from /opt/airflow/dags/nickdag.py
[2022-07-26 18:39:22,515] {processor.py:651} INFO - DAG(s) dict_keys(['tutorial']) retrieved from /opt/airflow/dags/nickdag.py
[2022-07-26 18:39:22,576] {logging_mixin.py:115} INFO - [2022-07-26 18:39:22,576] {dag.py:2420} INFO - Sync 1 DAGs
[2022-07-26 18:39:22,627] {logging_mixin.py:115} INFO - [2022-07-26 18:39:22,627] {dag.py:2972} INFO - Setting next_dagrun for tutorial to 2022-06-01T00:00:00+00:00, run_after=2022-06-02T00:00:00+00:00
[2022-07-26 18:39:22,646] {processor.py:161} INFO - Processing /opt/airflow/dags/nickdag.py took 0.169 seconds
[2022-07-26 18:39:52,874] {processor.py:153} INFO - Started process (PID=299) to work on /opt/airflow/dags/nickdag.py
[2022-07-26 18:39:52,879] {processor.py:641} INFO - Processing file /opt/airflow/dags/nickdag.py for tasks to queue
[2022-07-26 18:39:52,881] {logging_mixin.py:115} INFO - [2022-07-26 18:39:52,881] {dagbag.py:508} INFO - Filling up the DagBag from /opt/airflow/dags/nickdag.py
[2022-07-26 18:39:52,903] {processor.py:651} INFO - DAG(s) dict_keys(['tutorial']) retrieved from /opt/airflow/dags/nickdag.py
[2022-07-26 18:39:52,956] {logging_mixin.py:115} INFO - [2022-07-26 18:39:52,955] {dag.py:2420} INFO - Sync 1 DAGs
[2022-07-26 18:39:52,989] {logging_mixin.py:115} INFO - [2022-07-26 18:39:52,989] {dag.py:2972} INFO - Setting next_dagrun for tutorial to 2022-06-01T00:00:00+00:00, run_after=2022-06-02T00:00:00+00:00
[2022-07-26 18:39:53,006] {processor.py:161} INFO - Processing /opt/airflow/dags/nickdag.py took 0.144 seconds
[2022-07-26 18:40:23,209] {processor.py:153} INFO - Started process (PID=315) to work on /opt/airflow/dags/nickdag.py
[2022-07-26 18:40:23,211] {processor.py:641} INFO - Processing file /opt/airflow/dags/nickdag.py for tasks to queue
[2022-07-26 18:40:23,212] {logging_mixin.py:115} INFO - [2022-07-26 18:40:23,212] {dagbag.py:508} INFO - Filling up the DagBag from /opt/airflow/dags/nickdag.py
[2022-07-26 18:40:23,229] {processor.py:651} INFO - DAG(s) dict_keys(['tutorial']) retrieved from /opt/airflow/dags/nickdag.py
[2022-07-26 18:40:23,271] {logging_mixin.py:115} INFO - [2022-07-26 18:40:23,270] {dag.py:2420} INFO - Sync 1 DAGs
[2022-07-26 18:40:23,304] {logging_mixin.py:115} INFO - [2022-07-26 18:40:23,304] {dag.py:2972} INFO - Setting next_dagrun for tutorial to 2022-06-01T00:00:00+00:00, run_after=2022-06-02T00:00:00+00:00
[2022-07-26 18:40:23,324] {processor.py:161} INFO - Processing /opt/airflow/dags/nickdag.py took 0.122 seconds
[2022-07-26 18:40:53,596] {processor.py:153} INFO - Started process (PID=331) to work on /opt/airflow/dags/nickdag.py
[2022-07-26 18:40:53,600] {processor.py:641} INFO - Processing file /opt/airflow/dags/nickdag.py for tasks to queue
[2022-07-26 18:40:53,602] {logging_mixin.py:115} INFO - [2022-07-26 18:40:53,602] {dagbag.py:508} INFO - Filling up the DagBag from /opt/airflow/dags/nickdag.py
[2022-07-26 18:40:53,637] {processor.py:651} INFO - DAG(s) dict_keys(['tutorial']) retrieved from /opt/airflow/dags/nickdag.py
[2022-07-26 18:40:53,727] {logging_mixin.py:115} INFO - [2022-07-26 18:40:53,726] {dag.py:2420} INFO - Sync 1 DAGs
[2022-07-26 18:40:53,768] {logging_mixin.py:115} INFO - [2022-07-26 18:40:53,768] {dag.py:2972} INFO - Setting next_dagrun for tutorial to 2022-06-01T00:00:00+00:00, run_after=2022-06-02T00:00:00+00:00
[2022-07-26 18:40:53,784] {processor.py:161} INFO - Processing /opt/airflow/dags/nickdag.py took 0.210 seconds
[2022-07-26 18:41:24,036] {processor.py:153} INFO - Started process (PID=347) to work on /opt/airflow/dags/nickdag.py
[2022-07-26 18:41:24,040] {processor.py:641} INFO - Processing file /opt/airflow/dags/nickdag.py for tasks to queue
[2022-07-26 18:41:24,042] {logging_mixin.py:115} INFO - [2022-07-26 18:41:24,042] {dagbag.py:508} INFO - Filling up the DagBag from /opt/airflow/dags/nickdag.py
[2022-07-26 18:41:24,065] {processor.py:651} INFO - DAG(s) dict_keys(['tutorial']) retrieved from /opt/airflow/dags/nickdag.py
[2022-07-26 18:41:24,120] {logging_mixin.py:115} INFO - [2022-07-26 18:41:24,119] {dag.py:2420} INFO - Sync 1 DAGs
[2022-07-26 18:41:24,151] {logging_mixin.py:115} INFO - [2022-07-26 18:41:24,151] {dag.py:2972} INFO - Setting next_dagrun for tutorial to 2022-06-01T00:00:00+00:00, run_after=2022-06-02T00:00:00+00:00
[2022-07-26 18:41:24,165] {processor.py:161} INFO - Processing /opt/airflow/dags/nickdag.py took 0.136 seconds
[2022-07-26 18:41:54,390] {processor.py:153} INFO - Started process (PID=363) to work on /opt/airflow/dags/nickdag.py
[2022-07-26 18:41:54,392] {processor.py:641} INFO - Processing file /opt/airflow/dags/nickdag.py for tasks to queue
[2022-07-26 18:41:54,395] {logging_mixin.py:115} INFO - [2022-07-26 18:41:54,394] {dagbag.py:508} INFO - Filling up the DagBag from /opt/airflow/dags/nickdag.py
[2022-07-26 18:41:54,415] {processor.py:651} INFO - DAG(s) dict_keys(['tutorial']) retrieved from /opt/airflow/dags/nickdag.py
[2022-07-26 18:41:54,463] {logging_mixin.py:115} INFO - [2022-07-26 18:41:54,462] {dag.py:2420} INFO - Sync 1 DAGs
[2022-07-26 18:41:54,495] {logging_mixin.py:115} INFO - [2022-07-26 18:41:54,494] {dag.py:2972} INFO - Setting next_dagrun for tutorial to 2022-06-01T00:00:00+00:00, run_after=2022-06-02T00:00:00+00:00
[2022-07-26 18:41:54,509] {processor.py:161} INFO - Processing /opt/airflow/dags/nickdag.py took 0.127 seconds
[2022-07-26 18:42:24,713] {processor.py:153} INFO - Started process (PID=379) to work on /opt/airflow/dags/nickdag.py
[2022-07-26 18:42:24,715] {processor.py:641} INFO - Processing file /opt/airflow/dags/nickdag.py for tasks to queue
[2022-07-26 18:42:24,716] {logging_mixin.py:115} INFO - [2022-07-26 18:42:24,716] {dagbag.py:508} INFO - Filling up the DagBag from /opt/airflow/dags/nickdag.py
[2022-07-26 18:42:24,732] {processor.py:651} INFO - DAG(s) dict_keys(['tutorial']) retrieved from /opt/airflow/dags/nickdag.py
[2022-07-26 18:42:24,778] {logging_mixin.py:115} INFO - [2022-07-26 18:42:24,778] {dag.py:2420} INFO - Sync 1 DAGs
[2022-07-26 18:42:24,809] {logging_mixin.py:115} INFO - [2022-07-26 18:42:24,809] {dag.py:2972} INFO - Setting next_dagrun for tutorial to 2022-06-01T00:00:00+00:00, run_after=2022-06-02T00:00:00+00:00
[2022-07-26 18:42:24,827] {processor.py:161} INFO - Processing /opt/airflow/dags/nickdag.py took 0.125 seconds
[2022-07-26 18:42:55,030] {processor.py:153} INFO - Started process (PID=395) to work on /opt/airflow/dags/nickdag.py
[2022-07-26 18:42:55,032] {processor.py:641} INFO - Processing file /opt/airflow/dags/nickdag.py for tasks to queue
[2022-07-26 18:42:55,033] {logging_mixin.py:115} INFO - [2022-07-26 18:42:55,033] {dagbag.py:508} INFO - Filling up the DagBag from /opt/airflow/dags/nickdag.py
[2022-07-26 18:42:55,050] {processor.py:651} INFO - DAG(s) dict_keys(['tutorial']) retrieved from /opt/airflow/dags/nickdag.py
[2022-07-26 18:42:55,095] {logging_mixin.py:115} INFO - [2022-07-26 18:42:55,095] {dag.py:2420} INFO - Sync 1 DAGs
[2022-07-26 18:42:55,128] {logging_mixin.py:115} INFO - [2022-07-26 18:42:55,128] {dag.py:2972} INFO - Setting next_dagrun for tutorial to 2022-06-01T00:00:00+00:00, run_after=2022-06-02T00:00:00+00:00
[2022-07-26 18:42:55,143] {processor.py:161} INFO - Processing /opt/airflow/dags/nickdag.py took 0.119 seconds
[2022-07-26 18:43:25,326] {processor.py:153} INFO - Started process (PID=411) to work on /opt/airflow/dags/nickdag.py
[2022-07-26 18:43:25,328] {processor.py:641} INFO - Processing file /opt/airflow/dags/nickdag.py for tasks to queue
[2022-07-26 18:43:25,330] {logging_mixin.py:115} INFO - [2022-07-26 18:43:25,330] {dagbag.py:508} INFO - Filling up the DagBag from /opt/airflow/dags/nickdag.py
[2022-07-26 18:43:25,349] {processor.py:651} INFO - DAG(s) dict_keys(['tutorial']) retrieved from /opt/airflow/dags/nickdag.py
[2022-07-26 18:43:25,389] {logging_mixin.py:115} INFO - [2022-07-26 18:43:25,389] {dag.py:2420} INFO - Sync 1 DAGs
[2022-07-26 18:43:25,418] {logging_mixin.py:115} INFO - [2022-07-26 18:43:25,418] {dag.py:2972} INFO - Setting next_dagrun for tutorial to 2022-06-01T00:00:00+00:00, run_after=2022-06-02T00:00:00+00:00
[2022-07-26 18:43:25,435] {processor.py:161} INFO - Processing /opt/airflow/dags/nickdag.py took 0.117 seconds
[2022-07-26 18:43:55,635] {processor.py:153} INFO - Started process (PID=427) to work on /opt/airflow/dags/nickdag.py
[2022-07-26 18:43:55,637] {processor.py:641} INFO - Processing file /opt/airflow/dags/nickdag.py for tasks to queue
[2022-07-26 18:43:55,639] {logging_mixin.py:115} INFO - [2022-07-26 18:43:55,639] {dagbag.py:508} INFO - Filling up the DagBag from /opt/airflow/dags/nickdag.py
[2022-07-26 18:43:55,657] {processor.py:651} INFO - DAG(s) dict_keys(['tutorial']) retrieved from /opt/airflow/dags/nickdag.py
[2022-07-26 18:43:55,697] {logging_mixin.py:115} INFO - [2022-07-26 18:43:55,696] {dag.py:2420} INFO - Sync 1 DAGs
[2022-07-26 18:43:55,732] {logging_mixin.py:115} INFO - [2022-07-26 18:43:55,732] {dag.py:2972} INFO - Setting next_dagrun for tutorial to 2022-06-01T00:00:00+00:00, run_after=2022-06-02T00:00:00+00:00
[2022-07-26 18:43:55,752] {processor.py:161} INFO - Processing /opt/airflow/dags/nickdag.py took 0.122 seconds
[2022-07-26 18:44:25,960] {processor.py:153} INFO - Started process (PID=443) to work on /opt/airflow/dags/nickdag.py
[2022-07-26 18:44:25,962] {processor.py:641} INFO - Processing file /opt/airflow/dags/nickdag.py for tasks to queue
[2022-07-26 18:44:25,963] {logging_mixin.py:115} INFO - [2022-07-26 18:44:25,963] {dagbag.py:508} INFO - Filling up the DagBag from /opt/airflow/dags/nickdag.py
[2022-07-26 18:44:25,979] {processor.py:651} INFO - DAG(s) dict_keys(['tutorial']) retrieved from /opt/airflow/dags/nickdag.py
[2022-07-26 18:44:26,027] {logging_mixin.py:115} INFO - [2022-07-26 18:44:26,027] {dag.py:2420} INFO - Sync 1 DAGs
[2022-07-26 18:44:26,110] {logging_mixin.py:115} INFO - [2022-07-26 18:44:26,110] {dag.py:2972} INFO - Setting next_dagrun for tutorial to 2022-06-01T00:00:00+00:00, run_after=2022-06-02T00:00:00+00:00
[2022-07-26 18:44:26,145] {processor.py:161} INFO - Processing /opt/airflow/dags/nickdag.py took 0.190 seconds
[2022-07-26 18:44:56,363] {processor.py:153} INFO - Started process (PID=459) to work on /opt/airflow/dags/nickdag.py
[2022-07-26 18:44:56,366] {processor.py:641} INFO - Processing file /opt/airflow/dags/nickdag.py for tasks to queue
[2022-07-26 18:44:56,369] {logging_mixin.py:115} INFO - [2022-07-26 18:44:56,368] {dagbag.py:508} INFO - Filling up the DagBag from /opt/airflow/dags/nickdag.py
[2022-07-26 18:44:56,402] {processor.py:651} INFO - DAG(s) dict_keys(['tutorial']) retrieved from /opt/airflow/dags/nickdag.py
[2022-07-26 18:44:56,470] {logging_mixin.py:115} INFO - [2022-07-26 18:44:56,470] {dag.py:2420} INFO - Sync 1 DAGs
[2022-07-26 18:44:56,518] {logging_mixin.py:115} INFO - [2022-07-26 18:44:56,518] {dag.py:2972} INFO - Setting next_dagrun for tutorial to 2022-06-01T00:00:00+00:00, run_after=2022-06-02T00:00:00+00:00
[2022-07-26 18:44:56,546] {processor.py:161} INFO - Processing /opt/airflow/dags/nickdag.py took 0.190 seconds
[2022-07-26 18:45:26,826] {processor.py:153} INFO - Started process (PID=475) to work on /opt/airflow/dags/nickdag.py
[2022-07-26 18:45:26,828] {processor.py:641} INFO - Processing file /opt/airflow/dags/nickdag.py for tasks to queue
[2022-07-26 18:45:26,830] {logging_mixin.py:115} INFO - [2022-07-26 18:45:26,830] {dagbag.py:508} INFO - Filling up the DagBag from /opt/airflow/dags/nickdag.py
[2022-07-26 18:45:26,847] {processor.py:651} INFO - DAG(s) dict_keys(['tutorial']) retrieved from /opt/airflow/dags/nickdag.py
[2022-07-26 18:45:26,888] {logging_mixin.py:115} INFO - [2022-07-26 18:45:26,888] {dag.py:2420} INFO - Sync 1 DAGs
[2022-07-26 18:45:26,917] {logging_mixin.py:115} INFO - [2022-07-26 18:45:26,916] {dag.py:2972} INFO - Setting next_dagrun for tutorial to 2022-06-01T00:00:00+00:00, run_after=2022-06-02T00:00:00+00:00
[2022-07-26 18:45:26,932] {processor.py:161} INFO - Processing /opt/airflow/dags/nickdag.py took 0.112 seconds
[2022-07-26 18:45:57,141] {processor.py:153} INFO - Started process (PID=491) to work on /opt/airflow/dags/nickdag.py
[2022-07-26 18:45:57,144] {processor.py:641} INFO - Processing file /opt/airflow/dags/nickdag.py for tasks to queue
[2022-07-26 18:45:57,146] {logging_mixin.py:115} INFO - [2022-07-26 18:45:57,146] {dagbag.py:508} INFO - Filling up the DagBag from /opt/airflow/dags/nickdag.py
[2022-07-26 18:45:57,173] {processor.py:651} INFO - DAG(s) dict_keys(['tutorial']) retrieved from /opt/airflow/dags/nickdag.py
[2022-07-26 18:45:57,225] {logging_mixin.py:115} INFO - [2022-07-26 18:45:57,225] {dag.py:2420} INFO - Sync 1 DAGs
[2022-07-26 18:45:57,266] {logging_mixin.py:115} INFO - [2022-07-26 18:45:57,266] {dag.py:2972} INFO - Setting next_dagrun for tutorial to 2022-06-01T00:00:00+00:00, run_after=2022-06-02T00:00:00+00:00
[2022-07-26 18:45:57,295] {processor.py:161} INFO - Processing /opt/airflow/dags/nickdag.py took 0.168 seconds
[2022-07-26 18:46:27,755] {processor.py:153} INFO - Started process (PID=507) to work on /opt/airflow/dags/nickdag.py
[2022-07-26 18:46:27,757] {processor.py:641} INFO - Processing file /opt/airflow/dags/nickdag.py for tasks to queue
[2022-07-26 18:46:27,759] {logging_mixin.py:115} INFO - [2022-07-26 18:46:27,758] {dagbag.py:508} INFO - Filling up the DagBag from /opt/airflow/dags/nickdag.py
[2022-07-26 18:46:27,777] {processor.py:651} INFO - DAG(s) dict_keys(['tutorial']) retrieved from /opt/airflow/dags/nickdag.py
[2022-07-26 18:46:27,824] {logging_mixin.py:115} INFO - [2022-07-26 18:46:27,824] {dag.py:2420} INFO - Sync 1 DAGs
[2022-07-26 18:46:27,854] {logging_mixin.py:115} INFO - [2022-07-26 18:46:27,854] {dag.py:2972} INFO - Setting next_dagrun for tutorial to 2022-06-01T00:00:00+00:00, run_after=2022-06-02T00:00:00+00:00
[2022-07-26 18:46:27,873] {processor.py:161} INFO - Processing /opt/airflow/dags/nickdag.py took 0.128 seconds
[2022-07-26 18:46:58,110] {processor.py:153} INFO - Started process (PID=523) to work on /opt/airflow/dags/nickdag.py
[2022-07-26 18:46:58,112] {processor.py:641} INFO - Processing file /opt/airflow/dags/nickdag.py for tasks to queue
[2022-07-26 18:46:58,114] {logging_mixin.py:115} INFO - [2022-07-26 18:46:58,114] {dagbag.py:508} INFO - Filling up the DagBag from /opt/airflow/dags/nickdag.py
[2022-07-26 18:46:58,132] {processor.py:651} INFO - DAG(s) dict_keys(['tutorial']) retrieved from /opt/airflow/dags/nickdag.py
[2022-07-26 18:46:58,175] {logging_mixin.py:115} INFO - [2022-07-26 18:46:58,174] {dag.py:2420} INFO - Sync 1 DAGs
[2022-07-26 18:46:58,206] {logging_mixin.py:115} INFO - [2022-07-26 18:46:58,206] {dag.py:2972} INFO - Setting next_dagrun for tutorial to 2022-06-01T00:00:00+00:00, run_after=2022-06-02T00:00:00+00:00
[2022-07-26 18:46:58,221] {processor.py:161} INFO - Processing /opt/airflow/dags/nickdag.py took 0.115 seconds
[2022-07-26 18:47:28,423] {processor.py:153} INFO - Started process (PID=539) to work on /opt/airflow/dags/nickdag.py
[2022-07-26 18:47:28,427] {processor.py:641} INFO - Processing file /opt/airflow/dags/nickdag.py for tasks to queue
[2022-07-26 18:47:28,431] {logging_mixin.py:115} INFO - [2022-07-26 18:47:28,430] {dagbag.py:508} INFO - Filling up the DagBag from /opt/airflow/dags/nickdag.py
[2022-07-26 18:47:28,466] {processor.py:651} INFO - DAG(s) dict_keys(['tutorial']) retrieved from /opt/airflow/dags/nickdag.py
[2022-07-26 18:47:28,525] {logging_mixin.py:115} INFO - [2022-07-26 18:47:28,525] {dag.py:2420} INFO - Sync 1 DAGs
[2022-07-26 18:47:28,572] {logging_mixin.py:115} INFO - [2022-07-26 18:47:28,571] {dag.py:2972} INFO - Setting next_dagrun for tutorial to 2022-06-01T00:00:00+00:00, run_after=2022-06-02T00:00:00+00:00
[2022-07-26 18:47:28,592] {processor.py:161} INFO - Processing /opt/airflow/dags/nickdag.py took 0.178 seconds
[2022-07-26 18:47:58,814] {processor.py:153} INFO - Started process (PID=555) to work on /opt/airflow/dags/nickdag.py
[2022-07-26 18:47:58,816] {processor.py:641} INFO - Processing file /opt/airflow/dags/nickdag.py for tasks to queue
[2022-07-26 18:47:58,818] {logging_mixin.py:115} INFO - [2022-07-26 18:47:58,818] {dagbag.py:508} INFO - Filling up the DagBag from /opt/airflow/dags/nickdag.py
[2022-07-26 18:47:58,841] {processor.py:651} INFO - DAG(s) dict_keys(['tutorial']) retrieved from /opt/airflow/dags/nickdag.py
[2022-07-26 18:47:58,889] {logging_mixin.py:115} INFO - [2022-07-26 18:47:58,888] {dag.py:2420} INFO - Sync 1 DAGs
[2022-07-26 18:47:58,933] {logging_mixin.py:115} INFO - [2022-07-26 18:47:58,932] {dag.py:2972} INFO - Setting next_dagrun for tutorial to 2022-06-01T00:00:00+00:00, run_after=2022-06-02T00:00:00+00:00
[2022-07-26 18:47:58,955] {processor.py:161} INFO - Processing /opt/airflow/dags/nickdag.py took 0.151 seconds
[2022-07-26 18:48:29,130] {processor.py:153} INFO - Started process (PID=571) to work on /opt/airflow/dags/nickdag.py
[2022-07-26 18:48:29,132] {processor.py:641} INFO - Processing file /opt/airflow/dags/nickdag.py for tasks to queue
[2022-07-26 18:48:29,135] {logging_mixin.py:115} INFO - [2022-07-26 18:48:29,135] {dagbag.py:508} INFO - Filling up the DagBag from /opt/airflow/dags/nickdag.py
[2022-07-26 18:48:29,155] {processor.py:651} INFO - DAG(s) dict_keys(['tutorial']) retrieved from /opt/airflow/dags/nickdag.py
[2022-07-26 18:48:29,209] {logging_mixin.py:115} INFO - [2022-07-26 18:48:29,209] {dag.py:2420} INFO - Sync 1 DAGs
[2022-07-26 18:48:29,260] {logging_mixin.py:115} INFO - [2022-07-26 18:48:29,259] {dag.py:2972} INFO - Setting next_dagrun for tutorial to 2022-06-01T00:00:00+00:00, run_after=2022-06-02T00:00:00+00:00
[2022-07-26 18:48:29,282] {processor.py:161} INFO - Processing /opt/airflow/dags/nickdag.py took 0.159 seconds
[2022-07-26 18:48:59,491] {processor.py:153} INFO - Started process (PID=587) to work on /opt/airflow/dags/nickdag.py
[2022-07-26 18:48:59,493] {processor.py:641} INFO - Processing file /opt/airflow/dags/nickdag.py for tasks to queue
[2022-07-26 18:48:59,495] {logging_mixin.py:115} INFO - [2022-07-26 18:48:59,495] {dagbag.py:508} INFO - Filling up the DagBag from /opt/airflow/dags/nickdag.py
[2022-07-26 18:48:59,509] {processor.py:651} INFO - DAG(s) dict_keys(['tutorial']) retrieved from /opt/airflow/dags/nickdag.py
[2022-07-26 18:48:59,553] {logging_mixin.py:115} INFO - [2022-07-26 18:48:59,553] {dag.py:2420} INFO - Sync 1 DAGs
[2022-07-26 18:48:59,582] {logging_mixin.py:115} INFO - [2022-07-26 18:48:59,582] {dag.py:2972} INFO - Setting next_dagrun for tutorial to 2022-06-01T00:00:00+00:00, run_after=2022-06-02T00:00:00+00:00
[2022-07-26 18:48:59,596] {processor.py:161} INFO - Processing /opt/airflow/dags/nickdag.py took 0.110 seconds
[2022-07-26 18:49:29,788] {processor.py:153} INFO - Started process (PID=603) to work on /opt/airflow/dags/nickdag.py
[2022-07-26 18:49:29,790] {processor.py:641} INFO - Processing file /opt/airflow/dags/nickdag.py for tasks to queue
[2022-07-26 18:49:29,792] {logging_mixin.py:115} INFO - [2022-07-26 18:49:29,792] {dagbag.py:508} INFO - Filling up the DagBag from /opt/airflow/dags/nickdag.py
[2022-07-26 18:49:29,806] {processor.py:651} INFO - DAG(s) dict_keys(['tutorial']) retrieved from /opt/airflow/dags/nickdag.py
[2022-07-26 18:49:29,846] {logging_mixin.py:115} INFO - [2022-07-26 18:49:29,845] {dag.py:2420} INFO - Sync 1 DAGs
[2022-07-26 18:49:29,875] {logging_mixin.py:115} INFO - [2022-07-26 18:49:29,875] {dag.py:2972} INFO - Setting next_dagrun for tutorial to 2022-06-01T00:00:00+00:00, run_after=2022-06-02T00:00:00+00:00
[2022-07-26 18:49:29,890] {processor.py:161} INFO - Processing /opt/airflow/dags/nickdag.py took 0.110 seconds
[2022-07-26 18:50:00,088] {processor.py:153} INFO - Started process (PID=619) to work on /opt/airflow/dags/nickdag.py
[2022-07-26 18:50:00,090] {processor.py:641} INFO - Processing file /opt/airflow/dags/nickdag.py for tasks to queue
[2022-07-26 18:50:00,091] {logging_mixin.py:115} INFO - [2022-07-26 18:50:00,091] {dagbag.py:508} INFO - Filling up the DagBag from /opt/airflow/dags/nickdag.py
[2022-07-26 18:50:00,113] {processor.py:651} INFO - DAG(s) dict_keys(['tutorial']) retrieved from /opt/airflow/dags/nickdag.py
[2022-07-26 18:50:00,173] {logging_mixin.py:115} INFO - [2022-07-26 18:50:00,173] {dag.py:2420} INFO - Sync 1 DAGs
[2022-07-26 18:50:00,221] {logging_mixin.py:115} INFO - [2022-07-26 18:50:00,221] {dag.py:2972} INFO - Setting next_dagrun for tutorial to 2022-06-01T00:00:00+00:00, run_after=2022-06-02T00:00:00+00:00
[2022-07-26 18:50:00,247] {processor.py:161} INFO - Processing /opt/airflow/dags/nickdag.py took 0.167 seconds
[2022-07-26 18:50:30,490] {processor.py:153} INFO - Started process (PID=635) to work on /opt/airflow/dags/nickdag.py
[2022-07-26 18:50:30,492] {processor.py:641} INFO - Processing file /opt/airflow/dags/nickdag.py for tasks to queue
[2022-07-26 18:50:30,495] {logging_mixin.py:115} INFO - [2022-07-26 18:50:30,495] {dagbag.py:508} INFO - Filling up the DagBag from /opt/airflow/dags/nickdag.py
[2022-07-26 18:50:30,525] {processor.py:651} INFO - DAG(s) dict_keys(['tutorial']) retrieved from /opt/airflow/dags/nickdag.py
[2022-07-26 18:50:30,580] {logging_mixin.py:115} INFO - [2022-07-26 18:50:30,579] {dag.py:2420} INFO - Sync 1 DAGs
[2022-07-26 18:50:30,621] {logging_mixin.py:115} INFO - [2022-07-26 18:50:30,621] {dag.py:2972} INFO - Setting next_dagrun for tutorial to 2022-06-01T00:00:00+00:00, run_after=2022-06-02T00:00:00+00:00
[2022-07-26 18:50:30,638] {processor.py:161} INFO - Processing /opt/airflow/dags/nickdag.py took 0.154 seconds
[2022-07-26 18:51:00,824] {processor.py:153} INFO - Started process (PID=651) to work on /opt/airflow/dags/nickdag.py
[2022-07-26 18:51:00,826] {processor.py:641} INFO - Processing file /opt/airflow/dags/nickdag.py for tasks to queue
[2022-07-26 18:51:00,828] {logging_mixin.py:115} INFO - [2022-07-26 18:51:00,828] {dagbag.py:508} INFO - Filling up the DagBag from /opt/airflow/dags/nickdag.py
[2022-07-26 18:51:00,853] {processor.py:651} INFO - DAG(s) dict_keys(['tutorial']) retrieved from /opt/airflow/dags/nickdag.py
[2022-07-26 18:51:00,893] {logging_mixin.py:115} INFO - [2022-07-26 18:51:00,892] {dag.py:2420} INFO - Sync 1 DAGs
[2022-07-26 18:51:00,921] {logging_mixin.py:115} INFO - [2022-07-26 18:51:00,921] {dag.py:2972} INFO - Setting next_dagrun for tutorial to 2022-06-01T00:00:00+00:00, run_after=2022-06-02T00:00:00+00:00
[2022-07-26 18:51:00,935] {processor.py:161} INFO - Processing /opt/airflow/dags/nickdag.py took 0.117 seconds
