[2022-07-21 08:10:02,790] {taskinstance.py:1179} INFO - Dependencies all met for <TaskInstance: tutorial.sleep scheduled__2022-07-16T00:00:00+00:00 [queued]>
[2022-07-21 08:10:02,820] {taskinstance.py:1179} INFO - Dependencies all met for <TaskInstance: tutorial.sleep scheduled__2022-07-16T00:00:00+00:00 [queued]>
[2022-07-21 08:10:02,821] {taskinstance.py:1376} INFO - 
--------------------------------------------------------------------------------
[2022-07-21 08:10:02,822] {taskinstance.py:1377} INFO - Starting attempt 1 of 4
[2022-07-21 08:10:02,822] {taskinstance.py:1378} INFO - 
--------------------------------------------------------------------------------
[2022-07-21 08:10:02,866] {taskinstance.py:1397} INFO - Executing <Task(BashOperator): sleep> on 2022-07-16 00:00:00+00:00
[2022-07-21 08:10:02,884] {standard_task_runner.py:52} INFO - Started process 649 to run task
[2022-07-21 08:10:02,923] {standard_task_runner.py:79} INFO - Running: ['***', 'tasks', 'run', 'tutorial', 'sleep', 'scheduled__2022-07-16T00:00:00+00:00', '--job-id', '100', '--raw', '--subdir', 'DAGS_FOLDER/nickdag.py', '--cfg-path', '/tmp/tmphtg3t588', '--error-file', '/tmp/tmpnef19iku']
[2022-07-21 08:10:02,927] {standard_task_runner.py:80} INFO - Job 100: Subtask sleep
[2022-07-21 08:10:03,029] {logging_mixin.py:115} WARNING - /home/***/.local/lib/python3.7/site-packages/***/configuration.py:528 DeprecationWarning: The sql_alchemy_conn option in [core] has been moved to the sql_alchemy_conn option in [database] - the old setting has been used, but please update your config.
[2022-07-21 08:10:03,546] {task_command.py:371} INFO - Running <TaskInstance: tutorial.sleep scheduled__2022-07-16T00:00:00+00:00 [running]> on host 97e3017421e4
[2022-07-21 08:10:03,973] {taskinstance.py:1591} INFO - Exporting the following env vars:
AIRFLOW_CTX_DAG_EMAIL=caroline.kosalka@gmail.com
AIRFLOW_CTX_DAG_OWNER=***
AIRFLOW_CTX_DAG_ID=tutorial
AIRFLOW_CTX_TASK_ID=sleep
AIRFLOW_CTX_EXECUTION_DATE=2022-07-16T00:00:00+00:00
AIRFLOW_CTX_TRY_NUMBER=1
AIRFLOW_CTX_DAG_RUN_ID=scheduled__2022-07-16T00:00:00+00:00
[2022-07-21 08:10:03,976] {subprocess.py:62} INFO - Tmp dir root location: 
 /tmp
[2022-07-21 08:10:03,978] {subprocess.py:74} INFO - Running command: ['bash', '-c', 'sleep 5']
[2022-07-21 08:10:03,999] {subprocess.py:85} INFO - Output:
[2022-07-21 08:10:09,007] {subprocess.py:96} INFO - Command exited with return code 0
[2022-07-21 08:10:09,069] {taskinstance.py:1420} INFO - Marking task as SUCCESS. dag_id=tutorial, task_id=sleep, execution_date=20220716T000000, start_date=20220721T081002, end_date=20220721T081009
[2022-07-21 08:10:09,111] {local_task_job.py:156} INFO - Task exited with return code 0
[2022-07-21 08:10:09,182] {local_task_job.py:273} INFO - 0 downstream tasks scheduled from follow-on schedule check
