[2022-07-22 12:59:44,443] {taskinstance.py:1179} INFO - Dependencies all met for <TaskInstance: tutorial.t2 scheduled__2022-06-07T00:00:00+00:00 [queued]>
[2022-07-22 12:59:44,746] {taskinstance.py:1179} INFO - Dependencies all met for <TaskInstance: tutorial.t2 scheduled__2022-06-07T00:00:00+00:00 [queued]>
[2022-07-22 12:59:44,755] {taskinstance.py:1376} INFO - 
--------------------------------------------------------------------------------
[2022-07-22 12:59:44,761] {taskinstance.py:1377} INFO - Starting attempt 1 of 2
[2022-07-22 12:59:44,765] {taskinstance.py:1378} INFO - 
--------------------------------------------------------------------------------
[2022-07-22 12:59:45,555] {taskinstance.py:1397} INFO - Executing <Task(PythonOperator): t2> on 2022-06-07 00:00:00+00:00
[2022-07-22 12:59:45,582] {standard_task_runner.py:52} INFO - Started process 738 to run task
[2022-07-22 12:59:45,690] {standard_task_runner.py:79} INFO - Running: ['***', 'tasks', 'run', 'tutorial', 't2', 'scheduled__2022-06-07T00:00:00+00:00', '--job-id', '22', '--raw', '--subdir', 'DAGS_FOLDER/nickdag.py', '--cfg-path', '/tmp/tmp_lvbndpu', '--error-file', '/tmp/tmpvg3itep9']
[2022-07-22 12:59:45,724] {standard_task_runner.py:80} INFO - Job 22: Subtask t2
[2022-07-22 12:59:46,152] {logging_mixin.py:115} WARNING - /home/***/.local/lib/python3.7/site-packages/***/configuration.py:528 DeprecationWarning: The sql_alchemy_conn option in [core] has been moved to the sql_alchemy_conn option in [database] - the old setting has been used, but please update your config.
[2022-07-22 12:59:47,053] {task_command.py:371} INFO - Running <TaskInstance: tutorial.t2 scheduled__2022-06-07T00:00:00+00:00 [running]> on host 2f63307804d5
[2022-07-22 12:59:47,919] {taskinstance.py:1591} INFO - Exporting the following env vars:
AIRFLOW_CTX_DAG_EMAIL=caroline.kosalka@gmail.com
AIRFLOW_CTX_DAG_OWNER=***
AIRFLOW_CTX_DAG_ID=tutorial
AIRFLOW_CTX_TASK_ID=t2
AIRFLOW_CTX_EXECUTION_DATE=2022-06-07T00:00:00+00:00
AIRFLOW_CTX_TRY_NUMBER=1
AIRFLOW_CTX_DAG_RUN_ID=scheduled__2022-06-07T00:00:00+00:00
[2022-07-22 12:59:47,924] {python.py:173} INFO - Done. Returned value was: goodbye
[2022-07-22 12:59:48,661] {taskinstance.py:1420} INFO - Marking task as SUCCESS. dag_id=tutorial, task_id=t2, execution_date=20220607T000000, start_date=20220722T125944, end_date=20220722T125948
[2022-07-22 12:59:49,083] {local_task_job.py:156} INFO - Task exited with return code 0
[2022-07-22 12:59:50,120] {local_task_job.py:273} INFO - 0 downstream tasks scheduled from follow-on schedule check
[2022-07-25 09:17:55,621] {taskinstance.py:1179} INFO - Dependencies all met for <TaskInstance: tutorial.t2 scheduled__2022-06-07T00:00:00+00:00 [queued]>
[2022-07-25 09:17:55,701] {taskinstance.py:1179} INFO - Dependencies all met for <TaskInstance: tutorial.t2 scheduled__2022-06-07T00:00:00+00:00 [queued]>
[2022-07-25 09:17:55,705] {taskinstance.py:1376} INFO - 
--------------------------------------------------------------------------------
[2022-07-25 09:17:55,717] {taskinstance.py:1377} INFO - Starting attempt 1 of 2
[2022-07-25 09:17:55,718] {taskinstance.py:1378} INFO - 
--------------------------------------------------------------------------------
[2022-07-25 09:17:55,829] {taskinstance.py:1397} INFO - Executing <Task(PythonOperator): t2> on 2022-06-07 00:00:00+00:00
[2022-07-25 09:17:55,879] {standard_task_runner.py:52} INFO - Started process 704 to run task
[2022-07-25 09:17:55,906] {standard_task_runner.py:79} INFO - Running: ['***', 'tasks', 'run', 'tutorial', 't2', 'scheduled__2022-06-07T00:00:00+00:00', '--job-id', '23', '--raw', '--subdir', 'DAGS_FOLDER/nickdag.py', '--cfg-path', '/tmp/tmpslekp7qc', '--error-file', '/tmp/tmp900zavtz']
[2022-07-25 09:17:55,919] {standard_task_runner.py:80} INFO - Job 23: Subtask t2
[2022-07-25 09:17:55,995] {logging_mixin.py:115} WARNING - /home/***/.local/lib/python3.7/site-packages/***/configuration.py:528 DeprecationWarning: The sql_alchemy_conn option in [core] has been moved to the sql_alchemy_conn option in [database] - the old setting has been used, but please update your config.
[2022-07-25 09:17:56,268] {task_command.py:371} INFO - Running <TaskInstance: tutorial.t2 scheduled__2022-06-07T00:00:00+00:00 [running]> on host 01e6b1df1873
[2022-07-25 09:17:56,758] {taskinstance.py:1591} INFO - Exporting the following env vars:
AIRFLOW_CTX_DAG_EMAIL=caroline.kosalka@gmail.com
AIRFLOW_CTX_DAG_OWNER=***
AIRFLOW_CTX_DAG_ID=tutorial
AIRFLOW_CTX_TASK_ID=t2
AIRFLOW_CTX_EXECUTION_DATE=2022-06-07T00:00:00+00:00
AIRFLOW_CTX_TRY_NUMBER=1
AIRFLOW_CTX_DAG_RUN_ID=scheduled__2022-06-07T00:00:00+00:00
[2022-07-25 09:17:56,763] {python.py:173} INFO - Done. Returned value was: goodbye
[2022-07-25 09:17:56,931] {taskinstance.py:1420} INFO - Marking task as SUCCESS. dag_id=tutorial, task_id=t2, execution_date=20220607T000000, start_date=20220725T091755, end_date=20220725T091756
[2022-07-25 09:17:57,075] {local_task_job.py:156} INFO - Task exited with return code 0
[2022-07-25 09:17:57,154] {local_task_job.py:273} INFO - 0 downstream tasks scheduled from follow-on schedule check
