[2022-07-22 13:00:28,534] {taskinstance.py:1179} INFO - Dependencies all met for <TaskInstance: tutorial.t2 scheduled__2022-07-04T00:00:00+00:00 [queued]>
[2022-07-22 13:00:28,796] {taskinstance.py:1179} INFO - Dependencies all met for <TaskInstance: tutorial.t2 scheduled__2022-07-04T00:00:00+00:00 [queued]>
[2022-07-22 13:00:28,800] {taskinstance.py:1376} INFO - 
--------------------------------------------------------------------------------
[2022-07-22 13:00:28,802] {taskinstance.py:1377} INFO - Starting attempt 1 of 2
[2022-07-22 13:00:28,809] {taskinstance.py:1378} INFO - 
--------------------------------------------------------------------------------
[2022-07-22 13:00:28,888] {taskinstance.py:1397} INFO - Executing <Task(PythonOperator): t2> on 2022-07-04 00:00:00+00:00
[2022-07-22 13:00:28,893] {standard_task_runner.py:52} INFO - Started process 852 to run task
[2022-07-22 13:00:28,904] {standard_task_runner.py:79} INFO - Running: ['***', 'tasks', 'run', 'tutorial', 't2', 'scheduled__2022-07-04T00:00:00+00:00', '--job-id', '72', '--raw', '--subdir', 'DAGS_FOLDER/nickdag.py', '--cfg-path', '/tmp/tmpeey176e3', '--error-file', '/tmp/tmpbnga0m_c']
[2022-07-22 13:00:28,909] {standard_task_runner.py:80} INFO - Job 72: Subtask t2
[2022-07-22 13:00:28,975] {logging_mixin.py:115} WARNING - /home/***/.local/lib/python3.7/site-packages/***/configuration.py:528 DeprecationWarning: The sql_alchemy_conn option in [core] has been moved to the sql_alchemy_conn option in [database] - the old setting has been used, but please update your config.
[2022-07-22 13:00:29,527] {task_command.py:371} INFO - Running <TaskInstance: tutorial.t2 scheduled__2022-07-04T00:00:00+00:00 [running]> on host 2f63307804d5
[2022-07-22 13:00:30,071] {taskinstance.py:1591} INFO - Exporting the following env vars:
AIRFLOW_CTX_DAG_EMAIL=caroline.kosalka@gmail.com
AIRFLOW_CTX_DAG_OWNER=***
AIRFLOW_CTX_DAG_ID=tutorial
AIRFLOW_CTX_TASK_ID=t2
AIRFLOW_CTX_EXECUTION_DATE=2022-07-04T00:00:00+00:00
AIRFLOW_CTX_TRY_NUMBER=1
AIRFLOW_CTX_DAG_RUN_ID=scheduled__2022-07-04T00:00:00+00:00
[2022-07-22 13:00:30,076] {python.py:173} INFO - Done. Returned value was: goodbye
[2022-07-22 13:00:30,403] {taskinstance.py:1420} INFO - Marking task as SUCCESS. dag_id=tutorial, task_id=t2, execution_date=20220704T000000, start_date=20220722T130028, end_date=20220722T130030
[2022-07-22 13:00:30,534] {local_task_job.py:156} INFO - Task exited with return code 0
[2022-07-22 13:00:30,695] {local_task_job.py:273} INFO - 0 downstream tasks scheduled from follow-on schedule check
[2022-07-25 09:18:11,378] {taskinstance.py:1179} INFO - Dependencies all met for <TaskInstance: tutorial.t2 scheduled__2022-07-04T00:00:00+00:00 [queued]>
[2022-07-25 09:18:11,493] {taskinstance.py:1179} INFO - Dependencies all met for <TaskInstance: tutorial.t2 scheduled__2022-07-04T00:00:00+00:00 [queued]>
[2022-07-25 09:18:11,495] {taskinstance.py:1376} INFO - 
--------------------------------------------------------------------------------
[2022-07-25 09:18:11,496] {taskinstance.py:1377} INFO - Starting attempt 1 of 2
[2022-07-25 09:18:11,497] {taskinstance.py:1378} INFO - 
--------------------------------------------------------------------------------
[2022-07-25 09:18:11,599] {taskinstance.py:1397} INFO - Executing <Task(PythonOperator): t2> on 2022-07-04 00:00:00+00:00
[2022-07-25 09:18:11,626] {standard_task_runner.py:52} INFO - Started process 813 to run task
[2022-07-25 09:18:11,656] {standard_task_runner.py:79} INFO - Running: ['***', 'tasks', 'run', 'tutorial', 't2', 'scheduled__2022-07-04T00:00:00+00:00', '--job-id', '72', '--raw', '--subdir', 'DAGS_FOLDER/nickdag.py', '--cfg-path', '/tmp/tmp22_ih2_r', '--error-file', '/tmp/tmpu1fxdsp5']
[2022-07-25 09:18:11,664] {standard_task_runner.py:80} INFO - Job 72: Subtask t2
[2022-07-25 09:18:11,765] {logging_mixin.py:115} WARNING - /home/***/.local/lib/python3.7/site-packages/***/configuration.py:528 DeprecationWarning: The sql_alchemy_conn option in [core] has been moved to the sql_alchemy_conn option in [database] - the old setting has been used, but please update your config.
[2022-07-25 09:18:12,069] {task_command.py:371} INFO - Running <TaskInstance: tutorial.t2 scheduled__2022-07-04T00:00:00+00:00 [running]> on host 01e6b1df1873
[2022-07-25 09:18:12,396] {taskinstance.py:1591} INFO - Exporting the following env vars:
AIRFLOW_CTX_DAG_EMAIL=caroline.kosalka@gmail.com
AIRFLOW_CTX_DAG_OWNER=***
AIRFLOW_CTX_DAG_ID=tutorial
AIRFLOW_CTX_TASK_ID=t2
AIRFLOW_CTX_EXECUTION_DATE=2022-07-04T00:00:00+00:00
AIRFLOW_CTX_TRY_NUMBER=1
AIRFLOW_CTX_DAG_RUN_ID=scheduled__2022-07-04T00:00:00+00:00
[2022-07-25 09:18:12,398] {python.py:173} INFO - Done. Returned value was: goodbye
[2022-07-25 09:18:12,512] {taskinstance.py:1420} INFO - Marking task as SUCCESS. dag_id=tutorial, task_id=t2, execution_date=20220704T000000, start_date=20220725T091811, end_date=20220725T091812
[2022-07-25 09:18:12,599] {local_task_job.py:156} INFO - Task exited with return code 0
[2022-07-25 09:18:12,731] {local_task_job.py:273} INFO - 0 downstream tasks scheduled from follow-on schedule check
[2022-07-25 12:26:56,636] {taskinstance.py:1179} INFO - Dependencies all met for <TaskInstance: tutorial.t2 scheduled__2022-07-04T00:00:00+00:00 [queued]>
[2022-07-25 12:26:56,720] {taskinstance.py:1179} INFO - Dependencies all met for <TaskInstance: tutorial.t2 scheduled__2022-07-04T00:00:00+00:00 [queued]>
[2022-07-25 12:26:56,722] {taskinstance.py:1376} INFO - 
--------------------------------------------------------------------------------
[2022-07-25 12:26:56,726] {taskinstance.py:1377} INFO - Starting attempt 1 of 2
[2022-07-25 12:26:56,729] {taskinstance.py:1378} INFO - 
--------------------------------------------------------------------------------
[2022-07-25 12:26:56,805] {taskinstance.py:1397} INFO - Executing <Task(PythonOperator): t2> on 2022-07-04 00:00:00+00:00
[2022-07-25 12:26:56,824] {standard_task_runner.py:52} INFO - Started process 838 to run task
[2022-07-25 12:26:56,853] {standard_task_runner.py:79} INFO - Running: ['***', 'tasks', 'run', 'tutorial', 't2', 'scheduled__2022-07-04T00:00:00+00:00', '--job-id', '119', '--raw', '--subdir', 'DAGS_FOLDER/nickdag.py', '--cfg-path', '/tmp/tmpreocxdfo', '--error-file', '/tmp/tmpzfxlzurx']
[2022-07-25 12:26:56,869] {standard_task_runner.py:80} INFO - Job 119: Subtask t2
[2022-07-25 12:26:56,986] {logging_mixin.py:115} WARNING - /home/***/.local/lib/python3.7/site-packages/***/configuration.py:528 DeprecationWarning: The sql_alchemy_conn option in [core] has been moved to the sql_alchemy_conn option in [database] - the old setting has been used, but please update your config.
[2022-07-25 12:26:57,402] {task_command.py:371} INFO - Running <TaskInstance: tutorial.t2 scheduled__2022-07-04T00:00:00+00:00 [running]> on host 929e6a3728d4
[2022-07-25 12:26:57,862] {taskinstance.py:1591} INFO - Exporting the following env vars:
AIRFLOW_CTX_DAG_EMAIL=caroline.kosalka@gmail.com
AIRFLOW_CTX_DAG_OWNER=***
AIRFLOW_CTX_DAG_ID=tutorial
AIRFLOW_CTX_TASK_ID=t2
AIRFLOW_CTX_EXECUTION_DATE=2022-07-04T00:00:00+00:00
AIRFLOW_CTX_TRY_NUMBER=1
AIRFLOW_CTX_DAG_RUN_ID=scheduled__2022-07-04T00:00:00+00:00
[2022-07-25 12:26:57,877] {python.py:173} INFO - Done. Returned value was: goodbye
[2022-07-25 12:26:58,255] {taskinstance.py:1420} INFO - Marking task as SUCCESS. dag_id=tutorial, task_id=t2, execution_date=20220704T000000, start_date=20220725T122656, end_date=20220725T122658
[2022-07-25 12:26:58,397] {local_task_job.py:156} INFO - Task exited with return code 0
[2022-07-25 12:26:58,590] {local_task_job.py:273} INFO - 0 downstream tasks scheduled from follow-on schedule check
