[2022-07-21 08:09:31,064] {taskinstance.py:1179} INFO - Dependencies all met for <TaskInstance: tutorial.print_date scheduled__2022-06-24T00:00:00+00:00 [queued]>
[2022-07-21 08:09:31,096] {taskinstance.py:1179} INFO - Dependencies all met for <TaskInstance: tutorial.print_date scheduled__2022-06-24T00:00:00+00:00 [queued]>
[2022-07-21 08:09:31,097] {taskinstance.py:1376} INFO - 
--------------------------------------------------------------------------------
[2022-07-21 08:09:31,098] {taskinstance.py:1377} INFO - Starting attempt 1 of 2
[2022-07-21 08:09:31,100] {taskinstance.py:1378} INFO - 
--------------------------------------------------------------------------------
[2022-07-21 08:09:31,191] {taskinstance.py:1397} INFO - Executing <Task(BashOperator): print_date> on 2022-06-24 00:00:00+00:00
[2022-07-21 08:09:31,212] {standard_task_runner.py:52} INFO - Started process 482 to run task
[2022-07-21 08:09:31,254] {standard_task_runner.py:79} INFO - Running: ['***', 'tasks', 'run', 'tutorial', 'print_date', 'scheduled__2022-06-24T00:00:00+00:00', '--job-id', '47', '--raw', '--subdir', 'DAGS_FOLDER/nickdag.py', '--cfg-path', '/tmp/tmpje_8jyga', '--error-file', '/tmp/tmpamjwpcag']
[2022-07-21 08:09:31,273] {standard_task_runner.py:80} INFO - Job 47: Subtask print_date
[2022-07-21 08:09:31,381] {logging_mixin.py:115} WARNING - /home/***/.local/lib/python3.7/site-packages/***/configuration.py:528 DeprecationWarning: The sql_alchemy_conn option in [core] has been moved to the sql_alchemy_conn option in [database] - the old setting has been used, but please update your config.
[2022-07-21 08:09:31,626] {task_command.py:371} INFO - Running <TaskInstance: tutorial.print_date scheduled__2022-06-24T00:00:00+00:00 [running]> on host 97e3017421e4
[2022-07-21 08:09:32,010] {taskinstance.py:1591} INFO - Exporting the following env vars:
AIRFLOW_CTX_DAG_EMAIL=caroline.kosalka@gmail.com
AIRFLOW_CTX_DAG_OWNER=***
AIRFLOW_CTX_DAG_ID=tutorial
AIRFLOW_CTX_TASK_ID=print_date
AIRFLOW_CTX_EXECUTION_DATE=2022-06-24T00:00:00+00:00
AIRFLOW_CTX_TRY_NUMBER=1
AIRFLOW_CTX_DAG_RUN_ID=scheduled__2022-06-24T00:00:00+00:00
[2022-07-21 08:09:32,011] {subprocess.py:62} INFO - Tmp dir root location: 
 /tmp
[2022-07-21 08:09:32,014] {subprocess.py:74} INFO - Running command: ['bash', '-c', 'echo helloooo']
[2022-07-21 08:09:32,050] {subprocess.py:85} INFO - Output:
[2022-07-21 08:09:32,058] {subprocess.py:92} INFO - helloooo
[2022-07-21 08:09:32,059] {subprocess.py:96} INFO - Command exited with return code 0
[2022-07-21 08:09:32,174] {taskinstance.py:1420} INFO - Marking task as SUCCESS. dag_id=tutorial, task_id=print_date, execution_date=20220624T000000, start_date=20220721T080931, end_date=20220721T080932
[2022-07-21 08:09:32,262] {local_task_job.py:156} INFO - Task exited with return code 0
[2022-07-21 08:09:32,535] {local_task_job.py:273} INFO - 1 downstream tasks scheduled from follow-on schedule check
