[2022-07-25 09:18:23,869] {taskinstance.py:1179} INFO - Dependencies all met for <TaskInstance: tutorial.t1 scheduled__2022-07-24T00:00:00+00:00 [queued]>
[2022-07-25 09:18:23,888] {taskinstance.py:1179} INFO - Dependencies all met for <TaskInstance: tutorial.t1 scheduled__2022-07-24T00:00:00+00:00 [queued]>
[2022-07-25 09:18:23,893] {taskinstance.py:1376} INFO - 
--------------------------------------------------------------------------------
[2022-07-25 09:18:23,895] {taskinstance.py:1377} INFO - Starting attempt 1 of 2
[2022-07-25 09:18:23,898] {taskinstance.py:1378} INFO - 
--------------------------------------------------------------------------------
[2022-07-25 09:18:23,933] {taskinstance.py:1397} INFO - Executing <Task(PythonOperator): t1> on 2022-07-24 00:00:00+00:00
[2022-07-25 09:18:23,945] {standard_task_runner.py:52} INFO - Started process 877 to run task
[2022-07-25 09:18:23,965] {standard_task_runner.py:79} INFO - Running: ['***', 'tasks', 'run', 'tutorial', 't1', 'scheduled__2022-07-24T00:00:00+00:00', '--job-id', '106', '--raw', '--subdir', 'DAGS_FOLDER/nickdag.py', '--cfg-path', '/tmp/tmp_zccuxcr', '--error-file', '/tmp/tmptvrkzr8f']
[2022-07-25 09:18:23,969] {standard_task_runner.py:80} INFO - Job 106: Subtask t1
[2022-07-25 09:18:24,020] {logging_mixin.py:115} WARNING - /home/***/.local/lib/python3.7/site-packages/***/configuration.py:528 DeprecationWarning: The sql_alchemy_conn option in [core] has been moved to the sql_alchemy_conn option in [database] - the old setting has been used, but please update your config.
[2022-07-25 09:18:24,155] {task_command.py:371} INFO - Running <TaskInstance: tutorial.t1 scheduled__2022-07-24T00:00:00+00:00 [running]> on host 01e6b1df1873
[2022-07-25 09:18:24,323] {taskinstance.py:1591} INFO - Exporting the following env vars:
AIRFLOW_CTX_DAG_EMAIL=caroline.kosalka@gmail.com
AIRFLOW_CTX_DAG_OWNER=***
AIRFLOW_CTX_DAG_ID=tutorial
AIRFLOW_CTX_TASK_ID=t1
AIRFLOW_CTX_EXECUTION_DATE=2022-07-24T00:00:00+00:00
AIRFLOW_CTX_TRY_NUMBER=1
AIRFLOW_CTX_DAG_RUN_ID=scheduled__2022-07-24T00:00:00+00:00
[2022-07-25 09:18:24,326] {python.py:173} INFO - Done. Returned value was: welcome
[2022-07-25 09:18:24,387] {taskinstance.py:1420} INFO - Marking task as SUCCESS. dag_id=tutorial, task_id=t1, execution_date=20220724T000000, start_date=20220725T091823, end_date=20220725T091824
[2022-07-25 09:18:24,452] {local_task_job.py:156} INFO - Task exited with return code 0
[2022-07-25 09:18:24,515] {local_task_job.py:273} INFO - 1 downstream tasks scheduled from follow-on schedule check
