[2022-07-22 12:59:52,415] {taskinstance.py:1179} INFO - Dependencies all met for <TaskInstance: tutorial.t2 scheduled__2022-06-13T00:00:00+00:00 [queued]>
[2022-07-22 12:59:52,511] {taskinstance.py:1179} INFO - Dependencies all met for <TaskInstance: tutorial.t2 scheduled__2022-06-13T00:00:00+00:00 [queued]>
[2022-07-22 12:59:52,513] {taskinstance.py:1376} INFO - 
--------------------------------------------------------------------------------
[2022-07-22 12:59:52,515] {taskinstance.py:1377} INFO - Starting attempt 1 of 2
[2022-07-22 12:59:52,516] {taskinstance.py:1378} INFO - 
--------------------------------------------------------------------------------
[2022-07-22 12:59:52,619] {taskinstance.py:1397} INFO - Executing <Task(PythonOperator): t2> on 2022-06-13 00:00:00+00:00
[2022-07-22 12:59:52,644] {standard_task_runner.py:52} INFO - Started process 758 to run task
[2022-07-22 12:59:52,657] {standard_task_runner.py:79} INFO - Running: ['***', 'tasks', 'run', 'tutorial', 't2', 'scheduled__2022-06-13T00:00:00+00:00', '--job-id', '31', '--raw', '--subdir', 'DAGS_FOLDER/nickdag.py', '--cfg-path', '/tmp/tmpay1g0rlp', '--error-file', '/tmp/tmpx9lv3hdp']
[2022-07-22 12:59:52,663] {standard_task_runner.py:80} INFO - Job 31: Subtask t2
[2022-07-22 12:59:52,824] {logging_mixin.py:115} WARNING - /home/***/.local/lib/python3.7/site-packages/***/configuration.py:528 DeprecationWarning: The sql_alchemy_conn option in [core] has been moved to the sql_alchemy_conn option in [database] - the old setting has been used, but please update your config.
[2022-07-22 12:59:55,585] {task_command.py:371} INFO - Running <TaskInstance: tutorial.t2 scheduled__2022-06-13T00:00:00+00:00 [running]> on host 2f63307804d5
[2022-07-22 12:59:56,860] {taskinstance.py:1591} INFO - Exporting the following env vars:
AIRFLOW_CTX_DAG_EMAIL=caroline.kosalka@gmail.com
AIRFLOW_CTX_DAG_OWNER=***
AIRFLOW_CTX_DAG_ID=tutorial
AIRFLOW_CTX_TASK_ID=t2
AIRFLOW_CTX_EXECUTION_DATE=2022-06-13T00:00:00+00:00
AIRFLOW_CTX_TRY_NUMBER=1
AIRFLOW_CTX_DAG_RUN_ID=scheduled__2022-06-13T00:00:00+00:00
[2022-07-22 12:59:56,869] {python.py:173} INFO - Done. Returned value was: goodbye
[2022-07-22 12:59:57,079] {taskinstance.py:1420} INFO - Marking task as SUCCESS. dag_id=tutorial, task_id=t2, execution_date=20220613T000000, start_date=20220722T125952, end_date=20220722T125957
[2022-07-22 12:59:57,229] {local_task_job.py:156} INFO - Task exited with return code 0
[2022-07-22 12:59:57,701] {local_task_job.py:273} INFO - 0 downstream tasks scheduled from follow-on schedule check
[2022-07-25 09:17:57,617] {taskinstance.py:1179} INFO - Dependencies all met for <TaskInstance: tutorial.t2 scheduled__2022-06-13T00:00:00+00:00 [queued]>
[2022-07-25 09:17:57,681] {taskinstance.py:1179} INFO - Dependencies all met for <TaskInstance: tutorial.t2 scheduled__2022-06-13T00:00:00+00:00 [queued]>
[2022-07-25 09:17:57,682] {taskinstance.py:1376} INFO - 
--------------------------------------------------------------------------------
[2022-07-25 09:17:57,683] {taskinstance.py:1377} INFO - Starting attempt 1 of 2
[2022-07-25 09:17:57,687] {taskinstance.py:1378} INFO - 
--------------------------------------------------------------------------------
[2022-07-25 09:17:57,779] {taskinstance.py:1397} INFO - Executing <Task(PythonOperator): t2> on 2022-06-13 00:00:00+00:00
[2022-07-25 09:17:57,792] {standard_task_runner.py:52} INFO - Started process 718 to run task
[2022-07-25 09:17:57,827] {standard_task_runner.py:79} INFO - Running: ['***', 'tasks', 'run', 'tutorial', 't2', 'scheduled__2022-06-13T00:00:00+00:00', '--job-id', '28', '--raw', '--subdir', 'DAGS_FOLDER/nickdag.py', '--cfg-path', '/tmp/tmphdmq0hr8', '--error-file', '/tmp/tmpbwb8jzf6']
[2022-07-25 09:17:57,830] {standard_task_runner.py:80} INFO - Job 28: Subtask t2
[2022-07-25 09:17:57,923] {logging_mixin.py:115} WARNING - /home/***/.local/lib/python3.7/site-packages/***/configuration.py:528 DeprecationWarning: The sql_alchemy_conn option in [core] has been moved to the sql_alchemy_conn option in [database] - the old setting has been used, but please update your config.
[2022-07-25 09:17:58,167] {task_command.py:371} INFO - Running <TaskInstance: tutorial.t2 scheduled__2022-06-13T00:00:00+00:00 [running]> on host 01e6b1df1873
[2022-07-25 09:17:58,391] {taskinstance.py:1591} INFO - Exporting the following env vars:
AIRFLOW_CTX_DAG_EMAIL=caroline.kosalka@gmail.com
AIRFLOW_CTX_DAG_OWNER=***
AIRFLOW_CTX_DAG_ID=tutorial
AIRFLOW_CTX_TASK_ID=t2
AIRFLOW_CTX_EXECUTION_DATE=2022-06-13T00:00:00+00:00
AIRFLOW_CTX_TRY_NUMBER=1
AIRFLOW_CTX_DAG_RUN_ID=scheduled__2022-06-13T00:00:00+00:00
[2022-07-25 09:17:58,394] {python.py:173} INFO - Done. Returned value was: goodbye
[2022-07-25 09:17:58,485] {taskinstance.py:1420} INFO - Marking task as SUCCESS. dag_id=tutorial, task_id=t2, execution_date=20220613T000000, start_date=20220725T091757, end_date=20220725T091758
[2022-07-25 09:17:58,550] {local_task_job.py:156} INFO - Task exited with return code 0
[2022-07-25 09:17:58,652] {local_task_job.py:273} INFO - 0 downstream tasks scheduled from follow-on schedule check
