[2022-07-22 12:59:32,949] {taskinstance.py:1179} INFO - Dependencies all met for <TaskInstance: tutorial.t1 scheduled__2022-06-10T00:00:00+00:00 [queued]>
[2022-07-22 12:59:33,304] {taskinstance.py:1179} INFO - Dependencies all met for <TaskInstance: tutorial.t1 scheduled__2022-06-10T00:00:00+00:00 [queued]>
[2022-07-22 12:59:33,324] {taskinstance.py:1376} INFO - 
--------------------------------------------------------------------------------
[2022-07-22 12:59:33,328] {taskinstance.py:1377} INFO - Starting attempt 1 of 2
[2022-07-22 12:59:33,347] {taskinstance.py:1378} INFO - 
--------------------------------------------------------------------------------
[2022-07-22 12:59:34,280] {taskinstance.py:1397} INFO - Executing <Task(PythonOperator): t1> on 2022-06-10 00:00:00+00:00
[2022-07-22 12:59:34,484] {standard_task_runner.py:52} INFO - Started process 725 to run task
[2022-07-22 12:59:34,658] {standard_task_runner.py:79} INFO - Running: ['***', 'tasks', 'run', 'tutorial', 't1', 'scheduled__2022-06-10T00:00:00+00:00', '--job-id', '13', '--raw', '--subdir', 'DAGS_FOLDER/nickdag.py', '--cfg-path', '/tmp/tmpiroxs1x7', '--error-file', '/tmp/tmp4hm8z8te']
[2022-07-22 12:59:34,710] {standard_task_runner.py:80} INFO - Job 13: Subtask t1
[2022-07-22 12:59:35,641] {logging_mixin.py:115} WARNING - /home/***/.local/lib/python3.7/site-packages/***/configuration.py:528 DeprecationWarning: The sql_alchemy_conn option in [core] has been moved to the sql_alchemy_conn option in [database] - the old setting has been used, but please update your config.
[2022-07-22 12:59:36,568] {task_command.py:371} INFO - Running <TaskInstance: tutorial.t1 scheduled__2022-06-10T00:00:00+00:00 [running]> on host 2f63307804d5
[2022-07-22 12:59:37,885] {taskinstance.py:1591} INFO - Exporting the following env vars:
AIRFLOW_CTX_DAG_EMAIL=caroline.kosalka@gmail.com
AIRFLOW_CTX_DAG_OWNER=***
AIRFLOW_CTX_DAG_ID=tutorial
AIRFLOW_CTX_TASK_ID=t1
AIRFLOW_CTX_EXECUTION_DATE=2022-06-10T00:00:00+00:00
AIRFLOW_CTX_TRY_NUMBER=1
AIRFLOW_CTX_DAG_RUN_ID=scheduled__2022-06-10T00:00:00+00:00
[2022-07-22 12:59:37,891] {python.py:173} INFO - Done. Returned value was: welcome
[2022-07-22 12:59:38,998] {taskinstance.py:1420} INFO - Marking task as SUCCESS. dag_id=tutorial, task_id=t1, execution_date=20220610T000000, start_date=20220722T125933, end_date=20220722T125938
[2022-07-22 12:59:43,367] {local_task_job.py:156} INFO - Task exited with return code 0
[2022-07-22 12:59:44,807] {local_task_job.py:273} INFO - 0 downstream tasks scheduled from follow-on schedule check
[2022-07-25 09:17:52,583] {taskinstance.py:1179} INFO - Dependencies all met for <TaskInstance: tutorial.t1 scheduled__2022-06-10T00:00:00+00:00 [queued]>
[2022-07-25 09:17:52,638] {taskinstance.py:1179} INFO - Dependencies all met for <TaskInstance: tutorial.t1 scheduled__2022-06-10T00:00:00+00:00 [queued]>
[2022-07-25 09:17:52,639] {taskinstance.py:1376} INFO - 
--------------------------------------------------------------------------------
[2022-07-25 09:17:52,640] {taskinstance.py:1377} INFO - Starting attempt 1 of 2
[2022-07-25 09:17:52,641] {taskinstance.py:1378} INFO - 
--------------------------------------------------------------------------------
[2022-07-25 09:17:52,699] {taskinstance.py:1397} INFO - Executing <Task(PythonOperator): t1> on 2022-06-10 00:00:00+00:00
[2022-07-25 09:17:52,708] {standard_task_runner.py:52} INFO - Started process 682 to run task
[2022-07-25 09:17:52,730] {standard_task_runner.py:79} INFO - Running: ['***', 'tasks', 'run', 'tutorial', 't1', 'scheduled__2022-06-10T00:00:00+00:00', '--job-id', '11', '--raw', '--subdir', 'DAGS_FOLDER/nickdag.py', '--cfg-path', '/tmp/tmpe6v08ect', '--error-file', '/tmp/tmpj26v2iuj']
[2022-07-25 09:17:52,741] {standard_task_runner.py:80} INFO - Job 11: Subtask t1
[2022-07-25 09:17:52,794] {logging_mixin.py:115} WARNING - /home/***/.local/lib/python3.7/site-packages/***/configuration.py:528 DeprecationWarning: The sql_alchemy_conn option in [core] has been moved to the sql_alchemy_conn option in [database] - the old setting has been used, but please update your config.
[2022-07-25 09:17:53,269] {task_command.py:371} INFO - Running <TaskInstance: tutorial.t1 scheduled__2022-06-10T00:00:00+00:00 [running]> on host 01e6b1df1873
[2022-07-25 09:17:54,025] {taskinstance.py:1591} INFO - Exporting the following env vars:
AIRFLOW_CTX_DAG_EMAIL=caroline.kosalka@gmail.com
AIRFLOW_CTX_DAG_OWNER=***
AIRFLOW_CTX_DAG_ID=tutorial
AIRFLOW_CTX_TASK_ID=t1
AIRFLOW_CTX_EXECUTION_DATE=2022-06-10T00:00:00+00:00
AIRFLOW_CTX_TRY_NUMBER=1
AIRFLOW_CTX_DAG_RUN_ID=scheduled__2022-06-10T00:00:00+00:00
[2022-07-25 09:17:54,029] {python.py:173} INFO - Done. Returned value was: welcome
[2022-07-25 09:17:54,934] {taskinstance.py:1420} INFO - Marking task as SUCCESS. dag_id=tutorial, task_id=t1, execution_date=20220610T000000, start_date=20220725T091752, end_date=20220725T091754
[2022-07-25 09:17:55,055] {local_task_job.py:156} INFO - Task exited with return code 0
[2022-07-25 09:17:55,330] {local_task_job.py:273} INFO - 1 downstream tasks scheduled from follow-on schedule check
[2022-07-25 12:23:48,289] {taskinstance.py:1179} INFO - Dependencies all met for <TaskInstance: tutorial.t1 scheduled__2022-06-10T00:00:00+00:00 [queued]>
[2022-07-25 12:23:48,464] {taskinstance.py:1179} INFO - Dependencies all met for <TaskInstance: tutorial.t1 scheduled__2022-06-10T00:00:00+00:00 [queued]>
[2022-07-25 12:23:48,469] {taskinstance.py:1376} INFO - 
--------------------------------------------------------------------------------
[2022-07-25 12:23:48,472] {taskinstance.py:1377} INFO - Starting attempt 1 of 2
[2022-07-25 12:23:48,474] {taskinstance.py:1378} INFO - 
--------------------------------------------------------------------------------
[2022-07-25 12:23:48,771] {taskinstance.py:1397} INFO - Executing <Task(PythonOperator): t1> on 2022-06-10 00:00:00+00:00
[2022-07-25 12:23:48,831] {standard_task_runner.py:52} INFO - Started process 453 to run task
[2022-07-25 12:23:49,036] {standard_task_runner.py:79} INFO - Running: ['***', 'tasks', 'run', 'tutorial', 't1', 'scheduled__2022-06-10T00:00:00+00:00', '--job-id', '11', '--raw', '--subdir', 'DAGS_FOLDER/nickdag.py', '--cfg-path', '/tmp/tmp2rxss5vl', '--error-file', '/tmp/tmpnpcwrr39']
[2022-07-25 12:23:49,115] {standard_task_runner.py:80} INFO - Job 11: Subtask t1
[2022-07-25 12:23:49,378] {logging_mixin.py:115} WARNING - /home/***/.local/lib/python3.7/site-packages/***/configuration.py:528 DeprecationWarning: The sql_alchemy_conn option in [core] has been moved to the sql_alchemy_conn option in [database] - the old setting has been used, but please update your config.
[2022-07-25 12:23:49,913] {task_command.py:371} INFO - Running <TaskInstance: tutorial.t1 scheduled__2022-06-10T00:00:00+00:00 [running]> on host 929e6a3728d4
[2022-07-25 12:23:50,629] {taskinstance.py:1591} INFO - Exporting the following env vars:
AIRFLOW_CTX_DAG_EMAIL=caroline.kosalka@gmail.com
AIRFLOW_CTX_DAG_OWNER=***
AIRFLOW_CTX_DAG_ID=tutorial
AIRFLOW_CTX_TASK_ID=t1
AIRFLOW_CTX_EXECUTION_DATE=2022-06-10T00:00:00+00:00
AIRFLOW_CTX_TRY_NUMBER=1
AIRFLOW_CTX_DAG_RUN_ID=scheduled__2022-06-10T00:00:00+00:00
[2022-07-25 12:23:50,632] {python.py:173} INFO - Done. Returned value was: welcome
[2022-07-25 12:23:50,913] {taskinstance.py:1420} INFO - Marking task as SUCCESS. dag_id=tutorial, task_id=t1, execution_date=20220610T000000, start_date=20220725T122348, end_date=20220725T122350
[2022-07-25 12:23:51,138] {local_task_job.py:156} INFO - Task exited with return code 0
[2022-07-25 12:23:51,953] {dagrun.py:1081} ERROR - Failed to get task '<TaskInstance: tutorial.get_terminal_data scheduled__2022-06-10T00:00:00+00:00 [removed]>' for dag 'tutorial'. Marking it as removed.
[2022-07-25 12:23:51,971] {dagrun.py:1081} ERROR - Failed to get task '<TaskInstance: tutorial.process_data scheduled__2022-06-10T00:00:00+00:00 [removed]>' for dag 'tutorial'. Marking it as removed.
[2022-07-25 12:23:51,987] {local_task_job.py:273} INFO - 0 downstream tasks scheduled from follow-on schedule check
