[2022-07-21 08:09:44,822] {taskinstance.py:1179} INFO - Dependencies all met for <TaskInstance: tutorial.sleep scheduled__2022-07-02T00:00:00+00:00 [queued]>
[2022-07-21 08:09:44,851] {taskinstance.py:1179} INFO - Dependencies all met for <TaskInstance: tutorial.sleep scheduled__2022-07-02T00:00:00+00:00 [queued]>
[2022-07-21 08:09:44,852] {taskinstance.py:1376} INFO - 
--------------------------------------------------------------------------------
[2022-07-21 08:09:44,853] {taskinstance.py:1377} INFO - Starting attempt 1 of 4
[2022-07-21 08:09:44,854] {taskinstance.py:1378} INFO - 
--------------------------------------------------------------------------------
[2022-07-21 08:09:44,879] {taskinstance.py:1397} INFO - Executing <Task(BashOperator): sleep> on 2022-07-02 00:00:00+00:00
[2022-07-21 08:09:44,886] {standard_task_runner.py:52} INFO - Started process 548 to run task
[2022-07-21 08:09:44,910] {standard_task_runner.py:79} INFO - Running: ['***', 'tasks', 'run', 'tutorial', 'sleep', 'scheduled__2022-07-02T00:00:00+00:00', '--job-id', '69', '--raw', '--subdir', 'DAGS_FOLDER/nickdag.py', '--cfg-path', '/tmp/tmp3dkt6f1a', '--error-file', '/tmp/tmpozy33seh']
[2022-07-21 08:09:44,913] {standard_task_runner.py:80} INFO - Job 69: Subtask sleep
[2022-07-21 08:09:44,953] {logging_mixin.py:115} WARNING - /home/***/.local/lib/python3.7/site-packages/***/configuration.py:528 DeprecationWarning: The sql_alchemy_conn option in [core] has been moved to the sql_alchemy_conn option in [database] - the old setting has been used, but please update your config.
[2022-07-21 08:09:45,047] {task_command.py:371} INFO - Running <TaskInstance: tutorial.sleep scheduled__2022-07-02T00:00:00+00:00 [running]> on host 97e3017421e4
[2022-07-21 08:09:45,161] {taskinstance.py:1591} INFO - Exporting the following env vars:
AIRFLOW_CTX_DAG_EMAIL=caroline.kosalka@gmail.com
AIRFLOW_CTX_DAG_OWNER=***
AIRFLOW_CTX_DAG_ID=tutorial
AIRFLOW_CTX_TASK_ID=sleep
AIRFLOW_CTX_EXECUTION_DATE=2022-07-02T00:00:00+00:00
AIRFLOW_CTX_TRY_NUMBER=1
AIRFLOW_CTX_DAG_RUN_ID=scheduled__2022-07-02T00:00:00+00:00
[2022-07-21 08:09:45,162] {subprocess.py:62} INFO - Tmp dir root location: 
 /tmp
[2022-07-21 08:09:45,163] {subprocess.py:74} INFO - Running command: ['bash', '-c', 'sleep 5']
[2022-07-21 08:09:45,178] {subprocess.py:85} INFO - Output:
[2022-07-21 08:09:50,181] {subprocess.py:96} INFO - Command exited with return code 0
[2022-07-21 08:09:50,331] {taskinstance.py:1420} INFO - Marking task as SUCCESS. dag_id=tutorial, task_id=sleep, execution_date=20220702T000000, start_date=20220721T080944, end_date=20220721T080950
[2022-07-21 08:09:50,386] {local_task_job.py:156} INFO - Task exited with return code 0
[2022-07-21 08:09:50,430] {local_task_job.py:273} INFO - 0 downstream tasks scheduled from follow-on schedule check
