[2022-07-21 08:09:32,642] {taskinstance.py:1179} INFO - Dependencies all met for <TaskInstance: tutorial.sleep scheduled__2022-06-22T00:00:00+00:00 [queued]>
[2022-07-21 08:09:32,738] {taskinstance.py:1179} INFO - Dependencies all met for <TaskInstance: tutorial.sleep scheduled__2022-06-22T00:00:00+00:00 [queued]>
[2022-07-21 08:09:32,744] {taskinstance.py:1376} INFO - 
--------------------------------------------------------------------------------
[2022-07-21 08:09:32,746] {taskinstance.py:1377} INFO - Starting attempt 1 of 4
[2022-07-21 08:09:32,748] {taskinstance.py:1378} INFO - 
--------------------------------------------------------------------------------
[2022-07-21 08:09:32,838] {taskinstance.py:1397} INFO - Executing <Task(BashOperator): sleep> on 2022-06-22 00:00:00+00:00
[2022-07-21 08:09:32,849] {standard_task_runner.py:52} INFO - Started process 499 to run task
[2022-07-21 08:09:32,872] {standard_task_runner.py:79} INFO - Running: ['***', 'tasks', 'run', 'tutorial', 'sleep', 'scheduled__2022-06-22T00:00:00+00:00', '--job-id', '53', '--raw', '--subdir', 'DAGS_FOLDER/nickdag.py', '--cfg-path', '/tmp/tmpa22h1ihn', '--error-file', '/tmp/tmp4zdssaqz']
[2022-07-21 08:09:32,878] {standard_task_runner.py:80} INFO - Job 53: Subtask sleep
[2022-07-21 08:09:32,940] {logging_mixin.py:115} WARNING - /home/***/.local/lib/python3.7/site-packages/***/configuration.py:528 DeprecationWarning: The sql_alchemy_conn option in [core] has been moved to the sql_alchemy_conn option in [database] - the old setting has been used, but please update your config.
[2022-07-21 08:09:33,345] {task_command.py:371} INFO - Running <TaskInstance: tutorial.sleep scheduled__2022-06-22T00:00:00+00:00 [running]> on host 97e3017421e4
[2022-07-21 08:09:33,836] {taskinstance.py:1591} INFO - Exporting the following env vars:
AIRFLOW_CTX_DAG_EMAIL=caroline.kosalka@gmail.com
AIRFLOW_CTX_DAG_OWNER=***
AIRFLOW_CTX_DAG_ID=tutorial
AIRFLOW_CTX_TASK_ID=sleep
AIRFLOW_CTX_EXECUTION_DATE=2022-06-22T00:00:00+00:00
AIRFLOW_CTX_TRY_NUMBER=1
AIRFLOW_CTX_DAG_RUN_ID=scheduled__2022-06-22T00:00:00+00:00
[2022-07-21 08:09:33,846] {subprocess.py:62} INFO - Tmp dir root location: 
 /tmp
[2022-07-21 08:09:33,851] {subprocess.py:74} INFO - Running command: ['bash', '-c', 'sleep 5']
[2022-07-21 08:09:33,939] {subprocess.py:85} INFO - Output:
[2022-07-21 08:09:39,041] {subprocess.py:96} INFO - Command exited with return code 0
[2022-07-21 08:09:42,537] {taskinstance.py:1420} INFO - Marking task as SUCCESS. dag_id=tutorial, task_id=sleep, execution_date=20220622T000000, start_date=20220721T080932, end_date=20220721T080942
[2022-07-21 08:09:43,023] {local_task_job.py:156} INFO - Task exited with return code 0
[2022-07-21 08:09:43,372] {local_task_job.py:273} INFO - 0 downstream tasks scheduled from follow-on schedule check
