[2022-07-22 12:59:19,876] {taskinstance.py:1179} INFO - Dependencies all met for <TaskInstance: tutorial.t1 scheduled__2022-06-08T00:00:00+00:00 [queued]>
[2022-07-22 12:59:20,845] {taskinstance.py:1179} INFO - Dependencies all met for <TaskInstance: tutorial.t1 scheduled__2022-06-08T00:00:00+00:00 [queued]>
[2022-07-22 12:59:20,991] {taskinstance.py:1376} INFO - 
--------------------------------------------------------------------------------
[2022-07-22 12:59:21,017] {taskinstance.py:1377} INFO - Starting attempt 1 of 2
[2022-07-22 12:59:21,079] {taskinstance.py:1378} INFO - 
--------------------------------------------------------------------------------
[2022-07-22 12:59:22,280] {taskinstance.py:1397} INFO - Executing <Task(PythonOperator): t1> on 2022-06-08 00:00:00+00:00
[2022-07-22 12:59:23,095] {standard_task_runner.py:52} INFO - Started process 702 to run task
[2022-07-22 12:59:23,166] {standard_task_runner.py:79} INFO - Running: ['***', 'tasks', 'run', 'tutorial', 't1', 'scheduled__2022-06-08T00:00:00+00:00', '--job-id', '7', '--raw', '--subdir', 'DAGS_FOLDER/nickdag.py', '--cfg-path', '/tmp/tmp9h2hwjtm', '--error-file', '/tmp/tmpczc95f6k']
[2022-07-22 12:59:23,194] {standard_task_runner.py:80} INFO - Job 7: Subtask t1
[2022-07-22 12:59:23,352] {logging_mixin.py:115} WARNING - /home/***/.local/lib/python3.7/site-packages/***/configuration.py:528 DeprecationWarning: The sql_alchemy_conn option in [core] has been moved to the sql_alchemy_conn option in [database] - the old setting has been used, but please update your config.
[2022-07-22 12:59:24,596] {task_command.py:371} INFO - Running <TaskInstance: tutorial.t1 scheduled__2022-06-08T00:00:00+00:00 [running]> on host 2f63307804d5
[2022-07-22 12:59:28,087] {taskinstance.py:1591} INFO - Exporting the following env vars:
AIRFLOW_CTX_DAG_EMAIL=caroline.kosalka@gmail.com
AIRFLOW_CTX_DAG_OWNER=***
AIRFLOW_CTX_DAG_ID=tutorial
AIRFLOW_CTX_TASK_ID=t1
AIRFLOW_CTX_EXECUTION_DATE=2022-06-08T00:00:00+00:00
AIRFLOW_CTX_TRY_NUMBER=1
AIRFLOW_CTX_DAG_RUN_ID=scheduled__2022-06-08T00:00:00+00:00
[2022-07-22 12:59:28,180] {python.py:173} INFO - Done. Returned value was: welcome
[2022-07-22 12:59:29,355] {taskinstance.py:1420} INFO - Marking task as SUCCESS. dag_id=tutorial, task_id=t1, execution_date=20220608T000000, start_date=20220722T125919, end_date=20220722T125929
[2022-07-22 12:59:30,653] {local_task_job.py:156} INFO - Task exited with return code 0
[2022-07-22 12:59:32,563] {local_task_job.py:273} INFO - 0 downstream tasks scheduled from follow-on schedule check
[2022-07-25 09:17:51,756] {taskinstance.py:1179} INFO - Dependencies all met for <TaskInstance: tutorial.t1 scheduled__2022-06-08T00:00:00+00:00 [queued]>
[2022-07-25 09:17:51,830] {taskinstance.py:1179} INFO - Dependencies all met for <TaskInstance: tutorial.t1 scheduled__2022-06-08T00:00:00+00:00 [queued]>
[2022-07-25 09:17:51,831] {taskinstance.py:1376} INFO - 
--------------------------------------------------------------------------------
[2022-07-25 09:17:51,832] {taskinstance.py:1377} INFO - Starting attempt 1 of 2
[2022-07-25 09:17:51,833] {taskinstance.py:1378} INFO - 
--------------------------------------------------------------------------------
[2022-07-25 09:17:51,924] {taskinstance.py:1397} INFO - Executing <Task(PythonOperator): t1> on 2022-06-08 00:00:00+00:00
[2022-07-25 09:17:51,939] {standard_task_runner.py:52} INFO - Started process 676 to run task
[2022-07-25 09:17:52,028] {standard_task_runner.py:79} INFO - Running: ['***', 'tasks', 'run', 'tutorial', 't1', 'scheduled__2022-06-08T00:00:00+00:00', '--job-id', '9', '--raw', '--subdir', 'DAGS_FOLDER/nickdag.py', '--cfg-path', '/tmp/tmptflyz_h0', '--error-file', '/tmp/tmp7oj4xp0_']
[2022-07-25 09:17:52,039] {standard_task_runner.py:80} INFO - Job 9: Subtask t1
[2022-07-25 09:17:52,153] {logging_mixin.py:115} WARNING - /home/***/.local/lib/python3.7/site-packages/***/configuration.py:528 DeprecationWarning: The sql_alchemy_conn option in [core] has been moved to the sql_alchemy_conn option in [database] - the old setting has been used, but please update your config.
[2022-07-25 09:17:52,390] {task_command.py:371} INFO - Running <TaskInstance: tutorial.t1 scheduled__2022-06-08T00:00:00+00:00 [running]> on host 01e6b1df1873
[2022-07-25 09:17:53,243] {taskinstance.py:1591} INFO - Exporting the following env vars:
AIRFLOW_CTX_DAG_EMAIL=caroline.kosalka@gmail.com
AIRFLOW_CTX_DAG_OWNER=***
AIRFLOW_CTX_DAG_ID=tutorial
AIRFLOW_CTX_TASK_ID=t1
AIRFLOW_CTX_EXECUTION_DATE=2022-06-08T00:00:00+00:00
AIRFLOW_CTX_TRY_NUMBER=1
AIRFLOW_CTX_DAG_RUN_ID=scheduled__2022-06-08T00:00:00+00:00
[2022-07-25 09:17:53,244] {python.py:173} INFO - Done. Returned value was: welcome
[2022-07-25 09:17:53,427] {taskinstance.py:1420} INFO - Marking task as SUCCESS. dag_id=tutorial, task_id=t1, execution_date=20220608T000000, start_date=20220725T091751, end_date=20220725T091753
[2022-07-25 09:17:53,537] {local_task_job.py:156} INFO - Task exited with return code 0
[2022-07-25 09:17:54,062] {local_task_job.py:273} INFO - 0 downstream tasks scheduled from follow-on schedule check
[2022-07-25 12:23:48,295] {taskinstance.py:1179} INFO - Dependencies all met for <TaskInstance: tutorial.t1 scheduled__2022-06-08T00:00:00+00:00 [queued]>
[2022-07-25 12:23:48,442] {taskinstance.py:1179} INFO - Dependencies all met for <TaskInstance: tutorial.t1 scheduled__2022-06-08T00:00:00+00:00 [queued]>
[2022-07-25 12:23:48,444] {taskinstance.py:1376} INFO - 
--------------------------------------------------------------------------------
[2022-07-25 12:23:48,445] {taskinstance.py:1377} INFO - Starting attempt 1 of 2
[2022-07-25 12:23:48,446] {taskinstance.py:1378} INFO - 
--------------------------------------------------------------------------------
[2022-07-25 12:23:48,643] {taskinstance.py:1397} INFO - Executing <Task(PythonOperator): t1> on 2022-06-08 00:00:00+00:00
[2022-07-25 12:23:48,712] {standard_task_runner.py:52} INFO - Started process 448 to run task
[2022-07-25 12:23:48,816] {standard_task_runner.py:79} INFO - Running: ['***', 'tasks', 'run', 'tutorial', 't1', 'scheduled__2022-06-08T00:00:00+00:00', '--job-id', '15', '--raw', '--subdir', 'DAGS_FOLDER/nickdag.py', '--cfg-path', '/tmp/tmp58sgldlb', '--error-file', '/tmp/tmpm3oeg4ly']
[2022-07-25 12:23:48,852] {standard_task_runner.py:80} INFO - Job 15: Subtask t1
[2022-07-25 12:23:49,350] {logging_mixin.py:115} WARNING - /home/***/.local/lib/python3.7/site-packages/***/configuration.py:528 DeprecationWarning: The sql_alchemy_conn option in [core] has been moved to the sql_alchemy_conn option in [database] - the old setting has been used, but please update your config.
[2022-07-25 12:23:50,004] {task_command.py:371} INFO - Running <TaskInstance: tutorial.t1 scheduled__2022-06-08T00:00:00+00:00 [running]> on host 929e6a3728d4
[2022-07-25 12:23:50,669] {taskinstance.py:1591} INFO - Exporting the following env vars:
AIRFLOW_CTX_DAG_EMAIL=caroline.kosalka@gmail.com
AIRFLOW_CTX_DAG_OWNER=***
AIRFLOW_CTX_DAG_ID=tutorial
AIRFLOW_CTX_TASK_ID=t1
AIRFLOW_CTX_EXECUTION_DATE=2022-06-08T00:00:00+00:00
AIRFLOW_CTX_TRY_NUMBER=1
AIRFLOW_CTX_DAG_RUN_ID=scheduled__2022-06-08T00:00:00+00:00
[2022-07-25 12:23:50,674] {python.py:173} INFO - Done. Returned value was: welcome
[2022-07-25 12:23:50,889] {taskinstance.py:1420} INFO - Marking task as SUCCESS. dag_id=tutorial, task_id=t1, execution_date=20220608T000000, start_date=20220725T122348, end_date=20220725T122350
[2022-07-25 12:23:51,092] {local_task_job.py:156} INFO - Task exited with return code 0
[2022-07-25 12:23:51,360] {dagrun.py:1081} ERROR - Failed to get task '<TaskInstance: tutorial.get_terminal_data scheduled__2022-06-08T00:00:00+00:00 [removed]>' for dag 'tutorial'. Marking it as removed.
[2022-07-25 12:23:51,366] {dagrun.py:1081} ERROR - Failed to get task '<TaskInstance: tutorial.process_data scheduled__2022-06-08T00:00:00+00:00 [removed]>' for dag 'tutorial'. Marking it as removed.
[2022-07-25 12:23:51,425] {local_task_job.py:273} INFO - 1 downstream tasks scheduled from follow-on schedule check
