[2022-07-21 08:09:20,003] {taskinstance.py:1179} INFO - Dependencies all met for <TaskInstance: tutorial.sleep scheduled__2022-06-12T00:00:00+00:00 [queued]>
[2022-07-21 08:09:20,048] {taskinstance.py:1179} INFO - Dependencies all met for <TaskInstance: tutorial.sleep scheduled__2022-06-12T00:00:00+00:00 [queued]>
[2022-07-21 08:09:20,053] {taskinstance.py:1376} INFO - 
--------------------------------------------------------------------------------
[2022-07-21 08:09:20,054] {taskinstance.py:1377} INFO - Starting attempt 1 of 4
[2022-07-21 08:09:20,055] {taskinstance.py:1378} INFO - 
--------------------------------------------------------------------------------
[2022-07-21 08:09:20,097] {taskinstance.py:1397} INFO - Executing <Task(BashOperator): sleep> on 2022-06-12 00:00:00+00:00
[2022-07-21 08:09:20,109] {standard_task_runner.py:52} INFO - Started process 438 to run task
[2022-07-21 08:09:20,125] {standard_task_runner.py:79} INFO - Running: ['***', 'tasks', 'run', 'tutorial', 'sleep', 'scheduled__2022-06-12T00:00:00+00:00', '--job-id', '33', '--raw', '--subdir', 'DAGS_FOLDER/nickdag.py', '--cfg-path', '/tmp/tmpkck_nk4e', '--error-file', '/tmp/tmpkp7xkbrb']
[2022-07-21 08:09:20,129] {standard_task_runner.py:80} INFO - Job 33: Subtask sleep
[2022-07-21 08:09:20,197] {logging_mixin.py:115} WARNING - /home/***/.local/lib/python3.7/site-packages/***/configuration.py:528 DeprecationWarning: The sql_alchemy_conn option in [core] has been moved to the sql_alchemy_conn option in [database] - the old setting has been used, but please update your config.
[2022-07-21 08:09:20,362] {task_command.py:371} INFO - Running <TaskInstance: tutorial.sleep scheduled__2022-06-12T00:00:00+00:00 [running]> on host 97e3017421e4
[2022-07-21 08:09:20,534] {taskinstance.py:1591} INFO - Exporting the following env vars:
AIRFLOW_CTX_DAG_EMAIL=caroline.kosalka@gmail.com
AIRFLOW_CTX_DAG_OWNER=***
AIRFLOW_CTX_DAG_ID=tutorial
AIRFLOW_CTX_TASK_ID=sleep
AIRFLOW_CTX_EXECUTION_DATE=2022-06-12T00:00:00+00:00
AIRFLOW_CTX_TRY_NUMBER=1
AIRFLOW_CTX_DAG_RUN_ID=scheduled__2022-06-12T00:00:00+00:00
[2022-07-21 08:09:20,538] {subprocess.py:62} INFO - Tmp dir root location: 
 /tmp
[2022-07-21 08:09:20,540] {subprocess.py:74} INFO - Running command: ['bash', '-c', 'sleep 5']
[2022-07-21 08:09:20,568] {subprocess.py:85} INFO - Output:
[2022-07-21 08:09:25,534] {subprocess.py:96} INFO - Command exited with return code 0
[2022-07-21 08:09:25,592] {taskinstance.py:1420} INFO - Marking task as SUCCESS. dag_id=tutorial, task_id=sleep, execution_date=20220612T000000, start_date=20220721T080920, end_date=20220721T080925
[2022-07-21 08:09:25,643] {local_task_job.py:156} INFO - Task exited with return code 0
[2022-07-21 08:09:25,698] {local_task_job.py:273} INFO - 0 downstream tasks scheduled from follow-on schedule check
