[2022-07-22 13:00:16,353] {taskinstance.py:1179} INFO - Dependencies all met for <TaskInstance: tutorial.t1 scheduled__2022-06-24T00:00:00+00:00 [queued]>
[2022-07-22 13:00:16,490] {taskinstance.py:1179} INFO - Dependencies all met for <TaskInstance: tutorial.t1 scheduled__2022-06-24T00:00:00+00:00 [queued]>
[2022-07-22 13:00:16,493] {taskinstance.py:1376} INFO - 
--------------------------------------------------------------------------------
[2022-07-22 13:00:16,497] {taskinstance.py:1377} INFO - Starting attempt 1 of 2
[2022-07-22 13:00:16,500] {taskinstance.py:1378} INFO - 
--------------------------------------------------------------------------------
[2022-07-22 13:00:16,597] {taskinstance.py:1397} INFO - Executing <Task(PythonOperator): t1> on 2022-06-24 00:00:00+00:00
[2022-07-22 13:00:16,633] {standard_task_runner.py:52} INFO - Started process 794 to run task
[2022-07-22 13:00:16,670] {standard_task_runner.py:79} INFO - Running: ['***', 'tasks', 'run', 'tutorial', 't1', 'scheduled__2022-06-24T00:00:00+00:00', '--job-id', '42', '--raw', '--subdir', 'DAGS_FOLDER/nickdag.py', '--cfg-path', '/tmp/tmpve3b3lcx', '--error-file', '/tmp/tmp1l9_plpb']
[2022-07-22 13:00:16,675] {standard_task_runner.py:80} INFO - Job 42: Subtask t1
[2022-07-22 13:00:16,815] {logging_mixin.py:115} WARNING - /home/***/.local/lib/python3.7/site-packages/***/configuration.py:528 DeprecationWarning: The sql_alchemy_conn option in [core] has been moved to the sql_alchemy_conn option in [database] - the old setting has been used, but please update your config.
[2022-07-22 13:00:17,090] {task_command.py:371} INFO - Running <TaskInstance: tutorial.t1 scheduled__2022-06-24T00:00:00+00:00 [running]> on host 2f63307804d5
[2022-07-22 13:00:17,804] {taskinstance.py:1591} INFO - Exporting the following env vars:
AIRFLOW_CTX_DAG_EMAIL=caroline.kosalka@gmail.com
AIRFLOW_CTX_DAG_OWNER=***
AIRFLOW_CTX_DAG_ID=tutorial
AIRFLOW_CTX_TASK_ID=t1
AIRFLOW_CTX_EXECUTION_DATE=2022-06-24T00:00:00+00:00
AIRFLOW_CTX_TRY_NUMBER=1
AIRFLOW_CTX_DAG_RUN_ID=scheduled__2022-06-24T00:00:00+00:00
[2022-07-22 13:00:17,806] {python.py:173} INFO - Done. Returned value was: welcome
[2022-07-22 13:00:18,166] {taskinstance.py:1420} INFO - Marking task as SUCCESS. dag_id=tutorial, task_id=t1, execution_date=20220624T000000, start_date=20220722T130016, end_date=20220722T130018
[2022-07-22 13:00:18,300] {local_task_job.py:156} INFO - Task exited with return code 0
[2022-07-22 13:00:18,680] {local_task_job.py:273} INFO - 1 downstream tasks scheduled from follow-on schedule check
[2022-07-25 09:18:02,472] {taskinstance.py:1179} INFO - Dependencies all met for <TaskInstance: tutorial.t1 scheduled__2022-06-24T00:00:00+00:00 [queued]>
[2022-07-25 09:18:02,519] {taskinstance.py:1179} INFO - Dependencies all met for <TaskInstance: tutorial.t1 scheduled__2022-06-24T00:00:00+00:00 [queued]>
[2022-07-25 09:18:02,523] {taskinstance.py:1376} INFO - 
--------------------------------------------------------------------------------
[2022-07-25 09:18:02,526] {taskinstance.py:1377} INFO - Starting attempt 1 of 2
[2022-07-25 09:18:02,531] {taskinstance.py:1378} INFO - 
--------------------------------------------------------------------------------
[2022-07-25 09:18:02,598] {taskinstance.py:1397} INFO - Executing <Task(PythonOperator): t1> on 2022-06-24 00:00:00+00:00
[2022-07-25 09:18:02,619] {standard_task_runner.py:52} INFO - Started process 747 to run task
[2022-07-25 09:18:02,648] {standard_task_runner.py:79} INFO - Running: ['***', 'tasks', 'run', 'tutorial', 't1', 'scheduled__2022-06-24T00:00:00+00:00', '--job-id', '43', '--raw', '--subdir', 'DAGS_FOLDER/nickdag.py', '--cfg-path', '/tmp/tmpohe5xu1z', '--error-file', '/tmp/tmphbuvyo4g']
[2022-07-25 09:18:02,668] {standard_task_runner.py:80} INFO - Job 43: Subtask t1
[2022-07-25 09:18:02,784] {logging_mixin.py:115} WARNING - /home/***/.local/lib/python3.7/site-packages/***/configuration.py:528 DeprecationWarning: The sql_alchemy_conn option in [core] has been moved to the sql_alchemy_conn option in [database] - the old setting has been used, but please update your config.
[2022-07-25 09:18:03,161] {task_command.py:371} INFO - Running <TaskInstance: tutorial.t1 scheduled__2022-06-24T00:00:00+00:00 [running]> on host 01e6b1df1873
[2022-07-25 09:18:03,508] {taskinstance.py:1591} INFO - Exporting the following env vars:
AIRFLOW_CTX_DAG_EMAIL=caroline.kosalka@gmail.com
AIRFLOW_CTX_DAG_OWNER=***
AIRFLOW_CTX_DAG_ID=tutorial
AIRFLOW_CTX_TASK_ID=t1
AIRFLOW_CTX_EXECUTION_DATE=2022-06-24T00:00:00+00:00
AIRFLOW_CTX_TRY_NUMBER=1
AIRFLOW_CTX_DAG_RUN_ID=scheduled__2022-06-24T00:00:00+00:00
[2022-07-25 09:18:03,509] {python.py:173} INFO - Done. Returned value was: welcome
[2022-07-25 09:18:03,602] {taskinstance.py:1420} INFO - Marking task as SUCCESS. dag_id=tutorial, task_id=t1, execution_date=20220624T000000, start_date=20220725T091802, end_date=20220725T091803
[2022-07-25 09:18:03,665] {local_task_job.py:156} INFO - Task exited with return code 0
[2022-07-25 09:18:03,887] {local_task_job.py:273} INFO - 1 downstream tasks scheduled from follow-on schedule check
