[2022-07-25 12:28:23,647] {taskinstance.py:1179} INFO - Dependencies all met for <TaskInstance: tutorial.t1 scheduled__2022-07-17T00:00:00+00:00 [queued]>
[2022-07-25 12:28:23,711] {taskinstance.py:1179} INFO - Dependencies all met for <TaskInstance: tutorial.t1 scheduled__2022-07-17T00:00:00+00:00 [queued]>
[2022-07-25 12:28:23,722] {taskinstance.py:1376} INFO - 
--------------------------------------------------------------------------------
[2022-07-25 12:28:23,724] {taskinstance.py:1377} INFO - Starting attempt 2 of 2
[2022-07-25 12:28:23,726] {taskinstance.py:1378} INFO - 
--------------------------------------------------------------------------------
[2022-07-25 12:28:23,844] {taskinstance.py:1397} INFO - Executing <Task(PythonOperator): t1> on 2022-07-17 00:00:00+00:00
[2022-07-25 12:28:23,880] {standard_task_runner.py:52} INFO - Started process 994 to run task
[2022-07-25 12:28:23,910] {standard_task_runner.py:79} INFO - Running: ['***', 'tasks', 'run', 'tutorial', 't1', 'scheduled__2022-07-17T00:00:00+00:00', '--job-id', '149', '--raw', '--subdir', 'DAGS_FOLDER/nickdag.py', '--cfg-path', '/tmp/tmpo2n_adrm', '--error-file', '/tmp/tmpn2dxtaba']
[2022-07-25 12:28:23,917] {standard_task_runner.py:80} INFO - Job 149: Subtask t1
[2022-07-25 12:28:24,060] {logging_mixin.py:115} WARNING - /home/***/.local/lib/python3.7/site-packages/***/configuration.py:528 DeprecationWarning: The sql_alchemy_conn option in [core] has been moved to the sql_alchemy_conn option in [database] - the old setting has been used, but please update your config.
[2022-07-25 12:28:24,351] {task_command.py:371} INFO - Running <TaskInstance: tutorial.t1 scheduled__2022-07-17T00:00:00+00:00 [running]> on host 929e6a3728d4
[2022-07-25 12:28:24,828] {taskinstance.py:1591} INFO - Exporting the following env vars:
AIRFLOW_CTX_DAG_EMAIL=caroline.kosalka@gmail.com
AIRFLOW_CTX_DAG_OWNER=***
AIRFLOW_CTX_DAG_ID=tutorial
AIRFLOW_CTX_TASK_ID=t1
AIRFLOW_CTX_EXECUTION_DATE=2022-07-17T00:00:00+00:00
AIRFLOW_CTX_TRY_NUMBER=2
AIRFLOW_CTX_DAG_RUN_ID=scheduled__2022-07-17T00:00:00+00:00
[2022-07-25 12:28:24,833] {python.py:173} INFO - Done. Returned value was: welcome
[2022-07-25 12:28:25,557] {taskinstance.py:1420} INFO - Marking task as SUCCESS. dag_id=tutorial, task_id=t1, execution_date=20220717T000000, start_date=20220725T122823, end_date=20220725T122825
[2022-07-25 12:28:25,719] {local_task_job.py:156} INFO - Task exited with return code 0
[2022-07-25 12:28:26,017] {dagrun.py:1081} ERROR - Failed to get task '<TaskInstance: tutorial.process_data scheduled__2022-07-17T00:00:00+00:00 [removed]>' for dag 'tutorial'. Marking it as removed.
[2022-07-25 12:28:26,026] {dagrun.py:1081} ERROR - Failed to get task '<TaskInstance: tutorial.get_terminal_data scheduled__2022-07-17T00:00:00+00:00 [removed]>' for dag 'tutorial'. Marking it as removed.
[2022-07-25 12:28:26,088] {local_task_job.py:273} INFO - 1 downstream tasks scheduled from follow-on schedule check
