[2022-07-22 07:56:19,519] {taskinstance.py:1179} INFO - Dependencies all met for <TaskInstance: tutorial.t2 scheduled__2022-07-21T00:00:00+00:00 [None]>
[2022-07-22 07:56:19,824] {taskinstance.py:1179} INFO - Dependencies all met for <TaskInstance: tutorial.t2 scheduled__2022-07-21T00:00:00+00:00 [None]>
[2022-07-22 07:56:19,856] {taskinstance.py:1376} INFO - 
--------------------------------------------------------------------------------
[2022-07-22 07:56:20,056] {taskinstance.py:1377} INFO - Starting attempt 1 of 2
[2022-07-22 07:56:20,093] {taskinstance.py:1378} INFO - 
--------------------------------------------------------------------------------
[2022-07-22 07:56:20,346] {taskinstance.py:1397} INFO - Executing <Task(PythonOperator): t2> on 2022-07-21 00:00:00+00:00
[2022-07-22 07:56:20,442] {standard_task_runner.py:52} INFO - Started process 3800 to run task
[2022-07-22 07:56:20,967] {standard_task_runner.py:79} INFO - Running: ['***', 'tasks', 'run', 'tutorial', 't2', 'scheduled__2022-07-21T00:00:00+00:00', '--job-id', '108', '--raw', '--subdir', 'DAGS_FOLDER/nickdag.py', '--cfg-path', '/tmp/tmp3zliegr6', '--error-file', '/tmp/tmp7wgclvuk']
[2022-07-22 07:56:20,994] {standard_task_runner.py:80} INFO - Job 108: Subtask t2
[2022-07-22 07:56:22,562] {logging_mixin.py:115} WARNING - /home/***/.local/lib/python3.7/site-packages/***/configuration.py:528 DeprecationWarning: The sql_alchemy_conn option in [core] has been moved to the sql_alchemy_conn option in [database] - the old setting has been used, but please update your config.
[2022-07-22 07:56:23,181] {task_command.py:371} INFO - Running <TaskInstance: tutorial.t2 scheduled__2022-07-21T00:00:00+00:00 [running]> on host 97e3017421e4
[2022-07-22 07:56:23,522] {taskinstance.py:1591} INFO - Exporting the following env vars:
AIRFLOW_CTX_DAG_EMAIL=caroline.kosalka@gmail.com
AIRFLOW_CTX_DAG_OWNER=***
AIRFLOW_CTX_DAG_ID=tutorial
AIRFLOW_CTX_TASK_ID=t2
AIRFLOW_CTX_EXECUTION_DATE=2022-07-21T00:00:00+00:00
AIRFLOW_CTX_TRY_NUMBER=1
AIRFLOW_CTX_DAG_RUN_ID=scheduled__2022-07-21T00:00:00+00:00
[2022-07-22 07:56:23,531] {python.py:173} INFO - Done. Returned value was: goodbye
[2022-07-22 07:56:23,632] {taskinstance.py:1420} INFO - Marking task as SUCCESS. dag_id=tutorial, task_id=t2, execution_date=20220721T000000, start_date=20220722T075619, end_date=20220722T075623
[2022-07-22 07:56:23,745] {local_task_job.py:156} INFO - Task exited with return code 0
[2022-07-22 07:56:24,426] {local_task_job.py:273} INFO - 0 downstream tasks scheduled from follow-on schedule check
[2022-07-22 13:00:40,426] {taskinstance.py:1179} INFO - Dependencies all met for <TaskInstance: tutorial.t2 scheduled__2022-07-21T00:00:00+00:00 [queued]>
[2022-07-22 13:00:40,458] {taskinstance.py:1179} INFO - Dependencies all met for <TaskInstance: tutorial.t2 scheduled__2022-07-21T00:00:00+00:00 [queued]>
[2022-07-22 13:00:40,460] {taskinstance.py:1376} INFO - 
--------------------------------------------------------------------------------
[2022-07-22 13:00:40,461] {taskinstance.py:1377} INFO - Starting attempt 1 of 2
[2022-07-22 13:00:40,463] {taskinstance.py:1378} INFO - 
--------------------------------------------------------------------------------
[2022-07-22 13:00:40,500] {taskinstance.py:1397} INFO - Executing <Task(PythonOperator): t2> on 2022-07-21 00:00:00+00:00
[2022-07-22 13:00:40,509] {standard_task_runner.py:52} INFO - Started process 920 to run task
[2022-07-22 13:00:40,518] {standard_task_runner.py:79} INFO - Running: ['***', 'tasks', 'run', 'tutorial', 't2', 'scheduled__2022-07-21T00:00:00+00:00', '--job-id', '103', '--raw', '--subdir', 'DAGS_FOLDER/nickdag.py', '--cfg-path', '/tmp/tmpgke3pxy4', '--error-file', '/tmp/tmp7menfidd']
[2022-07-22 13:00:40,521] {standard_task_runner.py:80} INFO - Job 103: Subtask t2
[2022-07-22 13:00:40,565] {logging_mixin.py:115} WARNING - /home/***/.local/lib/python3.7/site-packages/***/configuration.py:528 DeprecationWarning: The sql_alchemy_conn option in [core] has been moved to the sql_alchemy_conn option in [database] - the old setting has been used, but please update your config.
[2022-07-22 13:00:40,692] {task_command.py:371} INFO - Running <TaskInstance: tutorial.t2 scheduled__2022-07-21T00:00:00+00:00 [running]> on host 2f63307804d5
[2022-07-22 13:00:40,909] {taskinstance.py:1591} INFO - Exporting the following env vars:
AIRFLOW_CTX_DAG_EMAIL=caroline.kosalka@gmail.com
AIRFLOW_CTX_DAG_OWNER=***
AIRFLOW_CTX_DAG_ID=tutorial
AIRFLOW_CTX_TASK_ID=t2
AIRFLOW_CTX_EXECUTION_DATE=2022-07-21T00:00:00+00:00
AIRFLOW_CTX_TRY_NUMBER=1
AIRFLOW_CTX_DAG_RUN_ID=scheduled__2022-07-21T00:00:00+00:00
[2022-07-22 13:00:40,916] {python.py:173} INFO - Done. Returned value was: goodbye
[2022-07-22 13:00:40,989] {taskinstance.py:1420} INFO - Marking task as SUCCESS. dag_id=tutorial, task_id=t2, execution_date=20220721T000000, start_date=20220722T130040, end_date=20220722T130040
[2022-07-22 13:00:41,053] {local_task_job.py:156} INFO - Task exited with return code 0
[2022-07-22 13:00:41,122] {local_task_job.py:273} INFO - 0 downstream tasks scheduled from follow-on schedule check
[2022-07-25 09:18:22,034] {taskinstance.py:1179} INFO - Dependencies all met for <TaskInstance: tutorial.t2 scheduled__2022-07-21T00:00:00+00:00 [queued]>
[2022-07-25 09:18:22,067] {taskinstance.py:1179} INFO - Dependencies all met for <TaskInstance: tutorial.t2 scheduled__2022-07-21T00:00:00+00:00 [queued]>
[2022-07-25 09:18:22,068] {taskinstance.py:1376} INFO - 
--------------------------------------------------------------------------------
[2022-07-25 09:18:22,069] {taskinstance.py:1377} INFO - Starting attempt 1 of 2
[2022-07-25 09:18:22,070] {taskinstance.py:1378} INFO - 
--------------------------------------------------------------------------------
[2022-07-25 09:18:22,105] {taskinstance.py:1397} INFO - Executing <Task(PythonOperator): t2> on 2022-07-21 00:00:00+00:00
[2022-07-25 09:18:22,112] {standard_task_runner.py:52} INFO - Started process 871 to run task
[2022-07-25 09:18:22,129] {standard_task_runner.py:79} INFO - Running: ['***', 'tasks', 'run', 'tutorial', 't2', 'scheduled__2022-07-21T00:00:00+00:00', '--job-id', '103', '--raw', '--subdir', 'DAGS_FOLDER/nickdag.py', '--cfg-path', '/tmp/tmpff65hgxv', '--error-file', '/tmp/tmprg_pk7y2']
[2022-07-25 09:18:22,131] {standard_task_runner.py:80} INFO - Job 103: Subtask t2
[2022-07-25 09:18:22,175] {logging_mixin.py:115} WARNING - /home/***/.local/lib/python3.7/site-packages/***/configuration.py:528 DeprecationWarning: The sql_alchemy_conn option in [core] has been moved to the sql_alchemy_conn option in [database] - the old setting has been used, but please update your config.
[2022-07-25 09:18:22,311] {task_command.py:371} INFO - Running <TaskInstance: tutorial.t2 scheduled__2022-07-21T00:00:00+00:00 [running]> on host 01e6b1df1873
[2022-07-25 09:18:22,544] {taskinstance.py:1591} INFO - Exporting the following env vars:
AIRFLOW_CTX_DAG_EMAIL=caroline.kosalka@gmail.com
AIRFLOW_CTX_DAG_OWNER=***
AIRFLOW_CTX_DAG_ID=tutorial
AIRFLOW_CTX_TASK_ID=t2
AIRFLOW_CTX_EXECUTION_DATE=2022-07-21T00:00:00+00:00
AIRFLOW_CTX_TRY_NUMBER=1
AIRFLOW_CTX_DAG_RUN_ID=scheduled__2022-07-21T00:00:00+00:00
[2022-07-25 09:18:22,545] {python.py:173} INFO - Done. Returned value was: goodbye
[2022-07-25 09:18:22,638] {taskinstance.py:1420} INFO - Marking task as SUCCESS. dag_id=tutorial, task_id=t2, execution_date=20220721T000000, start_date=20220725T091822, end_date=20220725T091822
[2022-07-25 09:18:22,704] {local_task_job.py:156} INFO - Task exited with return code 0
[2022-07-25 09:18:22,756] {local_task_job.py:273} INFO - 0 downstream tasks scheduled from follow-on schedule check
[2022-07-25 12:28:28,503] {taskinstance.py:1179} INFO - Dependencies all met for <TaskInstance: tutorial.t2 scheduled__2022-07-21T00:00:00+00:00 [queued]>
[2022-07-25 12:28:28,573] {taskinstance.py:1179} INFO - Dependencies all met for <TaskInstance: tutorial.t2 scheduled__2022-07-21T00:00:00+00:00 [queued]>
[2022-07-25 12:28:28,575] {taskinstance.py:1376} INFO - 
--------------------------------------------------------------------------------
[2022-07-25 12:28:28,576] {taskinstance.py:1377} INFO - Starting attempt 1 of 2
[2022-07-25 12:28:28,579] {taskinstance.py:1378} INFO - 
--------------------------------------------------------------------------------
[2022-07-25 12:28:28,702] {taskinstance.py:1397} INFO - Executing <Task(PythonOperator): t2> on 2022-07-21 00:00:00+00:00
[2022-07-25 12:28:28,749] {standard_task_runner.py:79} INFO - Running: ['***', 'tasks', 'run', 'tutorial', 't2', 'scheduled__2022-07-21T00:00:00+00:00', '--job-id', '176', '--raw', '--subdir', 'DAGS_FOLDER/nickdag.py', '--cfg-path', '/tmp/tmp_2iv_u34', '--error-file', '/tmp/tmpq1q_qf6r']
[2022-07-25 12:28:28,764] {standard_task_runner.py:80} INFO - Job 176: Subtask t2
[2022-07-25 12:28:28,726] {standard_task_runner.py:52} INFO - Started process 1040 to run task
[2022-07-25 12:28:28,852] {logging_mixin.py:115} WARNING - /home/***/.local/lib/python3.7/site-packages/***/configuration.py:528 DeprecationWarning: The sql_alchemy_conn option in [core] has been moved to the sql_alchemy_conn option in [database] - the old setting has been used, but please update your config.
[2022-07-25 12:28:29,123] {task_command.py:371} INFO - Running <TaskInstance: tutorial.t2 scheduled__2022-07-21T00:00:00+00:00 [running]> on host 929e6a3728d4
[2022-07-25 12:28:29,431] {taskinstance.py:1591} INFO - Exporting the following env vars:
AIRFLOW_CTX_DAG_EMAIL=caroline.kosalka@gmail.com
AIRFLOW_CTX_DAG_OWNER=***
AIRFLOW_CTX_DAG_ID=tutorial
AIRFLOW_CTX_TASK_ID=t2
AIRFLOW_CTX_EXECUTION_DATE=2022-07-21T00:00:00+00:00
AIRFLOW_CTX_TRY_NUMBER=1
AIRFLOW_CTX_DAG_RUN_ID=scheduled__2022-07-21T00:00:00+00:00
[2022-07-25 12:28:29,434] {python.py:173} INFO - Done. Returned value was: goodbye
[2022-07-25 12:28:29,918] {taskinstance.py:1420} INFO - Marking task as SUCCESS. dag_id=tutorial, task_id=t2, execution_date=20220721T000000, start_date=20220725T122828, end_date=20220725T122829
[2022-07-25 12:28:30,106] {local_task_job.py:156} INFO - Task exited with return code 0
[2022-07-25 12:28:30,317] {local_task_job.py:273} INFO - 0 downstream tasks scheduled from follow-on schedule check
