[2022-07-22 13:00:19,161] {taskinstance.py:1179} INFO - Dependencies all met for <TaskInstance: tutorial.t2 scheduled__2022-06-21T00:00:00+00:00 [queued]>
[2022-07-22 13:00:19,206] {taskinstance.py:1179} INFO - Dependencies all met for <TaskInstance: tutorial.t2 scheduled__2022-06-21T00:00:00+00:00 [queued]>
[2022-07-22 13:00:19,208] {taskinstance.py:1376} INFO - 
--------------------------------------------------------------------------------
[2022-07-22 13:00:19,209] {taskinstance.py:1377} INFO - Starting attempt 1 of 2
[2022-07-22 13:00:19,210] {taskinstance.py:1378} INFO - 
--------------------------------------------------------------------------------
[2022-07-22 13:00:19,292] {taskinstance.py:1397} INFO - Executing <Task(PythonOperator): t2> on 2022-06-21 00:00:00+00:00
[2022-07-22 13:00:19,304] {standard_task_runner.py:52} INFO - Started process 805 to run task
[2022-07-22 13:00:19,350] {standard_task_runner.py:79} INFO - Running: ['***', 'tasks', 'run', 'tutorial', 't2', 'scheduled__2022-06-21T00:00:00+00:00', '--job-id', '50', '--raw', '--subdir', 'DAGS_FOLDER/nickdag.py', '--cfg-path', '/tmp/tmp3odjaml4', '--error-file', '/tmp/tmpscclgi1p']
[2022-07-22 13:00:19,382] {standard_task_runner.py:80} INFO - Job 50: Subtask t2
[2022-07-22 13:00:19,514] {logging_mixin.py:115} WARNING - /home/***/.local/lib/python3.7/site-packages/***/configuration.py:528 DeprecationWarning: The sql_alchemy_conn option in [core] has been moved to the sql_alchemy_conn option in [database] - the old setting has been used, but please update your config.
[2022-07-22 13:00:19,973] {task_command.py:371} INFO - Running <TaskInstance: tutorial.t2 scheduled__2022-06-21T00:00:00+00:00 [running]> on host 2f63307804d5
[2022-07-22 13:00:20,481] {taskinstance.py:1591} INFO - Exporting the following env vars:
AIRFLOW_CTX_DAG_EMAIL=caroline.kosalka@gmail.com
AIRFLOW_CTX_DAG_OWNER=***
AIRFLOW_CTX_DAG_ID=tutorial
AIRFLOW_CTX_TASK_ID=t2
AIRFLOW_CTX_EXECUTION_DATE=2022-06-21T00:00:00+00:00
AIRFLOW_CTX_TRY_NUMBER=1
AIRFLOW_CTX_DAG_RUN_ID=scheduled__2022-06-21T00:00:00+00:00
[2022-07-22 13:00:20,488] {python.py:173} INFO - Done. Returned value was: goodbye
[2022-07-22 13:00:20,737] {taskinstance.py:1420} INFO - Marking task as SUCCESS. dag_id=tutorial, task_id=t2, execution_date=20220621T000000, start_date=20220722T130019, end_date=20220722T130020
[2022-07-22 13:00:20,848] {local_task_job.py:156} INFO - Task exited with return code 0
[2022-07-22 13:00:21,026] {local_task_job.py:273} INFO - 0 downstream tasks scheduled from follow-on schedule check
[2022-07-25 09:18:03,074] {taskinstance.py:1179} INFO - Dependencies all met for <TaskInstance: tutorial.t2 scheduled__2022-06-21T00:00:00+00:00 [queued]>
[2022-07-25 09:18:03,095] {taskinstance.py:1179} INFO - Dependencies all met for <TaskInstance: tutorial.t2 scheduled__2022-06-21T00:00:00+00:00 [queued]>
[2022-07-25 09:18:03,096] {taskinstance.py:1376} INFO - 
--------------------------------------------------------------------------------
[2022-07-25 09:18:03,106] {taskinstance.py:1377} INFO - Starting attempt 1 of 2
[2022-07-25 09:18:03,108] {taskinstance.py:1378} INFO - 
--------------------------------------------------------------------------------
[2022-07-25 09:18:03,184] {taskinstance.py:1397} INFO - Executing <Task(PythonOperator): t2> on 2022-06-21 00:00:00+00:00
[2022-07-25 09:18:03,205] {standard_task_runner.py:52} INFO - Started process 759 to run task
[2022-07-25 09:18:03,222] {standard_task_runner.py:79} INFO - Running: ['***', 'tasks', 'run', 'tutorial', 't2', 'scheduled__2022-06-21T00:00:00+00:00', '--job-id', '47', '--raw', '--subdir', 'DAGS_FOLDER/nickdag.py', '--cfg-path', '/tmp/tmpgiyrjwzf', '--error-file', '/tmp/tmpjaa7a0d1']
[2022-07-25 09:18:03,229] {standard_task_runner.py:80} INFO - Job 47: Subtask t2
[2022-07-25 09:18:03,292] {logging_mixin.py:115} WARNING - /home/***/.local/lib/python3.7/site-packages/***/configuration.py:528 DeprecationWarning: The sql_alchemy_conn option in [core] has been moved to the sql_alchemy_conn option in [database] - the old setting has been used, but please update your config.
[2022-07-25 09:18:03,530] {task_command.py:371} INFO - Running <TaskInstance: tutorial.t2 scheduled__2022-06-21T00:00:00+00:00 [running]> on host 01e6b1df1873
[2022-07-25 09:18:03,929] {taskinstance.py:1591} INFO - Exporting the following env vars:
AIRFLOW_CTX_DAG_EMAIL=caroline.kosalka@gmail.com
AIRFLOW_CTX_DAG_OWNER=***
AIRFLOW_CTX_DAG_ID=tutorial
AIRFLOW_CTX_TASK_ID=t2
AIRFLOW_CTX_EXECUTION_DATE=2022-06-21T00:00:00+00:00
AIRFLOW_CTX_TRY_NUMBER=1
AIRFLOW_CTX_DAG_RUN_ID=scheduled__2022-06-21T00:00:00+00:00
[2022-07-25 09:18:03,931] {python.py:173} INFO - Done. Returned value was: goodbye
[2022-07-25 09:18:04,076] {taskinstance.py:1420} INFO - Marking task as SUCCESS. dag_id=tutorial, task_id=t2, execution_date=20220621T000000, start_date=20220725T091803, end_date=20220725T091804
[2022-07-25 09:18:04,167] {local_task_job.py:156} INFO - Task exited with return code 0
[2022-07-25 09:18:04,380] {local_task_job.py:273} INFO - 0 downstream tasks scheduled from follow-on schedule check
[2022-07-25 12:25:27,525] {taskinstance.py:1179} INFO - Dependencies all met for <TaskInstance: tutorial.t2 scheduled__2022-06-21T00:00:00+00:00 [queued]>
[2022-07-25 12:25:27,612] {taskinstance.py:1179} INFO - Dependencies all met for <TaskInstance: tutorial.t2 scheduled__2022-06-21T00:00:00+00:00 [queued]>
[2022-07-25 12:25:27,618] {taskinstance.py:1376} INFO - 
--------------------------------------------------------------------------------
[2022-07-25 12:25:27,619] {taskinstance.py:1377} INFO - Starting attempt 1 of 2
[2022-07-25 12:25:27,620] {taskinstance.py:1378} INFO - 
--------------------------------------------------------------------------------
[2022-07-25 12:25:27,754] {taskinstance.py:1397} INFO - Executing <Task(PythonOperator): t2> on 2022-06-21 00:00:00+00:00
[2022-07-25 12:25:27,790] {standard_task_runner.py:52} INFO - Started process 645 to run task
[2022-07-25 12:25:27,816] {standard_task_runner.py:79} INFO - Running: ['***', 'tasks', 'run', 'tutorial', 't2', 'scheduled__2022-06-21T00:00:00+00:00', '--job-id', '68', '--raw', '--subdir', 'DAGS_FOLDER/nickdag.py', '--cfg-path', '/tmp/tmpzzy2j1ts', '--error-file', '/tmp/tmpakiop1_d']
[2022-07-25 12:25:27,833] {standard_task_runner.py:80} INFO - Job 68: Subtask t2
[2022-07-25 12:25:27,979] {logging_mixin.py:115} WARNING - /home/***/.local/lib/python3.7/site-packages/***/configuration.py:528 DeprecationWarning: The sql_alchemy_conn option in [core] has been moved to the sql_alchemy_conn option in [database] - the old setting has been used, but please update your config.
[2022-07-25 12:25:28,296] {task_command.py:371} INFO - Running <TaskInstance: tutorial.t2 scheduled__2022-06-21T00:00:00+00:00 [running]> on host 929e6a3728d4
[2022-07-25 12:25:29,007] {taskinstance.py:1591} INFO - Exporting the following env vars:
AIRFLOW_CTX_DAG_EMAIL=caroline.kosalka@gmail.com
AIRFLOW_CTX_DAG_OWNER=***
AIRFLOW_CTX_DAG_ID=tutorial
AIRFLOW_CTX_TASK_ID=t2
AIRFLOW_CTX_EXECUTION_DATE=2022-06-21T00:00:00+00:00
AIRFLOW_CTX_TRY_NUMBER=1
AIRFLOW_CTX_DAG_RUN_ID=scheduled__2022-06-21T00:00:00+00:00
[2022-07-25 12:25:29,012] {python.py:173} INFO - Done. Returned value was: goodbye
[2022-07-25 12:25:29,426] {taskinstance.py:1420} INFO - Marking task as SUCCESS. dag_id=tutorial, task_id=t2, execution_date=20220621T000000, start_date=20220725T122527, end_date=20220725T122529
[2022-07-25 12:25:29,622] {local_task_job.py:156} INFO - Task exited with return code 0
[2022-07-25 12:25:29,827] {local_task_job.py:273} INFO - 0 downstream tasks scheduled from follow-on schedule check
