[2022-07-25 09:18:25,073] {taskinstance.py:1179} INFO - Dependencies all met for <TaskInstance: tutorial.t2 scheduled__2022-07-24T00:00:00+00:00 [queued]>
[2022-07-25 09:18:25,090] {taskinstance.py:1179} INFO - Dependencies all met for <TaskInstance: tutorial.t2 scheduled__2022-07-24T00:00:00+00:00 [queued]>
[2022-07-25 09:18:25,090] {taskinstance.py:1376} INFO - 
--------------------------------------------------------------------------------
[2022-07-25 09:18:25,091] {taskinstance.py:1377} INFO - Starting attempt 1 of 2
[2022-07-25 09:18:25,092] {taskinstance.py:1378} INFO - 
--------------------------------------------------------------------------------
[2022-07-25 09:18:25,112] {taskinstance.py:1397} INFO - Executing <Task(PythonOperator): t2> on 2022-07-24 00:00:00+00:00
[2022-07-25 09:18:25,117] {standard_task_runner.py:52} INFO - Started process 883 to run task
[2022-07-25 09:18:25,124] {standard_task_runner.py:79} INFO - Running: ['***', 'tasks', 'run', 'tutorial', 't2', 'scheduled__2022-07-24T00:00:00+00:00', '--job-id', '109', '--raw', '--subdir', 'DAGS_FOLDER/nickdag.py', '--cfg-path', '/tmp/tmpl3wx8fyt', '--error-file', '/tmp/tmpvyho7nsn']
[2022-07-25 09:18:25,126] {standard_task_runner.py:80} INFO - Job 109: Subtask t2
[2022-07-25 09:18:25,150] {logging_mixin.py:115} WARNING - /home/***/.local/lib/python3.7/site-packages/***/configuration.py:528 DeprecationWarning: The sql_alchemy_conn option in [core] has been moved to the sql_alchemy_conn option in [database] - the old setting has been used, but please update your config.
[2022-07-25 09:18:25,236] {task_command.py:371} INFO - Running <TaskInstance: tutorial.t2 scheduled__2022-07-24T00:00:00+00:00 [running]> on host 01e6b1df1873
[2022-07-25 09:18:25,385] {taskinstance.py:1591} INFO - Exporting the following env vars:
AIRFLOW_CTX_DAG_EMAIL=caroline.kosalka@gmail.com
AIRFLOW_CTX_DAG_OWNER=***
AIRFLOW_CTX_DAG_ID=tutorial
AIRFLOW_CTX_TASK_ID=t2
AIRFLOW_CTX_EXECUTION_DATE=2022-07-24T00:00:00+00:00
AIRFLOW_CTX_TRY_NUMBER=1
AIRFLOW_CTX_DAG_RUN_ID=scheduled__2022-07-24T00:00:00+00:00
[2022-07-25 09:18:25,387] {python.py:173} INFO - Done. Returned value was: goodbye
[2022-07-25 09:18:25,430] {taskinstance.py:1420} INFO - Marking task as SUCCESS. dag_id=tutorial, task_id=t2, execution_date=20220724T000000, start_date=20220725T091825, end_date=20220725T091825
[2022-07-25 09:18:25,456] {local_task_job.py:156} INFO - Task exited with return code 0
[2022-07-25 09:18:25,503] {local_task_job.py:273} INFO - 0 downstream tasks scheduled from follow-on schedule check
[2022-07-25 12:29:54,375] {taskinstance.py:1179} INFO - Dependencies all met for <TaskInstance: tutorial.t2 scheduled__2022-07-24T00:00:00+00:00 [queued]>
[2022-07-25 12:29:54,390] {taskinstance.py:1179} INFO - Dependencies all met for <TaskInstance: tutorial.t2 scheduled__2022-07-24T00:00:00+00:00 [queued]>
[2022-07-25 12:29:54,391] {taskinstance.py:1376} INFO - 
--------------------------------------------------------------------------------
[2022-07-25 12:29:54,392] {taskinstance.py:1377} INFO - Starting attempt 1 of 2
[2022-07-25 12:29:54,393] {taskinstance.py:1378} INFO - 
--------------------------------------------------------------------------------
[2022-07-25 12:29:54,409] {taskinstance.py:1397} INFO - Executing <Task(PythonOperator): t2> on 2022-07-24 00:00:00+00:00
[2022-07-25 12:29:54,414] {standard_task_runner.py:52} INFO - Started process 1093 to run task
[2022-07-25 12:29:54,418] {standard_task_runner.py:79} INFO - Running: ['***', 'tasks', 'run', 'tutorial', 't2', 'scheduled__2022-07-24T00:00:00+00:00', '--job-id', '179', '--raw', '--subdir', 'DAGS_FOLDER/nickdag.py', '--cfg-path', '/tmp/tmp8y67j30r', '--error-file', '/tmp/tmp15d2md3a']
[2022-07-25 12:29:54,420] {standard_task_runner.py:80} INFO - Job 179: Subtask t2
[2022-07-25 12:29:54,442] {logging_mixin.py:115} WARNING - /home/***/.local/lib/python3.7/site-packages/***/configuration.py:528 DeprecationWarning: The sql_alchemy_conn option in [core] has been moved to the sql_alchemy_conn option in [database] - the old setting has been used, but please update your config.
[2022-07-25 12:29:54,520] {task_command.py:371} INFO - Running <TaskInstance: tutorial.t2 scheduled__2022-07-24T00:00:00+00:00 [running]> on host 929e6a3728d4
[2022-07-25 12:29:54,617] {taskinstance.py:1591} INFO - Exporting the following env vars:
AIRFLOW_CTX_DAG_EMAIL=caroline.kosalka@gmail.com
AIRFLOW_CTX_DAG_OWNER=***
AIRFLOW_CTX_DAG_ID=tutorial
AIRFLOW_CTX_TASK_ID=t2
AIRFLOW_CTX_EXECUTION_DATE=2022-07-24T00:00:00+00:00
AIRFLOW_CTX_TRY_NUMBER=1
AIRFLOW_CTX_DAG_RUN_ID=scheduled__2022-07-24T00:00:00+00:00
[2022-07-25 12:29:54,619] {python.py:173} INFO - Done. Returned value was: goodbye
[2022-07-25 12:29:54,655] {taskinstance.py:1420} INFO - Marking task as SUCCESS. dag_id=tutorial, task_id=t2, execution_date=20220724T000000, start_date=20220725T122954, end_date=20220725T122954
[2022-07-25 12:29:54,712] {local_task_job.py:156} INFO - Task exited with return code 0
[2022-07-25 12:29:54,784] {local_task_job.py:273} INFO - 0 downstream tasks scheduled from follow-on schedule check
