[2022-07-22 13:00:20,766] {taskinstance.py:1179} INFO - Dependencies all met for <TaskInstance: tutorial.t2 scheduled__2022-06-24T00:00:00+00:00 [queued]>
[2022-07-22 13:00:20,850] {taskinstance.py:1179} INFO - Dependencies all met for <TaskInstance: tutorial.t2 scheduled__2022-06-24T00:00:00+00:00 [queued]>
[2022-07-22 13:00:20,853] {taskinstance.py:1376} INFO - 
--------------------------------------------------------------------------------
[2022-07-22 13:00:20,856] {taskinstance.py:1377} INFO - Starting attempt 1 of 2
[2022-07-22 13:00:20,858] {taskinstance.py:1378} INFO - 
--------------------------------------------------------------------------------
[2022-07-22 13:00:20,923] {taskinstance.py:1397} INFO - Executing <Task(PythonOperator): t2> on 2022-06-24 00:00:00+00:00
[2022-07-22 13:00:20,933] {standard_task_runner.py:52} INFO - Started process 812 to run task
[2022-07-22 13:00:20,961] {standard_task_runner.py:79} INFO - Running: ['***', 'tasks', 'run', 'tutorial', 't2', 'scheduled__2022-06-24T00:00:00+00:00', '--job-id', '53', '--raw', '--subdir', 'DAGS_FOLDER/nickdag.py', '--cfg-path', '/tmp/tmph6kkwnm9', '--error-file', '/tmp/tmp5g41oa60']
[2022-07-22 13:00:20,973] {standard_task_runner.py:80} INFO - Job 53: Subtask t2
[2022-07-22 13:00:21,064] {logging_mixin.py:115} WARNING - /home/***/.local/lib/python3.7/site-packages/***/configuration.py:528 DeprecationWarning: The sql_alchemy_conn option in [core] has been moved to the sql_alchemy_conn option in [database] - the old setting has been used, but please update your config.
[2022-07-22 13:00:21,300] {task_command.py:371} INFO - Running <TaskInstance: tutorial.t2 scheduled__2022-06-24T00:00:00+00:00 [running]> on host 2f63307804d5
[2022-07-22 13:00:21,495] {taskinstance.py:1591} INFO - Exporting the following env vars:
AIRFLOW_CTX_DAG_EMAIL=caroline.kosalka@gmail.com
AIRFLOW_CTX_DAG_OWNER=***
AIRFLOW_CTX_DAG_ID=tutorial
AIRFLOW_CTX_TASK_ID=t2
AIRFLOW_CTX_EXECUTION_DATE=2022-06-24T00:00:00+00:00
AIRFLOW_CTX_TRY_NUMBER=1
AIRFLOW_CTX_DAG_RUN_ID=scheduled__2022-06-24T00:00:00+00:00
[2022-07-22 13:00:21,497] {python.py:173} INFO - Done. Returned value was: goodbye
[2022-07-22 13:00:21,578] {taskinstance.py:1420} INFO - Marking task as SUCCESS. dag_id=tutorial, task_id=t2, execution_date=20220624T000000, start_date=20220722T130020, end_date=20220722T130021
[2022-07-22 13:00:21,637] {local_task_job.py:156} INFO - Task exited with return code 0
[2022-07-22 13:00:21,761] {local_task_job.py:273} INFO - 0 downstream tasks scheduled from follow-on schedule check
[2022-07-25 09:18:05,077] {taskinstance.py:1179} INFO - Dependencies all met for <TaskInstance: tutorial.t2 scheduled__2022-06-24T00:00:00+00:00 [queued]>
[2022-07-25 09:18:05,123] {taskinstance.py:1179} INFO - Dependencies all met for <TaskInstance: tutorial.t2 scheduled__2022-06-24T00:00:00+00:00 [queued]>
[2022-07-25 09:18:05,125] {taskinstance.py:1376} INFO - 
--------------------------------------------------------------------------------
[2022-07-25 09:18:05,125] {taskinstance.py:1377} INFO - Starting attempt 1 of 2
[2022-07-25 09:18:05,126] {taskinstance.py:1378} INFO - 
--------------------------------------------------------------------------------
[2022-07-25 09:18:05,175] {taskinstance.py:1397} INFO - Executing <Task(PythonOperator): t2> on 2022-06-24 00:00:00+00:00
[2022-07-25 09:18:05,181] {standard_task_runner.py:52} INFO - Started process 776 to run task
[2022-07-25 09:18:05,203] {standard_task_runner.py:79} INFO - Running: ['***', 'tasks', 'run', 'tutorial', 't2', 'scheduled__2022-06-24T00:00:00+00:00', '--job-id', '54', '--raw', '--subdir', 'DAGS_FOLDER/nickdag.py', '--cfg-path', '/tmp/tmpgsz8b0mf', '--error-file', '/tmp/tmpzwwxrpkl']
[2022-07-25 09:18:05,206] {standard_task_runner.py:80} INFO - Job 54: Subtask t2
[2022-07-25 09:18:05,288] {logging_mixin.py:115} WARNING - /home/***/.local/lib/python3.7/site-packages/***/configuration.py:528 DeprecationWarning: The sql_alchemy_conn option in [core] has been moved to the sql_alchemy_conn option in [database] - the old setting has been used, but please update your config.
[2022-07-25 09:18:05,483] {task_command.py:371} INFO - Running <TaskInstance: tutorial.t2 scheduled__2022-06-24T00:00:00+00:00 [running]> on host 01e6b1df1873
[2022-07-25 09:18:05,695] {taskinstance.py:1591} INFO - Exporting the following env vars:
AIRFLOW_CTX_DAG_EMAIL=caroline.kosalka@gmail.com
AIRFLOW_CTX_DAG_OWNER=***
AIRFLOW_CTX_DAG_ID=tutorial
AIRFLOW_CTX_TASK_ID=t2
AIRFLOW_CTX_EXECUTION_DATE=2022-06-24T00:00:00+00:00
AIRFLOW_CTX_TRY_NUMBER=1
AIRFLOW_CTX_DAG_RUN_ID=scheduled__2022-06-24T00:00:00+00:00
[2022-07-25 09:18:05,696] {python.py:173} INFO - Done. Returned value was: goodbye
[2022-07-25 09:18:05,776] {taskinstance.py:1420} INFO - Marking task as SUCCESS. dag_id=tutorial, task_id=t2, execution_date=20220624T000000, start_date=20220725T091805, end_date=20220725T091805
[2022-07-25 09:18:05,853] {local_task_job.py:156} INFO - Task exited with return code 0
[2022-07-25 09:18:05,920] {local_task_job.py:273} INFO - 0 downstream tasks scheduled from follow-on schedule check
[2022-07-25 12:26:56,660] {taskinstance.py:1179} INFO - Dependencies all met for <TaskInstance: tutorial.t2 scheduled__2022-06-24T00:00:00+00:00 [queued]>
[2022-07-25 12:26:56,748] {taskinstance.py:1179} INFO - Dependencies all met for <TaskInstance: tutorial.t2 scheduled__2022-06-24T00:00:00+00:00 [queued]>
[2022-07-25 12:26:56,749] {taskinstance.py:1376} INFO - 
--------------------------------------------------------------------------------
[2022-07-25 12:26:56,750] {taskinstance.py:1377} INFO - Starting attempt 1 of 2
[2022-07-25 12:26:56,755] {taskinstance.py:1378} INFO - 
--------------------------------------------------------------------------------
[2022-07-25 12:26:56,870] {taskinstance.py:1397} INFO - Executing <Task(PythonOperator): t2> on 2022-06-24 00:00:00+00:00
[2022-07-25 12:26:56,874] {standard_task_runner.py:52} INFO - Started process 843 to run task
[2022-07-25 12:26:56,897] {standard_task_runner.py:79} INFO - Running: ['***', 'tasks', 'run', 'tutorial', 't2', 'scheduled__2022-06-24T00:00:00+00:00', '--job-id', '124', '--raw', '--subdir', 'DAGS_FOLDER/nickdag.py', '--cfg-path', '/tmp/tmpinnmoky8', '--error-file', '/tmp/tmpalf0ybup']
[2022-07-25 12:26:56,900] {standard_task_runner.py:80} INFO - Job 124: Subtask t2
[2022-07-25 12:26:57,018] {logging_mixin.py:115} WARNING - /home/***/.local/lib/python3.7/site-packages/***/configuration.py:528 DeprecationWarning: The sql_alchemy_conn option in [core] has been moved to the sql_alchemy_conn option in [database] - the old setting has been used, but please update your config.
[2022-07-25 12:26:57,409] {task_command.py:371} INFO - Running <TaskInstance: tutorial.t2 scheduled__2022-06-24T00:00:00+00:00 [running]> on host 929e6a3728d4
[2022-07-25 12:26:58,020] {taskinstance.py:1591} INFO - Exporting the following env vars:
AIRFLOW_CTX_DAG_EMAIL=caroline.kosalka@gmail.com
AIRFLOW_CTX_DAG_OWNER=***
AIRFLOW_CTX_DAG_ID=tutorial
AIRFLOW_CTX_TASK_ID=t2
AIRFLOW_CTX_EXECUTION_DATE=2022-06-24T00:00:00+00:00
AIRFLOW_CTX_TRY_NUMBER=1
AIRFLOW_CTX_DAG_RUN_ID=scheduled__2022-06-24T00:00:00+00:00
[2022-07-25 12:26:58,029] {python.py:173} INFO - Done. Returned value was: goodbye
[2022-07-25 12:26:58,260] {taskinstance.py:1420} INFO - Marking task as SUCCESS. dag_id=tutorial, task_id=t2, execution_date=20220624T000000, start_date=20220725T122656, end_date=20220725T122658
[2022-07-25 12:26:58,460] {local_task_job.py:156} INFO - Task exited with return code 0
[2022-07-25 12:26:58,599] {local_task_job.py:273} INFO - 0 downstream tasks scheduled from follow-on schedule check
